DEBUG - 2025-10-31 13:56:42 --> Session: Class initialized using 'CodeIgniter\Session\Handlers\FileHandler' driver.
DEBUG - 2025-10-31 13:56:53 --> Session: Class initialized using 'CodeIgniter\Session\Handlers\FileHandler' driver.
DEBUG - 2025-10-31 13:57:57 --> Session: Class initialized using 'CodeIgniter\Session\Handlers\FileHandler' driver.
DEBUG - 2025-10-31 13:57:58 --> Session: Class initialized using 'CodeIgniter\Session\Handlers\FileHandler' driver.
DEBUG - 2025-10-31 13:58:06 --> Session: Class initialized using 'CodeIgniter\Session\Handlers\FileHandler' driver.
DEBUG - 2025-10-31 13:58:07 --> Session: Class initialized using 'CodeIgniter\Session\Handlers\FileHandler' driver.
DEBUG - 2025-10-31 13:58:29 --> Session: Class initialized using 'CodeIgniter\Session\Handlers\FileHandler' driver.
DEBUG - 2025-10-31 13:58:57 --> Session: Class initialized using 'CodeIgniter\Session\Handlers\FileHandler' driver.
DEBUG - 2025-10-31 13:58:59 --> Session: Class initialized using 'CodeIgniter\Session\Handlers\FileHandler' driver.
DEBUG - 2025-10-31 13:59:00 --> Session: Class initialized using 'CodeIgniter\Session\Handlers\FileHandler' driver.
DEBUG - 2025-10-31 13:59:09 --> Session: Class initialized using 'CodeIgniter\Session\Handlers\FileHandler' driver.
DEBUG - 2025-10-31 13:59:09 --> Session: Class initialized using 'CodeIgniter\Session\Handlers\FileHandler' driver.
DEBUG - 2025-10-31 13:59:53 --> Session: Class initialized using 'CodeIgniter\Session\Handlers\FileHandler' driver.
DEBUG - 2025-10-31 14:00:11 --> Session: Class initialized using 'CodeIgniter\Session\Handlers\FileHandler' driver.
DEBUG - 2025-10-31 14:00:16 --> Session: Class initialized using 'CodeIgniter\Session\Handlers\FileHandler' driver.
DEBUG - 2025-10-31 14:00:17 --> Session: Class initialized using 'CodeIgniter\Session\Handlers\FileHandler' driver.
WARNING - 2025-10-31 14:00:17 --> [DEPRECATED] number_format(): Passing null to parameter #1 ($num) of type float is deprecated in APPPATH\Views\simpanan.php on line 569.
 1 APPPATH\Views\simpanan.php(569): number_format(null, 0, ',', '.')
 2 SYSTEMPATH\View\View.php(226): include('C:\\Users\\PTDRa\\Documents\\PKL\\koperasi 3 fixing\\app\\Views\\simpanan.php')
 3 SYSTEMPATH\View\View.php(229): CodeIgniter\View\View->CodeIgniter\View\{closure}()
 4 SYSTEMPATH\Common.php(1167): CodeIgniter\View\View->render('simpanan', [], true)
 5 APPPATH\Controllers\Simpanan.php(56): view('simpanan', [...])
 6 SYSTEMPATH\CodeIgniter.php(933): App\Controllers\Simpanan->index()
 7 SYSTEMPATH\CodeIgniter.php(507): CodeIgniter\CodeIgniter->runController(Object(App\Controllers\Simpanan))
 8 SYSTEMPATH\CodeIgniter.php(354): CodeIgniter\CodeIgniter->handleRequest(null, Object(Config\Cache), false)
 9 SYSTEMPATH\Boot.php(363): CodeIgniter\CodeIgniter->run()
10 SYSTEMPATH\Boot.php(68): CodeIgniter\Boot::runCodeIgniter(Object(CodeIgniter\CodeIgniter))
11 FCPATH\index.php(59): CodeIgniter\Boot::bootWeb(Object(Config\Paths))
12 SYSTEMPATH\rewrite.php(44): require_once('C:\\Users\\PTDRa\\Documents\\PKL\\koperasi 3 fixing\\public\\index.php')
WARNING - 2025-10-31 14:00:17 --> [DEPRECATED] number_format(): Passing null to parameter #1 ($num) of type float is deprecated in APPPATH\Views\simpanan.php on line 599.
 1 APPPATH\Views\simpanan.php(599): number_format(null, 0, ',', '.')
 2 SYSTEMPATH\View\View.php(226): include('C:\\Users\\PTDRa\\Documents\\PKL\\koperasi 3 fixing\\app\\Views\\simpanan.php')
 3 SYSTEMPATH\View\View.php(229): CodeIgniter\View\View->CodeIgniter\View\{closure}()
 4 SYSTEMPATH\Common.php(1167): CodeIgniter\View\View->render('simpanan', [], true)
 5 APPPATH\Controllers\Simpanan.php(56): view('simpanan', [...])
 6 SYSTEMPATH\CodeIgniter.php(933): App\Controllers\Simpanan->index()
 7 SYSTEMPATH\CodeIgniter.php(507): CodeIgniter\CodeIgniter->runController(Object(App\Controllers\Simpanan))
 8 SYSTEMPATH\CodeIgniter.php(354): CodeIgniter\CodeIgniter->handleRequest(null, Object(Config\Cache), false)
 9 SYSTEMPATH\Boot.php(363): CodeIgniter\CodeIgniter->run()
10 SYSTEMPATH\Boot.php(68): CodeIgniter\Boot::runCodeIgniter(Object(CodeIgniter\CodeIgniter))
11 FCPATH\index.php(59): CodeIgniter\Boot::bootWeb(Object(Config\Paths))
12 SYSTEMPATH\rewrite.php(44): require_once('C:\\Users\\PTDRa\\Documents\\PKL\\koperasi 3 fixing\\public\\index.php')
DEBUG - 2025-10-31 14:00:31 --> Session: Class initialized using 'CodeIgniter\Session\Handlers\FileHandler' driver.
DEBUG - 2025-10-31 14:00:34 --> Session: Class initialized using 'CodeIgniter\Session\Handlers\FileHandler' driver.
DEBUG - 2025-10-31 14:07:37 --> Session: Class initialized using 'CodeIgniter\Session\Handlers\FileHandler' driver.
WARNING - 2025-10-31 14:07:37 --> [DEPRECATED] number_format(): Passing null to parameter #1 ($num) of type float is deprecated in APPPATH\Views\simpanan.php on line 615.
 1 APPPATH\Views\simpanan.php(615): number_format(null, 0, ',', '.')
 2 SYSTEMPATH\View\View.php(226): include('C:\\Users\\PTDRa\\Documents\\PKL\\koperasi 3 fixing\\app\\Views\\simpanan.php')
 3 SYSTEMPATH\View\View.php(229): CodeIgniter\View\View->CodeIgniter\View\{closure}()
 4 SYSTEMPATH\Common.php(1167): CodeIgniter\View\View->render('simpanan', [], true)
 5 APPPATH\Controllers\Simpanan.php(56): view('simpanan', [...])
 6 SYSTEMPATH\CodeIgniter.php(933): App\Controllers\Simpanan->index()
 7 SYSTEMPATH\CodeIgniter.php(507): CodeIgniter\CodeIgniter->runController(Object(App\Controllers\Simpanan))
 8 SYSTEMPATH\CodeIgniter.php(354): CodeIgniter\CodeIgniter->handleRequest(null, Object(Config\Cache), false)
 9 SYSTEMPATH\Boot.php(363): CodeIgniter\CodeIgniter->run()
10 SYSTEMPATH\Boot.php(68): CodeIgniter\Boot::runCodeIgniter(Object(CodeIgniter\CodeIgniter))
11 FCPATH\index.php(59): CodeIgniter\Boot::bootWeb(Object(Config\Paths))
12 SYSTEMPATH\rewrite.php(44): require_once('C:\\Users\\PTDRa\\Documents\\PKL\\koperasi 3 fixing\\public\\index.php')
DEBUG - 2025-10-31 14:10:30 --> Session: Class initialized using 'CodeIgniter\Session\Handlers\FileHandler' driver.
ERROR - 2025-10-31 14:10:31 --> mysqli_sql_exception: Unknown column 'tenor_simpanan_pokok' in 'field list' in C:\Users\PTDRa\Documents\PKL\koperasi 3 fixing\system\Database\MySQLi\Connection.php:327
Stack trace:
#0 C:\Users\PTDRa\Documents\PKL\koperasi 3 fixing\system\Database\MySQLi\Connection.php(327): mysqli->query('SELECT `id_angg...', 0)
#1 C:\Users\PTDRa\Documents\PKL\koperasi 3 fixing\system\Database\BaseConnection.php(729): CodeIgniter\Database\MySQLi\Connection->execute('SELECT `id_angg...')
#2 C:\Users\PTDRa\Documents\PKL\koperasi 3 fixing\system\Database\BaseConnection.php(646): CodeIgniter\Database\BaseConnection->simpleQuery('SELECT `id_angg...')
#3 C:\Users\PTDRa\Documents\PKL\koperasi 3 fixing\system\Database\BaseBuilder.php(1649): CodeIgniter\Database\BaseConnection->query('SELECT `id_angg...', Array, false)
#4 C:\Users\PTDRa\Documents\PKL\koperasi 3 fixing\app\Controllers\Simpanan.php(20): CodeIgniter\Database\BaseBuilder->get()
#5 C:\Users\PTDRa\Documents\PKL\koperasi 3 fixing\system\CodeIgniter.php(933): App\Controllers\Simpanan->index()
#6 C:\Users\PTDRa\Documents\PKL\koperasi 3 fixing\system\CodeIgniter.php(507): CodeIgniter\CodeIgniter->runController(Object(App\Controllers\Simpanan))
#7 C:\Users\PTDRa\Documents\PKL\koperasi 3 fixing\system\CodeIgniter.php(354): CodeIgniter\CodeIgniter->handleRequest(NULL, Object(Config\Cache), false)
#8 C:\Users\PTDRa\Documents\PKL\koperasi 3 fixing\system\Boot.php(363): CodeIgniter\CodeIgniter->run()
#9 C:\Users\PTDRa\Documents\PKL\koperasi 3 fixing\system\Boot.php(68): CodeIgniter\Boot::runCodeIgniter(Object(CodeIgniter\CodeIgniter))
#10 C:\Users\PTDRa\Documents\PKL\koperasi 3 fixing\public\index.php(59): CodeIgniter\Boot::bootWeb(Object(Config\Paths))
#11 C:\Users\PTDRa\Documents\PKL\koperasi 3 fixing\system\rewrite.php(44): require_once('C:\\Users\\PTDRa\\...')
#12 {main}
CRITICAL - 2025-10-31 14:10:31 --> CodeIgniter\Database\Exceptions\DatabaseException: Unknown column 'tenor_simpanan_pokok' in 'field list'
[Method: GET, Route: anggota/simpanan]
in SYSTEMPATH\Database\BaseConnection.php on line 684.
 1 SYSTEMPATH\Database\BaseBuilder.php(1649): CodeIgniter\Database\BaseConnection->query('SELECT `id_anggota`, `nama_lengkap`, `nomor_anggota`, `photo`, `tenor_simpanan_pokok`
FROM `anggota`
WHERE `id_anggota` = :id_anggota:', [...], false)
 2 APPPATH\Controllers\Simpanan.php(20): CodeIgniter\Database\BaseBuilder->get()
 3 SYSTEMPATH\CodeIgniter.php(933): App\Controllers\Simpanan->index()
 4 SYSTEMPATH\CodeIgniter.php(507): CodeIgniter\CodeIgniter->runController(Object(App\Controllers\Simpanan))
 5 SYSTEMPATH\CodeIgniter.php(354): CodeIgniter\CodeIgniter->handleRequest(null, Object(Config\Cache), false)
 6 SYSTEMPATH\Boot.php(363): CodeIgniter\CodeIgniter->run()
 7 SYSTEMPATH\Boot.php(68): CodeIgniter\Boot::runCodeIgniter(Object(CodeIgniter\CodeIgniter))
 8 FCPATH\index.php(59): CodeIgniter\Boot::bootWeb(Object(Config\Paths))
 9 SYSTEMPATH\rewrite.php(44): require_once('C:\\Users\\PTDRa\\Documents\\PKL\\koperasi 3 fixing\\public\\index.php')
CRITICAL - 2025-10-31 14:10:31 --> [Caused by] CodeIgniter\Database\Exceptions\DatabaseException: Unknown column 'tenor_simpanan_pokok' in 'field list'
in SYSTEMPATH\Database\MySQLi\Connection.php on line 332.
 1 SYSTEMPATH\Database\BaseConnection.php(729): CodeIgniter\Database\MySQLi\Connection->execute('SELECT `id_anggota`, `nama_lengkap`, `nomor_anggota`, `photo`, `tenor_simpanan_pokok`
FROM `anggota`
WHERE `id_anggota` = \'60\'')
 2 SYSTEMPATH\Database\BaseConnection.php(646): CodeIgniter\Database\BaseConnection->simpleQuery('SELECT `id_anggota`, `nama_lengkap`, `nomor_anggota`, `photo`, `tenor_simpanan_pokok`
FROM `anggota`
WHERE `id_anggota` = \'60\'')
 3 SYSTEMPATH\Database\BaseBuilder.php(1649): CodeIgniter\Database\BaseConnection->query('SELECT `id_anggota`, `nama_lengkap`, `nomor_anggota`, `photo`, `tenor_simpanan_pokok`
FROM `anggota`
WHERE `id_anggota` = :id_anggota:', [...], false)
 4 APPPATH\Controllers\Simpanan.php(20): CodeIgniter\Database\BaseBuilder->get()
 5 SYSTEMPATH\CodeIgniter.php(933): App\Controllers\Simpanan->index()
 6 SYSTEMPATH\CodeIgniter.php(507): CodeIgniter\CodeIgniter->runController(Object(App\Controllers\Simpanan))
 7 SYSTEMPATH\CodeIgniter.php(354): CodeIgniter\CodeIgniter->handleRequest(null, Object(Config\Cache), false)
 8 SYSTEMPATH\Boot.php(363): CodeIgniter\CodeIgniter->run()
 9 SYSTEMPATH\Boot.php(68): CodeIgniter\Boot::runCodeIgniter(Object(CodeIgniter\CodeIgniter))
10 FCPATH\index.php(59): CodeIgniter\Boot::bootWeb(Object(Config\Paths))
11 SYSTEMPATH\rewrite.php(44): require_once('C:\\Users\\PTDRa\\Documents\\PKL\\koperasi 3 fixing\\public\\index.php')
CRITICAL - 2025-10-31 14:10:31 --> [Caused by] mysqli_sql_exception: Unknown column 'tenor_simpanan_pokok' in 'field list'
in SYSTEMPATH\Database\MySQLi\Connection.php on line 327.
 1 SYSTEMPATH\Database\MySQLi\Connection.php(327): mysqli->query('SELECT `id_anggota`, `nama_lengkap`, `nomor_anggota`, `photo`, `tenor_simpanan_pokok`
FROM `anggota`
WHERE `id_anggota` = \'60\'', 0)
 2 SYSTEMPATH\Database\BaseConnection.php(729): CodeIgniter\Database\MySQLi\Connection->execute('SELECT `id_anggota`, `nama_lengkap`, `nomor_anggota`, `photo`, `tenor_simpanan_pokok`
FROM `anggota`
WHERE `id_anggota` = \'60\'')
 3 SYSTEMPATH\Database\BaseConnection.php(646): CodeIgniter\Database\BaseConnection->simpleQuery('SELECT `id_anggota`, `nama_lengkap`, `nomor_anggota`, `photo`, `tenor_simpanan_pokok`
FROM `anggota`
WHERE `id_anggota` = \'60\'')
 4 SYSTEMPATH\Database\BaseBuilder.php(1649): CodeIgniter\Database\BaseConnection->query('SELECT `id_anggota`, `nama_lengkap`, `nomor_anggota`, `photo`, `tenor_simpanan_pokok`
FROM `anggota`
WHERE `id_anggota` = :id_anggota:', [...], false)
 5 APPPATH\Controllers\Simpanan.php(20): CodeIgniter\Database\BaseBuilder->get()
 6 SYSTEMPATH\CodeIgniter.php(933): App\Controllers\Simpanan->index()
 7 SYSTEMPATH\CodeIgniter.php(507): CodeIgniter\CodeIgniter->runController(Object(App\Controllers\Simpanan))
 8 SYSTEMPATH\CodeIgniter.php(354): CodeIgniter\CodeIgniter->handleRequest(null, Object(Config\Cache), false)
 9 SYSTEMPATH\Boot.php(363): CodeIgniter\CodeIgniter->run()
10 SYSTEMPATH\Boot.php(68): CodeIgniter\Boot::runCodeIgniter(Object(CodeIgniter\CodeIgniter))
11 FCPATH\index.php(59): CodeIgniter\Boot::bootWeb(Object(Config\Paths))
12 SYSTEMPATH\rewrite.php(44): require_once('C:\\Users\\PTDRa\\Documents\\PKL\\koperasi 3 fixing\\public\\index.php')
DEBUG - 2025-10-31 14:10:53 --> Session: Class initialized using 'CodeIgniter\Session\Handlers\FileHandler' driver.
ERROR - 2025-10-31 14:10:53 --> mysqli_sql_exception: Unknown column 'tenor_simpanan_pokok' in 'field list' in C:\Users\PTDRa\Documents\PKL\koperasi 3 fixing\system\Database\MySQLi\Connection.php:327
Stack trace:
#0 C:\Users\PTDRa\Documents\PKL\koperasi 3 fixing\system\Database\MySQLi\Connection.php(327): mysqli->query('SELECT `id_angg...', 0)
#1 C:\Users\PTDRa\Documents\PKL\koperasi 3 fixing\system\Database\BaseConnection.php(729): CodeIgniter\Database\MySQLi\Connection->execute('SELECT `id_angg...')
#2 C:\Users\PTDRa\Documents\PKL\koperasi 3 fixing\system\Database\BaseConnection.php(646): CodeIgniter\Database\BaseConnection->simpleQuery('SELECT `id_angg...')
#3 C:\Users\PTDRa\Documents\PKL\koperasi 3 fixing\system\Database\BaseBuilder.php(1649): CodeIgniter\Database\BaseConnection->query('SELECT `id_angg...', Array, false)
#4 C:\Users\PTDRa\Documents\PKL\koperasi 3 fixing\app\Controllers\Simpanan.php(20): CodeIgniter\Database\BaseBuilder->get()
#5 C:\Users\PTDRa\Documents\PKL\koperasi 3 fixing\system\CodeIgniter.php(933): App\Controllers\Simpanan->index()
#6 C:\Users\PTDRa\Documents\PKL\koperasi 3 fixing\system\CodeIgniter.php(507): CodeIgniter\CodeIgniter->runController(Object(App\Controllers\Simpanan))
#7 C:\Users\PTDRa\Documents\PKL\koperasi 3 fixing\system\CodeIgniter.php(354): CodeIgniter\CodeIgniter->handleRequest(NULL, Object(Config\Cache), false)
#8 C:\Users\PTDRa\Documents\PKL\koperasi 3 fixing\system\Boot.php(363): CodeIgniter\CodeIgniter->run()
#9 C:\Users\PTDRa\Documents\PKL\koperasi 3 fixing\system\Boot.php(68): CodeIgniter\Boot::runCodeIgniter(Object(CodeIgniter\CodeIgniter))
#10 C:\Users\PTDRa\Documents\PKL\koperasi 3 fixing\public\index.php(59): CodeIgniter\Boot::bootWeb(Object(Config\Paths))
#11 C:\Users\PTDRa\Documents\PKL\koperasi 3 fixing\system\rewrite.php(44): require_once('C:\\Users\\PTDRa\\...')
#12 {main}
CRITICAL - 2025-10-31 14:10:53 --> CodeIgniter\Database\Exceptions\DatabaseException: Unknown column 'tenor_simpanan_pokok' in 'field list'
[Method: GET, Route: anggota/simpanan]
in SYSTEMPATH\Database\BaseConnection.php on line 684.
 1 SYSTEMPATH\Database\BaseBuilder.php(1649): CodeIgniter\Database\BaseConnection->query('SELECT `id_anggota`, `nama_lengkap`, `nomor_anggota`, `photo`, `tenor_simpanan_pokok`
FROM `anggota`
WHERE `id_anggota` = :id_anggota:', [...], false)
 2 APPPATH\Controllers\Simpanan.php(20): CodeIgniter\Database\BaseBuilder->get()
 3 SYSTEMPATH\CodeIgniter.php(933): App\Controllers\Simpanan->index()
 4 SYSTEMPATH\CodeIgniter.php(507): CodeIgniter\CodeIgniter->runController(Object(App\Controllers\Simpanan))
 5 SYSTEMPATH\CodeIgniter.php(354): CodeIgniter\CodeIgniter->handleRequest(null, Object(Config\Cache), false)
 6 SYSTEMPATH\Boot.php(363): CodeIgniter\CodeIgniter->run()
 7 SYSTEMPATH\Boot.php(68): CodeIgniter\Boot::runCodeIgniter(Object(CodeIgniter\CodeIgniter))
 8 FCPATH\index.php(59): CodeIgniter\Boot::bootWeb(Object(Config\Paths))
 9 SYSTEMPATH\rewrite.php(44): require_once('C:\\Users\\PTDRa\\Documents\\PKL\\koperasi 3 fixing\\public\\index.php')
CRITICAL - 2025-10-31 14:10:53 --> [Caused by] CodeIgniter\Database\Exceptions\DatabaseException: Unknown column 'tenor_simpanan_pokok' in 'field list'
in SYSTEMPATH\Database\MySQLi\Connection.php on line 332.
 1 SYSTEMPATH\Database\BaseConnection.php(729): CodeIgniter\Database\MySQLi\Connection->execute('SELECT `id_anggota`, `nama_lengkap`, `nomor_anggota`, `photo`, `tenor_simpanan_pokok`
FROM `anggota`
WHERE `id_anggota` = \'60\'')
 2 SYSTEMPATH\Database\BaseConnection.php(646): CodeIgniter\Database\BaseConnection->simpleQuery('SELECT `id_anggota`, `nama_lengkap`, `nomor_anggota`, `photo`, `tenor_simpanan_pokok`
FROM `anggota`
WHERE `id_anggota` = \'60\'')
 3 SYSTEMPATH\Database\BaseBuilder.php(1649): CodeIgniter\Database\BaseConnection->query('SELECT `id_anggota`, `nama_lengkap`, `nomor_anggota`, `photo`, `tenor_simpanan_pokok`
FROM `anggota`
WHERE `id_anggota` = :id_anggota:', [...], false)
 4 APPPATH\Controllers\Simpanan.php(20): CodeIgniter\Database\BaseBuilder->get()
 5 SYSTEMPATH\CodeIgniter.php(933): App\Controllers\Simpanan->index()
 6 SYSTEMPATH\CodeIgniter.php(507): CodeIgniter\CodeIgniter->runController(Object(App\Controllers\Simpanan))
 7 SYSTEMPATH\CodeIgniter.php(354): CodeIgniter\CodeIgniter->handleRequest(null, Object(Config\Cache), false)
 8 SYSTEMPATH\Boot.php(363): CodeIgniter\CodeIgniter->run()
 9 SYSTEMPATH\Boot.php(68): CodeIgniter\Boot::runCodeIgniter(Object(CodeIgniter\CodeIgniter))
10 FCPATH\index.php(59): CodeIgniter\Boot::bootWeb(Object(Config\Paths))
11 SYSTEMPATH\rewrite.php(44): require_once('C:\\Users\\PTDRa\\Documents\\PKL\\koperasi 3 fixing\\public\\index.php')
CRITICAL - 2025-10-31 14:10:53 --> [Caused by] mysqli_sql_exception: Unknown column 'tenor_simpanan_pokok' in 'field list'
in SYSTEMPATH\Database\MySQLi\Connection.php on line 327.
 1 SYSTEMPATH\Database\MySQLi\Connection.php(327): mysqli->query('SELECT `id_anggota`, `nama_lengkap`, `nomor_anggota`, `photo`, `tenor_simpanan_pokok`
FROM `anggota`
WHERE `id_anggota` = \'60\'', 0)
 2 SYSTEMPATH\Database\BaseConnection.php(729): CodeIgniter\Database\MySQLi\Connection->execute('SELECT `id_anggota`, `nama_lengkap`, `nomor_anggota`, `photo`, `tenor_simpanan_pokok`
FROM `anggota`
WHERE `id_anggota` = \'60\'')
 3 SYSTEMPATH\Database\BaseConnection.php(646): CodeIgniter\Database\BaseConnection->simpleQuery('SELECT `id_anggota`, `nama_lengkap`, `nomor_anggota`, `photo`, `tenor_simpanan_pokok`
FROM `anggota`
WHERE `id_anggota` = \'60\'')
 4 SYSTEMPATH\Database\BaseBuilder.php(1649): CodeIgniter\Database\BaseConnection->query('SELECT `id_anggota`, `nama_lengkap`, `nomor_anggota`, `photo`, `tenor_simpanan_pokok`
FROM `anggota`
WHERE `id_anggota` = :id_anggota:', [...], false)
 5 APPPATH\Controllers\Simpanan.php(20): CodeIgniter\Database\BaseBuilder->get()
 6 SYSTEMPATH\CodeIgniter.php(933): App\Controllers\Simpanan->index()
 7 SYSTEMPATH\CodeIgniter.php(507): CodeIgniter\CodeIgniter->runController(Object(App\Controllers\Simpanan))
 8 SYSTEMPATH\CodeIgniter.php(354): CodeIgniter\CodeIgniter->handleRequest(null, Object(Config\Cache), false)
 9 SYSTEMPATH\Boot.php(363): CodeIgniter\CodeIgniter->run()
10 SYSTEMPATH\Boot.php(68): CodeIgniter\Boot::runCodeIgniter(Object(CodeIgniter\CodeIgniter))
11 FCPATH\index.php(59): CodeIgniter\Boot::bootWeb(Object(Config\Paths))
12 SYSTEMPATH\rewrite.php(44): require_once('C:\\Users\\PTDRa\\Documents\\PKL\\koperasi 3 fixing\\public\\index.php')
DEBUG - 2025-10-31 14:14:36 --> Session: Class initialized using 'CodeIgniter\Session\Handlers\FileHandler' driver.
DEBUG - 2025-10-31 14:24:38 --> Session: Class initialized using 'CodeIgniter\Session\Handlers\FileHandler' driver.
DEBUG - 2025-10-31 14:25:07 --> Session: Class initialized using 'CodeIgniter\Session\Handlers\FileHandler' driver.
DEBUG - 2025-10-31 14:25:09 --> Session: Class initialized using 'CodeIgniter\Session\Handlers\FileHandler' driver.
DEBUG - 2025-10-31 14:25:34 --> Session: Class initialized using 'CodeIgniter\Session\Handlers\FileHandler' driver.
DEBUG - 2025-10-31 14:25:36 --> Session: Class initialized using 'CodeIgniter\Session\Handlers\FileHandler' driver.
DEBUG - 2025-10-31 14:26:03 --> Session: Class initialized using 'CodeIgniter\Session\Handlers\FileHandler' driver.
DEBUG - 2025-10-31 14:26:03 --> Session: Class initialized using 'CodeIgniter\Session\Handlers\FileHandler' driver.
DEBUG - 2025-10-31 14:26:03 --> Session: Class initialized using 'CodeIgniter\Session\Handlers\FileHandler' driver.
DEBUG - 2025-10-31 14:26:05 --> Session: Class initialized using 'CodeIgniter\Session\Handlers\FileHandler' driver.
DEBUG - 2025-10-31 14:26:08 --> Session: Class initialized using 'CodeIgniter\Session\Handlers\FileHandler' driver.
DEBUG - 2025-10-31 14:26:39 --> Session: Class initialized using 'CodeIgniter\Session\Handlers\FileHandler' driver.
DEBUG - 2025-10-31 14:26:44 --> Session: Class initialized using 'CodeIgniter\Session\Handlers\FileHandler' driver.
DEBUG - 2025-10-31 14:27:30 --> Session: Class initialized using 'CodeIgniter\Session\Handlers\FileHandler' driver.
DEBUG - 2025-10-31 14:27:33 --> Session: Class initialized using 'CodeIgniter\Session\Handlers\FileHandler' driver.
DEBUG - 2025-10-31 14:27:52 --> Session: Class initialized using 'CodeIgniter\Session\Handlers\FileHandler' driver.
DEBUG - 2025-10-31 14:27:55 --> Session: Class initialized using 'CodeIgniter\Session\Handlers\FileHandler' driver.
DEBUG - 2025-10-31 14:27:58 --> Session: Class initialized using 'CodeIgniter\Session\Handlers\FileHandler' driver.
DEBUG - 2025-10-31 14:28:00 --> Session: Class initialized using 'CodeIgniter\Session\Handlers\FileHandler' driver.
DEBUG - 2025-10-31 14:28:53 --> Session: Class initialized using 'CodeIgniter\Session\Handlers\FileHandler' driver.
DEBUG - 2025-10-31 14:28:56 --> Session: Class initialized using 'CodeIgniter\Session\Handlers\FileHandler' driver.
DEBUG - 2025-10-31 14:32:37 --> Session: Class initialized using 'CodeIgniter\Session\Handlers\FileHandler' driver.
DEBUG - 2025-10-31 14:32:40 --> Session: Class initialized using 'CodeIgniter\Session\Handlers\FileHandler' driver.
DEBUG - 2025-10-31 14:41:12 --> Session: Class initialized using 'CodeIgniter\Session\Handlers\FileHandler' driver.
DEBUG - 2025-10-31 14:41:19 --> Session: Class initialized using 'CodeIgniter\Session\Handlers\FileHandler' driver.
DEBUG - 2025-10-31 14:41:24 --> Session: Class initialized using 'CodeIgniter\Session\Handlers\FileHandler' driver.
DEBUG - 2025-10-31 14:41:25 --> Session: Class initialized using 'CodeIgniter\Session\Handlers\FileHandler' driver.
DEBUG - 2025-10-31 14:41:28 --> Session: Class initialized using 'CodeIgniter\Session\Handlers\FileHandler' driver.
DEBUG - 2025-10-31 14:41:35 --> Session: Class initialized using 'CodeIgniter\Session\Handlers\FileHandler' driver.
DEBUG - 2025-10-31 14:41:37 --> Session: Class initialized using 'CodeIgniter\Session\Handlers\FileHandler' driver.
DEBUG - 2025-10-31 14:41:37 --> Session: Class initialized using 'CodeIgniter\Session\Handlers\FileHandler' driver.
DEBUG - 2025-10-31 14:41:45 --> Session: Class initialized using 'CodeIgniter\Session\Handlers\FileHandler' driver.
DEBUG - 2025-10-31 14:42:16 --> Session: Class initialized using 'CodeIgniter\Session\Handlers\FileHandler' driver.
DEBUG - 2025-10-31 14:45:50 --> Session: Class initialized using 'CodeIgniter\Session\Handlers\FileHandler' driver.
DEBUG - 2025-10-31 14:46:04 --> Session: Class initialized using 'CodeIgniter\Session\Handlers\FileHandler' driver.
DEBUG - 2025-10-31 14:46:05 --> === DEBUG DETAIL: MENGAMBIL PINJAMAN AKTIF ===
DEBUG - 2025-10-31 14:46:05 --> ID Anggota: 60
DEBUG - 2025-10-31 14:46:05 --> Jumlah Qard aktif ditemukan: 0
DEBUG - 2025-10-31 14:46:05 --> Jumlah Murabahah aktif ditemukan: 0
DEBUG - 2025-10-31 14:46:05 --> Jumlah Mudharabah aktif ditemukan: 0
DEBUG - 2025-10-31 14:46:05 --> === TOTAL SEMUA PINJAMAN AKTIF: 0 ===
DEBUG - 2025-10-31 14:46:05 --> === MENGAMBIL PINJAMAN LUNAS DARI 3 TABEL ===
DEBUG - 2025-10-31 14:46:05 --> Data Qard lunas: 0
DEBUG - 2025-10-31 14:46:05 --> Data Murabahah lunas: 0
DEBUG - 2025-10-31 14:46:05 --> Data Mudharabah lunas: 0
DEBUG - 2025-10-31 14:46:05 --> Total semua pinjaman lunas: 0
DEBUG - 2025-10-31 14:46:05 --> === MENGHITUNG SUMMARY CICILAN ===
DEBUG - 2025-10-31 14:46:05 --> Total pinjaman aktif: 0
DEBUG - 2025-10-31 14:46:05 --> Summary result: Array
(
    [total_pinjaman_aktif] => 0
    [total_angsuran_bulanan] => 0
    [jatuh_tempo_terdekat] => 
    [total_qard] => 0
    [total_murabahah] => 0
    [total_mudharabah] => 0
)

DEBUG - 2025-10-31 14:46:12 --> Session: Class initialized using 'CodeIgniter\Session\Handlers\FileHandler' driver.
DEBUG - 2025-10-31 14:46:15 --> Session: Class initialized using 'CodeIgniter\Session\Handlers\FileHandler' driver.
DEBUG - 2025-10-31 14:46:20 --> Session: Class initialized using 'CodeIgniter\Session\Handlers\FileHandler' driver.
DEBUG - 2025-10-31 14:46:25 --> Session: Class initialized using 'CodeIgniter\Session\Handlers\FileHandler' driver.
DEBUG - 2025-10-31 14:46:25 --> Session: Class initialized using 'CodeIgniter\Session\Handlers\FileHandler' driver.
DEBUG - 2025-10-31 14:52:27 --> Session: Class initialized using 'CodeIgniter\Session\Handlers\FileHandler' driver.
DEBUG - 2025-10-31 14:52:31 --> Session: Class initialized using 'CodeIgniter\Session\Handlers\FileHandler' driver.
DEBUG - 2025-10-31 14:52:42 --> Session: Class initialized using 'CodeIgniter\Session\Handlers\FileHandler' driver.
DEBUG - 2025-10-31 14:52:53 --> Session: Class initialized using 'CodeIgniter\Session\Handlers\FileHandler' driver.
DEBUG - 2025-10-31 14:53:39 --> Session: Class initialized using 'CodeIgniter\Session\Handlers\FileHandler' driver.
DEBUG - 2025-10-31 14:54:12 --> Session: Class initialized using 'CodeIgniter\Session\Handlers\FileHandler' driver.
DEBUG - 2025-10-31 14:55:45 --> Session: Class initialized using 'CodeIgniter\Session\Handlers\FileHandler' driver.
DEBUG - 2025-10-31 14:55:57 --> Session: Class initialized using 'CodeIgniter\Session\Handlers\FileHandler' driver.
DEBUG - 2025-10-31 14:55:57 --> Session: Class initialized using 'CodeIgniter\Session\Handlers\FileHandler' driver.
DEBUG - 2025-10-31 14:56:01 --> Session: Class initialized using 'CodeIgniter\Session\Handlers\FileHandler' driver.
DEBUG - 2025-10-31 14:56:04 --> Session: Class initialized using 'CodeIgniter\Session\Handlers\FileHandler' driver.
DEBUG - 2025-10-31 14:56:07 --> Session: Class initialized using 'CodeIgniter\Session\Handlers\FileHandler' driver.
DEBUG - 2025-10-31 14:56:09 --> Session: Class initialized using 'CodeIgniter\Session\Handlers\FileHandler' driver.
DEBUG - 2025-10-31 14:56:09 --> === DEBUG DETAIL: MENGAMBIL PINJAMAN AKTIF ===
DEBUG - 2025-10-31 14:56:09 --> ID Anggota: 60
DEBUG - 2025-10-31 14:56:09 --> Jumlah Qard aktif ditemukan: 0
DEBUG - 2025-10-31 14:56:09 --> Jumlah Murabahah aktif ditemukan: 0
DEBUG - 2025-10-31 14:56:09 --> Jumlah Mudharabah aktif ditemukan: 0
DEBUG - 2025-10-31 14:56:09 --> === TOTAL SEMUA PINJAMAN AKTIF: 0 ===
DEBUG - 2025-10-31 14:56:09 --> === MENGAMBIL PINJAMAN LUNAS DARI 3 TABEL ===
DEBUG - 2025-10-31 14:56:09 --> Data Qard lunas: 0
DEBUG - 2025-10-31 14:56:09 --> Data Murabahah lunas: 0
DEBUG - 2025-10-31 14:56:09 --> Data Mudharabah lunas: 0
DEBUG - 2025-10-31 14:56:09 --> Total semua pinjaman lunas: 0
DEBUG - 2025-10-31 14:56:09 --> === MENGHITUNG SUMMARY CICILAN ===
DEBUG - 2025-10-31 14:56:09 --> Total pinjaman aktif: 0
DEBUG - 2025-10-31 14:56:09 --> Summary result: Array
(
    [total_pinjaman_aktif] => 0
    [total_angsuran_bulanan] => 0
    [jatuh_tempo_terdekat] => 
    [total_qard] => 0
    [total_murabahah] => 0
    [total_mudharabah] => 0
)

DEBUG - 2025-10-31 14:56:12 --> Session: Class initialized using 'CodeIgniter\Session\Handlers\FileHandler' driver.
DEBUG - 2025-10-31 14:56:27 --> Session: Class initialized using 'CodeIgniter\Session\Handlers\FileHandler' driver.
DEBUG - 2025-10-31 14:56:28 --> Session: Class initialized using 'CodeIgniter\Session\Handlers\FileHandler' driver.
DEBUG - 2025-10-31 14:56:35 --> Session: Class initialized using 'CodeIgniter\Session\Handlers\FileHandler' driver.
DEBUG - 2025-10-31 14:56:48 --> Session: Class initialized using 'CodeIgniter\Session\Handlers\FileHandler' driver.
DEBUG - 2025-10-31 14:56:49 --> Session: Class initialized using 'CodeIgniter\Session\Handlers\FileHandler' driver.
DEBUG - 2025-10-31 14:57:05 --> Session: Class initialized using 'CodeIgniter\Session\Handlers\FileHandler' driver.
DEBUG - 2025-10-31 14:57:05 --> Session: Class initialized using 'CodeIgniter\Session\Handlers\FileHandler' driver.
DEBUG - 2025-10-31 14:57:08 --> Session: Class initialized using 'CodeIgniter\Session\Handlers\FileHandler' driver.
DEBUG - 2025-10-31 14:57:10 --> Session: Class initialized using 'CodeIgniter\Session\Handlers\FileHandler' driver.
DEBUG - 2025-10-31 14:57:12 --> Session: Class initialized using 'CodeIgniter\Session\Handlers\FileHandler' driver.
DEBUG - 2025-10-31 14:57:22 --> Session: Class initialized using 'CodeIgniter\Session\Handlers\FileHandler' driver.
DEBUG - 2025-10-31 14:57:30 --> Session: Class initialized using 'CodeIgniter\Session\Handlers\FileHandler' driver.
DEBUG - 2025-10-31 14:57:34 --> Session: Class initialized using 'CodeIgniter\Session\Handlers\FileHandler' driver.
DEBUG - 2025-10-31 14:57:34 --> === DEBUG DETAIL: MENGAMBIL PINJAMAN AKTIF ===
DEBUG - 2025-10-31 14:57:34 --> ID Anggota: 60
DEBUG - 2025-10-31 14:57:34 --> Jumlah Qard aktif ditemukan: 0
DEBUG - 2025-10-31 14:57:34 --> Jumlah Murabahah aktif ditemukan: 0
DEBUG - 2025-10-31 14:57:34 --> Jumlah Mudharabah aktif ditemukan: 0
DEBUG - 2025-10-31 14:57:34 --> === TOTAL SEMUA PINJAMAN AKTIF: 0 ===
DEBUG - 2025-10-31 14:57:34 --> === MENGAMBIL PINJAMAN LUNAS DARI 3 TABEL ===
DEBUG - 2025-10-31 14:57:34 --> Data Qard lunas: 0
DEBUG - 2025-10-31 14:57:34 --> Data Murabahah lunas: 0
DEBUG - 2025-10-31 14:57:34 --> Data Mudharabah lunas: 0
DEBUG - 2025-10-31 14:57:34 --> Total semua pinjaman lunas: 0
DEBUG - 2025-10-31 14:57:34 --> === MENGHITUNG SUMMARY CICILAN ===
DEBUG - 2025-10-31 14:57:34 --> Total pinjaman aktif: 0
DEBUG - 2025-10-31 14:57:34 --> Summary result: Array
(
    [total_pinjaman_aktif] => 0
    [total_angsuran_bulanan] => 0
    [jatuh_tempo_terdekat] => 
    [total_qard] => 0
    [total_murabahah] => 0
    [total_mudharabah] => 0
)

DEBUG - 2025-10-31 14:57:36 --> Session: Class initialized using 'CodeIgniter\Session\Handlers\FileHandler' driver.
DEBUG - 2025-10-31 14:57:39 --> Session: Class initialized using 'CodeIgniter\Session\Handlers\FileHandler' driver.
DEBUG - 2025-10-31 14:57:41 --> Session: Class initialized using 'CodeIgniter\Session\Handlers\FileHandler' driver.
DEBUG - 2025-10-31 14:57:46 --> Session: Class initialized using 'CodeIgniter\Session\Handlers\FileHandler' driver.
DEBUG - 2025-10-31 14:57:48 --> Session: Class initialized using 'CodeIgniter\Session\Handlers\FileHandler' driver.
DEBUG - 2025-10-31 14:57:49 --> Session: Class initialized using 'CodeIgniter\Session\Handlers\FileHandler' driver.
DEBUG - 2025-10-31 15:25:21 --> Session: Class initialized using 'CodeIgniter\Session\Handlers\FileHandler' driver.
DEBUG - 2025-10-31 15:30:44 --> Session: Class initialized using 'CodeIgniter\Session\Handlers\FileHandler' driver.
