DEBUG - 2025-09-20 14:20:01 --> Session: Class initialized using 'CodeIgniter\Session\Handlers\FileHandler' driver.
DEBUG - 2025-09-20 14:30:56 --> Session: Class initialized using 'CodeIgniter\Session\Handlers\FileHandler' driver.
DEBUG - 2025-09-20 14:43:42 --> Session: Class initialized using 'CodeIgniter\Session\Handlers\FileHandler' driver.
DEBUG - 2025-09-20 15:02:13 --> Session: Class initialized using 'CodeIgniter\Session\Handlers\FileHandler' driver.
DEBUG - 2025-09-20 15:02:32 --> Session: Class initialized using 'CodeIgniter\Session\Handlers\FileHandler' driver.
DEBUG - 2025-09-20 15:02:39 --> Session: Class initialized using 'CodeIgniter\Session\Handlers\FileHandler' driver.
DEBUG - 2025-09-20 15:02:39 --> Session: Class initialized using 'CodeIgniter\Session\Handlers\FileHandler' driver.
DEBUG - 2025-09-20 15:02:43 --> Session: Class initialized using 'CodeIgniter\Session\Handlers\FileHandler' driver.
DEBUG - 2025-09-20 15:02:44 --> Session: Class initialized using 'CodeIgniter\Session\Handlers\FileHandler' driver.
CRITICAL - 2025-09-20 15:02:44 --> ErrorException: Undefined array key "nama_lengkap"
[Method: GET, Route: admin/get-simpanan-list]
in APPPATH\Controllers\AdminDashboard.php on line 229.
 1 APPPATH\Controllers\AdminDashboard.php(229): CodeIgniter\Debug\Exceptions->errorHandler(2, 'Undefined array key "nama_lengkap"', 'C:\\Users\\PTDRa\\Documents\\PKL\\koperasi 3\\app\\Controllers\\AdminDashboard.php', 229)
 2 SYSTEMPATH\CodeIgniter.php(933): App\Controllers\AdminDashboard->getSimpananList()
 3 SYSTEMPATH\CodeIgniter.php(507): CodeIgniter\CodeIgniter->runController(Object(App\Controllers\AdminDashboard))
 4 SYSTEMPATH\CodeIgniter.php(354): CodeIgniter\CodeIgniter->handleRequest(null, Object(Config\Cache), false)
 5 SYSTEMPATH\Boot.php(363): CodeIgniter\CodeIgniter->run()
 6 SYSTEMPATH\Boot.php(68): CodeIgniter\Boot::runCodeIgniter(Object(CodeIgniter\CodeIgniter))
 7 FCPATH\index.php(59): CodeIgniter\Boot::bootWeb(Object(Config\Paths))
 8 SYSTEMPATH\rewrite.php(44): require_once('C:\\Users\\PTDRa\\Documents\\PKL\\koperasi 3\\public\\index.php')
DEBUG - 2025-09-20 15:02:48 --> Session: Class initialized using 'CodeIgniter\Session\Handlers\FileHandler' driver.
DEBUG - 2025-09-20 15:02:57 --> Session: Class initialized using 'CodeIgniter\Session\Handlers\FileHandler' driver.
DEBUG - 2025-09-20 15:02:59 --> Session: Class initialized using 'CodeIgniter\Session\Handlers\FileHandler' driver.
CRITICAL - 2025-09-20 15:02:59 --> ErrorException: Undefined array key "nama_lengkap"
[Method: GET, Route: admin/get-simpanan-list]
in APPPATH\Controllers\AdminDashboard.php on line 229.
 1 APPPATH\Controllers\AdminDashboard.php(229): CodeIgniter\Debug\Exceptions->errorHandler(2, 'Undefined array key "nama_lengkap"', 'C:\\Users\\PTDRa\\Documents\\PKL\\koperasi 3\\app\\Controllers\\AdminDashboard.php', 229)
 2 SYSTEMPATH\CodeIgniter.php(933): App\Controllers\AdminDashboard->getSimpananList()
 3 SYSTEMPATH\CodeIgniter.php(507): CodeIgniter\CodeIgniter->runController(Object(App\Controllers\AdminDashboard))
 4 SYSTEMPATH\CodeIgniter.php(354): CodeIgniter\CodeIgniter->handleRequest(null, Object(Config\Cache), false)
 5 SYSTEMPATH\Boot.php(363): CodeIgniter\CodeIgniter->run()
 6 SYSTEMPATH\Boot.php(68): CodeIgniter\Boot::runCodeIgniter(Object(CodeIgniter\CodeIgniter))
 7 FCPATH\index.php(59): CodeIgniter\Boot::bootWeb(Object(Config\Paths))
 8 SYSTEMPATH\rewrite.php(44): require_once('C:\\Users\\PTDRa\\Documents\\PKL\\koperasi 3\\public\\index.php')
DEBUG - 2025-09-20 15:12:24 --> Session: Class initialized using 'CodeIgniter\Session\Handlers\FileHandler' driver.
CRITICAL - 2025-09-20 15:12:24 --> ErrorException: Undefined variable $simpanan
[Method: GET, Route: admin/dashboard_admin/savings]
in APPPATH\Views\dashboard_admin\savings.php on line 53.
 1 APPPATH\Views\dashboard_admin\savings.php(53): CodeIgniter\Debug\Exceptions->errorHandler(2, 'Undefined variable $simpanan', 'C:\\Users\\PTDRa\\Documents\\PKL\\koperasi 3\\app\\Views\\dashboard_admin\\savings.php', 53)
 2 SYSTEMPATH\View\View.php(226): include('C:\\Users\\PTDRa\\Documents\\PKL\\koperasi 3\\app\\Views\\dashboard_admin\\savings.php')
 3 SYSTEMPATH\View\View.php(229): CodeIgniter\View\View->CodeIgniter\View\{closure}()
 4 SYSTEMPATH\Common.php(1167): CodeIgniter\View\View->render('dashboard_admin/savings', [], true)
 5 APPPATH\Controllers\AdminDashboard.php(149): view('dashboard_admin/savings')
 6 SYSTEMPATH\CodeIgniter.php(933): App\Controllers\AdminDashboard->savings()
 7 SYSTEMPATH\CodeIgniter.php(507): CodeIgniter\CodeIgniter->runController(Object(App\Controllers\AdminDashboard))
 8 SYSTEMPATH\CodeIgniter.php(354): CodeIgniter\CodeIgniter->handleRequest(null, Object(Config\Cache), false)
 9 SYSTEMPATH\Boot.php(363): CodeIgniter\CodeIgniter->run()
10 SYSTEMPATH\Boot.php(68): CodeIgniter\Boot::runCodeIgniter(Object(CodeIgniter\CodeIgniter))
11 FCPATH\index.php(59): CodeIgniter\Boot::bootWeb(Object(Config\Paths))
12 SYSTEMPATH\rewrite.php(44): require_once('C:\\Users\\PTDRa\\Documents\\PKL\\koperasi 3\\public\\index.php')
DEBUG - 2025-09-20 15:14:12 --> Session: Class initialized using 'CodeIgniter\Session\Handlers\FileHandler' driver.
CRITICAL - 2025-09-20 15:14:12 --> ErrorException: Undefined variable $simpanan
[Method: GET, Route: admin/dashboard_admin/savings]
in APPPATH\Views\dashboard_admin\savings.php on line 53.
 1 APPPATH\Views\dashboard_admin\savings.php(53): CodeIgniter\Debug\Exceptions->errorHandler(2, 'Undefined variable $simpanan', 'C:\\Users\\PTDRa\\Documents\\PKL\\koperasi 3\\app\\Views\\dashboard_admin\\savings.php', 53)
 2 SYSTEMPATH\View\View.php(226): include('C:\\Users\\PTDRa\\Documents\\PKL\\koperasi 3\\app\\Views\\dashboard_admin\\savings.php')
 3 SYSTEMPATH\View\View.php(229): CodeIgniter\View\View->CodeIgniter\View\{closure}()
 4 SYSTEMPATH\Common.php(1167): CodeIgniter\View\View->render('dashboard_admin/savings', [], true)
 5 APPPATH\Controllers\AdminDashboard.php(149): view('dashboard_admin/savings')
 6 SYSTEMPATH\CodeIgniter.php(933): App\Controllers\AdminDashboard->savings()
 7 SYSTEMPATH\CodeIgniter.php(507): CodeIgniter\CodeIgniter->runController(Object(App\Controllers\AdminDashboard))
 8 SYSTEMPATH\CodeIgniter.php(354): CodeIgniter\CodeIgniter->handleRequest(null, Object(Config\Cache), false)
 9 SYSTEMPATH\Boot.php(363): CodeIgniter\CodeIgniter->run()
10 SYSTEMPATH\Boot.php(68): CodeIgniter\Boot::runCodeIgniter(Object(CodeIgniter\CodeIgniter))
11 FCPATH\index.php(59): CodeIgniter\Boot::bootWeb(Object(Config\Paths))
12 SYSTEMPATH\rewrite.php(44): require_once('C:\\Users\\PTDRa\\Documents\\PKL\\koperasi 3\\public\\index.php')
DEBUG - 2025-09-20 15:16:43 --> Session: Class initialized using 'CodeIgniter\Session\Handlers\FileHandler' driver.
CRITICAL - 2025-09-20 15:16:43 --> ErrorException: Undefined variable $simpanan
[Method: GET, Route: admin/dashboard_admin/savings]
in APPPATH\Views\dashboard_admin\savings.php on line 53.
 1 APPPATH\Views\dashboard_admin\savings.php(53): CodeIgniter\Debug\Exceptions->errorHandler(2, 'Undefined variable $simpanan', 'C:\\Users\\PTDRa\\Documents\\PKL\\koperasi 3\\app\\Views\\dashboard_admin\\savings.php', 53)
 2 SYSTEMPATH\View\View.php(226): include('C:\\Users\\PTDRa\\Documents\\PKL\\koperasi 3\\app\\Views\\dashboard_admin\\savings.php')
 3 SYSTEMPATH\View\View.php(229): CodeIgniter\View\View->CodeIgniter\View\{closure}()
 4 SYSTEMPATH\Common.php(1167): CodeIgniter\View\View->render('dashboard_admin/savings', [], true)
 5 APPPATH\Controllers\AdminDashboard.php(149): view('dashboard_admin/savings')
 6 SYSTEMPATH\CodeIgniter.php(933): App\Controllers\AdminDashboard->savings()
 7 SYSTEMPATH\CodeIgniter.php(507): CodeIgniter\CodeIgniter->runController(Object(App\Controllers\AdminDashboard))
 8 SYSTEMPATH\CodeIgniter.php(354): CodeIgniter\CodeIgniter->handleRequest(null, Object(Config\Cache), false)
 9 SYSTEMPATH\Boot.php(363): CodeIgniter\CodeIgniter->run()
10 SYSTEMPATH\Boot.php(68): CodeIgniter\Boot::runCodeIgniter(Object(CodeIgniter\CodeIgniter))
11 FCPATH\index.php(59): CodeIgniter\Boot::bootWeb(Object(Config\Paths))
12 SYSTEMPATH\rewrite.php(44): require_once('C:\\Users\\PTDRa\\Documents\\PKL\\koperasi 3\\public\\index.php')
DEBUG - 2025-09-20 15:18:07 --> Session: Class initialized using 'CodeIgniter\Session\Handlers\FileHandler' driver.
DEBUG - 2025-09-20 15:18:08 --> Session: Class initialized using 'CodeIgniter\Session\Handlers\FileHandler' driver.
CRITICAL - 2025-09-20 15:18:08 --> ErrorException: Undefined array key "nama_lengkap"
[Method: GET, Route: admin/get-simpanan-list]
in APPPATH\Controllers\AdminDashboard.php on line 229.
 1 APPPATH\Controllers\AdminDashboard.php(229): CodeIgniter\Debug\Exceptions->errorHandler(2, 'Undefined array key "nama_lengkap"', 'C:\\Users\\PTDRa\\Documents\\PKL\\koperasi 3\\app\\Controllers\\AdminDashboard.php', 229)
 2 SYSTEMPATH\CodeIgniter.php(933): App\Controllers\AdminDashboard->getSimpananList()
 3 SYSTEMPATH\CodeIgniter.php(507): CodeIgniter\CodeIgniter->runController(Object(App\Controllers\AdminDashboard))
 4 SYSTEMPATH\CodeIgniter.php(354): CodeIgniter\CodeIgniter->handleRequest(null, Object(Config\Cache), false)
 5 SYSTEMPATH\Boot.php(363): CodeIgniter\CodeIgniter->run()
 6 SYSTEMPATH\Boot.php(68): CodeIgniter\Boot::runCodeIgniter(Object(CodeIgniter\CodeIgniter))
 7 FCPATH\index.php(59): CodeIgniter\Boot::bootWeb(Object(Config\Paths))
 8 SYSTEMPATH\rewrite.php(44): require_once('C:\\Users\\PTDRa\\Documents\\PKL\\koperasi 3\\public\\index.php')
DEBUG - 2025-09-20 15:18:15 --> Session: Class initialized using 'CodeIgniter\Session\Handlers\FileHandler' driver.
CRITICAL - 2025-09-20 15:18:15 --> ErrorException: Undefined variable $simpanan
[Method: GET, Route: admin/dashboard_admin/savings]
in APPPATH\Views\dashboard_admin\savings.php on line 53.
 1 APPPATH\Views\dashboard_admin\savings.php(53): CodeIgniter\Debug\Exceptions->errorHandler(2, 'Undefined variable $simpanan', 'C:\\Users\\PTDRa\\Documents\\PKL\\koperasi 3\\app\\Views\\dashboard_admin\\savings.php', 53)
 2 SYSTEMPATH\View\View.php(226): include('C:\\Users\\PTDRa\\Documents\\PKL\\koperasi 3\\app\\Views\\dashboard_admin\\savings.php')
 3 SYSTEMPATH\View\View.php(229): CodeIgniter\View\View->CodeIgniter\View\{closure}()
 4 SYSTEMPATH\Common.php(1167): CodeIgniter\View\View->render('dashboard_admin/savings', [], true)
 5 APPPATH\Controllers\AdminDashboard.php(149): view('dashboard_admin/savings')
 6 SYSTEMPATH\CodeIgniter.php(933): App\Controllers\AdminDashboard->savings()
 7 SYSTEMPATH\CodeIgniter.php(507): CodeIgniter\CodeIgniter->runController(Object(App\Controllers\AdminDashboard))
 8 SYSTEMPATH\CodeIgniter.php(354): CodeIgniter\CodeIgniter->handleRequest(null, Object(Config\Cache), false)
 9 SYSTEMPATH\Boot.php(363): CodeIgniter\CodeIgniter->run()
10 SYSTEMPATH\Boot.php(68): CodeIgniter\Boot::runCodeIgniter(Object(CodeIgniter\CodeIgniter))
11 FCPATH\index.php(59): CodeIgniter\Boot::bootWeb(Object(Config\Paths))
12 SYSTEMPATH\rewrite.php(44): require_once('C:\\Users\\PTDRa\\Documents\\PKL\\koperasi 3\\public\\index.php')
DEBUG - 2025-09-20 15:18:46 --> Session: Class initialized using 'CodeIgniter\Session\Handlers\FileHandler' driver.
CRITICAL - 2025-09-20 15:18:47 --> ErrorException: Undefined variable $savings
[Method: GET, Route: admin/dashboard_admin/savings]
in APPPATH\Views\dashboard_admin\savings.php on line 53.
 1 APPPATH\Views\dashboard_admin\savings.php(53): CodeIgniter\Debug\Exceptions->errorHandler(2, 'Undefined variable $savings', 'C:\\Users\\PTDRa\\Documents\\PKL\\koperasi 3\\app\\Views\\dashboard_admin\\savings.php', 53)
 2 SYSTEMPATH\View\View.php(226): include('C:\\Users\\PTDRa\\Documents\\PKL\\koperasi 3\\app\\Views\\dashboard_admin\\savings.php')
 3 SYSTEMPATH\View\View.php(229): CodeIgniter\View\View->CodeIgniter\View\{closure}()
 4 SYSTEMPATH\Common.php(1167): CodeIgniter\View\View->render('dashboard_admin/savings', [], true)
 5 APPPATH\Controllers\AdminDashboard.php(149): view('dashboard_admin/savings')
 6 SYSTEMPATH\CodeIgniter.php(933): App\Controllers\AdminDashboard->savings()
 7 SYSTEMPATH\CodeIgniter.php(507): CodeIgniter\CodeIgniter->runController(Object(App\Controllers\AdminDashboard))
 8 SYSTEMPATH\CodeIgniter.php(354): CodeIgniter\CodeIgniter->handleRequest(null, Object(Config\Cache), false)
 9 SYSTEMPATH\Boot.php(363): CodeIgniter\CodeIgniter->run()
10 SYSTEMPATH\Boot.php(68): CodeIgniter\Boot::runCodeIgniter(Object(CodeIgniter\CodeIgniter))
11 FCPATH\index.php(59): CodeIgniter\Boot::bootWeb(Object(Config\Paths))
12 SYSTEMPATH\rewrite.php(44): require_once('C:\\Users\\PTDRa\\Documents\\PKL\\koperasi 3\\public\\index.php')
DEBUG - 2025-09-20 15:18:51 --> Session: Class initialized using 'CodeIgniter\Session\Handlers\FileHandler' driver.
CRITICAL - 2025-09-20 15:18:51 --> ErrorException: Undefined variable $saving
[Method: GET, Route: admin/dashboard_admin/savings]
in APPPATH\Views\dashboard_admin\savings.php on line 53.
 1 APPPATH\Views\dashboard_admin\savings.php(53): CodeIgniter\Debug\Exceptions->errorHandler(2, 'Undefined variable $saving', 'C:\\Users\\PTDRa\\Documents\\PKL\\koperasi 3\\app\\Views\\dashboard_admin\\savings.php', 53)
 2 SYSTEMPATH\View\View.php(226): include('C:\\Users\\PTDRa\\Documents\\PKL\\koperasi 3\\app\\Views\\dashboard_admin\\savings.php')
 3 SYSTEMPATH\View\View.php(229): CodeIgniter\View\View->CodeIgniter\View\{closure}()
 4 SYSTEMPATH\Common.php(1167): CodeIgniter\View\View->render('dashboard_admin/savings', [], true)
 5 APPPATH\Controllers\AdminDashboard.php(149): view('dashboard_admin/savings')
 6 SYSTEMPATH\CodeIgniter.php(933): App\Controllers\AdminDashboard->savings()
 7 SYSTEMPATH\CodeIgniter.php(507): CodeIgniter\CodeIgniter->runController(Object(App\Controllers\AdminDashboard))
 8 SYSTEMPATH\CodeIgniter.php(354): CodeIgniter\CodeIgniter->handleRequest(null, Object(Config\Cache), false)
 9 SYSTEMPATH\Boot.php(363): CodeIgniter\CodeIgniter->run()
10 SYSTEMPATH\Boot.php(68): CodeIgniter\Boot::runCodeIgniter(Object(CodeIgniter\CodeIgniter))
11 FCPATH\index.php(59): CodeIgniter\Boot::bootWeb(Object(Config\Paths))
12 SYSTEMPATH\rewrite.php(44): require_once('C:\\Users\\PTDRa\\Documents\\PKL\\koperasi 3\\public\\index.php')
DEBUG - 2025-09-20 15:19:09 --> Session: Class initialized using 'CodeIgniter\Session\Handlers\FileHandler' driver.
CRITICAL - 2025-09-20 15:19:09 --> ErrorException: Undefined variable $saving
[Method: GET, Route: admin/dashboard_admin/savings]
in APPPATH\Views\dashboard_admin\savings.php on line 53.
 1 APPPATH\Views\dashboard_admin\savings.php(53): CodeIgniter\Debug\Exceptions->errorHandler(2, 'Undefined variable $saving', 'C:\\Users\\PTDRa\\Documents\\PKL\\koperasi 3\\app\\Views\\dashboard_admin\\savings.php', 53)
 2 SYSTEMPATH\View\View.php(226): include('C:\\Users\\PTDRa\\Documents\\PKL\\koperasi 3\\app\\Views\\dashboard_admin\\savings.php')
 3 SYSTEMPATH\View\View.php(229): CodeIgniter\View\View->CodeIgniter\View\{closure}()
 4 SYSTEMPATH\Common.php(1167): CodeIgniter\View\View->render('dashboard_admin/savings', [], true)
 5 APPPATH\Controllers\Simpanan.php(29): view('dashboard_admin/savings', [...])
 6 SYSTEMPATH\CodeIgniter.php(933): App\Controllers\Simpanan->index()
 7 SYSTEMPATH\CodeIgniter.php(507): CodeIgniter\CodeIgniter->runController(Object(App\Controllers\Simpanan))
 8 SYSTEMPATH\CodeIgniter.php(354): CodeIgniter\CodeIgniter->handleRequest(null, Object(Config\Cache), false)
 9 SYSTEMPATH\Boot.php(363): CodeIgniter\CodeIgniter->run()
10 SYSTEMPATH\Boot.php(68): CodeIgniter\Boot::runCodeIgniter(Object(CodeIgniter\CodeIgniter))
11 FCPATH\index.php(59): CodeIgniter\Boot::bootWeb(Object(Config\Paths))
12 SYSTEMPATH\rewrite.php(44): require_once('C:\\Users\\PTDRa\\Documents\\PKL\\koperasi 3\\public\\index.php')
DEBUG - 2025-09-20 15:19:22 --> Session: Class initialized using 'CodeIgniter\Session\Handlers\FileHandler' driver.
DEBUG - 2025-09-20 15:19:23 --> Session: Class initialized using 'CodeIgniter\Session\Handlers\FileHandler' driver.
CRITICAL - 2025-09-20 15:19:23 --> ErrorException: Undefined array key "nama_lengkap"
[Method: GET, Route: admin/get-simpanan-list]
in APPPATH\Controllers\AdminDashboard.php on line 229.
 1 APPPATH\Controllers\AdminDashboard.php(229): CodeIgniter\Debug\Exceptions->errorHandler(2, 'Undefined array key "nama_lengkap"', 'C:\\Users\\PTDRa\\Documents\\PKL\\koperasi 3\\app\\Controllers\\AdminDashboard.php', 229)
 2 SYSTEMPATH\CodeIgniter.php(933): App\Controllers\AdminDashboard->getSimpananList()
 3 SYSTEMPATH\CodeIgniter.php(507): CodeIgniter\CodeIgniter->runController(Object(App\Controllers\AdminDashboard))
 4 SYSTEMPATH\CodeIgniter.php(354): CodeIgniter\CodeIgniter->handleRequest(null, Object(Config\Cache), false)
 5 SYSTEMPATH\Boot.php(363): CodeIgniter\CodeIgniter->run()
 6 SYSTEMPATH\Boot.php(68): CodeIgniter\Boot::runCodeIgniter(Object(CodeIgniter\CodeIgniter))
 7 FCPATH\index.php(59): CodeIgniter\Boot::bootWeb(Object(Config\Paths))
 8 SYSTEMPATH\rewrite.php(44): require_once('C:\\Users\\PTDRa\\Documents\\PKL\\koperasi 3\\public\\index.php')
DEBUG - 2025-09-20 15:20:42 --> Session: Class initialized using 'CodeIgniter\Session\Handlers\FileHandler' driver.
DEBUG - 2025-09-20 15:20:44 --> Session: Class initialized using 'CodeIgniter\Session\Handlers\FileHandler' driver.
DEBUG - 2025-09-20 15:20:45 --> Session: Class initialized using 'CodeIgniter\Session\Handlers\FileHandler' driver.
CRITICAL - 2025-09-20 15:20:45 --> ErrorException: Undefined array key "nama_lengkap"
[Method: GET, Route: admin/get-simpanan-list]
in APPPATH\Controllers\AdminDashboard.php on line 229.
 1 APPPATH\Controllers\AdminDashboard.php(229): CodeIgniter\Debug\Exceptions->errorHandler(2, 'Undefined array key "nama_lengkap"', 'C:\\Users\\PTDRa\\Documents\\PKL\\koperasi 3\\app\\Controllers\\AdminDashboard.php', 229)
 2 SYSTEMPATH\CodeIgniter.php(933): App\Controllers\AdminDashboard->getSimpananList()
 3 SYSTEMPATH\CodeIgniter.php(507): CodeIgniter\CodeIgniter->runController(Object(App\Controllers\AdminDashboard))
 4 SYSTEMPATH\CodeIgniter.php(354): CodeIgniter\CodeIgniter->handleRequest(null, Object(Config\Cache), false)
 5 SYSTEMPATH\Boot.php(363): CodeIgniter\CodeIgniter->run()
 6 SYSTEMPATH\Boot.php(68): CodeIgniter\Boot::runCodeIgniter(Object(CodeIgniter\CodeIgniter))
 7 FCPATH\index.php(59): CodeIgniter\Boot::bootWeb(Object(Config\Paths))
 8 SYSTEMPATH\rewrite.php(44): require_once('C:\\Users\\PTDRa\\Documents\\PKL\\koperasi 3\\public\\index.php')
