DEBUG - 2025-10-12 13:13:19 --> Session: Class initialized using 'CodeIgniter\Session\Handlers\FileHandler' driver.
DEBUG - 2025-10-12 13:13:42 --> Session: Class initialized using 'CodeIgniter\Session\Handlers\FileHandler' driver.
DEBUG - 2025-10-12 13:13:55 --> Session: Class initialized using 'CodeIgniter\Session\Handlers\FileHandler' driver.
DEBUG - 2025-10-12 13:13:55 --> Session: Class initialized using 'CodeIgniter\Session\Handlers\FileHandler' driver.
DEBUG - 2025-10-12 13:14:02 --> Session: Class initialized using 'CodeIgniter\Session\Handlers\FileHandler' driver.
DEBUG - 2025-10-12 13:14:19 --> Session: Class initialized using 'CodeIgniter\Session\Handlers\FileHandler' driver.
DEBUG - 2025-10-12 13:14:19 --> === MENGAMBIL PINJAMAN AKTIF DARI 3 TABEL ===
DEBUG - 2025-10-12 13:14:19 --> ID Anggota: 40
DEBUG - 2025-10-12 13:14:19 --> Qard Detail - ID: 14, Pinjam: 4000000.00, Terbayar: 800000.00, Tenor: 5
DEBUG - 2025-10-12 13:14:19 --> hitungAngsuranBerjalanFix: Terbayar=800000, Pinjam=4000000, Tenor=5
DEBUG - 2025-10-12 13:14:19 --> hitungAngsuranBerjalanFix: AngsuranPerBulan=800000, Hasil=1
DEBUG - 2025-10-12 13:14:19 --> Qard Data - Angsuran Berjalan: 1, Angsuran per Bulan: 800000, Bisa Bayar: Ya
DEBUG - 2025-10-12 13:14:19 --> Total semua pinjaman aktif: 1
DEBUG - 2025-10-12 13:14:19 --> === MENGAMBIL PINJAMAN LUNAS DARI 3 TABEL ===
DEBUG - 2025-10-12 13:14:19 --> Data Qard lunas: 0
DEBUG - 2025-10-12 13:14:19 --> Data Murabahah lunas: 0
DEBUG - 2025-10-12 13:14:19 --> Data Mudharabah lunas: 0
DEBUG - 2025-10-12 13:14:19 --> Total semua pinjaman lunas: 0
DEBUG - 2025-10-12 13:14:53 --> Session: Class initialized using 'CodeIgniter\Session\Handlers\FileHandler' driver.
DEBUG - 2025-10-12 13:14:56 --> Session: Class initialized using 'CodeIgniter\Session\Handlers\FileHandler' driver.
DEBUG - 2025-10-12 13:15:07 --> Session: Class initialized using 'CodeIgniter\Session\Handlers\FileHandler' driver.
DEBUG - 2025-10-12 13:15:14 --> Session: Class initialized using 'CodeIgniter\Session\Handlers\FileHandler' driver.
DEBUG - 2025-10-12 13:15:14 --> Session: Class initialized using 'CodeIgniter\Session\Handlers\FileHandler' driver.
DEBUG - 2025-10-12 13:19:07 --> Session: Class initialized using 'CodeIgniter\Session\Handlers\FileHandler' driver.
DEBUG - 2025-10-12 13:19:12 --> Session: Class initialized using 'CodeIgniter\Session\Handlers\FileHandler' driver.
DEBUG - 2025-10-12 13:19:12 --> Session: Class initialized using 'CodeIgniter\Session\Handlers\FileHandler' driver.
DEBUG - 2025-10-12 13:19:16 --> Session: Class initialized using 'CodeIgniter\Session\Handlers\FileHandler' driver.
DEBUG - 2025-10-12 13:20:23 --> Session: Class initialized using 'CodeIgniter\Session\Handlers\FileHandler' driver.
DEBUG - 2025-10-12 13:20:23 --> Session: Class initialized using 'CodeIgniter\Session\Handlers\FileHandler' driver.
DEBUG - 2025-10-12 13:20:39 --> Session: Class initialized using 'CodeIgniter\Session\Handlers\FileHandler' driver.
DEBUG - 2025-10-12 13:20:45 --> Session: Class initialized using 'CodeIgniter\Session\Handlers\FileHandler' driver.
DEBUG - 2025-10-12 13:20:45 --> Session: Class initialized using 'CodeIgniter\Session\Handlers\FileHandler' driver.
DEBUG - 2025-10-12 13:20:49 --> Session: Class initialized using 'CodeIgniter\Session\Handlers\FileHandler' driver.
DEBUG - 2025-10-12 13:21:01 --> Session: Class initialized using 'CodeIgniter\Session\Handlers\FileHandler' driver.
DEBUG - 2025-10-12 13:21:02 --> Session: Class initialized using 'CodeIgniter\Session\Handlers\FileHandler' driver.
DEBUG - 2025-10-12 13:21:06 --> Session: Class initialized using 'CodeIgniter\Session\Handlers\FileHandler' driver.
DEBUG - 2025-10-12 13:21:16 --> Session: Class initialized using 'CodeIgniter\Session\Handlers\FileHandler' driver.
DEBUG - 2025-10-12 13:21:29 --> Session: Class initialized using 'CodeIgniter\Session\Handlers\FileHandler' driver.
DEBUG - 2025-10-12 13:21:51 --> Session: Class initialized using 'CodeIgniter\Session\Handlers\FileHandler' driver.
DEBUG - 2025-10-12 13:21:51 --> === SAVE PEMBIAYAAN DEBUG ===
DEBUG - 2025-10-12 13:21:51 --> id_anggota: 41
DEBUG - 2025-10-12 13:21:51 --> akad: mudharabah
DEBUG - 2025-10-12 13:21:51 --> jml_pinjam: 1000000
DEBUG - 2025-10-12 13:21:51 --> tenor dari form: 6
DEBUG - 2025-10-12 13:21:51 --> Data yang akan disimpan: Array
(
    [id_anggota] => 41
    [jml_pinjam] => 1000000
    [jml_angsuran] => 6
    [keperluan] => pembelian barang
    [tgl_pengajuan] => 2025-10-12 13:21:51
    [status] => aktif
    [tgl_disetujui] => 2025-10-12 13:21:51
    [disetujui_oleh] => 
)

ERROR - 2025-10-12 13:21:51 --> mysqli_sql_exception: Unknown column 'keperluan' in 'field list' in C:\Users\PTDRa\Documents\PKL\koperasi 3\system\Database\MySQLi\Connection.php:327
Stack trace:
#0 C:\Users\PTDRa\Documents\PKL\koperasi 3\system\Database\MySQLi\Connection.php(327): mysqli->query('INSERT INTO `mu...', 0)
#1 C:\Users\PTDRa\Documents\PKL\koperasi 3\system\Database\BaseConnection.php(729): CodeIgniter\Database\MySQLi\Connection->execute('INSERT INTO `mu...')
#2 C:\Users\PTDRa\Documents\PKL\koperasi 3\system\Database\BaseConnection.php(646): CodeIgniter\Database\BaseConnection->simpleQuery('INSERT INTO `mu...')
#3 C:\Users\PTDRa\Documents\PKL\koperasi 3\system\Database\BaseBuilder.php(2345): CodeIgniter\Database\BaseConnection->query('INSERT INTO `mu...', Array, false)
#4 C:\Users\PTDRa\Documents\PKL\koperasi 3\system\Model.php(394): CodeIgniter\Database\BaseBuilder->insert()
#5 C:\Users\PTDRa\Documents\PKL\koperasi 3\system\BaseModel.php(838): CodeIgniter\Model->doInsert(Array)
#6 C:\Users\PTDRa\Documents\PKL\koperasi 3\system\Model.php(797): CodeIgniter\BaseModel->insert(Array, true)
#7 C:\Users\PTDRa\Documents\PKL\koperasi 3\app\Controllers\AdminDashboard.php(874): CodeIgniter\Model->insert(Array)
#8 C:\Users\PTDRa\Documents\PKL\koperasi 3\system\CodeIgniter.php(933): App\Controllers\AdminDashboard->savePembiayaan()
#9 C:\Users\PTDRa\Documents\PKL\koperasi 3\system\CodeIgniter.php(507): CodeIgniter\CodeIgniter->runController(Object(App\Controllers\AdminDashboard))
#10 C:\Users\PTDRa\Documents\PKL\koperasi 3\system\CodeIgniter.php(354): CodeIgniter\CodeIgniter->handleRequest(NULL, Object(Config\Cache), false)
#11 C:\Users\PTDRa\Documents\PKL\koperasi 3\system\Boot.php(363): CodeIgniter\CodeIgniter->run()
#12 C:\Users\PTDRa\Documents\PKL\koperasi 3\system\Boot.php(68): CodeIgniter\Boot::runCodeIgniter(Object(CodeIgniter\CodeIgniter))
#13 C:\Users\PTDRa\Documents\PKL\koperasi 3\public\index.php(59): CodeIgniter\Boot::bootWeb(Object(Config\Paths))
#14 C:\Users\PTDRa\Documents\PKL\koperasi 3\system\rewrite.php(44): require_once('C:\\Users\\PTDRa\\...')
#15 {main}
ERROR - 2025-10-12 13:21:51 --> Exception savePembiayaan: Unknown column 'keperluan' in 'field list'
DEBUG - 2025-10-12 13:22:30 --> Session: Class initialized using 'CodeIgniter\Session\Handlers\FileHandler' driver.
DEBUG - 2025-10-12 13:22:30 --> === SAVE PEMBIAYAAN DEBUG ===
DEBUG - 2025-10-12 13:22:30 --> id_anggota: 41
DEBUG - 2025-10-12 13:22:30 --> akad: mudharabah
DEBUG - 2025-10-12 13:22:30 --> jml_pinjam: 1000000
DEBUG - 2025-10-12 13:22:30 --> tenor dari form: 6
DEBUG - 2025-10-12 13:22:30 --> Data yang akan disimpan: Array
(
    [id_anggota] => 41
    [jml_pinjam] => 1000000
    [jml_angsuran] => 6
    [keperluan] => jnjnuj
    [tgl_pengajuan] => 2025-10-12 13:22:30
    [status] => aktif
    [tgl_disetujui] => 2025-10-12 13:22:30
    [disetujui_oleh] => 
)

ERROR - 2025-10-12 13:22:30 --> mysqli_sql_exception: Unknown column 'keperluan' in 'field list' in C:\Users\PTDRa\Documents\PKL\koperasi 3\system\Database\MySQLi\Connection.php:327
Stack trace:
#0 C:\Users\PTDRa\Documents\PKL\koperasi 3\system\Database\MySQLi\Connection.php(327): mysqli->query('INSERT INTO `mu...', 0)
#1 C:\Users\PTDRa\Documents\PKL\koperasi 3\system\Database\BaseConnection.php(729): CodeIgniter\Database\MySQLi\Connection->execute('INSERT INTO `mu...')
#2 C:\Users\PTDRa\Documents\PKL\koperasi 3\system\Database\BaseConnection.php(646): CodeIgniter\Database\BaseConnection->simpleQuery('INSERT INTO `mu...')
#3 C:\Users\PTDRa\Documents\PKL\koperasi 3\system\Database\BaseBuilder.php(2345): CodeIgniter\Database\BaseConnection->query('INSERT INTO `mu...', Array, false)
#4 C:\Users\PTDRa\Documents\PKL\koperasi 3\system\Model.php(394): CodeIgniter\Database\BaseBuilder->insert()
#5 C:\Users\PTDRa\Documents\PKL\koperasi 3\system\BaseModel.php(838): CodeIgniter\Model->doInsert(Array)
#6 C:\Users\PTDRa\Documents\PKL\koperasi 3\system\Model.php(797): CodeIgniter\BaseModel->insert(Array, true)
#7 C:\Users\PTDRa\Documents\PKL\koperasi 3\app\Controllers\AdminDashboard.php(874): CodeIgniter\Model->insert(Array)
#8 C:\Users\PTDRa\Documents\PKL\koperasi 3\system\CodeIgniter.php(933): App\Controllers\AdminDashboard->savePembiayaan()
#9 C:\Users\PTDRa\Documents\PKL\koperasi 3\system\CodeIgniter.php(507): CodeIgniter\CodeIgniter->runController(Object(App\Controllers\AdminDashboard))
#10 C:\Users\PTDRa\Documents\PKL\koperasi 3\system\CodeIgniter.php(354): CodeIgniter\CodeIgniter->handleRequest(NULL, Object(Config\Cache), false)
#11 C:\Users\PTDRa\Documents\PKL\koperasi 3\system\Boot.php(363): CodeIgniter\CodeIgniter->run()
#12 C:\Users\PTDRa\Documents\PKL\koperasi 3\system\Boot.php(68): CodeIgniter\Boot::runCodeIgniter(Object(CodeIgniter\CodeIgniter))
#13 C:\Users\PTDRa\Documents\PKL\koperasi 3\public\index.php(59): CodeIgniter\Boot::bootWeb(Object(Config\Paths))
#14 C:\Users\PTDRa\Documents\PKL\koperasi 3\system\rewrite.php(44): require_once('C:\\Users\\PTDRa\\...')
#15 {main}
ERROR - 2025-10-12 13:22:30 --> Exception savePembiayaan: Unknown column 'keperluan' in 'field list'
DEBUG - 2025-10-12 13:25:01 --> Session: Class initialized using 'CodeIgniter\Session\Handlers\FileHandler' driver.
DEBUG - 2025-10-12 13:25:04 --> Session: Class initialized using 'CodeIgniter\Session\Handlers\FileHandler' driver.
DEBUG - 2025-10-12 13:33:02 --> Session: Class initialized using 'CodeIgniter\Session\Handlers\FileHandler' driver.
DEBUG - 2025-10-12 13:33:08 --> Session: Class initialized using 'CodeIgniter\Session\Handlers\FileHandler' driver.
DEBUG - 2025-10-12 13:33:18 --> Session: Class initialized using 'CodeIgniter\Session\Handlers\FileHandler' driver.
DEBUG - 2025-10-12 13:33:19 --> Session: Class initialized using 'CodeIgniter\Session\Handlers\FileHandler' driver.
DEBUG - 2025-10-12 13:33:26 --> Session: Class initialized using 'CodeIgniter\Session\Handlers\FileHandler' driver.
DEBUG - 2025-10-12 13:33:33 --> Session: Class initialized using 'CodeIgniter\Session\Handlers\FileHandler' driver.
DEBUG - 2025-10-12 13:35:21 --> Session: Class initialized using 'CodeIgniter\Session\Handlers\FileHandler' driver.
DEBUG - 2025-10-12 13:35:21 --> === SAVE PEMBIAYAAN DEBUG ===
DEBUG - 2025-10-12 13:35:21 --> id_anggota: 40
DEBUG - 2025-10-12 13:35:21 --> akad: qard
DEBUG - 2025-10-12 13:35:21 --> jml_pinjam: 100000
DEBUG - 2025-10-12 13:35:21 --> tenor dari form: 3
DEBUG - 2025-10-12 13:35:21 --> Data yang akan disimpan: Array
(
    [id_anggota] => 40
    [jml_pinjam] => 100000
    [jml_angsuran] => 3
    [keperluan] => mefwkfmkdsnf
    [tgl_pengajuan] => 2025-10-12 13:35:21
    [status] => aktif
    [tgl_disetujui] => 2025-10-12 13:35:21
    [disetujui_oleh] => 
)

ERROR - 2025-10-12 13:35:21 --> mysqli_sql_exception: Unknown column 'keperluan' in 'field list' in C:\Users\PTDRa\Documents\PKL\koperasi 3\system\Database\MySQLi\Connection.php:327
Stack trace:
#0 C:\Users\PTDRa\Documents\PKL\koperasi 3\system\Database\MySQLi\Connection.php(327): mysqli->query('INSERT INTO `qa...', 0)
#1 C:\Users\PTDRa\Documents\PKL\koperasi 3\system\Database\BaseConnection.php(729): CodeIgniter\Database\MySQLi\Connection->execute('INSERT INTO `qa...')
#2 C:\Users\PTDRa\Documents\PKL\koperasi 3\system\Database\BaseConnection.php(646): CodeIgniter\Database\BaseConnection->simpleQuery('INSERT INTO `qa...')
#3 C:\Users\PTDRa\Documents\PKL\koperasi 3\system\Database\BaseBuilder.php(2345): CodeIgniter\Database\BaseConnection->query('INSERT INTO `qa...', Array, false)
#4 C:\Users\PTDRa\Documents\PKL\koperasi 3\system\Model.php(394): CodeIgniter\Database\BaseBuilder->insert()
#5 C:\Users\PTDRa\Documents\PKL\koperasi 3\system\BaseModel.php(838): CodeIgniter\Model->doInsert(Array)
#6 C:\Users\PTDRa\Documents\PKL\koperasi 3\system\Model.php(797): CodeIgniter\BaseModel->insert(Array, true)
#7 C:\Users\PTDRa\Documents\PKL\koperasi 3\app\Controllers\AdminDashboard.php(874): CodeIgniter\Model->insert(Array)
#8 C:\Users\PTDRa\Documents\PKL\koperasi 3\system\CodeIgniter.php(933): App\Controllers\AdminDashboard->savePembiayaan()
#9 C:\Users\PTDRa\Documents\PKL\koperasi 3\system\CodeIgniter.php(507): CodeIgniter\CodeIgniter->runController(Object(App\Controllers\AdminDashboard))
#10 C:\Users\PTDRa\Documents\PKL\koperasi 3\system\CodeIgniter.php(354): CodeIgniter\CodeIgniter->handleRequest(NULL, Object(Config\Cache), false)
#11 C:\Users\PTDRa\Documents\PKL\koperasi 3\system\Boot.php(363): CodeIgniter\CodeIgniter->run()
#12 C:\Users\PTDRa\Documents\PKL\koperasi 3\system\Boot.php(68): CodeIgniter\Boot::runCodeIgniter(Object(CodeIgniter\CodeIgniter))
#13 C:\Users\PTDRa\Documents\PKL\koperasi 3\public\index.php(59): CodeIgniter\Boot::bootWeb(Object(Config\Paths))
#14 C:\Users\PTDRa\Documents\PKL\koperasi 3\system\rewrite.php(44): require_once('C:\\Users\\PTDRa\\...')
#15 {main}
ERROR - 2025-10-12 13:35:21 --> Exception savePembiayaan: Unknown column 'keperluan' in 'field list'
DEBUG - 2025-10-12 13:36:04 --> Session: Class initialized using 'CodeIgniter\Session\Handlers\FileHandler' driver.
DEBUG - 2025-10-12 13:36:23 --> Session: Class initialized using 'CodeIgniter\Session\Handlers\FileHandler' driver.
DEBUG - 2025-10-12 13:36:24 --> Session: Class initialized using 'CodeIgniter\Session\Handlers\FileHandler' driver.
DEBUG - 2025-10-12 13:36:34 --> Session: Class initialized using 'CodeIgniter\Session\Handlers\FileHandler' driver.
DEBUG - 2025-10-12 13:36:34 --> === SAVE PEMBIAYAAN DEBUG ===
DEBUG - 2025-10-12 13:36:34 --> id_anggota: 40
DEBUG - 2025-10-12 13:36:34 --> akad: mudharabah
DEBUG - 2025-10-12 13:36:34 --> jml_pinjam: 100000
DEBUG - 2025-10-12 13:36:34 --> tenor dari form: 6
DEBUG - 2025-10-12 13:36:34 --> Data yang akan disimpan: Array
(
    [id_anggota] => 40
    [jml_pinjam] => 100000
    [jml_angsuran] => 6
    [keperluan] => njsdnjf
    [tgl_pengajuan] => 2025-10-12 13:36:34
    [status] => aktif
    [tgl_disetujui] => 2025-10-12 13:36:34
    [disetujui_oleh] => 
)

ERROR - 2025-10-12 13:36:34 --> mysqli_sql_exception: Unknown column 'keperluan' in 'field list' in C:\Users\PTDRa\Documents\PKL\koperasi 3\system\Database\MySQLi\Connection.php:327
Stack trace:
#0 C:\Users\PTDRa\Documents\PKL\koperasi 3\system\Database\MySQLi\Connection.php(327): mysqli->query('INSERT INTO `mu...', 0)
#1 C:\Users\PTDRa\Documents\PKL\koperasi 3\system\Database\BaseConnection.php(729): CodeIgniter\Database\MySQLi\Connection->execute('INSERT INTO `mu...')
#2 C:\Users\PTDRa\Documents\PKL\koperasi 3\system\Database\BaseConnection.php(646): CodeIgniter\Database\BaseConnection->simpleQuery('INSERT INTO `mu...')
#3 C:\Users\PTDRa\Documents\PKL\koperasi 3\system\Database\BaseBuilder.php(2345): CodeIgniter\Database\BaseConnection->query('INSERT INTO `mu...', Array, false)
#4 C:\Users\PTDRa\Documents\PKL\koperasi 3\system\Model.php(394): CodeIgniter\Database\BaseBuilder->insert()
#5 C:\Users\PTDRa\Documents\PKL\koperasi 3\system\BaseModel.php(838): CodeIgniter\Model->doInsert(Array)
#6 C:\Users\PTDRa\Documents\PKL\koperasi 3\system\Model.php(797): CodeIgniter\BaseModel->insert(Array, true)
#7 C:\Users\PTDRa\Documents\PKL\koperasi 3\app\Controllers\AdminDashboard.php(874): CodeIgniter\Model->insert(Array)
#8 C:\Users\PTDRa\Documents\PKL\koperasi 3\system\CodeIgniter.php(933): App\Controllers\AdminDashboard->savePembiayaan()
#9 C:\Users\PTDRa\Documents\PKL\koperasi 3\system\CodeIgniter.php(507): CodeIgniter\CodeIgniter->runController(Object(App\Controllers\AdminDashboard))
#10 C:\Users\PTDRa\Documents\PKL\koperasi 3\system\CodeIgniter.php(354): CodeIgniter\CodeIgniter->handleRequest(NULL, Object(Config\Cache), false)
#11 C:\Users\PTDRa\Documents\PKL\koperasi 3\system\Boot.php(363): CodeIgniter\CodeIgniter->run()
#12 C:\Users\PTDRa\Documents\PKL\koperasi 3\system\Boot.php(68): CodeIgniter\Boot::runCodeIgniter(Object(CodeIgniter\CodeIgniter))
#13 C:\Users\PTDRa\Documents\PKL\koperasi 3\public\index.php(59): CodeIgniter\Boot::bootWeb(Object(Config\Paths))
#14 C:\Users\PTDRa\Documents\PKL\koperasi 3\system\rewrite.php(44): require_once('C:\\Users\\PTDRa\\...')
#15 {main}
ERROR - 2025-10-12 13:36:34 --> Exception savePembiayaan: Unknown column 'keperluan' in 'field list'
DEBUG - 2025-10-12 13:39:32 --> Session: Class initialized using 'CodeIgniter\Session\Handlers\FileHandler' driver.
DEBUG - 2025-10-12 13:39:39 --> Session: Class initialized using 'CodeIgniter\Session\Handlers\FileHandler' driver.
DEBUG - 2025-10-12 13:39:43 --> Session: Class initialized using 'CodeIgniter\Session\Handlers\FileHandler' driver.
DEBUG - 2025-10-12 13:39:51 --> Session: Class initialized using 'CodeIgniter\Session\Handlers\FileHandler' driver.
DEBUG - 2025-10-12 13:40:17 --> Session: Class initialized using 'CodeIgniter\Session\Handlers\FileHandler' driver.
DEBUG - 2025-10-12 13:40:26 --> Session: Class initialized using 'CodeIgniter\Session\Handlers\FileHandler' driver.
DEBUG - 2025-10-12 13:40:32 --> Session: Class initialized using 'CodeIgniter\Session\Handlers\FileHandler' driver.
DEBUG - 2025-10-12 13:40:32 --> Session: Class initialized using 'CodeIgniter\Session\Handlers\FileHandler' driver.
DEBUG - 2025-10-12 13:40:39 --> Session: Class initialized using 'CodeIgniter\Session\Handlers\FileHandler' driver.
DEBUG - 2025-10-12 13:40:39 --> === MENGAMBIL PINJAMAN AKTIF DARI 3 TABEL ===
DEBUG - 2025-10-12 13:40:39 --> ID Anggota: 40
DEBUG - 2025-10-12 13:40:39 --> Qard Detail - ID: 14, Pinjam: 4000000.00, Terbayar: 800000.00, Tenor: 5
DEBUG - 2025-10-12 13:40:39 --> hitungAngsuranBerjalanFix: Terbayar=800000, Pinjam=4000000, Tenor=5
DEBUG - 2025-10-12 13:40:39 --> hitungAngsuranBerjalanFix: AngsuranPerBulan=800000, Hasil=1
DEBUG - 2025-10-12 13:40:39 --> Qard Data - Angsuran Berjalan: 1, Angsuran per Bulan: 800000, Bisa Bayar: Ya
DEBUG - 2025-10-12 13:40:39 --> hitungAngsuranBerjalanFix: Terbayar=0, Pinjam=1000000, Tenor=10
DEBUG - 2025-10-12 13:40:39 --> Total semua pinjaman aktif: 2
DEBUG - 2025-10-12 13:40:39 --> === MENGAMBIL PINJAMAN LUNAS DARI 3 TABEL ===
DEBUG - 2025-10-12 13:40:39 --> Data Qard lunas: 0
DEBUG - 2025-10-12 13:40:39 --> Data Murabahah lunas: 0
DEBUG - 2025-10-12 13:40:39 --> Data Mudharabah lunas: 0
DEBUG - 2025-10-12 13:40:39 --> Total semua pinjaman lunas: 0
DEBUG - 2025-10-12 13:41:39 --> Session: Class initialized using 'CodeIgniter\Session\Handlers\FileHandler' driver.
DEBUG - 2025-10-12 13:41:45 --> Session: Class initialized using 'CodeIgniter\Session\Handlers\FileHandler' driver.
DEBUG - 2025-10-12 13:41:45 --> === MENGAMBIL PINJAMAN AKTIF DARI 3 TABEL ===
DEBUG - 2025-10-12 13:41:45 --> ID Anggota: 40
DEBUG - 2025-10-12 13:41:45 --> Qard Detail - ID: 14, Pinjam: 4000000.00, Terbayar: 800000.00, Tenor: 5
DEBUG - 2025-10-12 13:41:45 --> hitungAngsuranBerjalanFix: Terbayar=800000, Pinjam=4000000, Tenor=5
DEBUG - 2025-10-12 13:41:45 --> hitungAngsuranBerjalanFix: AngsuranPerBulan=800000, Hasil=1
DEBUG - 2025-10-12 13:41:45 --> Qard Data - Angsuran Berjalan: 1, Angsuran per Bulan: 800000, Bisa Bayar: Ya
DEBUG - 2025-10-12 13:41:45 --> hitungAngsuranBerjalanFix: Terbayar=0, Pinjam=1000000, Tenor=10
DEBUG - 2025-10-12 13:41:45 --> Total semua pinjaman aktif: 2
DEBUG - 2025-10-12 13:41:45 --> === MENGAMBIL PINJAMAN LUNAS DARI 3 TABEL ===
DEBUG - 2025-10-12 13:41:45 --> Data Qard lunas: 0
DEBUG - 2025-10-12 13:41:45 --> Data Murabahah lunas: 0
DEBUG - 2025-10-12 13:41:45 --> Data Mudharabah lunas: 0
DEBUG - 2025-10-12 13:41:45 --> Total semua pinjaman lunas: 0
DEBUG - 2025-10-12 13:41:50 --> Session: Class initialized using 'CodeIgniter\Session\Handlers\FileHandler' driver.
