DEBUG - 2025-09-13 14:18:49 --> Session: Class initialized using 'CodeIgniter\Session\Handlers\FileHandler' driver.
DEBUG - 2025-09-13 14:18:55 --> Session: Class initialized using 'CodeIgniter\Session\Handlers\FileHandler' driver.
DEBUG - 2025-09-13 14:18:58 --> Session: Class initialized using 'CodeIgniter\Session\Handlers\FileHandler' driver.
DEBUG - 2025-09-13 14:18:58 --> Session: Class initialized using 'CodeIgniter\Session\Handlers\FileHandler' driver.
WARNING - 2025-09-13 14:18:58 --> [DEPRECATED] Creation of dynamic property App\Controllers\AdminDashboard::$userModel is deprecated in APPPATH\Controllers\AdminDashboard.php on line 37.
 1 SYSTEMPATH\CodeIgniter.php(903): App\Controllers\AdminDashboard->__construct()
 2 SYSTEMPATH\CodeIgniter.php(498): CodeIgniter\CodeIgniter->createController()
 3 SYSTEMPATH\CodeIgniter.php(354): CodeIgniter\CodeIgniter->handleRequest(null, Object(Config\Cache), false)
 4 SYSTEMPATH\Boot.php(363): CodeIgniter\CodeIgniter->run()
 5 SYSTEMPATH\Boot.php(68): CodeIgniter\Boot::runCodeIgniter(Object(CodeIgniter\CodeIgniter))
 6 FCPATH\index.php(59): CodeIgniter\Boot::bootWeb(Object(Config\Paths))
 7 SYSTEMPATH\rewrite.php(44): require_once('C:\\Project\\koperasi 3\\public\\index.php')
WARNING - 2025-09-13 14:18:58 --> [DEPRECATED] Creation of dynamic property App\Controllers\AdminDashboard::$anggotaModel is deprecated in APPPATH\Controllers\AdminDashboard.php on line 38.
 1 SYSTEMPATH\CodeIgniter.php(903): App\Controllers\AdminDashboard->__construct()
 2 SYSTEMPATH\CodeIgniter.php(498): CodeIgniter\CodeIgniter->createController()
 3 SYSTEMPATH\CodeIgniter.php(354): CodeIgniter\CodeIgniter->handleRequest(null, Object(Config\Cache), false)
 4 SYSTEMPATH\Boot.php(363): CodeIgniter\CodeIgniter->run()
 5 SYSTEMPATH\Boot.php(68): CodeIgniter\Boot::runCodeIgniter(Object(CodeIgniter\CodeIgniter))
 6 FCPATH\index.php(59): CodeIgniter\Boot::bootWeb(Object(Config\Paths))
 7 SYSTEMPATH\rewrite.php(44): require_once('C:\\Project\\koperasi 3\\public\\index.php')
DEBUG - 2025-09-13 14:19:01 --> Session: Class initialized using 'CodeIgniter\Session\Handlers\FileHandler' driver.
WARNING - 2025-09-13 14:19:01 --> [DEPRECATED] Creation of dynamic property App\Controllers\AdminDashboard::$userModel is deprecated in APPPATH\Controllers\AdminDashboard.php on line 37.
 1 SYSTEMPATH\CodeIgniter.php(903): App\Controllers\AdminDashboard->__construct()
 2 SYSTEMPATH\CodeIgniter.php(498): CodeIgniter\CodeIgniter->createController()
 3 SYSTEMPATH\CodeIgniter.php(354): CodeIgniter\CodeIgniter->handleRequest(null, Object(Config\Cache), false)
 4 SYSTEMPATH\Boot.php(363): CodeIgniter\CodeIgniter->run()
 5 SYSTEMPATH\Boot.php(68): CodeIgniter\Boot::runCodeIgniter(Object(CodeIgniter\CodeIgniter))
 6 FCPATH\index.php(59): CodeIgniter\Boot::bootWeb(Object(Config\Paths))
 7 SYSTEMPATH\rewrite.php(44): require_once('C:\\Project\\koperasi 3\\public\\index.php')
WARNING - 2025-09-13 14:19:01 --> [DEPRECATED] Creation of dynamic property App\Controllers\AdminDashboard::$anggotaModel is deprecated in APPPATH\Controllers\AdminDashboard.php on line 38.
 1 SYSTEMPATH\CodeIgniter.php(903): App\Controllers\AdminDashboard->__construct()
 2 SYSTEMPATH\CodeIgniter.php(498): CodeIgniter\CodeIgniter->createController()
 3 SYSTEMPATH\CodeIgniter.php(354): CodeIgniter\CodeIgniter->handleRequest(null, Object(Config\Cache), false)
 4 SYSTEMPATH\Boot.php(363): CodeIgniter\CodeIgniter->run()
 5 SYSTEMPATH\Boot.php(68): CodeIgniter\Boot::runCodeIgniter(Object(CodeIgniter\CodeIgniter))
 6 FCPATH\index.php(59): CodeIgniter\Boot::bootWeb(Object(Config\Paths))
 7 SYSTEMPATH\rewrite.php(44): require_once('C:\\Project\\koperasi 3\\public\\index.php')
DEBUG - 2025-09-13 14:19:02 --> Session: Class initialized using 'CodeIgniter\Session\Handlers\FileHandler' driver.
WARNING - 2025-09-13 14:19:02 --> [DEPRECATED] Creation of dynamic property App\Controllers\AdminDashboard::$userModel is deprecated in APPPATH\Controllers\AdminDashboard.php on line 37.
 1 SYSTEMPATH\CodeIgniter.php(903): App\Controllers\AdminDashboard->__construct()
 2 SYSTEMPATH\CodeIgniter.php(498): CodeIgniter\CodeIgniter->createController()
 3 SYSTEMPATH\CodeIgniter.php(354): CodeIgniter\CodeIgniter->handleRequest(null, Object(Config\Cache), false)
 4 SYSTEMPATH\Boot.php(363): CodeIgniter\CodeIgniter->run()
 5 SYSTEMPATH\Boot.php(68): CodeIgniter\Boot::runCodeIgniter(Object(CodeIgniter\CodeIgniter))
 6 FCPATH\index.php(59): CodeIgniter\Boot::bootWeb(Object(Config\Paths))
 7 SYSTEMPATH\rewrite.php(44): require_once('C:\\Project\\koperasi 3\\public\\index.php')
WARNING - 2025-09-13 14:19:02 --> [DEPRECATED] Creation of dynamic property App\Controllers\AdminDashboard::$anggotaModel is deprecated in APPPATH\Controllers\AdminDashboard.php on line 38.
 1 SYSTEMPATH\CodeIgniter.php(903): App\Controllers\AdminDashboard->__construct()
 2 SYSTEMPATH\CodeIgniter.php(498): CodeIgniter\CodeIgniter->createController()
 3 SYSTEMPATH\CodeIgniter.php(354): CodeIgniter\CodeIgniter->handleRequest(null, Object(Config\Cache), false)
 4 SYSTEMPATH\Boot.php(363): CodeIgniter\CodeIgniter->run()
 5 SYSTEMPATH\Boot.php(68): CodeIgniter\Boot::runCodeIgniter(Object(CodeIgniter\CodeIgniter))
 6 FCPATH\index.php(59): CodeIgniter\Boot::bootWeb(Object(Config\Paths))
 7 SYSTEMPATH\rewrite.php(44): require_once('C:\\Project\\koperasi 3\\public\\index.php')
DEBUG - 2025-09-13 14:19:02 --> Session: Class initialized using 'CodeIgniter\Session\Handlers\FileHandler' driver.
WARNING - 2025-09-13 14:19:02 --> [DEPRECATED] Creation of dynamic property App\Controllers\AdminDashboard::$userModel is deprecated in APPPATH\Controllers\AdminDashboard.php on line 37.
 1 SYSTEMPATH\CodeIgniter.php(903): App\Controllers\AdminDashboard->__construct()
 2 SYSTEMPATH\CodeIgniter.php(498): CodeIgniter\CodeIgniter->createController()
 3 SYSTEMPATH\CodeIgniter.php(354): CodeIgniter\CodeIgniter->handleRequest(null, Object(Config\Cache), false)
 4 SYSTEMPATH\Boot.php(363): CodeIgniter\CodeIgniter->run()
 5 SYSTEMPATH\Boot.php(68): CodeIgniter\Boot::runCodeIgniter(Object(CodeIgniter\CodeIgniter))
 6 FCPATH\index.php(59): CodeIgniter\Boot::bootWeb(Object(Config\Paths))
 7 SYSTEMPATH\rewrite.php(44): require_once('C:\\Project\\koperasi 3\\public\\index.php')
WARNING - 2025-09-13 14:19:02 --> [DEPRECATED] Creation of dynamic property App\Controllers\AdminDashboard::$anggotaModel is deprecated in APPPATH\Controllers\AdminDashboard.php on line 38.
 1 SYSTEMPATH\CodeIgniter.php(903): App\Controllers\AdminDashboard->__construct()
 2 SYSTEMPATH\CodeIgniter.php(498): CodeIgniter\CodeIgniter->createController()
 3 SYSTEMPATH\CodeIgniter.php(354): CodeIgniter\CodeIgniter->handleRequest(null, Object(Config\Cache), false)
 4 SYSTEMPATH\Boot.php(363): CodeIgniter\CodeIgniter->run()
 5 SYSTEMPATH\Boot.php(68): CodeIgniter\Boot::runCodeIgniter(Object(CodeIgniter\CodeIgniter))
 6 FCPATH\index.php(59): CodeIgniter\Boot::bootWeb(Object(Config\Paths))
 7 SYSTEMPATH\rewrite.php(44): require_once('C:\\Project\\koperasi 3\\public\\index.php')
ERROR - 2025-09-13 14:19:02 --> mysqli_sql_exception: Table 'koperasi_samara.simpanan' doesn't exist in C:\Project\koperasi 3\system\Database\MySQLi\Connection.php:327
Stack trace:
#0 C:\Project\koperasi 3\system\Database\MySQLi\Connection.php(327): mysqli->query()
#1 C:\Project\koperasi 3\system\Database\BaseConnection.php(729): CodeIgniter\Database\MySQLi\Connection->execute()
#2 C:\Project\koperasi 3\system\Database\BaseConnection.php(646): CodeIgniter\Database\BaseConnection->simpleQuery()
#3 C:\Project\koperasi 3\system\Database\BaseBuilder.php(1649): CodeIgniter\Database\BaseConnection->query()
#4 C:\Project\koperasi 3\system\Model.php(286): CodeIgniter\Database\BaseBuilder->get()
#5 C:\Project\koperasi 3\system\BaseModel.php(677): CodeIgniter\Model->doFindAll()
#6 C:\Project\koperasi 3\app\Controllers\AdminDashboard.php(201): CodeIgniter\BaseModel->findAll()
#7 C:\Project\koperasi 3\system\CodeIgniter.php(933): App\Controllers\AdminDashboard->getSimpananList()
#8 C:\Project\koperasi 3\system\CodeIgniter.php(507): CodeIgniter\CodeIgniter->runController()
#9 C:\Project\koperasi 3\system\CodeIgniter.php(354): CodeIgniter\CodeIgniter->handleRequest()
#10 C:\Project\koperasi 3\system\Boot.php(363): CodeIgniter\CodeIgniter->run()
#11 C:\Project\koperasi 3\system\Boot.php(68): CodeIgniter\Boot::runCodeIgniter()
#12 C:\Project\koperasi 3\public\index.php(59): CodeIgniter\Boot::bootWeb()
#13 C:\Project\koperasi 3\system\rewrite.php(44): require_once('...')
#14 {main}
CRITICAL - 2025-09-13 14:19:02 --> CodeIgniter\Database\Exceptions\DatabaseException: Table 'koperasi_samara.simpanan' doesn't exist
[Method: GET, Route: admin/get-simpanan-list]
in SYSTEMPATH\Database\BaseConnection.php on line 684.
 1 SYSTEMPATH\Database\BaseBuilder.php(1649): CodeIgniter\Database\BaseConnection->query()
 2 SYSTEMPATH\Model.php(286): CodeIgniter\Database\BaseBuilder->get()
 3 SYSTEMPATH\BaseModel.php(677): CodeIgniter\Model->doFindAll()
 4 APPPATH\Controllers\AdminDashboard.php(201): CodeIgniter\BaseModel->findAll()
 5 SYSTEMPATH\CodeIgniter.php(933): App\Controllers\AdminDashboard->getSimpananList()
 6 SYSTEMPATH\CodeIgniter.php(507): CodeIgniter\CodeIgniter->runController()
 7 SYSTEMPATH\CodeIgniter.php(354): CodeIgniter\CodeIgniter->handleRequest()
 8 SYSTEMPATH\Boot.php(363): CodeIgniter\CodeIgniter->run()
 9 SYSTEMPATH\Boot.php(68): CodeIgniter\Boot::runCodeIgniter()
10 FCPATH\index.php(59): CodeIgniter\Boot::bootWeb()
11 SYSTEMPATH\rewrite.php(44): require_once('C:\\Project\\koperasi 3\\public\\index.php')
CRITICAL - 2025-09-13 14:19:02 --> [Caused by] CodeIgniter\Database\Exceptions\DatabaseException: Table 'koperasi_samara.simpanan' doesn't exist
in SYSTEMPATH\Database\MySQLi\Connection.php on line 332.
 1 SYSTEMPATH\Database\BaseConnection.php(729): CodeIgniter\Database\MySQLi\Connection->execute()
 2 SYSTEMPATH\Database\BaseConnection.php(646): CodeIgniter\Database\BaseConnection->simpleQuery()
 3 SYSTEMPATH\Database\BaseBuilder.php(1649): CodeIgniter\Database\BaseConnection->query()
 4 SYSTEMPATH\Model.php(286): CodeIgniter\Database\BaseBuilder->get()
 5 SYSTEMPATH\BaseModel.php(677): CodeIgniter\Model->doFindAll()
 6 APPPATH\Controllers\AdminDashboard.php(201): CodeIgniter\BaseModel->findAll()
 7 SYSTEMPATH\CodeIgniter.php(933): App\Controllers\AdminDashboard->getSimpananList()
 8 SYSTEMPATH\CodeIgniter.php(507): CodeIgniter\CodeIgniter->runController()
 9 SYSTEMPATH\CodeIgniter.php(354): CodeIgniter\CodeIgniter->handleRequest()
10 SYSTEMPATH\Boot.php(363): CodeIgniter\CodeIgniter->run()
11 SYSTEMPATH\Boot.php(68): CodeIgniter\Boot::runCodeIgniter()
12 FCPATH\index.php(59): CodeIgniter\Boot::bootWeb()
13 SYSTEMPATH\rewrite.php(44): require_once('C:\\Project\\koperasi 3\\public\\index.php')
CRITICAL - 2025-09-13 14:19:02 --> [Caused by] mysqli_sql_exception: Table 'koperasi_samara.simpanan' doesn't exist
in SYSTEMPATH\Database\MySQLi\Connection.php on line 327.
 1 SYSTEMPATH\Database\MySQLi\Connection.php(327): mysqli->query()
 2 SYSTEMPATH\Database\BaseConnection.php(729): CodeIgniter\Database\MySQLi\Connection->execute()
 3 SYSTEMPATH\Database\BaseConnection.php(646): CodeIgniter\Database\BaseConnection->simpleQuery()
 4 SYSTEMPATH\Database\BaseBuilder.php(1649): CodeIgniter\Database\BaseConnection->query()
 5 SYSTEMPATH\Model.php(286): CodeIgniter\Database\BaseBuilder->get()
 6 SYSTEMPATH\BaseModel.php(677): CodeIgniter\Model->doFindAll()
 7 APPPATH\Controllers\AdminDashboard.php(201): CodeIgniter\BaseModel->findAll()
 8 SYSTEMPATH\CodeIgniter.php(933): App\Controllers\AdminDashboard->getSimpananList()
 9 SYSTEMPATH\CodeIgniter.php(507): CodeIgniter\CodeIgniter->runController()
10 SYSTEMPATH\CodeIgniter.php(354): CodeIgniter\CodeIgniter->handleRequest()
11 SYSTEMPATH\Boot.php(363): CodeIgniter\CodeIgniter->run()
12 SYSTEMPATH\Boot.php(68): CodeIgniter\Boot::runCodeIgniter()
13 FCPATH\index.php(59): CodeIgniter\Boot::bootWeb()
14 SYSTEMPATH\rewrite.php(44): require_once('C:\\Project\\koperasi 3\\public\\index.php')
DEBUG - 2025-09-13 14:34:04 --> Session: Class initialized using 'CodeIgniter\Session\Handlers\FileHandler' driver.
CRITICAL - 2025-09-13 14:34:04 --> Error: Class "BaseController" not found
[Method: GET, Route: admin/dashboard_admin/savings]
in APPPATH\Controllers\AdminDashboard.php on line 13.
 1 SYSTEMPATH\Autoloader\Autoloader.php(315): include_once()
 2 SYSTEMPATH\Autoloader\Autoloader.php(295): CodeIgniter\Autoloader\Autoloader->includeFile()
 3 SYSTEMPATH\Autoloader\Autoloader.php(271): CodeIgniter\Autoloader\Autoloader->loadInNamespace()
 4 [internal function]: CodeIgniter\Autoloader\Autoloader->loadClass()
 5 SYSTEMPATH\CodeIgniter.php(885): class_exists()
 6 SYSTEMPATH\CodeIgniter.php(494): CodeIgniter\CodeIgniter->startController()
 7 SYSTEMPATH\CodeIgniter.php(354): CodeIgniter\CodeIgniter->handleRequest()
 8 SYSTEMPATH\Boot.php(363): CodeIgniter\CodeIgniter->run()
 9 SYSTEMPATH\Boot.php(68): CodeIgniter\Boot::runCodeIgniter()
10 FCPATH\index.php(59): CodeIgniter\Boot::bootWeb()
11 SYSTEMPATH\rewrite.php(44): require_once('C:\\Project\\koperasi 3\\public\\index.php')
DEBUG - 2025-09-13 14:39:38 --> Session: Class initialized using 'CodeIgniter\Session\Handlers\FileHandler' driver.
CRITICAL - 2025-09-13 14:39:38 --> Error: Class "BaseController" not found
[Method: GET, Route: admin/dashboard_admin/savings]
in APPPATH\Controllers\AdminDashboard.php on line 11.
 1 SYSTEMPATH\Autoloader\Autoloader.php(315): include_once()
 2 SYSTEMPATH\Autoloader\Autoloader.php(295): CodeIgniter\Autoloader\Autoloader->includeFile()
 3 SYSTEMPATH\Autoloader\Autoloader.php(271): CodeIgniter\Autoloader\Autoloader->loadInNamespace()
 4 [internal function]: CodeIgniter\Autoloader\Autoloader->loadClass()
 5 SYSTEMPATH\CodeIgniter.php(885): class_exists()
 6 SYSTEMPATH\CodeIgniter.php(494): CodeIgniter\CodeIgniter->startController()
 7 SYSTEMPATH\CodeIgniter.php(354): CodeIgniter\CodeIgniter->handleRequest()
 8 SYSTEMPATH\Boot.php(363): CodeIgniter\CodeIgniter->run()
 9 SYSTEMPATH\Boot.php(68): CodeIgniter\Boot::runCodeIgniter()
10 FCPATH\index.php(59): CodeIgniter\Boot::bootWeb()
11 SYSTEMPATH\rewrite.php(44): require_once('C:\\Project\\koperasi 3\\public\\index.php')
DEBUG - 2025-09-13 14:39:39 --> Session: Class initialized using 'CodeIgniter\Session\Handlers\FileHandler' driver.
CRITICAL - 2025-09-13 14:39:39 --> Error: Class "BaseController" not found
[Method: GET, Route: admin/dashboard_admin/savings]
in APPPATH\Controllers\AdminDashboard.php on line 11.
 1 SYSTEMPATH\Autoloader\Autoloader.php(315): include_once()
 2 SYSTEMPATH\Autoloader\Autoloader.php(295): CodeIgniter\Autoloader\Autoloader->includeFile()
 3 SYSTEMPATH\Autoloader\Autoloader.php(271): CodeIgniter\Autoloader\Autoloader->loadInNamespace()
 4 [internal function]: CodeIgniter\Autoloader\Autoloader->loadClass()
 5 SYSTEMPATH\CodeIgniter.php(885): class_exists()
 6 SYSTEMPATH\CodeIgniter.php(494): CodeIgniter\CodeIgniter->startController()
 7 SYSTEMPATH\CodeIgniter.php(354): CodeIgniter\CodeIgniter->handleRequest()
 8 SYSTEMPATH\Boot.php(363): CodeIgniter\CodeIgniter->run()
 9 SYSTEMPATH\Boot.php(68): CodeIgniter\Boot::runCodeIgniter()
10 FCPATH\index.php(59): CodeIgniter\Boot::bootWeb()
11 SYSTEMPATH\rewrite.php(44): require_once('C:\\Project\\koperasi 3\\public\\index.php')
DEBUG - 2025-09-13 14:40:31 --> Session: Class initialized using 'CodeIgniter\Session\Handlers\FileHandler' driver.
CRITICAL - 2025-09-13 14:40:31 --> Error: Class "BaseController" not found
[Method: GET, Route: admin/dashboard_admin/savings]
in APPPATH\Controllers\AdminDashboard.php on line 11.
 1 SYSTEMPATH\Autoloader\Autoloader.php(315): include_once()
 2 SYSTEMPATH\Autoloader\Autoloader.php(295): CodeIgniter\Autoloader\Autoloader->includeFile()
 3 SYSTEMPATH\Autoloader\Autoloader.php(271): CodeIgniter\Autoloader\Autoloader->loadInNamespace()
 4 [internal function]: CodeIgniter\Autoloader\Autoloader->loadClass()
 5 SYSTEMPATH\CodeIgniter.php(885): class_exists()
 6 SYSTEMPATH\CodeIgniter.php(494): CodeIgniter\CodeIgniter->startController()
 7 SYSTEMPATH\CodeIgniter.php(354): CodeIgniter\CodeIgniter->handleRequest()
 8 SYSTEMPATH\Boot.php(363): CodeIgniter\CodeIgniter->run()
 9 SYSTEMPATH\Boot.php(68): CodeIgniter\Boot::runCodeIgniter()
10 FCPATH\index.php(59): CodeIgniter\Boot::bootWeb()
11 SYSTEMPATH\rewrite.php(44): require_once('C:\\Project\\koperasi 3\\public\\index.php')
DEBUG - 2025-09-13 14:45:13 --> Session: Class initialized using 'CodeIgniter\Session\Handlers\FileHandler' driver.
CRITICAL - 2025-09-13 14:45:13 --> Error: Class "BaseController" not found
[Method: GET, Route: admin/dashboard_admin/savings]
in APPPATH\Controllers\AdminDashboard.php on line 11.
 1 SYSTEMPATH\Autoloader\Autoloader.php(315): include_once()
 2 SYSTEMPATH\Autoloader\Autoloader.php(295): CodeIgniter\Autoloader\Autoloader->includeFile()
 3 SYSTEMPATH\Autoloader\Autoloader.php(271): CodeIgniter\Autoloader\Autoloader->loadInNamespace()
 4 [internal function]: CodeIgniter\Autoloader\Autoloader->loadClass()
 5 SYSTEMPATH\CodeIgniter.php(885): class_exists()
 6 SYSTEMPATH\CodeIgniter.php(494): CodeIgniter\CodeIgniter->startController()
 7 SYSTEMPATH\CodeIgniter.php(354): CodeIgniter\CodeIgniter->handleRequest()
 8 SYSTEMPATH\Boot.php(363): CodeIgniter\CodeIgniter->run()
 9 SYSTEMPATH\Boot.php(68): CodeIgniter\Boot::runCodeIgniter()
10 FCPATH\index.php(59): CodeIgniter\Boot::bootWeb()
11 SYSTEMPATH\rewrite.php(44): require_once('C:\\Project\\koperasi 3\\public\\index.php')
DEBUG - 2025-09-13 14:45:14 --> Session: Class initialized using 'CodeIgniter\Session\Handlers\FileHandler' driver.
CRITICAL - 2025-09-13 14:45:14 --> Error: Class "BaseController" not found
[Method: GET, Route: admin/dashboard_admin/savings]
in APPPATH\Controllers\AdminDashboard.php on line 11.
 1 SYSTEMPATH\Autoloader\Autoloader.php(315): include_once()
 2 SYSTEMPATH\Autoloader\Autoloader.php(295): CodeIgniter\Autoloader\Autoloader->includeFile()
 3 SYSTEMPATH\Autoloader\Autoloader.php(271): CodeIgniter\Autoloader\Autoloader->loadInNamespace()
 4 [internal function]: CodeIgniter\Autoloader\Autoloader->loadClass()
 5 SYSTEMPATH\CodeIgniter.php(885): class_exists()
 6 SYSTEMPATH\CodeIgniter.php(494): CodeIgniter\CodeIgniter->startController()
 7 SYSTEMPATH\CodeIgniter.php(354): CodeIgniter\CodeIgniter->handleRequest()
 8 SYSTEMPATH\Boot.php(363): CodeIgniter\CodeIgniter->run()
 9 SYSTEMPATH\Boot.php(68): CodeIgniter\Boot::runCodeIgniter()
10 FCPATH\index.php(59): CodeIgniter\Boot::bootWeb()
11 SYSTEMPATH\rewrite.php(44): require_once('C:\\Project\\koperasi 3\\public\\index.php')
DEBUG - 2025-09-13 14:56:45 --> Session: Class initialized using 'CodeIgniter\Session\Handlers\FileHandler' driver.
CRITICAL - 2025-09-13 14:56:45 --> Error: Class "BaseController" not found
[Method: GET, Route: admin/dashboard_admin/savings]
in APPPATH\Controllers\AdminDashboard.php on line 11.
 1 SYSTEMPATH\Autoloader\Autoloader.php(315): include_once()
 2 SYSTEMPATH\Autoloader\Autoloader.php(295): CodeIgniter\Autoloader\Autoloader->includeFile()
 3 SYSTEMPATH\Autoloader\Autoloader.php(271): CodeIgniter\Autoloader\Autoloader->loadInNamespace()
 4 [internal function]: CodeIgniter\Autoloader\Autoloader->loadClass()
 5 SYSTEMPATH\CodeIgniter.php(885): class_exists()
 6 SYSTEMPATH\CodeIgniter.php(494): CodeIgniter\CodeIgniter->startController()
 7 SYSTEMPATH\CodeIgniter.php(354): CodeIgniter\CodeIgniter->handleRequest()
 8 SYSTEMPATH\Boot.php(363): CodeIgniter\CodeIgniter->run()
 9 SYSTEMPATH\Boot.php(68): CodeIgniter\Boot::runCodeIgniter()
10 FCPATH\index.php(59): CodeIgniter\Boot::bootWeb()
11 SYSTEMPATH\rewrite.php(44): require_once('C:\\Project\\koperasi 3\\public\\index.php')
DEBUG - 2025-09-13 15:03:00 --> Session: Class initialized using 'CodeIgniter\Session\Handlers\FileHandler' driver.
CRITICAL - 2025-09-13 15:03:00 --> Error: Class "BaseController" not found
[Method: GET, Route: admin/dashboard_admin/savings]
in APPPATH\Controllers\AdminDashboard.php on line 11.
 1 SYSTEMPATH\Autoloader\Autoloader.php(315): include_once()
 2 SYSTEMPATH\Autoloader\Autoloader.php(295): CodeIgniter\Autoloader\Autoloader->includeFile()
 3 SYSTEMPATH\Autoloader\Autoloader.php(271): CodeIgniter\Autoloader\Autoloader->loadInNamespace()
 4 [internal function]: CodeIgniter\Autoloader\Autoloader->loadClass()
 5 SYSTEMPATH\CodeIgniter.php(885): class_exists()
 6 SYSTEMPATH\CodeIgniter.php(494): CodeIgniter\CodeIgniter->startController()
 7 SYSTEMPATH\CodeIgniter.php(354): CodeIgniter\CodeIgniter->handleRequest()
 8 SYSTEMPATH\Boot.php(363): CodeIgniter\CodeIgniter->run()
 9 SYSTEMPATH\Boot.php(68): CodeIgniter\Boot::runCodeIgniter()
10 FCPATH\index.php(59): CodeIgniter\Boot::bootWeb()
11 SYSTEMPATH\rewrite.php(44): require_once('C:\\Project\\koperasi 3\\public\\index.php')
DEBUG - 2025-09-13 15:03:01 --> Session: Class initialized using 'CodeIgniter\Session\Handlers\FileHandler' driver.
CRITICAL - 2025-09-13 15:03:01 --> Error: Class "BaseController" not found
[Method: GET, Route: admin/dashboard_admin/savings]
in APPPATH\Controllers\AdminDashboard.php on line 11.
 1 SYSTEMPATH\Autoloader\Autoloader.php(315): include_once()
 2 SYSTEMPATH\Autoloader\Autoloader.php(295): CodeIgniter\Autoloader\Autoloader->includeFile()
 3 SYSTEMPATH\Autoloader\Autoloader.php(271): CodeIgniter\Autoloader\Autoloader->loadInNamespace()
 4 [internal function]: CodeIgniter\Autoloader\Autoloader->loadClass()
 5 SYSTEMPATH\CodeIgniter.php(885): class_exists()
 6 SYSTEMPATH\CodeIgniter.php(494): CodeIgniter\CodeIgniter->startController()
 7 SYSTEMPATH\CodeIgniter.php(354): CodeIgniter\CodeIgniter->handleRequest()
 8 SYSTEMPATH\Boot.php(363): CodeIgniter\CodeIgniter->run()
 9 SYSTEMPATH\Boot.php(68): CodeIgniter\Boot::runCodeIgniter()
10 FCPATH\index.php(59): CodeIgniter\Boot::bootWeb()
11 SYSTEMPATH\rewrite.php(44): require_once('C:\\Project\\koperasi 3\\public\\index.php')
DEBUG - 2025-09-13 15:03:01 --> Session: Class initialized using 'CodeIgniter\Session\Handlers\FileHandler' driver.
CRITICAL - 2025-09-13 15:03:01 --> Error: Class "BaseController" not found
[Method: GET, Route: admin/dashboard_admin/savings]
in APPPATH\Controllers\AdminDashboard.php on line 11.
 1 SYSTEMPATH\Autoloader\Autoloader.php(315): include_once()
 2 SYSTEMPATH\Autoloader\Autoloader.php(295): CodeIgniter\Autoloader\Autoloader->includeFile()
 3 SYSTEMPATH\Autoloader\Autoloader.php(271): CodeIgniter\Autoloader\Autoloader->loadInNamespace()
 4 [internal function]: CodeIgniter\Autoloader\Autoloader->loadClass()
 5 SYSTEMPATH\CodeIgniter.php(885): class_exists()
 6 SYSTEMPATH\CodeIgniter.php(494): CodeIgniter\CodeIgniter->startController()
 7 SYSTEMPATH\CodeIgniter.php(354): CodeIgniter\CodeIgniter->handleRequest()
 8 SYSTEMPATH\Boot.php(363): CodeIgniter\CodeIgniter->run()
 9 SYSTEMPATH\Boot.php(68): CodeIgniter\Boot::runCodeIgniter()
10 FCPATH\index.php(59): CodeIgniter\Boot::bootWeb()
11 SYSTEMPATH\rewrite.php(44): require_once('C:\\Project\\koperasi 3\\public\\index.php')
DEBUG - 2025-09-13 15:05:51 --> Session: Class initialized using 'CodeIgniter\Session\Handlers\FileHandler' driver.
CRITICAL - 2025-09-13 15:05:51 --> Error: Class "BaseController" not found
[Method: GET, Route: admin/dashboard_admin/savings]
in APPPATH\Controllers\AdminDashboard.php on line 11.
 1 SYSTEMPATH\Autoloader\Autoloader.php(315): include_once()
 2 SYSTEMPATH\Autoloader\Autoloader.php(295): CodeIgniter\Autoloader\Autoloader->includeFile()
 3 SYSTEMPATH\Autoloader\Autoloader.php(271): CodeIgniter\Autoloader\Autoloader->loadInNamespace()
 4 [internal function]: CodeIgniter\Autoloader\Autoloader->loadClass()
 5 SYSTEMPATH\CodeIgniter.php(885): class_exists()
 6 SYSTEMPATH\CodeIgniter.php(494): CodeIgniter\CodeIgniter->startController()
 7 SYSTEMPATH\CodeIgniter.php(354): CodeIgniter\CodeIgniter->handleRequest()
 8 SYSTEMPATH\Boot.php(363): CodeIgniter\CodeIgniter->run()
 9 SYSTEMPATH\Boot.php(68): CodeIgniter\Boot::runCodeIgniter()
10 FCPATH\index.php(59): CodeIgniter\Boot::bootWeb()
11 SYSTEMPATH\rewrite.php(44): require_once('C:\\Project\\koperasi 3\\public\\index.php')
DEBUG - 2025-09-13 15:05:52 --> Session: Class initialized using 'CodeIgniter\Session\Handlers\FileHandler' driver.
CRITICAL - 2025-09-13 15:05:52 --> Error: Class "BaseController" not found
[Method: GET, Route: admin/dashboard_admin/savings]
in APPPATH\Controllers\AdminDashboard.php on line 11.
 1 SYSTEMPATH\Autoloader\Autoloader.php(315): include_once()
 2 SYSTEMPATH\Autoloader\Autoloader.php(295): CodeIgniter\Autoloader\Autoloader->includeFile()
 3 SYSTEMPATH\Autoloader\Autoloader.php(271): CodeIgniter\Autoloader\Autoloader->loadInNamespace()
 4 [internal function]: CodeIgniter\Autoloader\Autoloader->loadClass()
 5 SYSTEMPATH\CodeIgniter.php(885): class_exists()
 6 SYSTEMPATH\CodeIgniter.php(494): CodeIgniter\CodeIgniter->startController()
 7 SYSTEMPATH\CodeIgniter.php(354): CodeIgniter\CodeIgniter->handleRequest()
 8 SYSTEMPATH\Boot.php(363): CodeIgniter\CodeIgniter->run()
 9 SYSTEMPATH\Boot.php(68): CodeIgniter\Boot::runCodeIgniter()
10 FCPATH\index.php(59): CodeIgniter\Boot::bootWeb()
11 SYSTEMPATH\rewrite.php(44): require_once('C:\\Project\\koperasi 3\\public\\index.php')
DEBUG - 2025-09-13 15:07:37 --> Session: Class initialized using 'CodeIgniter\Session\Handlers\FileHandler' driver.
CRITICAL - 2025-09-13 15:07:37 --> Error: Class "BaseController" not found
[Method: GET, Route: admin/dashboard_admin/savings]
in APPPATH\Controllers\AdminDashboard.php on line 11.
 1 SYSTEMPATH\Autoloader\Autoloader.php(315): include_once()
 2 SYSTEMPATH\Autoloader\Autoloader.php(295): CodeIgniter\Autoloader\Autoloader->includeFile()
 3 SYSTEMPATH\Autoloader\Autoloader.php(271): CodeIgniter\Autoloader\Autoloader->loadInNamespace()
 4 [internal function]: CodeIgniter\Autoloader\Autoloader->loadClass()
 5 SYSTEMPATH\CodeIgniter.php(885): class_exists()
 6 SYSTEMPATH\CodeIgniter.php(494): CodeIgniter\CodeIgniter->startController()
 7 SYSTEMPATH\CodeIgniter.php(354): CodeIgniter\CodeIgniter->handleRequest()
 8 SYSTEMPATH\Boot.php(363): CodeIgniter\CodeIgniter->run()
 9 SYSTEMPATH\Boot.php(68): CodeIgniter\Boot::runCodeIgniter()
10 FCPATH\index.php(59): CodeIgniter\Boot::bootWeb()
11 SYSTEMPATH\rewrite.php(44): require_once('C:\\Project\\koperasi 3\\public\\index.php')
DEBUG - 2025-09-13 15:19:04 --> Session: Class initialized using 'CodeIgniter\Session\Handlers\FileHandler' driver.
CRITICAL - 2025-09-13 15:19:04 --> ParseError: syntax error, unexpected token "public", expecting end of file
[Method: GET, Route: admin/dashboard_admin/savings]
in APPPATH\Controllers\AdminDashboard.php on line 307.
 1 SYSTEMPATH\Autoloader\Autoloader.php(295): CodeIgniter\Autoloader\Autoloader->includeFile()
 2 SYSTEMPATH\Autoloader\Autoloader.php(271): CodeIgniter\Autoloader\Autoloader->loadInNamespace()
 3 [internal function]: CodeIgniter\Autoloader\Autoloader->loadClass()
 4 SYSTEMPATH\CodeIgniter.php(885): class_exists()
 5 SYSTEMPATH\CodeIgniter.php(494): CodeIgniter\CodeIgniter->startController()
 6 SYSTEMPATH\CodeIgniter.php(354): CodeIgniter\CodeIgniter->handleRequest()
 7 SYSTEMPATH\Boot.php(363): CodeIgniter\CodeIgniter->run()
 8 SYSTEMPATH\Boot.php(68): CodeIgniter\Boot::runCodeIgniter()
 9 FCPATH\index.php(59): CodeIgniter\Boot::bootWeb()
10 SYSTEMPATH\rewrite.php(44): require_once('C:\\Project\\koperasi 3\\public\\index.php')
DEBUG - 2025-09-13 15:19:06 --> Session: Class initialized using 'CodeIgniter\Session\Handlers\FileHandler' driver.
CRITICAL - 2025-09-13 15:19:06 --> ParseError: syntax error, unexpected token "public", expecting end of file
[Method: GET, Route: admin/dashboard_admin/savings]
in APPPATH\Controllers\AdminDashboard.php on line 307.
 1 SYSTEMPATH\Autoloader\Autoloader.php(295): CodeIgniter\Autoloader\Autoloader->includeFile()
 2 SYSTEMPATH\Autoloader\Autoloader.php(271): CodeIgniter\Autoloader\Autoloader->loadInNamespace()
 3 [internal function]: CodeIgniter\Autoloader\Autoloader->loadClass()
 4 SYSTEMPATH\CodeIgniter.php(885): class_exists()
 5 SYSTEMPATH\CodeIgniter.php(494): CodeIgniter\CodeIgniter->startController()
 6 SYSTEMPATH\CodeIgniter.php(354): CodeIgniter\CodeIgniter->handleRequest()
 7 SYSTEMPATH\Boot.php(363): CodeIgniter\CodeIgniter->run()
 8 SYSTEMPATH\Boot.php(68): CodeIgniter\Boot::runCodeIgniter()
 9 FCPATH\index.php(59): CodeIgniter\Boot::bootWeb()
10 SYSTEMPATH\rewrite.php(44): require_once('C:\\Project\\koperasi 3\\public\\index.php')
DEBUG - 2025-09-13 15:28:22 --> Session: Class initialized using 'CodeIgniter\Session\Handlers\FileHandler' driver.
CRITICAL - 2025-09-13 15:28:22 --> ParseError: syntax error, unexpected token "public", expecting end of file
[Method: GET, Route: admin/dashboard_admin/savings]
in APPPATH\Controllers\AdminDashboard.php on line 307.
 1 SYSTEMPATH\Autoloader\Autoloader.php(295): CodeIgniter\Autoloader\Autoloader->includeFile()
 2 SYSTEMPATH\Autoloader\Autoloader.php(271): CodeIgniter\Autoloader\Autoloader->loadInNamespace()
 3 [internal function]: CodeIgniter\Autoloader\Autoloader->loadClass()
 4 SYSTEMPATH\CodeIgniter.php(885): class_exists()
 5 SYSTEMPATH\CodeIgniter.php(494): CodeIgniter\CodeIgniter->startController()
 6 SYSTEMPATH\CodeIgniter.php(354): CodeIgniter\CodeIgniter->handleRequest()
 7 SYSTEMPATH\Boot.php(363): CodeIgniter\CodeIgniter->run()
 8 SYSTEMPATH\Boot.php(68): CodeIgniter\Boot::runCodeIgniter()
 9 FCPATH\index.php(59): CodeIgniter\Boot::bootWeb()
10 SYSTEMPATH\rewrite.php(44): require_once('C:\\Project\\koperasi 3\\public\\index.php')
DEBUG - 2025-09-13 15:28:23 --> Session: Class initialized using 'CodeIgniter\Session\Handlers\FileHandler' driver.
CRITICAL - 2025-09-13 15:28:23 --> ParseError: syntax error, unexpected token "public", expecting end of file
[Method: GET, Route: admin/dashboard_admin/savings]
in APPPATH\Controllers\AdminDashboard.php on line 307.
 1 SYSTEMPATH\Autoloader\Autoloader.php(295): CodeIgniter\Autoloader\Autoloader->includeFile()
 2 SYSTEMPATH\Autoloader\Autoloader.php(271): CodeIgniter\Autoloader\Autoloader->loadInNamespace()
 3 [internal function]: CodeIgniter\Autoloader\Autoloader->loadClass()
 4 SYSTEMPATH\CodeIgniter.php(885): class_exists()
 5 SYSTEMPATH\CodeIgniter.php(494): CodeIgniter\CodeIgniter->startController()
 6 SYSTEMPATH\CodeIgniter.php(354): CodeIgniter\CodeIgniter->handleRequest()
 7 SYSTEMPATH\Boot.php(363): CodeIgniter\CodeIgniter->run()
 8 SYSTEMPATH\Boot.php(68): CodeIgniter\Boot::runCodeIgniter()
 9 FCPATH\index.php(59): CodeIgniter\Boot::bootWeb()
10 SYSTEMPATH\rewrite.php(44): require_once('C:\\Project\\koperasi 3\\public\\index.php')
DEBUG - 2025-09-13 15:33:33 --> Session: Class initialized using 'CodeIgniter\Session\Handlers\FileHandler' driver.
CRITICAL - 2025-09-13 15:33:33 --> Error: Class "BaseController" not found
[Method: GET, Route: admin/dashboard_admin/savings]
in APPPATH\Controllers\AdminDashboard.php on line 12.
 1 SYSTEMPATH\Autoloader\Autoloader.php(315): include_once()
 2 SYSTEMPATH\Autoloader\Autoloader.php(295): CodeIgniter\Autoloader\Autoloader->includeFile()
 3 SYSTEMPATH\Autoloader\Autoloader.php(271): CodeIgniter\Autoloader\Autoloader->loadInNamespace()
 4 [internal function]: CodeIgniter\Autoloader\Autoloader->loadClass()
 5 SYSTEMPATH\CodeIgniter.php(885): class_exists()
 6 SYSTEMPATH\CodeIgniter.php(494): CodeIgniter\CodeIgniter->startController()
 7 SYSTEMPATH\CodeIgniter.php(354): CodeIgniter\CodeIgniter->handleRequest()
 8 SYSTEMPATH\Boot.php(363): CodeIgniter\CodeIgniter->run()
 9 SYSTEMPATH\Boot.php(68): CodeIgniter\Boot::runCodeIgniter()
10 FCPATH\index.php(59): CodeIgniter\Boot::bootWeb()
11 SYSTEMPATH\rewrite.php(44): require_once('C:\\Project\\koperasi 3\\public\\index.php')
DEBUG - 2025-09-13 15:36:04 --> Session: Class initialized using 'CodeIgniter\Session\Handlers\FileHandler' driver.
DEBUG - 2025-09-13 15:46:33 --> Session: Class initialized using 'CodeIgniter\Session\Handlers\FileHandler' driver.
DEBUG - 2025-09-13 15:46:35 --> Session: Class initialized using 'CodeIgniter\Session\Handlers\FileHandler' driver.
DEBUG - 2025-09-13 15:46:36 --> Session: Class initialized using 'CodeIgniter\Session\Handlers\FileHandler' driver.
DEBUG - 2025-09-13 16:02:58 --> Session: Class initialized using 'CodeIgniter\Session\Handlers\FileHandler' driver.
DEBUG - 2025-09-13 16:03:03 --> Session: Class initialized using 'CodeIgniter\Session\Handlers\FileHandler' driver.
DEBUG - 2025-09-13 16:03:05 --> Session: Class initialized using 'CodeIgniter\Session\Handlers\FileHandler' driver.
DEBUG - 2025-09-13 16:03:05 --> Session: Class initialized using 'CodeIgniter\Session\Handlers\FileHandler' driver.
DEBUG - 2025-09-13 16:04:30 --> Session: Class initialized using 'CodeIgniter\Session\Handlers\FileHandler' driver.
WARNING - 2025-09-13 16:04:30 --> [DEPRECATED] Creation of dynamic property App\Controllers\AdminDashboard::$userModel is deprecated in APPPATH\Controllers\AdminDashboard.php on line 37.
 1 SYSTEMPATH\CodeIgniter.php(903): App\Controllers\AdminDashboard->__construct()
 2 SYSTEMPATH\CodeIgniter.php(498): CodeIgniter\CodeIgniter->createController()
 3 SYSTEMPATH\CodeIgniter.php(354): CodeIgniter\CodeIgniter->handleRequest(null, Object(Config\Cache), false)
 4 SYSTEMPATH\Boot.php(363): CodeIgniter\CodeIgniter->run()
 5 SYSTEMPATH\Boot.php(68): CodeIgniter\Boot::runCodeIgniter(Object(CodeIgniter\CodeIgniter))
 6 FCPATH\index.php(59): CodeIgniter\Boot::bootWeb(Object(Config\Paths))
 7 SYSTEMPATH\rewrite.php(44): require_once('C:\\Project\\koperasi 3\\public\\index.php')
WARNING - 2025-09-13 16:04:30 --> [DEPRECATED] Creation of dynamic property App\Controllers\AdminDashboard::$anggotaModel is deprecated in APPPATH\Controllers\AdminDashboard.php on line 38.
 1 SYSTEMPATH\CodeIgniter.php(903): App\Controllers\AdminDashboard->__construct()
 2 SYSTEMPATH\CodeIgniter.php(498): CodeIgniter\CodeIgniter->createController()
 3 SYSTEMPATH\CodeIgniter.php(354): CodeIgniter\CodeIgniter->handleRequest(null, Object(Config\Cache), false)
 4 SYSTEMPATH\Boot.php(363): CodeIgniter\CodeIgniter->run()
 5 SYSTEMPATH\Boot.php(68): CodeIgniter\Boot::runCodeIgniter(Object(CodeIgniter\CodeIgniter))
 6 FCPATH\index.php(59): CodeIgniter\Boot::bootWeb(Object(Config\Paths))
 7 SYSTEMPATH\rewrite.php(44): require_once('C:\\Project\\koperasi 3\\public\\index.php')
DEBUG - 2025-09-13 16:04:33 --> Session: Class initialized using 'CodeIgniter\Session\Handlers\FileHandler' driver.
WARNING - 2025-09-13 16:04:33 --> [DEPRECATED] Creation of dynamic property App\Controllers\AdminDashboard::$userModel is deprecated in APPPATH\Controllers\AdminDashboard.php on line 37.
 1 SYSTEMPATH\CodeIgniter.php(903): App\Controllers\AdminDashboard->__construct()
 2 SYSTEMPATH\CodeIgniter.php(498): CodeIgniter\CodeIgniter->createController()
 3 SYSTEMPATH\CodeIgniter.php(354): CodeIgniter\CodeIgniter->handleRequest(null, Object(Config\Cache), false)
 4 SYSTEMPATH\Boot.php(363): CodeIgniter\CodeIgniter->run()
 5 SYSTEMPATH\Boot.php(68): CodeIgniter\Boot::runCodeIgniter(Object(CodeIgniter\CodeIgniter))
 6 FCPATH\index.php(59): CodeIgniter\Boot::bootWeb(Object(Config\Paths))
 7 SYSTEMPATH\rewrite.php(44): require_once('C:\\Project\\koperasi 3\\public\\index.php')
WARNING - 2025-09-13 16:04:33 --> [DEPRECATED] Creation of dynamic property App\Controllers\AdminDashboard::$anggotaModel is deprecated in APPPATH\Controllers\AdminDashboard.php on line 38.
 1 SYSTEMPATH\CodeIgniter.php(903): App\Controllers\AdminDashboard->__construct()
 2 SYSTEMPATH\CodeIgniter.php(498): CodeIgniter\CodeIgniter->createController()
 3 SYSTEMPATH\CodeIgniter.php(354): CodeIgniter\CodeIgniter->handleRequest(null, Object(Config\Cache), false)
 4 SYSTEMPATH\Boot.php(363): CodeIgniter\CodeIgniter->run()
 5 SYSTEMPATH\Boot.php(68): CodeIgniter\Boot::runCodeIgniter(Object(CodeIgniter\CodeIgniter))
 6 FCPATH\index.php(59): CodeIgniter\Boot::bootWeb(Object(Config\Paths))
 7 SYSTEMPATH\rewrite.php(44): require_once('C:\\Project\\koperasi 3\\public\\index.php')
DEBUG - 2025-09-13 16:04:35 --> Session: Class initialized using 'CodeIgniter\Session\Handlers\FileHandler' driver.
WARNING - 2025-09-13 16:04:35 --> [DEPRECATED] Creation of dynamic property App\Controllers\AdminDashboard::$userModel is deprecated in APPPATH\Controllers\AdminDashboard.php on line 37.
 1 SYSTEMPATH\CodeIgniter.php(903): App\Controllers\AdminDashboard->__construct()
 2 SYSTEMPATH\CodeIgniter.php(498): CodeIgniter\CodeIgniter->createController()
 3 SYSTEMPATH\CodeIgniter.php(354): CodeIgniter\CodeIgniter->handleRequest(null, Object(Config\Cache), false)
 4 SYSTEMPATH\Boot.php(363): CodeIgniter\CodeIgniter->run()
 5 SYSTEMPATH\Boot.php(68): CodeIgniter\Boot::runCodeIgniter(Object(CodeIgniter\CodeIgniter))
 6 FCPATH\index.php(59): CodeIgniter\Boot::bootWeb(Object(Config\Paths))
 7 SYSTEMPATH\rewrite.php(44): require_once('C:\\Project\\koperasi 3\\public\\index.php')
WARNING - 2025-09-13 16:04:35 --> [DEPRECATED] Creation of dynamic property App\Controllers\AdminDashboard::$anggotaModel is deprecated in APPPATH\Controllers\AdminDashboard.php on line 38.
 1 SYSTEMPATH\CodeIgniter.php(903): App\Controllers\AdminDashboard->__construct()
 2 SYSTEMPATH\CodeIgniter.php(498): CodeIgniter\CodeIgniter->createController()
 3 SYSTEMPATH\CodeIgniter.php(354): CodeIgniter\CodeIgniter->handleRequest(null, Object(Config\Cache), false)
 4 SYSTEMPATH\Boot.php(363): CodeIgniter\CodeIgniter->run()
 5 SYSTEMPATH\Boot.php(68): CodeIgniter\Boot::runCodeIgniter(Object(CodeIgniter\CodeIgniter))
 6 FCPATH\index.php(59): CodeIgniter\Boot::bootWeb(Object(Config\Paths))
 7 SYSTEMPATH\rewrite.php(44): require_once('C:\\Project\\koperasi 3\\public\\index.php')
DEBUG - 2025-09-13 16:04:36 --> Session: Class initialized using 'CodeIgniter\Session\Handlers\FileHandler' driver.
WARNING - 2025-09-13 16:04:36 --> [DEPRECATED] Creation of dynamic property App\Controllers\AdminDashboard::$userModel is deprecated in APPPATH\Controllers\AdminDashboard.php on line 37.
 1 SYSTEMPATH\CodeIgniter.php(903): App\Controllers\AdminDashboard->__construct()
 2 SYSTEMPATH\CodeIgniter.php(498): CodeIgniter\CodeIgniter->createController()
 3 SYSTEMPATH\CodeIgniter.php(354): CodeIgniter\CodeIgniter->handleRequest(null, Object(Config\Cache), false)
 4 SYSTEMPATH\Boot.php(363): CodeIgniter\CodeIgniter->run()
 5 SYSTEMPATH\Boot.php(68): CodeIgniter\Boot::runCodeIgniter(Object(CodeIgniter\CodeIgniter))
 6 FCPATH\index.php(59): CodeIgniter\Boot::bootWeb(Object(Config\Paths))
 7 SYSTEMPATH\rewrite.php(44): require_once('C:\\Project\\koperasi 3\\public\\index.php')
WARNING - 2025-09-13 16:04:36 --> [DEPRECATED] Creation of dynamic property App\Controllers\AdminDashboard::$anggotaModel is deprecated in APPPATH\Controllers\AdminDashboard.php on line 38.
 1 SYSTEMPATH\CodeIgniter.php(903): App\Controllers\AdminDashboard->__construct()
 2 SYSTEMPATH\CodeIgniter.php(498): CodeIgniter\CodeIgniter->createController()
 3 SYSTEMPATH\CodeIgniter.php(354): CodeIgniter\CodeIgniter->handleRequest(null, Object(Config\Cache), false)
 4 SYSTEMPATH\Boot.php(363): CodeIgniter\CodeIgniter->run()
 5 SYSTEMPATH\Boot.php(68): CodeIgniter\Boot::runCodeIgniter(Object(CodeIgniter\CodeIgniter))
 6 FCPATH\index.php(59): CodeIgniter\Boot::bootWeb(Object(Config\Paths))
 7 SYSTEMPATH\rewrite.php(44): require_once('C:\\Project\\koperasi 3\\public\\index.php')
ERROR - 2025-09-13 16:04:36 --> mysqli_sql_exception: Table 'koperasi_samara.simpanan' doesn't exist in C:\Project\koperasi 3\system\Database\MySQLi\Connection.php:327
Stack trace:
#0 C:\Project\koperasi 3\system\Database\MySQLi\Connection.php(327): mysqli->query()
#1 C:\Project\koperasi 3\system\Database\BaseConnection.php(729): CodeIgniter\Database\MySQLi\Connection->execute()
#2 C:\Project\koperasi 3\system\Database\BaseConnection.php(646): CodeIgniter\Database\BaseConnection->simpleQuery()
#3 C:\Project\koperasi 3\system\Database\BaseBuilder.php(1649): CodeIgniter\Database\BaseConnection->query()
#4 C:\Project\koperasi 3\system\Model.php(286): CodeIgniter\Database\BaseBuilder->get()
#5 C:\Project\koperasi 3\system\BaseModel.php(677): CodeIgniter\Model->doFindAll()
#6 C:\Project\koperasi 3\app\Controllers\AdminDashboard.php(201): CodeIgniter\BaseModel->findAll()
#7 C:\Project\koperasi 3\system\CodeIgniter.php(933): App\Controllers\AdminDashboard->getSimpananList()
#8 C:\Project\koperasi 3\system\CodeIgniter.php(507): CodeIgniter\CodeIgniter->runController()
#9 C:\Project\koperasi 3\system\CodeIgniter.php(354): CodeIgniter\CodeIgniter->handleRequest()
#10 C:\Project\koperasi 3\system\Boot.php(363): CodeIgniter\CodeIgniter->run()
#11 C:\Project\koperasi 3\system\Boot.php(68): CodeIgniter\Boot::runCodeIgniter()
#12 C:\Project\koperasi 3\public\index.php(59): CodeIgniter\Boot::bootWeb()
#13 C:\Project\koperasi 3\system\rewrite.php(44): require_once('...')
#14 {main}
CRITICAL - 2025-09-13 16:04:36 --> CodeIgniter\Database\Exceptions\DatabaseException: Table 'koperasi_samara.simpanan' doesn't exist
[Method: GET, Route: admin/get-simpanan-list]
in SYSTEMPATH\Database\BaseConnection.php on line 684.
 1 SYSTEMPATH\Database\BaseBuilder.php(1649): CodeIgniter\Database\BaseConnection->query()
 2 SYSTEMPATH\Model.php(286): CodeIgniter\Database\BaseBuilder->get()
 3 SYSTEMPATH\BaseModel.php(677): CodeIgniter\Model->doFindAll()
 4 APPPATH\Controllers\AdminDashboard.php(201): CodeIgniter\BaseModel->findAll()
 5 SYSTEMPATH\CodeIgniter.php(933): App\Controllers\AdminDashboard->getSimpananList()
 6 SYSTEMPATH\CodeIgniter.php(507): CodeIgniter\CodeIgniter->runController()
 7 SYSTEMPATH\CodeIgniter.php(354): CodeIgniter\CodeIgniter->handleRequest()
 8 SYSTEMPATH\Boot.php(363): CodeIgniter\CodeIgniter->run()
 9 SYSTEMPATH\Boot.php(68): CodeIgniter\Boot::runCodeIgniter()
10 FCPATH\index.php(59): CodeIgniter\Boot::bootWeb()
11 SYSTEMPATH\rewrite.php(44): require_once('C:\\Project\\koperasi 3\\public\\index.php')
CRITICAL - 2025-09-13 16:04:36 --> [Caused by] CodeIgniter\Database\Exceptions\DatabaseException: Table 'koperasi_samara.simpanan' doesn't exist
in SYSTEMPATH\Database\MySQLi\Connection.php on line 332.
 1 SYSTEMPATH\Database\BaseConnection.php(729): CodeIgniter\Database\MySQLi\Connection->execute()
 2 SYSTEMPATH\Database\BaseConnection.php(646): CodeIgniter\Database\BaseConnection->simpleQuery()
 3 SYSTEMPATH\Database\BaseBuilder.php(1649): CodeIgniter\Database\BaseConnection->query()
 4 SYSTEMPATH\Model.php(286): CodeIgniter\Database\BaseBuilder->get()
 5 SYSTEMPATH\BaseModel.php(677): CodeIgniter\Model->doFindAll()
 6 APPPATH\Controllers\AdminDashboard.php(201): CodeIgniter\BaseModel->findAll()
 7 SYSTEMPATH\CodeIgniter.php(933): App\Controllers\AdminDashboard->getSimpananList()
 8 SYSTEMPATH\CodeIgniter.php(507): CodeIgniter\CodeIgniter->runController()
 9 SYSTEMPATH\CodeIgniter.php(354): CodeIgniter\CodeIgniter->handleRequest()
10 SYSTEMPATH\Boot.php(363): CodeIgniter\CodeIgniter->run()
11 SYSTEMPATH\Boot.php(68): CodeIgniter\Boot::runCodeIgniter()
12 FCPATH\index.php(59): CodeIgniter\Boot::bootWeb()
13 SYSTEMPATH\rewrite.php(44): require_once('C:\\Project\\koperasi 3\\public\\index.php')
CRITICAL - 2025-09-13 16:04:36 --> [Caused by] mysqli_sql_exception: Table 'koperasi_samara.simpanan' doesn't exist
in SYSTEMPATH\Database\MySQLi\Connection.php on line 327.
 1 SYSTEMPATH\Database\MySQLi\Connection.php(327): mysqli->query()
 2 SYSTEMPATH\Database\BaseConnection.php(729): CodeIgniter\Database\MySQLi\Connection->execute()
 3 SYSTEMPATH\Database\BaseConnection.php(646): CodeIgniter\Database\BaseConnection->simpleQuery()
 4 SYSTEMPATH\Database\BaseBuilder.php(1649): CodeIgniter\Database\BaseConnection->query()
 5 SYSTEMPATH\Model.php(286): CodeIgniter\Database\BaseBuilder->get()
 6 SYSTEMPATH\BaseModel.php(677): CodeIgniter\Model->doFindAll()
 7 APPPATH\Controllers\AdminDashboard.php(201): CodeIgniter\BaseModel->findAll()
 8 SYSTEMPATH\CodeIgniter.php(933): App\Controllers\AdminDashboard->getSimpananList()
 9 SYSTEMPATH\CodeIgniter.php(507): CodeIgniter\CodeIgniter->runController()
10 SYSTEMPATH\CodeIgniter.php(354): CodeIgniter\CodeIgniter->handleRequest()
11 SYSTEMPATH\Boot.php(363): CodeIgniter\CodeIgniter->run()
12 SYSTEMPATH\Boot.php(68): CodeIgniter\Boot::runCodeIgniter()
13 FCPATH\index.php(59): CodeIgniter\Boot::bootWeb()
14 SYSTEMPATH\rewrite.php(44): require_once('C:\\Project\\koperasi 3\\public\\index.php')
DEBUG - 2025-09-13 16:04:46 --> Session: Class initialized using 'CodeIgniter\Session\Handlers\FileHandler' driver.
WARNING - 2025-09-13 16:04:46 --> [DEPRECATED] Creation of dynamic property App\Controllers\AdminDashboard::$userModel is deprecated in APPPATH\Controllers\AdminDashboard.php on line 37.
 1 SYSTEMPATH\CodeIgniter.php(903): App\Controllers\AdminDashboard->__construct()
 2 SYSTEMPATH\CodeIgniter.php(498): CodeIgniter\CodeIgniter->createController()
 3 SYSTEMPATH\CodeIgniter.php(354): CodeIgniter\CodeIgniter->handleRequest(null, Object(Config\Cache), false)
 4 SYSTEMPATH\Boot.php(363): CodeIgniter\CodeIgniter->run()
 5 SYSTEMPATH\Boot.php(68): CodeIgniter\Boot::runCodeIgniter(Object(CodeIgniter\CodeIgniter))
 6 FCPATH\index.php(59): CodeIgniter\Boot::bootWeb(Object(Config\Paths))
 7 SYSTEMPATH\rewrite.php(44): require_once('C:\\Project\\koperasi 3\\public\\index.php')
WARNING - 2025-09-13 16:04:46 --> [DEPRECATED] Creation of dynamic property App\Controllers\AdminDashboard::$anggotaModel is deprecated in APPPATH\Controllers\AdminDashboard.php on line 38.
 1 SYSTEMPATH\CodeIgniter.php(903): App\Controllers\AdminDashboard->__construct()
 2 SYSTEMPATH\CodeIgniter.php(498): CodeIgniter\CodeIgniter->createController()
 3 SYSTEMPATH\CodeIgniter.php(354): CodeIgniter\CodeIgniter->handleRequest(null, Object(Config\Cache), false)
 4 SYSTEMPATH\Boot.php(363): CodeIgniter\CodeIgniter->run()
 5 SYSTEMPATH\Boot.php(68): CodeIgniter\Boot::runCodeIgniter(Object(CodeIgniter\CodeIgniter))
 6 FCPATH\index.php(59): CodeIgniter\Boot::bootWeb(Object(Config\Paths))
 7 SYSTEMPATH\rewrite.php(44): require_once('C:\\Project\\koperasi 3\\public\\index.php')
ERROR - 2025-09-13 16:04:46 --> mysqli_sql_exception: Table 'koperasi_samara.simpanan' doesn't exist in C:\Project\koperasi 3\system\Database\MySQLi\Connection.php:327
Stack trace:
#0 C:\Project\koperasi 3\system\Database\MySQLi\Connection.php(327): mysqli->query()
#1 C:\Project\koperasi 3\system\Database\BaseConnection.php(729): CodeIgniter\Database\MySQLi\Connection->execute()
#2 C:\Project\koperasi 3\system\Database\BaseConnection.php(646): CodeIgniter\Database\BaseConnection->simpleQuery()
#3 C:\Project\koperasi 3\system\Database\BaseBuilder.php(1649): CodeIgniter\Database\BaseConnection->query()
#4 C:\Project\koperasi 3\system\Model.php(286): CodeIgniter\Database\BaseBuilder->get()
#5 C:\Project\koperasi 3\system\BaseModel.php(677): CodeIgniter\Model->doFindAll()
#6 C:\Project\koperasi 3\app\Controllers\AdminDashboard.php(201): CodeIgniter\BaseModel->findAll()
#7 C:\Project\koperasi 3\system\CodeIgniter.php(933): App\Controllers\AdminDashboard->getSimpananList()
#8 C:\Project\koperasi 3\system\CodeIgniter.php(507): CodeIgniter\CodeIgniter->runController()
#9 C:\Project\koperasi 3\system\CodeIgniter.php(354): CodeIgniter\CodeIgniter->handleRequest()
#10 C:\Project\koperasi 3\system\Boot.php(363): CodeIgniter\CodeIgniter->run()
#11 C:\Project\koperasi 3\system\Boot.php(68): CodeIgniter\Boot::runCodeIgniter()
#12 C:\Project\koperasi 3\public\index.php(59): CodeIgniter\Boot::bootWeb()
#13 C:\Project\koperasi 3\system\rewrite.php(44): require_once('...')
#14 {main}
CRITICAL - 2025-09-13 16:04:46 --> CodeIgniter\Database\Exceptions\DatabaseException: Table 'koperasi_samara.simpanan' doesn't exist
[Method: GET, Route: admin/get-simpanan-list]
in SYSTEMPATH\Database\BaseConnection.php on line 684.
 1 SYSTEMPATH\Database\BaseBuilder.php(1649): CodeIgniter\Database\BaseConnection->query()
 2 SYSTEMPATH\Model.php(286): CodeIgniter\Database\BaseBuilder->get()
 3 SYSTEMPATH\BaseModel.php(677): CodeIgniter\Model->doFindAll()
 4 APPPATH\Controllers\AdminDashboard.php(201): CodeIgniter\BaseModel->findAll()
 5 SYSTEMPATH\CodeIgniter.php(933): App\Controllers\AdminDashboard->getSimpananList()
 6 SYSTEMPATH\CodeIgniter.php(507): CodeIgniter\CodeIgniter->runController()
 7 SYSTEMPATH\CodeIgniter.php(354): CodeIgniter\CodeIgniter->handleRequest()
 8 SYSTEMPATH\Boot.php(363): CodeIgniter\CodeIgniter->run()
 9 SYSTEMPATH\Boot.php(68): CodeIgniter\Boot::runCodeIgniter()
10 FCPATH\index.php(59): CodeIgniter\Boot::bootWeb()
11 SYSTEMPATH\rewrite.php(44): require_once('C:\\Project\\koperasi 3\\public\\index.php')
CRITICAL - 2025-09-13 16:04:46 --> [Caused by] CodeIgniter\Database\Exceptions\DatabaseException: Table 'koperasi_samara.simpanan' doesn't exist
in SYSTEMPATH\Database\MySQLi\Connection.php on line 332.
 1 SYSTEMPATH\Database\BaseConnection.php(729): CodeIgniter\Database\MySQLi\Connection->execute()
 2 SYSTEMPATH\Database\BaseConnection.php(646): CodeIgniter\Database\BaseConnection->simpleQuery()
 3 SYSTEMPATH\Database\BaseBuilder.php(1649): CodeIgniter\Database\BaseConnection->query()
 4 SYSTEMPATH\Model.php(286): CodeIgniter\Database\BaseBuilder->get()
 5 SYSTEMPATH\BaseModel.php(677): CodeIgniter\Model->doFindAll()
 6 APPPATH\Controllers\AdminDashboard.php(201): CodeIgniter\BaseModel->findAll()
 7 SYSTEMPATH\CodeIgniter.php(933): App\Controllers\AdminDashboard->getSimpananList()
 8 SYSTEMPATH\CodeIgniter.php(507): CodeIgniter\CodeIgniter->runController()
 9 SYSTEMPATH\CodeIgniter.php(354): CodeIgniter\CodeIgniter->handleRequest()
10 SYSTEMPATH\Boot.php(363): CodeIgniter\CodeIgniter->run()
11 SYSTEMPATH\Boot.php(68): CodeIgniter\Boot::runCodeIgniter()
12 FCPATH\index.php(59): CodeIgniter\Boot::bootWeb()
13 SYSTEMPATH\rewrite.php(44): require_once('C:\\Project\\koperasi 3\\public\\index.php')
CRITICAL - 2025-09-13 16:04:46 --> [Caused by] mysqli_sql_exception: Table 'koperasi_samara.simpanan' doesn't exist
in SYSTEMPATH\Database\MySQLi\Connection.php on line 327.
 1 SYSTEMPATH\Database\MySQLi\Connection.php(327): mysqli->query()
 2 SYSTEMPATH\Database\BaseConnection.php(729): CodeIgniter\Database\MySQLi\Connection->execute()
 3 SYSTEMPATH\Database\BaseConnection.php(646): CodeIgniter\Database\BaseConnection->simpleQuery()
 4 SYSTEMPATH\Database\BaseBuilder.php(1649): CodeIgniter\Database\BaseConnection->query()
 5 SYSTEMPATH\Model.php(286): CodeIgniter\Database\BaseBuilder->get()
 6 SYSTEMPATH\BaseModel.php(677): CodeIgniter\Model->doFindAll()
 7 APPPATH\Controllers\AdminDashboard.php(201): CodeIgniter\BaseModel->findAll()
 8 SYSTEMPATH\CodeIgniter.php(933): App\Controllers\AdminDashboard->getSimpananList()
 9 SYSTEMPATH\CodeIgniter.php(507): CodeIgniter\CodeIgniter->runController()
10 SYSTEMPATH\CodeIgniter.php(354): CodeIgniter\CodeIgniter->handleRequest()
11 SYSTEMPATH\Boot.php(363): CodeIgniter\CodeIgniter->run()
12 SYSTEMPATH\Boot.php(68): CodeIgniter\Boot::runCodeIgniter()
13 FCPATH\index.php(59): CodeIgniter\Boot::bootWeb()
14 SYSTEMPATH\rewrite.php(44): require_once('C:\\Project\\koperasi 3\\public\\index.php')
DEBUG - 2025-09-13 16:04:47 --> Session: Class initialized using 'CodeIgniter\Session\Handlers\FileHandler' driver.
WARNING - 2025-09-13 16:04:47 --> [DEPRECATED] Creation of dynamic property App\Controllers\AdminDashboard::$userModel is deprecated in APPPATH\Controllers\AdminDashboard.php on line 37.
 1 SYSTEMPATH\CodeIgniter.php(903): App\Controllers\AdminDashboard->__construct()
 2 SYSTEMPATH\CodeIgniter.php(498): CodeIgniter\CodeIgniter->createController()
 3 SYSTEMPATH\CodeIgniter.php(354): CodeIgniter\CodeIgniter->handleRequest(null, Object(Config\Cache), false)
 4 SYSTEMPATH\Boot.php(363): CodeIgniter\CodeIgniter->run()
 5 SYSTEMPATH\Boot.php(68): CodeIgniter\Boot::runCodeIgniter(Object(CodeIgniter\CodeIgniter))
 6 FCPATH\index.php(59): CodeIgniter\Boot::bootWeb(Object(Config\Paths))
 7 SYSTEMPATH\rewrite.php(44): require_once('C:\\Project\\koperasi 3\\public\\index.php')
WARNING - 2025-09-13 16:04:47 --> [DEPRECATED] Creation of dynamic property App\Controllers\AdminDashboard::$anggotaModel is deprecated in APPPATH\Controllers\AdminDashboard.php on line 38.
 1 SYSTEMPATH\CodeIgniter.php(903): App\Controllers\AdminDashboard->__construct()
 2 SYSTEMPATH\CodeIgniter.php(498): CodeIgniter\CodeIgniter->createController()
 3 SYSTEMPATH\CodeIgniter.php(354): CodeIgniter\CodeIgniter->handleRequest(null, Object(Config\Cache), false)
 4 SYSTEMPATH\Boot.php(363): CodeIgniter\CodeIgniter->run()
 5 SYSTEMPATH\Boot.php(68): CodeIgniter\Boot::runCodeIgniter(Object(CodeIgniter\CodeIgniter))
 6 FCPATH\index.php(59): CodeIgniter\Boot::bootWeb(Object(Config\Paths))
 7 SYSTEMPATH\rewrite.php(44): require_once('C:\\Project\\koperasi 3\\public\\index.php')
ERROR - 2025-09-13 16:04:47 --> mysqli_sql_exception: Table 'koperasi_samara.simpanan' doesn't exist in C:\Project\koperasi 3\system\Database\MySQLi\Connection.php:327
Stack trace:
#0 C:\Project\koperasi 3\system\Database\MySQLi\Connection.php(327): mysqli->query()
#1 C:\Project\koperasi 3\system\Database\BaseConnection.php(729): CodeIgniter\Database\MySQLi\Connection->execute()
#2 C:\Project\koperasi 3\system\Database\BaseConnection.php(646): CodeIgniter\Database\BaseConnection->simpleQuery()
#3 C:\Project\koperasi 3\system\Database\BaseBuilder.php(1649): CodeIgniter\Database\BaseConnection->query()
#4 C:\Project\koperasi 3\system\Model.php(286): CodeIgniter\Database\BaseBuilder->get()
#5 C:\Project\koperasi 3\system\BaseModel.php(677): CodeIgniter\Model->doFindAll()
#6 C:\Project\koperasi 3\app\Controllers\AdminDashboard.php(201): CodeIgniter\BaseModel->findAll()
#7 C:\Project\koperasi 3\system\CodeIgniter.php(933): App\Controllers\AdminDashboard->getSimpananList()
#8 C:\Project\koperasi 3\system\CodeIgniter.php(507): CodeIgniter\CodeIgniter->runController()
#9 C:\Project\koperasi 3\system\CodeIgniter.php(354): CodeIgniter\CodeIgniter->handleRequest()
#10 C:\Project\koperasi 3\system\Boot.php(363): CodeIgniter\CodeIgniter->run()
#11 C:\Project\koperasi 3\system\Boot.php(68): CodeIgniter\Boot::runCodeIgniter()
#12 C:\Project\koperasi 3\public\index.php(59): CodeIgniter\Boot::bootWeb()
#13 C:\Project\koperasi 3\system\rewrite.php(44): require_once('...')
#14 {main}
CRITICAL - 2025-09-13 16:04:47 --> CodeIgniter\Database\Exceptions\DatabaseException: Table 'koperasi_samara.simpanan' doesn't exist
[Method: GET, Route: admin/get-simpanan-list]
in SYSTEMPATH\Database\BaseConnection.php on line 684.
 1 SYSTEMPATH\Database\BaseBuilder.php(1649): CodeIgniter\Database\BaseConnection->query()
 2 SYSTEMPATH\Model.php(286): CodeIgniter\Database\BaseBuilder->get()
 3 SYSTEMPATH\BaseModel.php(677): CodeIgniter\Model->doFindAll()
 4 APPPATH\Controllers\AdminDashboard.php(201): CodeIgniter\BaseModel->findAll()
 5 SYSTEMPATH\CodeIgniter.php(933): App\Controllers\AdminDashboard->getSimpananList()
 6 SYSTEMPATH\CodeIgniter.php(507): CodeIgniter\CodeIgniter->runController()
 7 SYSTEMPATH\CodeIgniter.php(354): CodeIgniter\CodeIgniter->handleRequest()
 8 SYSTEMPATH\Boot.php(363): CodeIgniter\CodeIgniter->run()
 9 SYSTEMPATH\Boot.php(68): CodeIgniter\Boot::runCodeIgniter()
10 FCPATH\index.php(59): CodeIgniter\Boot::bootWeb()
11 SYSTEMPATH\rewrite.php(44): require_once('C:\\Project\\koperasi 3\\public\\index.php')
CRITICAL - 2025-09-13 16:04:47 --> [Caused by] CodeIgniter\Database\Exceptions\DatabaseException: Table 'koperasi_samara.simpanan' doesn't exist
in SYSTEMPATH\Database\MySQLi\Connection.php on line 332.
 1 SYSTEMPATH\Database\BaseConnection.php(729): CodeIgniter\Database\MySQLi\Connection->execute()
 2 SYSTEMPATH\Database\BaseConnection.php(646): CodeIgniter\Database\BaseConnection->simpleQuery()
 3 SYSTEMPATH\Database\BaseBuilder.php(1649): CodeIgniter\Database\BaseConnection->query()
 4 SYSTEMPATH\Model.php(286): CodeIgniter\Database\BaseBuilder->get()
 5 SYSTEMPATH\BaseModel.php(677): CodeIgniter\Model->doFindAll()
 6 APPPATH\Controllers\AdminDashboard.php(201): CodeIgniter\BaseModel->findAll()
 7 SYSTEMPATH\CodeIgniter.php(933): App\Controllers\AdminDashboard->getSimpananList()
 8 SYSTEMPATH\CodeIgniter.php(507): CodeIgniter\CodeIgniter->runController()
 9 SYSTEMPATH\CodeIgniter.php(354): CodeIgniter\CodeIgniter->handleRequest()
10 SYSTEMPATH\Boot.php(363): CodeIgniter\CodeIgniter->run()
11 SYSTEMPATH\Boot.php(68): CodeIgniter\Boot::runCodeIgniter()
12 FCPATH\index.php(59): CodeIgniter\Boot::bootWeb()
13 SYSTEMPATH\rewrite.php(44): require_once('C:\\Project\\koperasi 3\\public\\index.php')
CRITICAL - 2025-09-13 16:04:47 --> [Caused by] mysqli_sql_exception: Table 'koperasi_samara.simpanan' doesn't exist
in SYSTEMPATH\Database\MySQLi\Connection.php on line 327.
 1 SYSTEMPATH\Database\MySQLi\Connection.php(327): mysqli->query()
 2 SYSTEMPATH\Database\BaseConnection.php(729): CodeIgniter\Database\MySQLi\Connection->execute()
 3 SYSTEMPATH\Database\BaseConnection.php(646): CodeIgniter\Database\BaseConnection->simpleQuery()
 4 SYSTEMPATH\Database\BaseBuilder.php(1649): CodeIgniter\Database\BaseConnection->query()
 5 SYSTEMPATH\Model.php(286): CodeIgniter\Database\BaseBuilder->get()
 6 SYSTEMPATH\BaseModel.php(677): CodeIgniter\Model->doFindAll()
 7 APPPATH\Controllers\AdminDashboard.php(201): CodeIgniter\BaseModel->findAll()
 8 SYSTEMPATH\CodeIgniter.php(933): App\Controllers\AdminDashboard->getSimpananList()
 9 SYSTEMPATH\CodeIgniter.php(507): CodeIgniter\CodeIgniter->runController()
10 SYSTEMPATH\CodeIgniter.php(354): CodeIgniter\CodeIgniter->handleRequest()
11 SYSTEMPATH\Boot.php(363): CodeIgniter\CodeIgniter->run()
12 SYSTEMPATH\Boot.php(68): CodeIgniter\Boot::runCodeIgniter()
13 FCPATH\index.php(59): CodeIgniter\Boot::bootWeb()
14 SYSTEMPATH\rewrite.php(44): require_once('C:\\Project\\koperasi 3\\public\\index.php')
DEBUG - 2025-09-13 16:04:48 --> Session: Class initialized using 'CodeIgniter\Session\Handlers\FileHandler' driver.
WARNING - 2025-09-13 16:04:48 --> [DEPRECATED] Creation of dynamic property App\Controllers\AdminDashboard::$userModel is deprecated in APPPATH\Controllers\AdminDashboard.php on line 37.
 1 SYSTEMPATH\CodeIgniter.php(903): App\Controllers\AdminDashboard->__construct()
 2 SYSTEMPATH\CodeIgniter.php(498): CodeIgniter\CodeIgniter->createController()
 3 SYSTEMPATH\CodeIgniter.php(354): CodeIgniter\CodeIgniter->handleRequest(null, Object(Config\Cache), false)
 4 SYSTEMPATH\Boot.php(363): CodeIgniter\CodeIgniter->run()
 5 SYSTEMPATH\Boot.php(68): CodeIgniter\Boot::runCodeIgniter(Object(CodeIgniter\CodeIgniter))
 6 FCPATH\index.php(59): CodeIgniter\Boot::bootWeb(Object(Config\Paths))
 7 SYSTEMPATH\rewrite.php(44): require_once('C:\\Project\\koperasi 3\\public\\index.php')
WARNING - 2025-09-13 16:04:48 --> [DEPRECATED] Creation of dynamic property App\Controllers\AdminDashboard::$anggotaModel is deprecated in APPPATH\Controllers\AdminDashboard.php on line 38.
 1 SYSTEMPATH\CodeIgniter.php(903): App\Controllers\AdminDashboard->__construct()
 2 SYSTEMPATH\CodeIgniter.php(498): CodeIgniter\CodeIgniter->createController()
 3 SYSTEMPATH\CodeIgniter.php(354): CodeIgniter\CodeIgniter->handleRequest(null, Object(Config\Cache), false)
 4 SYSTEMPATH\Boot.php(363): CodeIgniter\CodeIgniter->run()
 5 SYSTEMPATH\Boot.php(68): CodeIgniter\Boot::runCodeIgniter(Object(CodeIgniter\CodeIgniter))
 6 FCPATH\index.php(59): CodeIgniter\Boot::bootWeb(Object(Config\Paths))
 7 SYSTEMPATH\rewrite.php(44): require_once('C:\\Project\\koperasi 3\\public\\index.php')
ERROR - 2025-09-13 16:04:48 --> mysqli_sql_exception: Table 'koperasi_samara.simpanan' doesn't exist in C:\Project\koperasi 3\system\Database\MySQLi\Connection.php:327
Stack trace:
#0 C:\Project\koperasi 3\system\Database\MySQLi\Connection.php(327): mysqli->query()
#1 C:\Project\koperasi 3\system\Database\BaseConnection.php(729): CodeIgniter\Database\MySQLi\Connection->execute()
#2 C:\Project\koperasi 3\system\Database\BaseConnection.php(646): CodeIgniter\Database\BaseConnection->simpleQuery()
#3 C:\Project\koperasi 3\system\Database\BaseBuilder.php(1649): CodeIgniter\Database\BaseConnection->query()
#4 C:\Project\koperasi 3\system\Model.php(286): CodeIgniter\Database\BaseBuilder->get()
#5 C:\Project\koperasi 3\system\BaseModel.php(677): CodeIgniter\Model->doFindAll()
#6 C:\Project\koperasi 3\app\Controllers\AdminDashboard.php(201): CodeIgniter\BaseModel->findAll()
#7 C:\Project\koperasi 3\system\CodeIgniter.php(933): App\Controllers\AdminDashboard->getSimpananList()
#8 C:\Project\koperasi 3\system\CodeIgniter.php(507): CodeIgniter\CodeIgniter->runController()
#9 C:\Project\koperasi 3\system\CodeIgniter.php(354): CodeIgniter\CodeIgniter->handleRequest()
#10 C:\Project\koperasi 3\system\Boot.php(363): CodeIgniter\CodeIgniter->run()
#11 C:\Project\koperasi 3\system\Boot.php(68): CodeIgniter\Boot::runCodeIgniter()
#12 C:\Project\koperasi 3\public\index.php(59): CodeIgniter\Boot::bootWeb()
#13 C:\Project\koperasi 3\system\rewrite.php(44): require_once('...')
#14 {main}
CRITICAL - 2025-09-13 16:04:48 --> CodeIgniter\Database\Exceptions\DatabaseException: Table 'koperasi_samara.simpanan' doesn't exist
[Method: GET, Route: admin/get-simpanan-list]
in SYSTEMPATH\Database\BaseConnection.php on line 684.
 1 SYSTEMPATH\Database\BaseBuilder.php(1649): CodeIgniter\Database\BaseConnection->query()
 2 SYSTEMPATH\Model.php(286): CodeIgniter\Database\BaseBuilder->get()
 3 SYSTEMPATH\BaseModel.php(677): CodeIgniter\Model->doFindAll()
 4 APPPATH\Controllers\AdminDashboard.php(201): CodeIgniter\BaseModel->findAll()
 5 SYSTEMPATH\CodeIgniter.php(933): App\Controllers\AdminDashboard->getSimpananList()
 6 SYSTEMPATH\CodeIgniter.php(507): CodeIgniter\CodeIgniter->runController()
 7 SYSTEMPATH\CodeIgniter.php(354): CodeIgniter\CodeIgniter->handleRequest()
 8 SYSTEMPATH\Boot.php(363): CodeIgniter\CodeIgniter->run()
 9 SYSTEMPATH\Boot.php(68): CodeIgniter\Boot::runCodeIgniter()
10 FCPATH\index.php(59): CodeIgniter\Boot::bootWeb()
11 SYSTEMPATH\rewrite.php(44): require_once('C:\\Project\\koperasi 3\\public\\index.php')
CRITICAL - 2025-09-13 16:04:48 --> [Caused by] CodeIgniter\Database\Exceptions\DatabaseException: Table 'koperasi_samara.simpanan' doesn't exist
in SYSTEMPATH\Database\MySQLi\Connection.php on line 332.
 1 SYSTEMPATH\Database\BaseConnection.php(729): CodeIgniter\Database\MySQLi\Connection->execute()
 2 SYSTEMPATH\Database\BaseConnection.php(646): CodeIgniter\Database\BaseConnection->simpleQuery()
 3 SYSTEMPATH\Database\BaseBuilder.php(1649): CodeIgniter\Database\BaseConnection->query()
 4 SYSTEMPATH\Model.php(286): CodeIgniter\Database\BaseBuilder->get()
 5 SYSTEMPATH\BaseModel.php(677): CodeIgniter\Model->doFindAll()
 6 APPPATH\Controllers\AdminDashboard.php(201): CodeIgniter\BaseModel->findAll()
 7 SYSTEMPATH\CodeIgniter.php(933): App\Controllers\AdminDashboard->getSimpananList()
 8 SYSTEMPATH\CodeIgniter.php(507): CodeIgniter\CodeIgniter->runController()
 9 SYSTEMPATH\CodeIgniter.php(354): CodeIgniter\CodeIgniter->handleRequest()
10 SYSTEMPATH\Boot.php(363): CodeIgniter\CodeIgniter->run()
11 SYSTEMPATH\Boot.php(68): CodeIgniter\Boot::runCodeIgniter()
12 FCPATH\index.php(59): CodeIgniter\Boot::bootWeb()
13 SYSTEMPATH\rewrite.php(44): require_once('C:\\Project\\koperasi 3\\public\\index.php')
CRITICAL - 2025-09-13 16:04:48 --> [Caused by] mysqli_sql_exception: Table 'koperasi_samara.simpanan' doesn't exist
in SYSTEMPATH\Database\MySQLi\Connection.php on line 327.
 1 SYSTEMPATH\Database\MySQLi\Connection.php(327): mysqli->query()
 2 SYSTEMPATH\Database\BaseConnection.php(729): CodeIgniter\Database\MySQLi\Connection->execute()
 3 SYSTEMPATH\Database\BaseConnection.php(646): CodeIgniter\Database\BaseConnection->simpleQuery()
 4 SYSTEMPATH\Database\BaseBuilder.php(1649): CodeIgniter\Database\BaseConnection->query()
 5 SYSTEMPATH\Model.php(286): CodeIgniter\Database\BaseBuilder->get()
 6 SYSTEMPATH\BaseModel.php(677): CodeIgniter\Model->doFindAll()
 7 APPPATH\Controllers\AdminDashboard.php(201): CodeIgniter\BaseModel->findAll()
 8 SYSTEMPATH\CodeIgniter.php(933): App\Controllers\AdminDashboard->getSimpananList()
 9 SYSTEMPATH\CodeIgniter.php(507): CodeIgniter\CodeIgniter->runController()
10 SYSTEMPATH\CodeIgniter.php(354): CodeIgniter\CodeIgniter->handleRequest()
11 SYSTEMPATH\Boot.php(363): CodeIgniter\CodeIgniter->run()
12 SYSTEMPATH\Boot.php(68): CodeIgniter\Boot::runCodeIgniter()
13 FCPATH\index.php(59): CodeIgniter\Boot::bootWeb()
14 SYSTEMPATH\rewrite.php(44): require_once('C:\\Project\\koperasi 3\\public\\index.php')
DEBUG - 2025-09-13 16:04:49 --> Session: Class initialized using 'CodeIgniter\Session\Handlers\FileHandler' driver.
WARNING - 2025-09-13 16:04:49 --> [DEPRECATED] Creation of dynamic property App\Controllers\AdminDashboard::$userModel is deprecated in APPPATH\Controllers\AdminDashboard.php on line 37.
 1 SYSTEMPATH\CodeIgniter.php(903): App\Controllers\AdminDashboard->__construct()
 2 SYSTEMPATH\CodeIgniter.php(498): CodeIgniter\CodeIgniter->createController()
 3 SYSTEMPATH\CodeIgniter.php(354): CodeIgniter\CodeIgniter->handleRequest(null, Object(Config\Cache), false)
 4 SYSTEMPATH\Boot.php(363): CodeIgniter\CodeIgniter->run()
 5 SYSTEMPATH\Boot.php(68): CodeIgniter\Boot::runCodeIgniter(Object(CodeIgniter\CodeIgniter))
 6 FCPATH\index.php(59): CodeIgniter\Boot::bootWeb(Object(Config\Paths))
 7 SYSTEMPATH\rewrite.php(44): require_once('C:\\Project\\koperasi 3\\public\\index.php')
WARNING - 2025-09-13 16:04:49 --> [DEPRECATED] Creation of dynamic property App\Controllers\AdminDashboard::$anggotaModel is deprecated in APPPATH\Controllers\AdminDashboard.php on line 38.
 1 SYSTEMPATH\CodeIgniter.php(903): App\Controllers\AdminDashboard->__construct()
 2 SYSTEMPATH\CodeIgniter.php(498): CodeIgniter\CodeIgniter->createController()
 3 SYSTEMPATH\CodeIgniter.php(354): CodeIgniter\CodeIgniter->handleRequest(null, Object(Config\Cache), false)
 4 SYSTEMPATH\Boot.php(363): CodeIgniter\CodeIgniter->run()
 5 SYSTEMPATH\Boot.php(68): CodeIgniter\Boot::runCodeIgniter(Object(CodeIgniter\CodeIgniter))
 6 FCPATH\index.php(59): CodeIgniter\Boot::bootWeb(Object(Config\Paths))
 7 SYSTEMPATH\rewrite.php(44): require_once('C:\\Project\\koperasi 3\\public\\index.php')
ERROR - 2025-09-13 16:04:49 --> mysqli_sql_exception: Table 'koperasi_samara.simpanan' doesn't exist in C:\Project\koperasi 3\system\Database\MySQLi\Connection.php:327
Stack trace:
#0 C:\Project\koperasi 3\system\Database\MySQLi\Connection.php(327): mysqli->query()
#1 C:\Project\koperasi 3\system\Database\BaseConnection.php(729): CodeIgniter\Database\MySQLi\Connection->execute()
#2 C:\Project\koperasi 3\system\Database\BaseConnection.php(646): CodeIgniter\Database\BaseConnection->simpleQuery()
#3 C:\Project\koperasi 3\system\Database\BaseBuilder.php(1649): CodeIgniter\Database\BaseConnection->query()
#4 C:\Project\koperasi 3\system\Model.php(286): CodeIgniter\Database\BaseBuilder->get()
#5 C:\Project\koperasi 3\system\BaseModel.php(677): CodeIgniter\Model->doFindAll()
#6 C:\Project\koperasi 3\app\Controllers\AdminDashboard.php(201): CodeIgniter\BaseModel->findAll()
#7 C:\Project\koperasi 3\system\CodeIgniter.php(933): App\Controllers\AdminDashboard->getSimpananList()
#8 C:\Project\koperasi 3\system\CodeIgniter.php(507): CodeIgniter\CodeIgniter->runController()
#9 C:\Project\koperasi 3\system\CodeIgniter.php(354): CodeIgniter\CodeIgniter->handleRequest()
#10 C:\Project\koperasi 3\system\Boot.php(363): CodeIgniter\CodeIgniter->run()
#11 C:\Project\koperasi 3\system\Boot.php(68): CodeIgniter\Boot::runCodeIgniter()
#12 C:\Project\koperasi 3\public\index.php(59): CodeIgniter\Boot::bootWeb()
#13 C:\Project\koperasi 3\system\rewrite.php(44): require_once('...')
#14 {main}
CRITICAL - 2025-09-13 16:04:49 --> CodeIgniter\Database\Exceptions\DatabaseException: Table 'koperasi_samara.simpanan' doesn't exist
[Method: GET, Route: admin/get-simpanan-list]
in SYSTEMPATH\Database\BaseConnection.php on line 684.
 1 SYSTEMPATH\Database\BaseBuilder.php(1649): CodeIgniter\Database\BaseConnection->query()
 2 SYSTEMPATH\Model.php(286): CodeIgniter\Database\BaseBuilder->get()
 3 SYSTEMPATH\BaseModel.php(677): CodeIgniter\Model->doFindAll()
 4 APPPATH\Controllers\AdminDashboard.php(201): CodeIgniter\BaseModel->findAll()
 5 SYSTEMPATH\CodeIgniter.php(933): App\Controllers\AdminDashboard->getSimpananList()
 6 SYSTEMPATH\CodeIgniter.php(507): CodeIgniter\CodeIgniter->runController()
 7 SYSTEMPATH\CodeIgniter.php(354): CodeIgniter\CodeIgniter->handleRequest()
 8 SYSTEMPATH\Boot.php(363): CodeIgniter\CodeIgniter->run()
 9 SYSTEMPATH\Boot.php(68): CodeIgniter\Boot::runCodeIgniter()
10 FCPATH\index.php(59): CodeIgniter\Boot::bootWeb()
11 SYSTEMPATH\rewrite.php(44): require_once('C:\\Project\\koperasi 3\\public\\index.php')
CRITICAL - 2025-09-13 16:04:49 --> [Caused by] CodeIgniter\Database\Exceptions\DatabaseException: Table 'koperasi_samara.simpanan' doesn't exist
in SYSTEMPATH\Database\MySQLi\Connection.php on line 332.
 1 SYSTEMPATH\Database\BaseConnection.php(729): CodeIgniter\Database\MySQLi\Connection->execute()
 2 SYSTEMPATH\Database\BaseConnection.php(646): CodeIgniter\Database\BaseConnection->simpleQuery()
 3 SYSTEMPATH\Database\BaseBuilder.php(1649): CodeIgniter\Database\BaseConnection->query()
 4 SYSTEMPATH\Model.php(286): CodeIgniter\Database\BaseBuilder->get()
 5 SYSTEMPATH\BaseModel.php(677): CodeIgniter\Model->doFindAll()
 6 APPPATH\Controllers\AdminDashboard.php(201): CodeIgniter\BaseModel->findAll()
 7 SYSTEMPATH\CodeIgniter.php(933): App\Controllers\AdminDashboard->getSimpananList()
 8 SYSTEMPATH\CodeIgniter.php(507): CodeIgniter\CodeIgniter->runController()
 9 SYSTEMPATH\CodeIgniter.php(354): CodeIgniter\CodeIgniter->handleRequest()
10 SYSTEMPATH\Boot.php(363): CodeIgniter\CodeIgniter->run()
11 SYSTEMPATH\Boot.php(68): CodeIgniter\Boot::runCodeIgniter()
12 FCPATH\index.php(59): CodeIgniter\Boot::bootWeb()
13 SYSTEMPATH\rewrite.php(44): require_once('C:\\Project\\koperasi 3\\public\\index.php')
CRITICAL - 2025-09-13 16:04:49 --> [Caused by] mysqli_sql_exception: Table 'koperasi_samara.simpanan' doesn't exist
in SYSTEMPATH\Database\MySQLi\Connection.php on line 327.
 1 SYSTEMPATH\Database\MySQLi\Connection.php(327): mysqli->query()
 2 SYSTEMPATH\Database\BaseConnection.php(729): CodeIgniter\Database\MySQLi\Connection->execute()
 3 SYSTEMPATH\Database\BaseConnection.php(646): CodeIgniter\Database\BaseConnection->simpleQuery()
 4 SYSTEMPATH\Database\BaseBuilder.php(1649): CodeIgniter\Database\BaseConnection->query()
 5 SYSTEMPATH\Model.php(286): CodeIgniter\Database\BaseBuilder->get()
 6 SYSTEMPATH\BaseModel.php(677): CodeIgniter\Model->doFindAll()
 7 APPPATH\Controllers\AdminDashboard.php(201): CodeIgniter\BaseModel->findAll()
 8 SYSTEMPATH\CodeIgniter.php(933): App\Controllers\AdminDashboard->getSimpananList()
 9 SYSTEMPATH\CodeIgniter.php(507): CodeIgniter\CodeIgniter->runController()
10 SYSTEMPATH\CodeIgniter.php(354): CodeIgniter\CodeIgniter->handleRequest()
11 SYSTEMPATH\Boot.php(363): CodeIgniter\CodeIgniter->run()
12 SYSTEMPATH\Boot.php(68): CodeIgniter\Boot::runCodeIgniter()
13 FCPATH\index.php(59): CodeIgniter\Boot::bootWeb()
14 SYSTEMPATH\rewrite.php(44): require_once('C:\\Project\\koperasi 3\\public\\index.php')
DEBUG - 2025-09-13 16:04:52 --> Session: Class initialized using 'CodeIgniter\Session\Handlers\FileHandler' driver.
WARNING - 2025-09-13 16:04:52 --> [DEPRECATED] Creation of dynamic property App\Controllers\AdminDashboard::$userModel is deprecated in APPPATH\Controllers\AdminDashboard.php on line 37.
 1 SYSTEMPATH\CodeIgniter.php(903): App\Controllers\AdminDashboard->__construct()
 2 SYSTEMPATH\CodeIgniter.php(498): CodeIgniter\CodeIgniter->createController()
 3 SYSTEMPATH\CodeIgniter.php(354): CodeIgniter\CodeIgniter->handleRequest(null, Object(Config\Cache), false)
 4 SYSTEMPATH\Boot.php(363): CodeIgniter\CodeIgniter->run()
 5 SYSTEMPATH\Boot.php(68): CodeIgniter\Boot::runCodeIgniter(Object(CodeIgniter\CodeIgniter))
 6 FCPATH\index.php(59): CodeIgniter\Boot::bootWeb(Object(Config\Paths))
 7 SYSTEMPATH\rewrite.php(44): require_once('C:\\Project\\koperasi 3\\public\\index.php')
WARNING - 2025-09-13 16:04:52 --> [DEPRECATED] Creation of dynamic property App\Controllers\AdminDashboard::$anggotaModel is deprecated in APPPATH\Controllers\AdminDashboard.php on line 38.
 1 SYSTEMPATH\CodeIgniter.php(903): App\Controllers\AdminDashboard->__construct()
 2 SYSTEMPATH\CodeIgniter.php(498): CodeIgniter\CodeIgniter->createController()
 3 SYSTEMPATH\CodeIgniter.php(354): CodeIgniter\CodeIgniter->handleRequest(null, Object(Config\Cache), false)
 4 SYSTEMPATH\Boot.php(363): CodeIgniter\CodeIgniter->run()
 5 SYSTEMPATH\Boot.php(68): CodeIgniter\Boot::runCodeIgniter(Object(CodeIgniter\CodeIgniter))
 6 FCPATH\index.php(59): CodeIgniter\Boot::bootWeb(Object(Config\Paths))
 7 SYSTEMPATH\rewrite.php(44): require_once('C:\\Project\\koperasi 3\\public\\index.php')
ERROR - 2025-09-13 16:04:52 --> mysqli_sql_exception: Table 'koperasi_samara.simpanan' doesn't exist in C:\Project\koperasi 3\system\Database\MySQLi\Connection.php:327
Stack trace:
#0 C:\Project\koperasi 3\system\Database\MySQLi\Connection.php(327): mysqli->query()
#1 C:\Project\koperasi 3\system\Database\BaseConnection.php(729): CodeIgniter\Database\MySQLi\Connection->execute()
#2 C:\Project\koperasi 3\system\Database\BaseConnection.php(646): CodeIgniter\Database\BaseConnection->simpleQuery()
#3 C:\Project\koperasi 3\system\Database\BaseBuilder.php(2345): CodeIgniter\Database\BaseConnection->query()
#4 C:\Project\koperasi 3\system\Model.php(394): CodeIgniter\Database\BaseBuilder->insert()
#5 C:\Project\koperasi 3\system\BaseModel.php(838): CodeIgniter\Model->doInsert()
#6 C:\Project\koperasi 3\system\Model.php(797): CodeIgniter\BaseModel->insert()
#7 C:\Project\koperasi 3\app\Controllers\AdminDashboard.php(234): CodeIgniter\Model->insert()
#8 C:\Project\koperasi 3\system\CodeIgniter.php(933): App\Controllers\AdminDashboard->inputSimpanan()
#9 C:\Project\koperasi 3\system\CodeIgniter.php(507): CodeIgniter\CodeIgniter->runController()
#10 C:\Project\koperasi 3\system\CodeIgniter.php(354): CodeIgniter\CodeIgniter->handleRequest()
#11 C:\Project\koperasi 3\system\Boot.php(363): CodeIgniter\CodeIgniter->run()
#12 C:\Project\koperasi 3\system\Boot.php(68): CodeIgniter\Boot::runCodeIgniter()
#13 C:\Project\koperasi 3\public\index.php(59): CodeIgniter\Boot::bootWeb()
#14 C:\Project\koperasi 3\system\rewrite.php(44): require_once('...')
#15 {main}
CRITICAL - 2025-09-13 16:04:52 --> CodeIgniter\Database\Exceptions\DatabaseException: Table 'koperasi_samara.simpanan' doesn't exist
[Method: POST, Route: admin/input-simpanan]
in SYSTEMPATH\Database\BaseConnection.php on line 684.
 1 SYSTEMPATH\Database\BaseBuilder.php(2345): CodeIgniter\Database\BaseConnection->query()
 2 SYSTEMPATH\Model.php(394): CodeIgniter\Database\BaseBuilder->insert()
 3 SYSTEMPATH\BaseModel.php(838): CodeIgniter\Model->doInsert()
 4 SYSTEMPATH\Model.php(797): CodeIgniter\BaseModel->insert()
 5 APPPATH\Controllers\AdminDashboard.php(234): CodeIgniter\Model->insert()
 6 SYSTEMPATH\CodeIgniter.php(933): App\Controllers\AdminDashboard->inputSimpanan()
 7 SYSTEMPATH\CodeIgniter.php(507): CodeIgniter\CodeIgniter->runController()
 8 SYSTEMPATH\CodeIgniter.php(354): CodeIgniter\CodeIgniter->handleRequest()
 9 SYSTEMPATH\Boot.php(363): CodeIgniter\CodeIgniter->run()
10 SYSTEMPATH\Boot.php(68): CodeIgniter\Boot::runCodeIgniter()
11 FCPATH\index.php(59): CodeIgniter\Boot::bootWeb()
12 SYSTEMPATH\rewrite.php(44): require_once('C:\\Project\\koperasi 3\\public\\index.php')
CRITICAL - 2025-09-13 16:04:52 --> [Caused by] CodeIgniter\Database\Exceptions\DatabaseException: Table 'koperasi_samara.simpanan' doesn't exist
in SYSTEMPATH\Database\MySQLi\Connection.php on line 332.
 1 SYSTEMPATH\Database\BaseConnection.php(729): CodeIgniter\Database\MySQLi\Connection->execute()
 2 SYSTEMPATH\Database\BaseConnection.php(646): CodeIgniter\Database\BaseConnection->simpleQuery()
 3 SYSTEMPATH\Database\BaseBuilder.php(2345): CodeIgniter\Database\BaseConnection->query()
 4 SYSTEMPATH\Model.php(394): CodeIgniter\Database\BaseBuilder->insert()
 5 SYSTEMPATH\BaseModel.php(838): CodeIgniter\Model->doInsert()
 6 SYSTEMPATH\Model.php(797): CodeIgniter\BaseModel->insert()
 7 APPPATH\Controllers\AdminDashboard.php(234): CodeIgniter\Model->insert()
 8 SYSTEMPATH\CodeIgniter.php(933): App\Controllers\AdminDashboard->inputSimpanan()
 9 SYSTEMPATH\CodeIgniter.php(507): CodeIgniter\CodeIgniter->runController()
10 SYSTEMPATH\CodeIgniter.php(354): CodeIgniter\CodeIgniter->handleRequest()
11 SYSTEMPATH\Boot.php(363): CodeIgniter\CodeIgniter->run()
12 SYSTEMPATH\Boot.php(68): CodeIgniter\Boot::runCodeIgniter()
13 FCPATH\index.php(59): CodeIgniter\Boot::bootWeb()
14 SYSTEMPATH\rewrite.php(44): require_once('C:\\Project\\koperasi 3\\public\\index.php')
CRITICAL - 2025-09-13 16:04:52 --> [Caused by] mysqli_sql_exception: Table 'koperasi_samara.simpanan' doesn't exist
in SYSTEMPATH\Database\MySQLi\Connection.php on line 327.
 1 SYSTEMPATH\Database\MySQLi\Connection.php(327): mysqli->query()
 2 SYSTEMPATH\Database\BaseConnection.php(729): CodeIgniter\Database\MySQLi\Connection->execute()
 3 SYSTEMPATH\Database\BaseConnection.php(646): CodeIgniter\Database\BaseConnection->simpleQuery()
 4 SYSTEMPATH\Database\BaseBuilder.php(2345): CodeIgniter\Database\BaseConnection->query()
 5 SYSTEMPATH\Model.php(394): CodeIgniter\Database\BaseBuilder->insert()
 6 SYSTEMPATH\BaseModel.php(838): CodeIgniter\Model->doInsert()
 7 SYSTEMPATH\Model.php(797): CodeIgniter\BaseModel->insert()
 8 APPPATH\Controllers\AdminDashboard.php(234): CodeIgniter\Model->insert()
 9 SYSTEMPATH\CodeIgniter.php(933): App\Controllers\AdminDashboard->inputSimpanan()
10 SYSTEMPATH\CodeIgniter.php(507): CodeIgniter\CodeIgniter->runController()
11 SYSTEMPATH\CodeIgniter.php(354): CodeIgniter\CodeIgniter->handleRequest()
12 SYSTEMPATH\Boot.php(363): CodeIgniter\CodeIgniter->run()
13 SYSTEMPATH\Boot.php(68): CodeIgniter\Boot::runCodeIgniter()
14 FCPATH\index.php(59): CodeIgniter\Boot::bootWeb()
15 SYSTEMPATH\rewrite.php(44): require_once('C:\\Project\\koperasi 3\\public\\index.php')
