DEBUG - 2025-10-24 14:06:23 --> Session: Class initialized using 'CodeIgniter\Session\Handlers\FileHandler' driver.
DEBUG - 2025-10-24 14:06:31 --> Session: Class initialized using 'CodeIgniter\Session\Handlers\FileHandler' driver.
ERROR - 2025-10-24 14:06:47 --> Error connecting to the database: mysqli_sql_exception: No connection could be made because the target machine actively refused it in C:\Users\PTDRa\Documents\PKL\koperasi 3\system\Database\MySQLi\Connection.php:201
Stack trace:
#0 C:\Users\PTDRa\Documents\PKL\koperasi 3\system\Database\MySQLi\Connection.php(201): mysqli->real_connect('localhost', 'root', Object(SensitiveParameterValue), 'koperasi_samara', 3306, '', 0)
#1 C:\Users\PTDRa\Documents\PKL\koperasi 3\system\Database\BaseConnection.php(419): CodeIgniter\Database\MySQLi\Connection->connect(false)
#2 C:\Users\PTDRa\Documents\PKL\koperasi 3\system\Database\BaseConnection.php(614): CodeIgniter\Database\BaseConnection->initialize()
#3 C:\Users\PTDRa\Documents\PKL\koperasi 3\system\Database\BaseBuilder.php(1649): CodeIgniter\Database\BaseConnection->query('SELECT *\nFROM `...', Array, false)
#4 C:\Users\PTDRa\Documents\PKL\koperasi 3\system\Model.php(330): CodeIgniter\Database\BaseBuilder->get()
#5 C:\Users\PTDRa\Documents\PKL\koperasi 3\system\BaseModel.php(715): CodeIgniter\Model->doFirst()
#6 C:\Users\PTDRa\Documents\PKL\koperasi 3\app\Controllers\Auth.php(38): CodeIgniter\BaseModel->first()
#7 C:\Users\PTDRa\Documents\PKL\koperasi 3\system\CodeIgniter.php(933): App\Controllers\Auth->doLogin()
#8 C:\Users\PTDRa\Documents\PKL\koperasi 3\system\CodeIgniter.php(507): CodeIgniter\CodeIgniter->runController(Object(App\Controllers\Auth))
#9 C:\Users\PTDRa\Documents\PKL\koperasi 3\system\CodeIgniter.php(354): CodeIgniter\CodeIgniter->handleRequest(NULL, Object(Config\Cache), false)
#10 C:\Users\PTDRa\Documents\PKL\koperasi 3\system\Boot.php(363): CodeIgniter\CodeIgniter->run()
#11 C:\Users\PTDRa\Documents\PKL\koperasi 3\system\Boot.php(68): CodeIgniter\Boot::runCodeIgniter(Object(CodeIgniter\CodeIgniter))
#12 C:\Users\PTDRa\Documents\PKL\koperasi 3\public\index.php(59): CodeIgniter\Boot::bootWeb(Object(Config\Paths))
#13 C:\Users\PTDRa\Documents\PKL\koperasi 3\system\rewrite.php(44): require_once('C:\\Users\\PTDRa\\...')
#14 {main}

Next CodeIgniter\Database\Exceptions\DatabaseException: No connection could be made because the target machine actively refused it in C:\Users\PTDRa\Documents\PKL\koperasi 3\system\Database\MySQLi\Connection.php:246
Stack trace:
#0 C:\Users\PTDRa\Documents\PKL\koperasi 3\system\Database\BaseConnection.php(419): CodeIgniter\Database\MySQLi\Connection->connect(false)
#1 C:\Users\PTDRa\Documents\PKL\koperasi 3\system\Database\BaseConnection.php(614): CodeIgniter\Database\BaseConnection->initialize()
#2 C:\Users\PTDRa\Documents\PKL\koperasi 3\system\Database\BaseBuilder.php(1649): CodeIgniter\Database\BaseConnection->query('SELECT *\nFROM `...', Array, false)
#3 C:\Users\PTDRa\Documents\PKL\koperasi 3\system\Model.php(330): CodeIgniter\Database\BaseBuilder->get()
#4 C:\Users\PTDRa\Documents\PKL\koperasi 3\system\BaseModel.php(715): CodeIgniter\Model->doFirst()
#5 C:\Users\PTDRa\Documents\PKL\koperasi 3\app\Controllers\Auth.php(38): CodeIgniter\BaseModel->first()
#6 C:\Users\PTDRa\Documents\PKL\koperasi 3\system\CodeIgniter.php(933): App\Controllers\Auth->doLogin()
#7 C:\Users\PTDRa\Documents\PKL\koperasi 3\system\CodeIgniter.php(507): CodeIgniter\CodeIgniter->runController(Object(App\Controllers\Auth))
#8 C:\Users\PTDRa\Documents\PKL\koperasi 3\system\CodeIgniter.php(354): CodeIgniter\CodeIgniter->handleRequest(NULL, Object(Config\Cache), false)
#9 C:\Users\PTDRa\Documents\PKL\koperasi 3\system\Boot.php(363): CodeIgniter\CodeIgniter->run()
#10 C:\Users\PTDRa\Documents\PKL\koperasi 3\system\Boot.php(68): CodeIgniter\Boot::runCodeIgniter(Object(CodeIgniter\CodeIgniter))
#11 C:\Users\PTDRa\Documents\PKL\koperasi 3\public\index.php(59): CodeIgniter\Boot::bootWeb(Object(Config\Paths))
#12 C:\Users\PTDRa\Documents\PKL\koperasi 3\system\rewrite.php(44): require_once('C:\\Users\\PTDRa\\...')
#13 {main}
CRITICAL - 2025-10-24 14:06:47 --> CodeIgniter\Database\Exceptions\DatabaseException: Unable to connect to the database.
Main connection [MySQLi]: No connection could be made because the target machine actively refused it
[Method: POST, Route: auth/doLogin]
in SYSTEMPATH\Database\BaseConnection.php on line 465.
 1 SYSTEMPATH\Database\BaseConnection.php(614): CodeIgniter\Database\BaseConnection->initialize()
 2 SYSTEMPATH\Database\BaseBuilder.php(1649): CodeIgniter\Database\BaseConnection->query('SELECT *
FROM `users`
WHERE `username` = :username:
 LIMIT 1', [...], false)
 3 SYSTEMPATH\Model.php(330): CodeIgniter\Database\BaseBuilder->get()
 4 SYSTEMPATH\BaseModel.php(715): CodeIgniter\Model->doFirst()
 5 APPPATH\Controllers\Auth.php(38): CodeIgniter\BaseModel->first()
 6 SYSTEMPATH\CodeIgniter.php(933): App\Controllers\Auth->doLogin()
 7 SYSTEMPATH\CodeIgniter.php(507): CodeIgniter\CodeIgniter->runController(Object(App\Controllers\Auth))
 8 SYSTEMPATH\CodeIgniter.php(354): CodeIgniter\CodeIgniter->handleRequest(null, Object(Config\Cache), false)
 9 SYSTEMPATH\Boot.php(363): CodeIgniter\CodeIgniter->run()
10 SYSTEMPATH\Boot.php(68): CodeIgniter\Boot::runCodeIgniter(Object(CodeIgniter\CodeIgniter))
11 FCPATH\index.php(59): CodeIgniter\Boot::bootWeb(Object(Config\Paths))
12 SYSTEMPATH\rewrite.php(44): require_once('C:\\Users\\PTDRa\\Documents\\PKL\\koperasi 3\\public\\index.php')
DEBUG - 2025-10-24 14:10:27 --> Session: Class initialized using 'CodeIgniter\Session\Handlers\FileHandler' driver.
DEBUG - 2025-10-24 14:10:32 --> Session: Class initialized using 'CodeIgniter\Session\Handlers\FileHandler' driver.
DEBUG - 2025-10-24 14:10:42 --> Session: Class initialized using 'CodeIgniter\Session\Handlers\FileHandler' driver.
DEBUG - 2025-10-24 14:10:53 --> Session: Class initialized using 'CodeIgniter\Session\Handlers\FileHandler' driver.
DEBUG - 2025-10-24 14:10:53 --> Session: Class initialized using 'CodeIgniter\Session\Handlers\FileHandler' driver.
DEBUG - 2025-10-24 14:10:57 --> Session: Class initialized using 'CodeIgniter\Session\Handlers\FileHandler' driver.
DEBUG - 2025-10-24 14:11:10 --> Session: Class initialized using 'CodeIgniter\Session\Handlers\FileHandler' driver.
DEBUG - 2025-10-24 14:11:17 --> Session: Class initialized using 'CodeIgniter\Session\Handlers\FileHandler' driver.
DEBUG - 2025-10-24 14:11:17 --> Session: Class initialized using 'CodeIgniter\Session\Handlers\FileHandler' driver.
DEBUG - 2025-10-24 14:15:54 --> Session: Class initialized using 'CodeIgniter\Session\Handlers\FileHandler' driver.
DEBUG - 2025-10-24 14:16:22 --> Session: Class initialized using 'CodeIgniter\Session\Handlers\FileHandler' driver.
DEBUG - 2025-10-24 14:16:33 --> Session: Class initialized using 'CodeIgniter\Session\Handlers\FileHandler' driver.
DEBUG - 2025-10-24 14:18:44 --> Session: Class initialized using 'CodeIgniter\Session\Handlers\FileHandler' driver.
DEBUG - 2025-10-24 14:18:48 --> Session: Class initialized using 'CodeIgniter\Session\Handlers\FileHandler' driver.
DEBUG - 2025-10-24 14:19:09 --> Session: Class initialized using 'CodeIgniter\Session\Handlers\FileHandler' driver.
DEBUG - 2025-10-24 14:19:10 --> Session: Class initialized using 'CodeIgniter\Session\Handlers\FileHandler' driver.
DEBUG - 2025-10-24 14:19:40 --> Session: Class initialized using 'CodeIgniter\Session\Handlers\FileHandler' driver.
DEBUG - 2025-10-24 14:19:44 --> Session: Class initialized using 'CodeIgniter\Session\Handlers\FileHandler' driver.
DEBUG - 2025-10-24 14:19:44 --> === MENGAMBIL PINJAMAN AKTIF DARI 3 TABEL ===
DEBUG - 2025-10-24 14:19:44 --> ID Anggota: 40
DEBUG - 2025-10-24 14:19:44 --> Qard Detail - ID: 21, Pinjam: 1000000.00, Terbayar: 0.00, Tenor: 10
DEBUG - 2025-10-24 14:19:44 --> hitungAngsuranBerjalanFix: Terbayar=0, Pinjam=1000000, Tenor=10
DEBUG - 2025-10-24 14:19:44 --> Qard Data - Angsuran Berjalan: 0, Angsuran per Bulan: 100000, Bisa Bayar: Ya
DEBUG - 2025-10-24 14:19:44 --> Total semua pinjaman aktif: 1
DEBUG - 2025-10-24 14:19:44 --> === MENGAMBIL PINJAMAN LUNAS DARI 3 TABEL ===
DEBUG - 2025-10-24 14:19:44 --> Data Qard lunas: 0
DEBUG - 2025-10-24 14:19:44 --> Data Murabahah lunas: 1
DEBUG - 2025-10-24 14:19:44 --> Data Mudharabah lunas: 0
DEBUG - 2025-10-24 14:19:44 --> Total semua pinjaman lunas: 1
DEBUG - 2025-10-24 14:19:47 --> Session: Class initialized using 'CodeIgniter\Session\Handlers\FileHandler' driver.
DEBUG - 2025-10-24 14:22:05 --> Session: Class initialized using 'CodeIgniter\Session\Handlers\FileHandler' driver.
DEBUG - 2025-10-24 14:22:15 --> Session: Class initialized using 'CodeIgniter\Session\Handlers\FileHandler' driver.
DEBUG - 2025-10-24 14:22:41 --> Session: Class initialized using 'CodeIgniter\Session\Handlers\FileHandler' driver.
DEBUG - 2025-10-24 14:22:43 --> Session: Class initialized using 'CodeIgniter\Session\Handlers\FileHandler' driver.
DEBUG - 2025-10-24 14:23:10 --> Session: Class initialized using 'CodeIgniter\Session\Handlers\FileHandler' driver.
DEBUG - 2025-10-24 14:23:12 --> Session: Class initialized using 'CodeIgniter\Session\Handlers\FileHandler' driver.
DEBUG - 2025-10-24 14:23:14 --> Session: Class initialized using 'CodeIgniter\Session\Handlers\FileHandler' driver.
DEBUG - 2025-10-24 14:23:26 --> Session: Class initialized using 'CodeIgniter\Session\Handlers\FileHandler' driver.
DEBUG - 2025-10-24 14:23:29 --> Session: Class initialized using 'CodeIgniter\Session\Handlers\FileHandler' driver.
DEBUG - 2025-10-24 14:23:48 --> Session: Class initialized using 'CodeIgniter\Session\Handlers\FileHandler' driver.
DEBUG - 2025-10-24 14:24:10 --> Session: Class initialized using 'CodeIgniter\Session\Handlers\FileHandler' driver.
DEBUG - 2025-10-24 14:24:15 --> Session: Class initialized using 'CodeIgniter\Session\Handlers\FileHandler' driver.
DEBUG - 2025-10-24 14:24:18 --> Session: Class initialized using 'CodeIgniter\Session\Handlers\FileHandler' driver.
DEBUG - 2025-10-24 14:24:18 --> === MENGAMBIL PINJAMAN AKTIF DARI 3 TABEL ===
DEBUG - 2025-10-24 14:24:18 --> ID Anggota: 40
DEBUG - 2025-10-24 14:24:18 --> Qard Detail - ID: 21, Pinjam: 1000000.00, Terbayar: 0.00, Tenor: 10
DEBUG - 2025-10-24 14:24:18 --> hitungAngsuranBerjalanFix: Terbayar=0, Pinjam=1000000, Tenor=10
DEBUG - 2025-10-24 14:24:18 --> Qard Data - Angsuran Berjalan: 0, Angsuran per Bulan: 100000, Bisa Bayar: Ya
DEBUG - 2025-10-24 14:24:18 --> Total semua pinjaman aktif: 1
DEBUG - 2025-10-24 14:24:18 --> === MENGAMBIL PINJAMAN LUNAS DARI 3 TABEL ===
DEBUG - 2025-10-24 14:24:18 --> Data Qard lunas: 0
DEBUG - 2025-10-24 14:24:18 --> Data Murabahah lunas: 1
DEBUG - 2025-10-24 14:24:18 --> Data Mudharabah lunas: 0
DEBUG - 2025-10-24 14:24:18 --> Total semua pinjaman lunas: 1
DEBUG - 2025-10-24 14:24:21 --> Session: Class initialized using 'CodeIgniter\Session\Handlers\FileHandler' driver.
DEBUG - 2025-10-24 14:24:22 --> Session: Class initialized using 'CodeIgniter\Session\Handlers\FileHandler' driver.
DEBUG - 2025-10-24 14:24:25 --> Session: Class initialized using 'CodeIgniter\Session\Handlers\FileHandler' driver.
DEBUG - 2025-10-24 14:24:50 --> Session: Class initialized using 'CodeIgniter\Session\Handlers\FileHandler' driver.
DEBUG - 2025-10-24 14:24:53 --> Session: Class initialized using 'CodeIgniter\Session\Handlers\FileHandler' driver.
DEBUG - 2025-10-24 14:25:26 --> Session: Class initialized using 'CodeIgniter\Session\Handlers\FileHandler' driver.
DEBUG - 2025-10-24 14:25:49 --> Session: Class initialized using 'CodeIgniter\Session\Handlers\FileHandler' driver.
DEBUG - 2025-10-24 14:27:58 --> Session: Class initialized using 'CodeIgniter\Session\Handlers\FileHandler' driver.
DEBUG - 2025-10-24 14:28:16 --> Session: Class initialized using 'CodeIgniter\Session\Handlers\FileHandler' driver.
DEBUG - 2025-10-24 14:28:29 --> Session: Class initialized using 'CodeIgniter\Session\Handlers\FileHandler' driver.
DEBUG - 2025-10-24 14:29:06 --> Session: Class initialized using 'CodeIgniter\Session\Handlers\FileHandler' driver.
DEBUG - 2025-10-24 14:29:06 --> === SAVE PEMBIAYAAN DEBUG ===
DEBUG - 2025-10-24 14:29:06 --> id_anggota: 44
DEBUG - 2025-10-24 14:29:06 --> akad: murabahah
DEBUG - 2025-10-24 14:29:06 --> jml_pinjam: 1000000
DEBUG - 2025-10-24 14:29:06 --> tenor dari form: 12
DEBUG - 2025-10-24 14:29:06 --> Data yang akan disimpan: Array
(
    [id_anggota] => 44
    [jml_pinjam] => 1000000
    [jml_angsuran] => 12
    [keperluan] => membayar SPP
    [tgl_pengajuan] => 2025-10-24 14:29:06
    [status] => aktif
    [tgl_disetujui] => 2025-10-24 14:29:06
    [disetujui_oleh] => 
)

ERROR - 2025-10-24 14:29:06 --> mysqli_sql_exception: Unknown column 'keperluan' in 'field list' in C:\Users\PTDRa\Documents\PKL\koperasi 3\system\Database\MySQLi\Connection.php:327
Stack trace:
#0 C:\Users\PTDRa\Documents\PKL\koperasi 3\system\Database\MySQLi\Connection.php(327): mysqli->query('INSERT INTO `mu...', 0)
#1 C:\Users\PTDRa\Documents\PKL\koperasi 3\system\Database\BaseConnection.php(729): CodeIgniter\Database\MySQLi\Connection->execute('INSERT INTO `mu...')
#2 C:\Users\PTDRa\Documents\PKL\koperasi 3\system\Database\BaseConnection.php(646): CodeIgniter\Database\BaseConnection->simpleQuery('INSERT INTO `mu...')
#3 C:\Users\PTDRa\Documents\PKL\koperasi 3\system\Database\BaseBuilder.php(2345): CodeIgniter\Database\BaseConnection->query('INSERT INTO `mu...', Array, false)
#4 C:\Users\PTDRa\Documents\PKL\koperasi 3\system\Model.php(394): CodeIgniter\Database\BaseBuilder->insert()
#5 C:\Users\PTDRa\Documents\PKL\koperasi 3\system\BaseModel.php(838): CodeIgniter\Model->doInsert(Array)
#6 C:\Users\PTDRa\Documents\PKL\koperasi 3\system\Model.php(797): CodeIgniter\BaseModel->insert(Array, true)
#7 C:\Users\PTDRa\Documents\PKL\koperasi 3\app\Controllers\AdminDashboard.php(1180): CodeIgniter\Model->insert(Array)
#8 C:\Users\PTDRa\Documents\PKL\koperasi 3\system\CodeIgniter.php(933): App\Controllers\AdminDashboard->savePembiayaan()
#9 C:\Users\PTDRa\Documents\PKL\koperasi 3\system\CodeIgniter.php(507): CodeIgniter\CodeIgniter->runController(Object(App\Controllers\AdminDashboard))
#10 C:\Users\PTDRa\Documents\PKL\koperasi 3\system\CodeIgniter.php(354): CodeIgniter\CodeIgniter->handleRequest(NULL, Object(Config\Cache), false)
#11 C:\Users\PTDRa\Documents\PKL\koperasi 3\system\Boot.php(363): CodeIgniter\CodeIgniter->run()
#12 C:\Users\PTDRa\Documents\PKL\koperasi 3\system\Boot.php(68): CodeIgniter\Boot::runCodeIgniter(Object(CodeIgniter\CodeIgniter))
#13 C:\Users\PTDRa\Documents\PKL\koperasi 3\public\index.php(59): CodeIgniter\Boot::bootWeb(Object(Config\Paths))
#14 C:\Users\PTDRa\Documents\PKL\koperasi 3\system\rewrite.php(44): require_once('C:\\Users\\PTDRa\\...')
#15 {main}
ERROR - 2025-10-24 14:29:06 --> Exception savePembiayaan: Unknown column 'keperluan' in 'field list'
DEBUG - 2025-10-24 14:32:19 --> Session: Class initialized using 'CodeIgniter\Session\Handlers\FileHandler' driver.
DEBUG - 2025-10-24 14:33:31 --> Session: Class initialized using 'CodeIgniter\Session\Handlers\FileHandler' driver.
DEBUG - 2025-10-24 14:33:32 --> === SAVE PEMBIAYAAN DEBUG ===
DEBUG - 2025-10-24 14:33:32 --> id_anggota: 44
DEBUG - 2025-10-24 14:33:32 --> akad: murabahah
DEBUG - 2025-10-24 14:33:32 --> jml_pinjam: 1000000
DEBUG - 2025-10-24 14:33:32 --> tenor dari form: 12
DEBUG - 2025-10-24 14:33:32 --> Data yang akan disimpan: Array
(
    [id_anggota] => 44
    [jml_pinjam] => 1000000
    [jml_angsuran] => 12
    [keperluan] => membayar SPP
    [tgl_pengajuan] => 2025-10-24 14:33:32
    [status] => aktif
    [tgl_disetujui] => 2025-10-24 14:33:32
    [disetujui_oleh] => 
)

ERROR - 2025-10-24 14:33:32 --> mysqli_sql_exception: Unknown column 'keperluan' in 'field list' in C:\Users\PTDRa\Documents\PKL\koperasi 3\system\Database\MySQLi\Connection.php:327
Stack trace:
#0 C:\Users\PTDRa\Documents\PKL\koperasi 3\system\Database\MySQLi\Connection.php(327): mysqli->query('INSERT INTO `mu...', 0)
#1 C:\Users\PTDRa\Documents\PKL\koperasi 3\system\Database\BaseConnection.php(729): CodeIgniter\Database\MySQLi\Connection->execute('INSERT INTO `mu...')
#2 C:\Users\PTDRa\Documents\PKL\koperasi 3\system\Database\BaseConnection.php(646): CodeIgniter\Database\BaseConnection->simpleQuery('INSERT INTO `mu...')
#3 C:\Users\PTDRa\Documents\PKL\koperasi 3\system\Database\BaseBuilder.php(2345): CodeIgniter\Database\BaseConnection->query('INSERT INTO `mu...', Array, false)
#4 C:\Users\PTDRa\Documents\PKL\koperasi 3\system\Model.php(394): CodeIgniter\Database\BaseBuilder->insert()
#5 C:\Users\PTDRa\Documents\PKL\koperasi 3\system\BaseModel.php(838): CodeIgniter\Model->doInsert(Array)
#6 C:\Users\PTDRa\Documents\PKL\koperasi 3\system\Model.php(797): CodeIgniter\BaseModel->insert(Array, true)
#7 C:\Users\PTDRa\Documents\PKL\koperasi 3\app\Controllers\AdminDashboard.php(1180): CodeIgniter\Model->insert(Array)
#8 C:\Users\PTDRa\Documents\PKL\koperasi 3\system\CodeIgniter.php(933): App\Controllers\AdminDashboard->savePembiayaan()
#9 C:\Users\PTDRa\Documents\PKL\koperasi 3\system\CodeIgniter.php(507): CodeIgniter\CodeIgniter->runController(Object(App\Controllers\AdminDashboard))
#10 C:\Users\PTDRa\Documents\PKL\koperasi 3\system\CodeIgniter.php(354): CodeIgniter\CodeIgniter->handleRequest(NULL, Object(Config\Cache), false)
#11 C:\Users\PTDRa\Documents\PKL\koperasi 3\system\Boot.php(363): CodeIgniter\CodeIgniter->run()
#12 C:\Users\PTDRa\Documents\PKL\koperasi 3\system\Boot.php(68): CodeIgniter\Boot::runCodeIgniter(Object(CodeIgniter\CodeIgniter))
#13 C:\Users\PTDRa\Documents\PKL\koperasi 3\public\index.php(59): CodeIgniter\Boot::bootWeb(Object(Config\Paths))
#14 C:\Users\PTDRa\Documents\PKL\koperasi 3\system\rewrite.php(44): require_once('C:\\Users\\PTDRa\\...')
#15 {main}
ERROR - 2025-10-24 14:33:32 --> Exception savePembiayaan: Unknown column 'keperluan' in 'field list'
DEBUG - 2025-10-24 14:35:17 --> Session: Class initialized using 'CodeIgniter\Session\Handlers\FileHandler' driver.
DEBUG - 2025-10-24 14:35:17 --> === SAVE PEMBIAYAAN DEBUG ===
DEBUG - 2025-10-24 14:35:17 --> id_anggota: 44
DEBUG - 2025-10-24 14:35:17 --> akad: murabahah
DEBUG - 2025-10-24 14:35:17 --> jml_pinjam: 1000000
DEBUG - 2025-10-24 14:35:17 --> tenor dari form: 12
DEBUG - 2025-10-24 14:35:17 --> Data yang akan disimpan: Array
(
    [id_anggota] => 44
    [jml_pinjam] => 1000000
    [jml_angsuran] => 12
    [keperluan] => membayar SPP
    [tgl_pengajuan] => 2025-10-24 14:35:17
    [status] => aktif
    [tgl_disetujui] => 2025-10-24 14:35:17
    [disetujui_oleh] => 
)

ERROR - 2025-10-24 14:35:17 --> mysqli_sql_exception: Unknown column 'keperluan' in 'field list' in C:\Users\PTDRa\Documents\PKL\koperasi 3\system\Database\MySQLi\Connection.php:327
Stack trace:
#0 C:\Users\PTDRa\Documents\PKL\koperasi 3\system\Database\MySQLi\Connection.php(327): mysqli->query('INSERT INTO `mu...', 0)
#1 C:\Users\PTDRa\Documents\PKL\koperasi 3\system\Database\BaseConnection.php(729): CodeIgniter\Database\MySQLi\Connection->execute('INSERT INTO `mu...')
#2 C:\Users\PTDRa\Documents\PKL\koperasi 3\system\Database\BaseConnection.php(646): CodeIgniter\Database\BaseConnection->simpleQuery('INSERT INTO `mu...')
#3 C:\Users\PTDRa\Documents\PKL\koperasi 3\system\Database\BaseBuilder.php(2345): CodeIgniter\Database\BaseConnection->query('INSERT INTO `mu...', Array, false)
#4 C:\Users\PTDRa\Documents\PKL\koperasi 3\system\Model.php(394): CodeIgniter\Database\BaseBuilder->insert()
#5 C:\Users\PTDRa\Documents\PKL\koperasi 3\system\BaseModel.php(838): CodeIgniter\Model->doInsert(Array)
#6 C:\Users\PTDRa\Documents\PKL\koperasi 3\system\Model.php(797): CodeIgniter\BaseModel->insert(Array, true)
#7 C:\Users\PTDRa\Documents\PKL\koperasi 3\app\Controllers\AdminDashboard.php(1180): CodeIgniter\Model->insert(Array)
#8 C:\Users\PTDRa\Documents\PKL\koperasi 3\system\CodeIgniter.php(933): App\Controllers\AdminDashboard->savePembiayaan()
#9 C:\Users\PTDRa\Documents\PKL\koperasi 3\system\CodeIgniter.php(507): CodeIgniter\CodeIgniter->runController(Object(App\Controllers\AdminDashboard))
#10 C:\Users\PTDRa\Documents\PKL\koperasi 3\system\CodeIgniter.php(354): CodeIgniter\CodeIgniter->handleRequest(NULL, Object(Config\Cache), false)
#11 C:\Users\PTDRa\Documents\PKL\koperasi 3\system\Boot.php(363): CodeIgniter\CodeIgniter->run()
#12 C:\Users\PTDRa\Documents\PKL\koperasi 3\system\Boot.php(68): CodeIgniter\Boot::runCodeIgniter(Object(CodeIgniter\CodeIgniter))
#13 C:\Users\PTDRa\Documents\PKL\koperasi 3\public\index.php(59): CodeIgniter\Boot::bootWeb(Object(Config\Paths))
#14 C:\Users\PTDRa\Documents\PKL\koperasi 3\system\rewrite.php(44): require_once('C:\\Users\\PTDRa\\...')
#15 {main}
ERROR - 2025-10-24 14:35:17 --> Exception savePembiayaan: Unknown column 'keperluan' in 'field list'
DEBUG - 2025-10-24 14:36:38 --> Session: Class initialized using 'CodeIgniter\Session\Handlers\FileHandler' driver.
DEBUG - 2025-10-24 14:36:43 --> Session: Class initialized using 'CodeIgniter\Session\Handlers\FileHandler' driver.
DEBUG - 2025-10-24 14:37:01 --> Session: Class initialized using 'CodeIgniter\Session\Handlers\FileHandler' driver.
DEBUG - 2025-10-24 14:37:01 --> === SAVE PEMBIAYAAN DEBUG ===
DEBUG - 2025-10-24 14:37:01 --> id_anggota: 44
DEBUG - 2025-10-24 14:37:01 --> akad: murabahah
DEBUG - 2025-10-24 14:37:01 --> jml_pinjam: 1000000
DEBUG - 2025-10-24 14:37:01 --> tenor dari form: 12
DEBUG - 2025-10-24 14:37:01 --> Data yang akan disimpan: Array
(
    [id_anggota] => 44
    [jml_pinjam] => 1000000
    [jml_angsuran] => 12
    [keperluan] => spp
    [tgl_pengajuan] => 2025-10-24 14:37:01
    [status] => aktif
    [tgl_disetujui] => 2025-10-24 14:37:01
    [disetujui_oleh] => 
)

ERROR - 2025-10-24 14:37:01 --> mysqli_sql_exception: Unknown column 'tgl_pengajuan' in 'field list' in C:\Users\PTDRa\Documents\PKL\koperasi 3\system\Database\MySQLi\Connection.php:327
Stack trace:
#0 C:\Users\PTDRa\Documents\PKL\koperasi 3\system\Database\MySQLi\Connection.php(327): mysqli->query('INSERT INTO `mu...', 0)
#1 C:\Users\PTDRa\Documents\PKL\koperasi 3\system\Database\BaseConnection.php(729): CodeIgniter\Database\MySQLi\Connection->execute('INSERT INTO `mu...')
#2 C:\Users\PTDRa\Documents\PKL\koperasi 3\system\Database\BaseConnection.php(646): CodeIgniter\Database\BaseConnection->simpleQuery('INSERT INTO `mu...')
#3 C:\Users\PTDRa\Documents\PKL\koperasi 3\system\Database\BaseBuilder.php(2345): CodeIgniter\Database\BaseConnection->query('INSERT INTO `mu...', Array, false)
#4 C:\Users\PTDRa\Documents\PKL\koperasi 3\system\Model.php(394): CodeIgniter\Database\BaseBuilder->insert()
#5 C:\Users\PTDRa\Documents\PKL\koperasi 3\system\BaseModel.php(838): CodeIgniter\Model->doInsert(Array)
#6 C:\Users\PTDRa\Documents\PKL\koperasi 3\system\Model.php(797): CodeIgniter\BaseModel->insert(Array, true)
#7 C:\Users\PTDRa\Documents\PKL\koperasi 3\app\Controllers\AdminDashboard.php(1180): CodeIgniter\Model->insert(Array)
#8 C:\Users\PTDRa\Documents\PKL\koperasi 3\system\CodeIgniter.php(933): App\Controllers\AdminDashboard->savePembiayaan()
#9 C:\Users\PTDRa\Documents\PKL\koperasi 3\system\CodeIgniter.php(507): CodeIgniter\CodeIgniter->runController(Object(App\Controllers\AdminDashboard))
#10 C:\Users\PTDRa\Documents\PKL\koperasi 3\system\CodeIgniter.php(354): CodeIgniter\CodeIgniter->handleRequest(NULL, Object(Config\Cache), false)
#11 C:\Users\PTDRa\Documents\PKL\koperasi 3\system\Boot.php(363): CodeIgniter\CodeIgniter->run()
#12 C:\Users\PTDRa\Documents\PKL\koperasi 3\system\Boot.php(68): CodeIgniter\Boot::runCodeIgniter(Object(CodeIgniter\CodeIgniter))
#13 C:\Users\PTDRa\Documents\PKL\koperasi 3\public\index.php(59): CodeIgniter\Boot::bootWeb(Object(Config\Paths))
#14 C:\Users\PTDRa\Documents\PKL\koperasi 3\system\rewrite.php(44): require_once('C:\\Users\\PTDRa\\...')
#15 {main}
ERROR - 2025-10-24 14:37:01 --> Exception savePembiayaan: Unknown column 'tgl_pengajuan' in 'field list'
DEBUG - 2025-10-24 14:37:46 --> Session: Class initialized using 'CodeIgniter\Session\Handlers\FileHandler' driver.
DEBUG - 2025-10-24 14:37:50 --> Session: Class initialized using 'CodeIgniter\Session\Handlers\FileHandler' driver.
DEBUG - 2025-10-24 14:37:52 --> Session: Class initialized using 'CodeIgniter\Session\Handlers\FileHandler' driver.
DEBUG - 2025-10-24 14:37:53 --> Session: Class initialized using 'CodeIgniter\Session\Handlers\FileHandler' driver.
DEBUG - 2025-10-24 14:37:53 --> Session: Class initialized using 'CodeIgniter\Session\Handlers\FileHandler' driver.
DEBUG - 2025-10-24 14:38:03 --> Session: Class initialized using 'CodeIgniter\Session\Handlers\FileHandler' driver.
DEBUG - 2025-10-24 14:38:03 --> === SAVE PEMBIAYAAN DEBUG ===
DEBUG - 2025-10-24 14:38:03 --> id_anggota: 40
DEBUG - 2025-10-24 14:38:03 --> akad: murabahah
DEBUG - 2025-10-24 14:38:03 --> jml_pinjam: 100000
DEBUG - 2025-10-24 14:38:03 --> tenor dari form: 6
DEBUG - 2025-10-24 14:38:03 --> Data yang akan disimpan: Array
(
    [id_anggota] => 40
    [jml_pinjam] => 100000
    [jml_angsuran] => 6
    [keperluan] => spp
    [tgl_pengajuan] => 2025-10-24 14:38:03
    [status] => aktif
    [tgl_disetujui] => 2025-10-24 14:38:03
    [disetujui_oleh] => 
)

ERROR - 2025-10-24 14:38:03 --> mysqli_sql_exception: Unknown column 'tgl_pengajuan' in 'field list' in C:\Users\PTDRa\Documents\PKL\koperasi 3\system\Database\MySQLi\Connection.php:327
Stack trace:
#0 C:\Users\PTDRa\Documents\PKL\koperasi 3\system\Database\MySQLi\Connection.php(327): mysqli->query('INSERT INTO `mu...', 0)
#1 C:\Users\PTDRa\Documents\PKL\koperasi 3\system\Database\BaseConnection.php(729): CodeIgniter\Database\MySQLi\Connection->execute('INSERT INTO `mu...')
#2 C:\Users\PTDRa\Documents\PKL\koperasi 3\system\Database\BaseConnection.php(646): CodeIgniter\Database\BaseConnection->simpleQuery('INSERT INTO `mu...')
#3 C:\Users\PTDRa\Documents\PKL\koperasi 3\system\Database\BaseBuilder.php(2345): CodeIgniter\Database\BaseConnection->query('INSERT INTO `mu...', Array, false)
#4 C:\Users\PTDRa\Documents\PKL\koperasi 3\system\Model.php(394): CodeIgniter\Database\BaseBuilder->insert()
#5 C:\Users\PTDRa\Documents\PKL\koperasi 3\system\BaseModel.php(838): CodeIgniter\Model->doInsert(Array)
#6 C:\Users\PTDRa\Documents\PKL\koperasi 3\system\Model.php(797): CodeIgniter\BaseModel->insert(Array, true)
#7 C:\Users\PTDRa\Documents\PKL\koperasi 3\app\Controllers\AdminDashboard.php(1180): CodeIgniter\Model->insert(Array)
#8 C:\Users\PTDRa\Documents\PKL\koperasi 3\system\CodeIgniter.php(933): App\Controllers\AdminDashboard->savePembiayaan()
#9 C:\Users\PTDRa\Documents\PKL\koperasi 3\system\CodeIgniter.php(507): CodeIgniter\CodeIgniter->runController(Object(App\Controllers\AdminDashboard))
#10 C:\Users\PTDRa\Documents\PKL\koperasi 3\system\CodeIgniter.php(354): CodeIgniter\CodeIgniter->handleRequest(NULL, Object(Config\Cache), false)
#11 C:\Users\PTDRa\Documents\PKL\koperasi 3\system\Boot.php(363): CodeIgniter\CodeIgniter->run()
#12 C:\Users\PTDRa\Documents\PKL\koperasi 3\system\Boot.php(68): CodeIgniter\Boot::runCodeIgniter(Object(CodeIgniter\CodeIgniter))
#13 C:\Users\PTDRa\Documents\PKL\koperasi 3\public\index.php(59): CodeIgniter\Boot::bootWeb(Object(Config\Paths))
#14 C:\Users\PTDRa\Documents\PKL\koperasi 3\system\rewrite.php(44): require_once('C:\\Users\\PTDRa\\...')
#15 {main}
ERROR - 2025-10-24 14:38:03 --> Exception savePembiayaan: Unknown column 'tgl_pengajuan' in 'field list'
DEBUG - 2025-10-24 14:39:19 --> Session: Class initialized using 'CodeIgniter\Session\Handlers\FileHandler' driver.
DEBUG - 2025-10-24 14:39:23 --> Session: Class initialized using 'CodeIgniter\Session\Handlers\FileHandler' driver.
DEBUG - 2025-10-24 14:39:35 --> Session: Class initialized using 'CodeIgniter\Session\Handlers\FileHandler' driver.
DEBUG - 2025-10-24 14:39:35 --> === SAVE PEMBIAYAAN DEBUG ===
DEBUG - 2025-10-24 14:39:35 --> id_anggota: 40
DEBUG - 2025-10-24 14:39:35 --> akad: murabahah
DEBUG - 2025-10-24 14:39:35 --> jml_pinjam: 1000000
DEBUG - 2025-10-24 14:39:35 --> tenor dari form: 3
DEBUG - 2025-10-24 14:39:35 --> Data yang akan disimpan: Array
(
    [id_anggota] => 40
    [jml_pinjam] => 1000000
    [jml_angsuran] => 3
    [keperluan] => spp
    [tgl_pengajuan] => 2025-10-24 14:39:35
    [status] => aktif
    [tgl_disetujui] => 2025-10-24 14:39:35
    [disetujui_oleh] => 
)

ERROR - 2025-10-24 14:39:35 --> mysqli_sql_exception: Unknown column 'tgl_disetujui' in 'field list' in C:\Users\PTDRa\Documents\PKL\koperasi 3\system\Database\MySQLi\Connection.php:327
Stack trace:
#0 C:\Users\PTDRa\Documents\PKL\koperasi 3\system\Database\MySQLi\Connection.php(327): mysqli->query('INSERT INTO `mu...', 0)
#1 C:\Users\PTDRa\Documents\PKL\koperasi 3\system\Database\BaseConnection.php(729): CodeIgniter\Database\MySQLi\Connection->execute('INSERT INTO `mu...')
#2 C:\Users\PTDRa\Documents\PKL\koperasi 3\system\Database\BaseConnection.php(646): CodeIgniter\Database\BaseConnection->simpleQuery('INSERT INTO `mu...')
#3 C:\Users\PTDRa\Documents\PKL\koperasi 3\system\Database\BaseBuilder.php(2345): CodeIgniter\Database\BaseConnection->query('INSERT INTO `mu...', Array, false)
#4 C:\Users\PTDRa\Documents\PKL\koperasi 3\system\Model.php(394): CodeIgniter\Database\BaseBuilder->insert()
#5 C:\Users\PTDRa\Documents\PKL\koperasi 3\system\BaseModel.php(838): CodeIgniter\Model->doInsert(Array)
#6 C:\Users\PTDRa\Documents\PKL\koperasi 3\system\Model.php(797): CodeIgniter\BaseModel->insert(Array, true)
#7 C:\Users\PTDRa\Documents\PKL\koperasi 3\app\Controllers\AdminDashboard.php(1180): CodeIgniter\Model->insert(Array)
#8 C:\Users\PTDRa\Documents\PKL\koperasi 3\system\CodeIgniter.php(933): App\Controllers\AdminDashboard->savePembiayaan()
#9 C:\Users\PTDRa\Documents\PKL\koperasi 3\system\CodeIgniter.php(507): CodeIgniter\CodeIgniter->runController(Object(App\Controllers\AdminDashboard))
#10 C:\Users\PTDRa\Documents\PKL\koperasi 3\system\CodeIgniter.php(354): CodeIgniter\CodeIgniter->handleRequest(NULL, Object(Config\Cache), false)
#11 C:\Users\PTDRa\Documents\PKL\koperasi 3\system\Boot.php(363): CodeIgniter\CodeIgniter->run()
#12 C:\Users\PTDRa\Documents\PKL\koperasi 3\system\Boot.php(68): CodeIgniter\Boot::runCodeIgniter(Object(CodeIgniter\CodeIgniter))
#13 C:\Users\PTDRa\Documents\PKL\koperasi 3\public\index.php(59): CodeIgniter\Boot::bootWeb(Object(Config\Paths))
#14 C:\Users\PTDRa\Documents\PKL\koperasi 3\system\rewrite.php(44): require_once('C:\\Users\\PTDRa\\...')
#15 {main}
ERROR - 2025-10-24 14:39:35 --> Exception savePembiayaan: Unknown column 'tgl_disetujui' in 'field list'
DEBUG - 2025-10-24 14:40:36 --> Session: Class initialized using 'CodeIgniter\Session\Handlers\FileHandler' driver.
DEBUG - 2025-10-24 14:40:40 --> Session: Class initialized using 'CodeIgniter\Session\Handlers\FileHandler' driver.
DEBUG - 2025-10-24 14:40:49 --> Session: Class initialized using 'CodeIgniter\Session\Handlers\FileHandler' driver.
DEBUG - 2025-10-24 14:40:49 --> === SAVE PEMBIAYAAN DEBUG ===
DEBUG - 2025-10-24 14:40:49 --> id_anggota: 40
DEBUG - 2025-10-24 14:40:49 --> akad: murabahah
DEBUG - 2025-10-24 14:40:49 --> jml_pinjam: 100000
DEBUG - 2025-10-24 14:40:49 --> tenor dari form: 3
DEBUG - 2025-10-24 14:40:49 --> Data yang akan disimpan: Array
(
    [id_anggota] => 40
    [jml_pinjam] => 100000
    [jml_angsuran] => 3
    [keperluan] => spp
    [tgl_pengajuan] => 2025-10-24 14:40:49
    [status] => aktif
    [tgl_disetujui] => 2025-10-24 14:40:49
    [disetujui_oleh] => 
)

ERROR - 2025-10-24 14:40:49 --> mysqli_sql_exception: Unknown column 'disetujui_oleh' in 'field list' in C:\Users\PTDRa\Documents\PKL\koperasi 3\system\Database\MySQLi\Connection.php:327
Stack trace:
#0 C:\Users\PTDRa\Documents\PKL\koperasi 3\system\Database\MySQLi\Connection.php(327): mysqli->query('INSERT INTO `mu...', 0)
#1 C:\Users\PTDRa\Documents\PKL\koperasi 3\system\Database\BaseConnection.php(729): CodeIgniter\Database\MySQLi\Connection->execute('INSERT INTO `mu...')
#2 C:\Users\PTDRa\Documents\PKL\koperasi 3\system\Database\BaseConnection.php(646): CodeIgniter\Database\BaseConnection->simpleQuery('INSERT INTO `mu...')
#3 C:\Users\PTDRa\Documents\PKL\koperasi 3\system\Database\BaseBuilder.php(2345): CodeIgniter\Database\BaseConnection->query('INSERT INTO `mu...', Array, false)
#4 C:\Users\PTDRa\Documents\PKL\koperasi 3\system\Model.php(394): CodeIgniter\Database\BaseBuilder->insert()
#5 C:\Users\PTDRa\Documents\PKL\koperasi 3\system\BaseModel.php(838): CodeIgniter\Model->doInsert(Array)
#6 C:\Users\PTDRa\Documents\PKL\koperasi 3\system\Model.php(797): CodeIgniter\BaseModel->insert(Array, true)
#7 C:\Users\PTDRa\Documents\PKL\koperasi 3\app\Controllers\AdminDashboard.php(1180): CodeIgniter\Model->insert(Array)
#8 C:\Users\PTDRa\Documents\PKL\koperasi 3\system\CodeIgniter.php(933): App\Controllers\AdminDashboard->savePembiayaan()
#9 C:\Users\PTDRa\Documents\PKL\koperasi 3\system\CodeIgniter.php(507): CodeIgniter\CodeIgniter->runController(Object(App\Controllers\AdminDashboard))
#10 C:\Users\PTDRa\Documents\PKL\koperasi 3\system\CodeIgniter.php(354): CodeIgniter\CodeIgniter->handleRequest(NULL, Object(Config\Cache), false)
#11 C:\Users\PTDRa\Documents\PKL\koperasi 3\system\Boot.php(363): CodeIgniter\CodeIgniter->run()
#12 C:\Users\PTDRa\Documents\PKL\koperasi 3\system\Boot.php(68): CodeIgniter\Boot::runCodeIgniter(Object(CodeIgniter\CodeIgniter))
#13 C:\Users\PTDRa\Documents\PKL\koperasi 3\public\index.php(59): CodeIgniter\Boot::bootWeb(Object(Config\Paths))
#14 C:\Users\PTDRa\Documents\PKL\koperasi 3\system\rewrite.php(44): require_once('C:\\Users\\PTDRa\\...')
#15 {main}
ERROR - 2025-10-24 14:40:49 --> Exception savePembiayaan: Unknown column 'disetujui_oleh' in 'field list'
DEBUG - 2025-10-24 14:41:13 --> Session: Class initialized using 'CodeIgniter\Session\Handlers\FileHandler' driver.
DEBUG - 2025-10-24 14:41:17 --> Session: Class initialized using 'CodeIgniter\Session\Handlers\FileHandler' driver.
DEBUG - 2025-10-24 14:41:31 --> Session: Class initialized using 'CodeIgniter\Session\Handlers\FileHandler' driver.
DEBUG - 2025-10-24 14:41:31 --> === SAVE PEMBIAYAAN DEBUG ===
DEBUG - 2025-10-24 14:41:31 --> id_anggota: 40
DEBUG - 2025-10-24 14:41:31 --> akad: murabahah
DEBUG - 2025-10-24 14:41:31 --> jml_pinjam: 100000
DEBUG - 2025-10-24 14:41:31 --> tenor dari form: 3
DEBUG - 2025-10-24 14:41:31 --> Data yang akan disimpan: Array
(
    [id_anggota] => 40
    [jml_pinjam] => 100000
    [jml_angsuran] => 3
    [keperluan] => spp
    [tgl_pengajuan] => 2025-10-24 14:41:31
    [status] => aktif
    [tgl_disetujui] => 2025-10-24 14:41:31
)

DEBUG - 2025-10-24 14:41:31 --> Data berhasil disimpan dengan ID: 13
DEBUG - 2025-10-24 14:41:34 --> Session: Class initialized using 'CodeIgniter\Session\Handlers\FileHandler' driver.
DEBUG - 2025-10-24 14:41:51 --> Session: Class initialized using 'CodeIgniter\Session\Handlers\FileHandler' driver.
DEBUG - 2025-10-24 14:41:54 --> Session: Class initialized using 'CodeIgniter\Session\Handlers\FileHandler' driver.
DEBUG - 2025-10-24 14:41:57 --> Session: Class initialized using 'CodeIgniter\Session\Handlers\FileHandler' driver.
DEBUG - 2025-10-24 14:42:04 --> Session: Class initialized using 'CodeIgniter\Session\Handlers\FileHandler' driver.
DEBUG - 2025-10-24 14:42:04 --> === MENGAMBIL PINJAMAN AKTIF DARI 3 TABEL ===
DEBUG - 2025-10-24 14:42:04 --> ID Anggota: 40
DEBUG - 2025-10-24 14:42:04 --> Qard Detail - ID: 21, Pinjam: 1000000.00, Terbayar: 0.00, Tenor: 10
DEBUG - 2025-10-24 14:42:04 --> hitungAngsuranBerjalanFix: Terbayar=0, Pinjam=1000000, Tenor=10
DEBUG - 2025-10-24 14:42:04 --> Qard Data - Angsuran Berjalan: 0, Angsuran per Bulan: 100000, Bisa Bayar: Ya
DEBUG - 2025-10-24 14:42:04 --> hitungAngsuranBerjalanFix: Terbayar=0, Pinjam=100000, Tenor=3
DEBUG - 2025-10-24 14:42:04 --> Total semua pinjaman aktif: 2
DEBUG - 2025-10-24 14:42:04 --> === MENGAMBIL PINJAMAN LUNAS DARI 3 TABEL ===
DEBUG - 2025-10-24 14:42:04 --> Data Qard lunas: 0
DEBUG - 2025-10-24 14:42:04 --> Data Murabahah lunas: 1
DEBUG - 2025-10-24 14:42:04 --> Data Mudharabah lunas: 0
DEBUG - 2025-10-24 14:42:04 --> Total semua pinjaman lunas: 1
DEBUG - 2025-10-24 14:42:08 --> Session: Class initialized using 'CodeIgniter\Session\Handlers\FileHandler' driver.
DEBUG - 2025-10-24 14:43:00 --> Session: Class initialized using 'CodeIgniter\Session\Handlers\FileHandler' driver.
DEBUG - 2025-10-24 14:43:01 --> Session: Class initialized using 'CodeIgniter\Session\Handlers\FileHandler' driver.
DEBUG - 2025-10-24 14:43:06 --> Session: Class initialized using 'CodeIgniter\Session\Handlers\FileHandler' driver.
DEBUG - 2025-10-24 14:44:59 --> Session: Class initialized using 'CodeIgniter\Session\Handlers\FileHandler' driver.
DEBUG - 2025-10-24 14:45:36 --> Session: Class initialized using 'CodeIgniter\Session\Handlers\FileHandler' driver.
DEBUG - 2025-10-24 14:45:45 --> Session: Class initialized using 'CodeIgniter\Session\Handlers\FileHandler' driver.
DEBUG - 2025-10-24 14:45:49 --> Session: Class initialized using 'CodeIgniter\Session\Handlers\FileHandler' driver.
DEBUG - 2025-10-24 14:48:55 --> Session: Class initialized using 'CodeIgniter\Session\Handlers\FileHandler' driver.
DEBUG - 2025-10-24 14:54:23 --> Session: Class initialized using 'CodeIgniter\Session\Handlers\FileHandler' driver.
DEBUG - 2025-10-24 14:54:34 --> Session: Class initialized using 'CodeIgniter\Session\Handlers\FileHandler' driver.
DEBUG - 2025-10-24 14:54:40 --> Session: Class initialized using 'CodeIgniter\Session\Handlers\FileHandler' driver.
DEBUG - 2025-10-24 14:54:42 --> Session: Class initialized using 'CodeIgniter\Session\Handlers\FileHandler' driver.
DEBUG - 2025-10-24 14:54:44 --> Session: Class initialized using 'CodeIgniter\Session\Handlers\FileHandler' driver.
DEBUG - 2025-10-24 14:54:44 --> Session: Class initialized using 'CodeIgniter\Session\Handlers\FileHandler' driver.
DEBUG - 2025-10-24 14:54:47 --> Session: Class initialized using 'CodeIgniter\Session\Handlers\FileHandler' driver.
DEBUG - 2025-10-24 14:54:54 --> Session: Class initialized using 'CodeIgniter\Session\Handlers\FileHandler' driver.
DEBUG - 2025-10-24 14:54:54 --> Session: Class initialized using 'CodeIgniter\Session\Handlers\FileHandler' driver.
DEBUG - 2025-10-24 14:54:56 --> Session: Class initialized using 'CodeIgniter\Session\Handlers\FileHandler' driver.
DEBUG - 2025-10-24 14:55:06 --> Session: Class initialized using 'CodeIgniter\Session\Handlers\FileHandler' driver.
DEBUG - 2025-10-24 14:55:08 --> Session: Class initialized using 'CodeIgniter\Session\Handlers\FileHandler' driver.
DEBUG - 2025-10-24 14:56:36 --> Session: Class initialized using 'CodeIgniter\Session\Handlers\FileHandler' driver.
DEBUG - 2025-10-24 15:07:29 --> Session: Class initialized using 'CodeIgniter\Session\Handlers\FileHandler' driver.
ERROR - 2025-10-24 15:07:29 --> mysqli_sql_exception: Unknown column 'id_user' in 'where clause' in C:\Users\PTDRa\Documents\PKL\koperasi 3\system\Database\MySQLi\Connection.php:327
Stack trace:
#0 C:\Users\PTDRa\Documents\PKL\koperasi 3\system\Database\MySQLi\Connection.php(327): mysqli->query('SELECT *\nFROM `...', 0)
#1 C:\Users\PTDRa\Documents\PKL\koperasi 3\system\Database\BaseConnection.php(729): CodeIgniter\Database\MySQLi\Connection->execute('SELECT *\nFROM `...')
#2 C:\Users\PTDRa\Documents\PKL\koperasi 3\system\Database\BaseConnection.php(646): CodeIgniter\Database\BaseConnection->simpleQuery('SELECT *\nFROM `...')
#3 C:\Users\PTDRa\Documents\PKL\koperasi 3\system\Database\BaseBuilder.php(1649): CodeIgniter\Database\BaseConnection->query('SELECT *\nFROM `...', Array, false)
#4 C:\Users\PTDRa\Documents\PKL\koperasi 3\system\Model.php(330): CodeIgniter\Database\BaseBuilder->get()
#5 C:\Users\PTDRa\Documents\PKL\koperasi 3\system\BaseModel.php(715): CodeIgniter\Model->doFirst()
#6 C:\Users\PTDRa\Documents\PKL\koperasi 3\app\Controllers\Pinjaman.php(23): CodeIgniter\BaseModel->first()
#7 C:\Users\PTDRa\Documents\PKL\koperasi 3\system\CodeIgniter.php(933): App\Controllers\Pinjaman->index()
#8 C:\Users\PTDRa\Documents\PKL\koperasi 3\system\CodeIgniter.php(507): CodeIgniter\CodeIgniter->runController(Object(App\Controllers\Pinjaman))
#9 C:\Users\PTDRa\Documents\PKL\koperasi 3\system\CodeIgniter.php(354): CodeIgniter\CodeIgniter->handleRequest(NULL, Object(Config\Cache), false)
#10 C:\Users\PTDRa\Documents\PKL\koperasi 3\system\Boot.php(363): CodeIgniter\CodeIgniter->run()
#11 C:\Users\PTDRa\Documents\PKL\koperasi 3\system\Boot.php(68): CodeIgniter\Boot::runCodeIgniter(Object(CodeIgniter\CodeIgniter))
#12 C:\Users\PTDRa\Documents\PKL\koperasi 3\public\index.php(59): CodeIgniter\Boot::bootWeb(Object(Config\Paths))
#13 C:\Users\PTDRa\Documents\PKL\koperasi 3\system\rewrite.php(44): require_once('C:\\Users\\PTDRa\\...')
#14 {main}
CRITICAL - 2025-10-24 15:07:29 --> CodeIgniter\Database\Exceptions\DatabaseException: Unknown column 'id_user' in 'where clause'
[Method: GET, Route: anggota/pinjaman]
in SYSTEMPATH\Database\BaseConnection.php on line 684.
 1 SYSTEMPATH\Database\BaseBuilder.php(1649): CodeIgniter\Database\BaseConnection->query('SELECT *
FROM `anggota`
WHERE `id_user` = :id_user:
 LIMIT 1', [...], false)
 2 SYSTEMPATH\Model.php(330): CodeIgniter\Database\BaseBuilder->get()
 3 SYSTEMPATH\BaseModel.php(715): CodeIgniter\Model->doFirst()
 4 APPPATH\Controllers\Pinjaman.php(23): CodeIgniter\BaseModel->first()
 5 SYSTEMPATH\CodeIgniter.php(933): App\Controllers\Pinjaman->index()
 6 SYSTEMPATH\CodeIgniter.php(507): CodeIgniter\CodeIgniter->runController(Object(App\Controllers\Pinjaman))
 7 SYSTEMPATH\CodeIgniter.php(354): CodeIgniter\CodeIgniter->handleRequest(null, Object(Config\Cache), false)
 8 SYSTEMPATH\Boot.php(363): CodeIgniter\CodeIgniter->run()
 9 SYSTEMPATH\Boot.php(68): CodeIgniter\Boot::runCodeIgniter(Object(CodeIgniter\CodeIgniter))
10 FCPATH\index.php(59): CodeIgniter\Boot::bootWeb(Object(Config\Paths))
11 SYSTEMPATH\rewrite.php(44): require_once('C:\\Users\\PTDRa\\Documents\\PKL\\koperasi 3\\public\\index.php')
CRITICAL - 2025-10-24 15:07:29 --> [Caused by] CodeIgniter\Database\Exceptions\DatabaseException: Unknown column 'id_user' in 'where clause'
in SYSTEMPATH\Database\MySQLi\Connection.php on line 332.
 1 SYSTEMPATH\Database\BaseConnection.php(729): CodeIgniter\Database\MySQLi\Connection->execute('SELECT *
FROM `anggota`
WHERE `id_user` = \'40\'
 LIMIT 1')
 2 SYSTEMPATH\Database\BaseConnection.php(646): CodeIgniter\Database\BaseConnection->simpleQuery('SELECT *
FROM `anggota`
WHERE `id_user` = \'40\'
 LIMIT 1')
 3 SYSTEMPATH\Database\BaseBuilder.php(1649): CodeIgniter\Database\BaseConnection->query('SELECT *
FROM `anggota`
WHERE `id_user` = :id_user:
 LIMIT 1', [...], false)
 4 SYSTEMPATH\Model.php(330): CodeIgniter\Database\BaseBuilder->get()
 5 SYSTEMPATH\BaseModel.php(715): CodeIgniter\Model->doFirst()
 6 APPPATH\Controllers\Pinjaman.php(23): CodeIgniter\BaseModel->first()
 7 SYSTEMPATH\CodeIgniter.php(933): App\Controllers\Pinjaman->index()
 8 SYSTEMPATH\CodeIgniter.php(507): CodeIgniter\CodeIgniter->runController(Object(App\Controllers\Pinjaman))
 9 SYSTEMPATH\CodeIgniter.php(354): CodeIgniter\CodeIgniter->handleRequest(null, Object(Config\Cache), false)
10 SYSTEMPATH\Boot.php(363): CodeIgniter\CodeIgniter->run()
11 SYSTEMPATH\Boot.php(68): CodeIgniter\Boot::runCodeIgniter(Object(CodeIgniter\CodeIgniter))
12 FCPATH\index.php(59): CodeIgniter\Boot::bootWeb(Object(Config\Paths))
13 SYSTEMPATH\rewrite.php(44): require_once('C:\\Users\\PTDRa\\Documents\\PKL\\koperasi 3\\public\\index.php')
CRITICAL - 2025-10-24 15:07:29 --> [Caused by] mysqli_sql_exception: Unknown column 'id_user' in 'where clause'
in SYSTEMPATH\Database\MySQLi\Connection.php on line 327.
 1 SYSTEMPATH\Database\MySQLi\Connection.php(327): mysqli->query('SELECT *
FROM `anggota`
WHERE `id_user` = \'40\'
 LIMIT 1', 0)
 2 SYSTEMPATH\Database\BaseConnection.php(729): CodeIgniter\Database\MySQLi\Connection->execute('SELECT *
FROM `anggota`
WHERE `id_user` = \'40\'
 LIMIT 1')
 3 SYSTEMPATH\Database\BaseConnection.php(646): CodeIgniter\Database\BaseConnection->simpleQuery('SELECT *
FROM `anggota`
WHERE `id_user` = \'40\'
 LIMIT 1')
 4 SYSTEMPATH\Database\BaseBuilder.php(1649): CodeIgniter\Database\BaseConnection->query('SELECT *
FROM `anggota`
WHERE `id_user` = :id_user:
 LIMIT 1', [...], false)
 5 SYSTEMPATH\Model.php(330): CodeIgniter\Database\BaseBuilder->get()
 6 SYSTEMPATH\BaseModel.php(715): CodeIgniter\Model->doFirst()
 7 APPPATH\Controllers\Pinjaman.php(23): CodeIgniter\BaseModel->first()
 8 SYSTEMPATH\CodeIgniter.php(933): App\Controllers\Pinjaman->index()
 9 SYSTEMPATH\CodeIgniter.php(507): CodeIgniter\CodeIgniter->runController(Object(App\Controllers\Pinjaman))
10 SYSTEMPATH\CodeIgniter.php(354): CodeIgniter\CodeIgniter->handleRequest(null, Object(Config\Cache), false)
11 SYSTEMPATH\Boot.php(363): CodeIgniter\CodeIgniter->run()
12 SYSTEMPATH\Boot.php(68): CodeIgniter\Boot::runCodeIgniter(Object(CodeIgniter\CodeIgniter))
13 FCPATH\index.php(59): CodeIgniter\Boot::bootWeb(Object(Config\Paths))
14 SYSTEMPATH\rewrite.php(44): require_once('C:\\Users\\PTDRa\\Documents\\PKL\\koperasi 3\\public\\index.php')
DEBUG - 2025-10-24 15:11:14 --> Session: Class initialized using 'CodeIgniter\Session\Handlers\FileHandler' driver.
DEBUG - 2025-10-24 15:11:20 --> Session: Class initialized using 'CodeIgniter\Session\Handlers\FileHandler' driver.
DEBUG - 2025-10-24 15:11:23 --> Session: Class initialized using 'CodeIgniter\Session\Handlers\FileHandler' driver.
DEBUG - 2025-10-24 15:11:30 --> Session: Class initialized using 'CodeIgniter\Session\Handlers\FileHandler' driver.
DEBUG - 2025-10-24 15:11:31 --> Session: Class initialized using 'CodeIgniter\Session\Handlers\FileHandler' driver.
DEBUG - 2025-10-24 15:11:34 --> Session: Class initialized using 'CodeIgniter\Session\Handlers\FileHandler' driver.
DEBUG - 2025-10-24 15:12:16 --> Session: Class initialized using 'CodeIgniter\Session\Handlers\FileHandler' driver.
DEBUG - 2025-10-24 15:12:16 --> === MENGAMBIL PINJAMAN AKTIF DARI 3 TABEL ===
DEBUG - 2025-10-24 15:12:16 --> ID Anggota: 40
DEBUG - 2025-10-24 15:12:16 --> Qard Detail - ID: 21, Pinjam: 1000000.00, Terbayar: 0.00, Tenor: 10
DEBUG - 2025-10-24 15:12:16 --> hitungAngsuranBerjalanFix: Terbayar=0, Pinjam=1000000, Tenor=10
DEBUG - 2025-10-24 15:12:16 --> Qard Data - Angsuran Berjalan: 0, Angsuran per Bulan: 100000, Bisa Bayar: Ya
DEBUG - 2025-10-24 15:12:16 --> hitungAngsuranBerjalanFix: Terbayar=0, Pinjam=100000, Tenor=3
DEBUG - 2025-10-24 15:12:16 --> Total semua pinjaman aktif: 2
DEBUG - 2025-10-24 15:12:16 --> === MENGAMBIL PINJAMAN LUNAS DARI 3 TABEL ===
DEBUG - 2025-10-24 15:12:16 --> Data Qard lunas: 0
DEBUG - 2025-10-24 15:12:16 --> Data Murabahah lunas: 1
DEBUG - 2025-10-24 15:12:16 --> Data Mudharabah lunas: 0
DEBUG - 2025-10-24 15:12:16 --> Total semua pinjaman lunas: 1
DEBUG - 2025-10-24 15:12:20 --> Session: Class initialized using 'CodeIgniter\Session\Handlers\FileHandler' driver.
DEBUG - 2025-10-24 15:12:20 --> === MENGAMBIL PINJAMAN AKTIF DARI 3 TABEL ===
DEBUG - 2025-10-24 15:12:20 --> ID Anggota: 40
DEBUG - 2025-10-24 15:12:20 --> Qard Detail - ID: 21, Pinjam: 1000000.00, Terbayar: 0.00, Tenor: 10
DEBUG - 2025-10-24 15:12:20 --> hitungAngsuranBerjalanFix: Terbayar=0, Pinjam=1000000, Tenor=10
DEBUG - 2025-10-24 15:12:20 --> Qard Data - Angsuran Berjalan: 0, Angsuran per Bulan: 100000, Bisa Bayar: Ya
DEBUG - 2025-10-24 15:12:20 --> hitungAngsuranBerjalanFix: Terbayar=0, Pinjam=100000, Tenor=3
DEBUG - 2025-10-24 15:12:20 --> Total semua pinjaman aktif: 2
DEBUG - 2025-10-24 15:12:20 --> === MENGAMBIL PINJAMAN LUNAS DARI 3 TABEL ===
DEBUG - 2025-10-24 15:12:20 --> Data Qard lunas: 0
DEBUG - 2025-10-24 15:12:20 --> Data Murabahah lunas: 1
DEBUG - 2025-10-24 15:12:20 --> Data Mudharabah lunas: 0
DEBUG - 2025-10-24 15:12:20 --> Total semua pinjaman lunas: 1
DEBUG - 2025-10-24 15:17:09 --> Session: Class initialized using 'CodeIgniter\Session\Handlers\FileHandler' driver.
DEBUG - 2025-10-24 15:17:09 --> === MENGAMBIL PINJAMAN AKTIF DARI 3 TABEL ===
DEBUG - 2025-10-24 15:17:09 --> ID Anggota: 40
DEBUG - 2025-10-24 15:17:09 --> Jumlah Qard aktif ditemukan: 1
DEBUG - 2025-10-24 15:17:09 --> Qard Detail - ID: 21, Pinjam: 1000000.00, Terbayar: 0.00, Tenor: 10, Status: aktif
DEBUG - 2025-10-24 15:17:09 --> hitungAngsuranBerjalanFix: Terbayar=0, Pinjam=1000000, Tenor=10
DEBUG - 2025-10-24 15:17:09 --> Qard Data - Angsuran Berjalan: 0, Angsuran per Bulan: 100000, Bisa Bayar: Ya, Angsuran Selanjutnya: 1
DEBUG - 2025-10-24 15:17:09 --> Jumlah Murabahah aktif ditemukan: 1
DEBUG - 2025-10-24 15:17:09 --> hitungAngsuranBerjalanFix: Terbayar=0, Pinjam=100000, Tenor=3
DEBUG - 2025-10-24 15:17:10 --> Jumlah Mudharabah aktif ditemukan: 0
DEBUG - 2025-10-24 15:17:10 --> Total semua pinjaman aktif: 2
DEBUG - 2025-10-24 15:17:10 --> === MENGAMBIL PINJAMAN LUNAS DARI 3 TABEL ===
DEBUG - 2025-10-24 15:17:10 --> Data Qard lunas: 0
DEBUG - 2025-10-24 15:17:10 --> Data Murabahah lunas: 1
DEBUG - 2025-10-24 15:17:10 --> Data Mudharabah lunas: 0
DEBUG - 2025-10-24 15:17:10 --> Total semua pinjaman lunas: 1
DEBUG - 2025-10-24 15:17:10 --> === MENGHITUNG SUMMARY CICILAN ===
DEBUG - 2025-10-24 15:17:10 --> Total pinjaman aktif: 2
DEBUG - 2025-10-24 15:17:10 --> Processing: qard - Pinjaman Al-Qord, Bisa Bayar: Ya
DEBUG - 2025-10-24 15:17:10 --> Jatuh tempo: 2025-11-17, Today: 2025-10-24
DEBUG - 2025-10-24 15:17:10 --> Jatuh tempo terdekat diupdate: 2025-11-17
DEBUG - 2025-10-24 15:17:10 --> Processing: murabahah - Pinjaman Murabahah, Bisa Bayar: Ya
DEBUG - 2025-10-24 15:17:10 --> Jatuh tempo: 2025-11-24, Today: 2025-10-24
DEBUG - 2025-10-24 15:17:10 --> Summary result: Array
(
    [total_pinjaman_aktif] => 2
    [total_angsuran_bulanan] => 133333.33333333
    [jatuh_tempo_terdekat] => 2025-11-17
    [total_qard] => 1000000
    [total_murabahah] => 100000
    [total_mudharabah] => 0
)

DEBUG - 2025-10-24 15:18:31 --> Session: Class initialized using 'CodeIgniter\Session\Handlers\FileHandler' driver.
DEBUG - 2025-10-24 15:18:31 --> === MENGAMBIL PINJAMAN AKTIF DARI 3 TABEL ===
DEBUG - 2025-10-24 15:18:31 --> ID Anggota: 40
DEBUG - 2025-10-24 15:18:31 --> Jumlah Qard aktif ditemukan: 1
DEBUG - 2025-10-24 15:18:31 --> Qard Detail - ID: 21, Pinjam: 1000000.00, Terbayar: 0.00, Tenor: 10, Status: aktif
DEBUG - 2025-10-24 15:18:31 --> hitungAngsuranBerjalanFix: Terbayar=0, Pinjam=1000000, Tenor=10
DEBUG - 2025-10-24 15:18:31 --> Qard Data - Angsuran Berjalan: 0, Angsuran per Bulan: 100000, Bisa Bayar: Ya, Angsuran Selanjutnya: 1
DEBUG - 2025-10-24 15:18:31 --> Jumlah Murabahah aktif ditemukan: 1
DEBUG - 2025-10-24 15:18:31 --> hitungAngsuranBerjalanFix: Terbayar=0, Pinjam=100000, Tenor=3
DEBUG - 2025-10-24 15:18:31 --> Jumlah Mudharabah aktif ditemukan: 0
DEBUG - 2025-10-24 15:18:31 --> Total semua pinjaman aktif: 2
DEBUG - 2025-10-24 15:18:31 --> === MENGAMBIL PINJAMAN LUNAS DARI 3 TABEL ===
DEBUG - 2025-10-24 15:18:31 --> Data Qard lunas: 0
DEBUG - 2025-10-24 15:18:31 --> Data Murabahah lunas: 1
DEBUG - 2025-10-24 15:18:31 --> Data Mudharabah lunas: 0
DEBUG - 2025-10-24 15:18:31 --> Total semua pinjaman lunas: 1
DEBUG - 2025-10-24 15:18:31 --> === MENGHITUNG SUMMARY CICILAN ===
DEBUG - 2025-10-24 15:18:31 --> Total pinjaman aktif: 2
DEBUG - 2025-10-24 15:18:31 --> Processing: qard - Pinjaman Al-Qord, Bisa Bayar: Ya
DEBUG - 2025-10-24 15:18:31 --> Jatuh tempo: 2025-11-17, Today: 2025-10-24
DEBUG - 2025-10-24 15:18:31 --> Jatuh tempo terdekat diupdate: 2025-11-17
DEBUG - 2025-10-24 15:18:31 --> Processing: murabahah - Pinjaman Murabahah, Bisa Bayar: Ya
DEBUG - 2025-10-24 15:18:31 --> Jatuh tempo: 2025-11-24, Today: 2025-10-24
DEBUG - 2025-10-24 15:18:31 --> Summary result: Array
(
    [total_pinjaman_aktif] => 2
    [total_angsuran_bulanan] => 133333.33333333
    [jatuh_tempo_terdekat] => 2025-11-17
    [total_qard] => 1000000
    [total_murabahah] => 100000
    [total_mudharabah] => 0
)

DEBUG - 2025-10-24 15:27:11 --> Session: Class initialized using 'CodeIgniter\Session\Handlers\FileHandler' driver.
DEBUG - 2025-10-24 15:27:11 --> === DEBUG DETAIL: MENGAMBIL PINJAMAN AKTIF ===
DEBUG - 2025-10-24 15:27:11 --> ID Anggota: 40
DEBUG - 2025-10-24 15:27:11 --> Jumlah Qard aktif ditemukan: 1
DEBUG - 2025-10-24 15:27:11 -->  DETAIL QARD:
DEBUG - 2025-10-24 15:27:11 -->   - ID: 21
DEBUG - 2025-10-24 15:27:11 -->   - Jumlah Pinjam: 1000000.00
DEBUG - 2025-10-24 15:27:11 -->   - Jumlah Terbayar: 0.00
DEBUG - 2025-10-24 15:27:11 -->   - Jumlah Angsuran: 10
DEBUG - 2025-10-24 15:27:11 -->   - Status: aktif
DEBUG - 2025-10-24 15:27:11 -->   - Tanggal: 2025-10-17
DEBUG - 2025-10-24 15:27:11 --> hitungAngsuranBerjalanFix: Terbayar=0, Pinjam=1000000, Tenor=10
DEBUG - 2025-10-24 15:27:11 -->   - Angsuran Berjalan: 0
DEBUG - 2025-10-24 15:27:11 -->   - Angsuran per Bulan: 100000
DEBUG - 2025-10-24 15:27:11 -->   - Bisa Bayar: YA 
DEBUG - 2025-10-24 15:27:11 --> Jumlah Murabahah aktif ditemukan: 1
DEBUG - 2025-10-24 15:27:11 -->  DETAIL MURABAHAH:
DEBUG - 2025-10-24 15:27:11 -->   - ID: 13
DEBUG - 2025-10-24 15:27:11 -->   - Jumlah Pinjam: 100000.00
DEBUG - 2025-10-24 15:27:11 -->   - Jumlah Terbayar: 0.00
DEBUG - 2025-10-24 15:27:11 -->   - Jumlah Angsuran: 3.00
DEBUG - 2025-10-24 15:27:11 --> hitungAngsuranBerjalanFix: Terbayar=0, Pinjam=100000, Tenor=3
DEBUG - 2025-10-24 15:27:11 -->   - Angsuran Berjalan: 0
DEBUG - 2025-10-24 15:27:11 -->   - Bisa Bayar: YA 
DEBUG - 2025-10-24 15:27:11 --> Jumlah Mudharabah aktif ditemukan: 0
DEBUG - 2025-10-24 15:27:11 --> === TOTAL SEMUA PINJAMAN AKTIF: 2 ===
DEBUG - 2025-10-24 15:27:11 --> === MENGAMBIL PINJAMAN LUNAS DARI 3 TABEL ===
DEBUG - 2025-10-24 15:27:11 --> Data Qard lunas: 0
DEBUG - 2025-10-24 15:27:11 --> Data Murabahah lunas: 1
DEBUG - 2025-10-24 15:27:11 --> Data Mudharabah lunas: 0
DEBUG - 2025-10-24 15:27:11 --> Total semua pinjaman lunas: 1
DEBUG - 2025-10-24 15:27:11 --> === MENGHITUNG SUMMARY CICILAN ===
DEBUG - 2025-10-24 15:27:11 --> Total pinjaman aktif: 2
DEBUG - 2025-10-24 15:27:11 --> Processing: qard - Pinjaman Al-Qord, Bisa Bayar: Ya
DEBUG - 2025-10-24 15:27:11 --> Jatuh tempo: 2025-11-17, Today: 2025-10-24
DEBUG - 2025-10-24 15:27:11 --> Jatuh tempo terdekat diupdate: 2025-11-17
DEBUG - 2025-10-24 15:27:11 --> Processing: murabahah - Pinjaman Murabahah, Bisa Bayar: Ya
DEBUG - 2025-10-24 15:27:11 --> Jatuh tempo: 2025-11-24, Today: 2025-10-24
DEBUG - 2025-10-24 15:27:11 --> Summary result: Array
(
    [total_pinjaman_aktif] => 2
    [total_angsuran_bulanan] => 133333.33333333
    [jatuh_tempo_terdekat] => 2025-11-17
    [total_qard] => 1000000
    [total_murabahah] => 100000
    [total_mudharabah] => 0
)

DEBUG - 2025-10-24 15:27:59 --> Session: Class initialized using 'CodeIgniter\Session\Handlers\FileHandler' driver.
DEBUG - 2025-10-24 15:27:59 --> === DEBUG DETAIL: MENGAMBIL PINJAMAN AKTIF ===
DEBUG - 2025-10-24 15:27:59 --> ID Anggota: 40
DEBUG - 2025-10-24 15:27:59 --> Jumlah Qard aktif ditemukan: 1
DEBUG - 2025-10-24 15:27:59 -->  DETAIL QARD:
DEBUG - 2025-10-24 15:27:59 -->   - ID: 21
DEBUG - 2025-10-24 15:27:59 -->   - Jumlah Pinjam: 1000000.00
DEBUG - 2025-10-24 15:27:59 -->   - Jumlah Terbayar: 0.00
DEBUG - 2025-10-24 15:27:59 -->   - Jumlah Angsuran: 10
DEBUG - 2025-10-24 15:27:59 -->   - Status: aktif
DEBUG - 2025-10-24 15:27:59 -->   - Tanggal: 2025-10-17
DEBUG - 2025-10-24 15:27:59 --> hitungAngsuranBerjalanFix: Terbayar=0, Pinjam=1000000, Tenor=10
DEBUG - 2025-10-24 15:27:59 -->   - Angsuran Berjalan: 0
DEBUG - 2025-10-24 15:27:59 -->   - Angsuran per Bulan: 100000
DEBUG - 2025-10-24 15:27:59 -->   - Bisa Bayar: YA 
DEBUG - 2025-10-24 15:27:59 --> Jumlah Murabahah aktif ditemukan: 1
DEBUG - 2025-10-24 15:27:59 -->  DETAIL MURABAHAH:
DEBUG - 2025-10-24 15:27:59 -->   - ID: 13
DEBUG - 2025-10-24 15:27:59 -->   - Jumlah Pinjam: 100000.00
DEBUG - 2025-10-24 15:27:59 -->   - Jumlah Terbayar: 0.00
DEBUG - 2025-10-24 15:27:59 -->   - Jumlah Angsuran: 3.00
DEBUG - 2025-10-24 15:27:59 --> hitungAngsuranBerjalanFix: Terbayar=0, Pinjam=100000, Tenor=3
DEBUG - 2025-10-24 15:27:59 -->   - Angsuran Berjalan: 0
DEBUG - 2025-10-24 15:27:59 -->   - Bisa Bayar: YA 
DEBUG - 2025-10-24 15:27:59 --> Jumlah Mudharabah aktif ditemukan: 0
DEBUG - 2025-10-24 15:27:59 --> === TOTAL SEMUA PINJAMAN AKTIF: 2 ===
DEBUG - 2025-10-24 15:27:59 --> === MENGAMBIL PINJAMAN LUNAS DARI 3 TABEL ===
DEBUG - 2025-10-24 15:27:59 --> Data Qard lunas: 0
DEBUG - 2025-10-24 15:27:59 --> Data Murabahah lunas: 1
DEBUG - 2025-10-24 15:27:59 --> Data Mudharabah lunas: 0
DEBUG - 2025-10-24 15:27:59 --> Total semua pinjaman lunas: 1
DEBUG - 2025-10-24 15:27:59 --> === MENGHITUNG SUMMARY CICILAN ===
DEBUG - 2025-10-24 15:27:59 --> Total pinjaman aktif: 2
DEBUG - 2025-10-24 15:27:59 --> Processing: qard - Pinjaman Al-Qord, Bisa Bayar: Ya
DEBUG - 2025-10-24 15:27:59 --> Jatuh tempo: 2025-11-17, Today: 2025-10-24
DEBUG - 2025-10-24 15:27:59 --> Jatuh tempo terdekat diupdate: 2025-11-17
DEBUG - 2025-10-24 15:27:59 --> Processing: murabahah - Pinjaman Murabahah, Bisa Bayar: Ya
DEBUG - 2025-10-24 15:27:59 --> Jatuh tempo: 2025-11-24, Today: 2025-10-24
DEBUG - 2025-10-24 15:27:59 --> Summary result: Array
(
    [total_pinjaman_aktif] => 2
    [total_angsuran_bulanan] => 133333.33333333
    [jatuh_tempo_terdekat] => 2025-11-17
    [total_qard] => 1000000
    [total_murabahah] => 100000
    [total_mudharabah] => 0
)

DEBUG - 2025-10-24 15:41:56 --> Session: Class initialized using 'CodeIgniter\Session\Handlers\FileHandler' driver.
DEBUG - 2025-10-24 15:42:01 --> Session: Class initialized using 'CodeIgniter\Session\Handlers\FileHandler' driver.
DEBUG - 2025-10-24 15:42:07 --> Session: Class initialized using 'CodeIgniter\Session\Handlers\FileHandler' driver.
DEBUG - 2025-10-24 15:42:16 --> Session: Class initialized using 'CodeIgniter\Session\Handlers\FileHandler' driver.
DEBUG - 2025-10-24 15:42:25 --> Session: Class initialized using 'CodeIgniter\Session\Handlers\FileHandler' driver.
DEBUG - 2025-10-24 15:42:25 --> === DEBUG DETAIL: MENGAMBIL PINJAMAN AKTIF ===
DEBUG - 2025-10-24 15:42:25 --> ID Anggota: 40
DEBUG - 2025-10-24 15:42:25 --> Jumlah Qard aktif ditemukan: 1
DEBUG - 2025-10-24 15:42:25 -->  DETAIL QARD:
DEBUG - 2025-10-24 15:42:25 -->   - ID: 21
DEBUG - 2025-10-24 15:42:25 -->   - Jumlah Pinjam: 1000000.00
DEBUG - 2025-10-24 15:42:25 -->   - Jumlah Terbayar: 0.00
DEBUG - 2025-10-24 15:42:25 -->   - Jumlah Angsuran: 10
DEBUG - 2025-10-24 15:42:25 -->   - Status: aktif
DEBUG - 2025-10-24 15:42:25 -->   - Tanggal: 2025-10-17
DEBUG - 2025-10-24 15:42:25 --> hitungAngsuranBerjalanFix: Terbayar=0, Pinjam=1000000, Tenor=10
DEBUG - 2025-10-24 15:42:25 -->   - Angsuran Berjalan: 0
DEBUG - 2025-10-24 15:42:25 -->   - Angsuran per Bulan: 100000
DEBUG - 2025-10-24 15:42:25 -->   - Bisa Bayar: YA 
DEBUG - 2025-10-24 15:42:25 --> Jumlah Murabahah aktif ditemukan: 1
DEBUG - 2025-10-24 15:42:25 -->  DETAIL MURABAHAH:
DEBUG - 2025-10-24 15:42:25 -->   - ID: 13
DEBUG - 2025-10-24 15:42:25 -->   - Jumlah Pinjam: 100000.00
DEBUG - 2025-10-24 15:42:25 -->   - Jumlah Terbayar: 0.00
DEBUG - 2025-10-24 15:42:25 -->   - Jumlah Angsuran: 3.00
DEBUG - 2025-10-24 15:42:25 --> hitungAngsuranBerjalanFix: Terbayar=0, Pinjam=100000, Tenor=3
DEBUG - 2025-10-24 15:42:25 -->   - Angsuran Berjalan: 0
DEBUG - 2025-10-24 15:42:25 -->   - Bisa Bayar: YA 
DEBUG - 2025-10-24 15:42:25 --> Jumlah Mudharabah aktif ditemukan: 0
DEBUG - 2025-10-24 15:42:25 --> === TOTAL SEMUA PINJAMAN AKTIF: 2 ===
DEBUG - 2025-10-24 15:42:25 --> === MENGAMBIL PINJAMAN LUNAS DARI 3 TABEL ===
DEBUG - 2025-10-24 15:42:25 --> Data Qard lunas: 0
DEBUG - 2025-10-24 15:42:25 --> Data Murabahah lunas: 1
DEBUG - 2025-10-24 15:42:25 --> Data Mudharabah lunas: 0
DEBUG - 2025-10-24 15:42:25 --> Total semua pinjaman lunas: 1
DEBUG - 2025-10-24 15:42:25 --> === MENGHITUNG SUMMARY CICILAN ===
DEBUG - 2025-10-24 15:42:25 --> Total pinjaman aktif: 2
DEBUG - 2025-10-24 15:42:25 --> Processing: qard - Pinjaman Al-Qord, Bisa Bayar: Ya
DEBUG - 2025-10-24 15:42:25 --> Jatuh tempo: 2025-11-17, Today: 2025-10-24
DEBUG - 2025-10-24 15:42:25 --> Jatuh tempo terdekat diupdate: 2025-11-17
DEBUG - 2025-10-24 15:42:25 --> Processing: murabahah - Pinjaman Murabahah, Bisa Bayar: Ya
DEBUG - 2025-10-24 15:42:25 --> Jatuh tempo: 2025-11-24, Today: 2025-10-24
DEBUG - 2025-10-24 15:42:25 --> Summary result: Array
(
    [total_pinjaman_aktif] => 2
    [total_angsuran_bulanan] => 133333.33333333
    [jatuh_tempo_terdekat] => 2025-11-17
    [total_qard] => 1000000
    [total_murabahah] => 100000
    [total_mudharabah] => 0
)

