DEBUG - 2025-09-19 13:54:28 --> Session: Class initialized using 'CodeIgniter\Session\Handlers\FileHandler' driver.
DEBUG - 2025-09-19 13:54:42 --> Session: Class initialized using 'CodeIgniter\Session\Handlers\FileHandler' driver.
DEBUG - 2025-09-19 13:54:54 --> Session: Class initialized using 'CodeIgniter\Session\Handlers\FileHandler' driver.
DEBUG - 2025-09-19 13:54:58 --> Session: Class initialized using 'CodeIgniter\Session\Handlers\FileHandler' driver.
DEBUG - 2025-09-19 13:55:12 --> Session: Class initialized using 'CodeIgniter\Session\Handlers\FileHandler' driver.
DEBUG - 2025-09-19 13:55:15 --> Session: Class initialized using 'CodeIgniter\Session\Handlers\FileHandler' driver.
DEBUG - 2025-09-19 13:55:22 --> Session: Class initialized using 'CodeIgniter\Session\Handlers\FileHandler' driver.
DEBUG - 2025-09-19 13:55:22 --> Session: Class initialized using 'CodeIgniter\Session\Handlers\FileHandler' driver.
DEBUG - 2025-09-19 13:55:25 --> Session: Class initialized using 'CodeIgniter\Session\Handlers\FileHandler' driver.
DEBUG - 2025-09-19 13:55:35 --> Session: Class initialized using 'CodeIgniter\Session\Handlers\FileHandler' driver.
DEBUG - 2025-09-19 13:55:35 --> Session: Class initialized using 'CodeIgniter\Session\Handlers\FileHandler' driver.
DEBUG - 2025-09-19 13:55:38 --> Session: Class initialized using 'CodeIgniter\Session\Handlers\FileHandler' driver.
DEBUG - 2025-09-19 13:55:40 --> Session: Class initialized using 'CodeIgniter\Session\Handlers\FileHandler' driver.
CRITICAL - 2025-09-19 13:55:40 --> ErrorException: Undefined array key "nama_lengkap"
[Method: GET, Route: admin/get-simpanan-list]
in APPPATH\Controllers\AdminDashboard.php on line 229.
 1 APPPATH\Controllers\AdminDashboard.php(229): CodeIgniter\Debug\Exceptions->errorHandler(2, 'Undefined array key "nama_lengkap"', 'C:\\Users\\PTDRa\\Documents\\PKL\\koperasi 3\\app\\Controllers\\AdminDashboard.php', 229)
 2 SYSTEMPATH\CodeIgniter.php(933): App\Controllers\AdminDashboard->getSimpananList()
 3 SYSTEMPATH\CodeIgniter.php(507): CodeIgniter\CodeIgniter->runController(Object(App\Controllers\AdminDashboard))
 4 SYSTEMPATH\CodeIgniter.php(354): CodeIgniter\CodeIgniter->handleRequest(null, Object(Config\Cache), false)
 5 SYSTEMPATH\Boot.php(363): CodeIgniter\CodeIgniter->run()
 6 SYSTEMPATH\Boot.php(68): CodeIgniter\Boot::runCodeIgniter(Object(CodeIgniter\CodeIgniter))
 7 FCPATH\index.php(59): CodeIgniter\Boot::bootWeb(Object(Config\Paths))
 8 SYSTEMPATH\rewrite.php(44): require_once('C:\\Users\\PTDRa\\Documents\\PKL\\koperasi 3\\public\\index.php')
DEBUG - 2025-09-19 13:55:48 --> Session: Class initialized using 'CodeIgniter\Session\Handlers\FileHandler' driver.
DEBUG - 2025-09-19 13:55:53 --> Session: Class initialized using 'CodeIgniter\Session\Handlers\FileHandler' driver.
CRITICAL - 2025-09-19 13:55:53 --> ErrorException: Undefined array key "nama_lengkap"
[Method: GET, Route: admin/get-simpanan-list]
in APPPATH\Controllers\AdminDashboard.php on line 256.
 1 APPPATH\Controllers\AdminDashboard.php(256): CodeIgniter\Debug\Exceptions->errorHandler(2, 'Undefined array key "nama_lengkap"', 'C:\\Users\\PTDRa\\Documents\\PKL\\koperasi 3\\app\\Controllers\\AdminDashboard.php', 256)
 2 SYSTEMPATH\CodeIgniter.php(933): App\Controllers\AdminDashboard->getSimpananList()
 3 SYSTEMPATH\CodeIgniter.php(507): CodeIgniter\CodeIgniter->runController(Object(App\Controllers\AdminDashboard))
 4 SYSTEMPATH\CodeIgniter.php(354): CodeIgniter\CodeIgniter->handleRequest(null, Object(Config\Cache), false)
 5 SYSTEMPATH\Boot.php(363): CodeIgniter\CodeIgniter->run()
 6 SYSTEMPATH\Boot.php(68): CodeIgniter\Boot::runCodeIgniter(Object(CodeIgniter\CodeIgniter))
 7 FCPATH\index.php(59): CodeIgniter\Boot::bootWeb(Object(Config\Paths))
 8 SYSTEMPATH\rewrite.php(44): require_once('C:\\Users\\PTDRa\\Documents\\PKL\\koperasi 3\\public\\index.php')
DEBUG - 2025-09-19 13:56:17 --> Session: Class initialized using 'CodeIgniter\Session\Handlers\FileHandler' driver.
CRITICAL - 2025-09-19 13:56:17 --> ErrorException: Undefined array key "nama_lengkap"
[Method: GET, Route: admin/get-simpanan-list]
in APPPATH\Controllers\AdminDashboard.php on line 256.
 1 APPPATH\Controllers\AdminDashboard.php(256): CodeIgniter\Debug\Exceptions->errorHandler(2, 'Undefined array key "nama_lengkap"', 'C:\\Users\\PTDRa\\Documents\\PKL\\koperasi 3\\app\\Controllers\\AdminDashboard.php', 256)
 2 SYSTEMPATH\CodeIgniter.php(933): App\Controllers\AdminDashboard->getSimpananList()
 3 SYSTEMPATH\CodeIgniter.php(507): CodeIgniter\CodeIgniter->runController(Object(App\Controllers\AdminDashboard))
 4 SYSTEMPATH\CodeIgniter.php(354): CodeIgniter\CodeIgniter->handleRequest(null, Object(Config\Cache), false)
 5 SYSTEMPATH\Boot.php(363): CodeIgniter\CodeIgniter->run()
 6 SYSTEMPATH\Boot.php(68): CodeIgniter\Boot::runCodeIgniter(Object(CodeIgniter\CodeIgniter))
 7 FCPATH\index.php(59): CodeIgniter\Boot::bootWeb(Object(Config\Paths))
 8 SYSTEMPATH\rewrite.php(44): require_once('C:\\Users\\PTDRa\\Documents\\PKL\\koperasi 3\\public\\index.php')
DEBUG - 2025-09-19 13:56:18 --> Session: Class initialized using 'CodeIgniter\Session\Handlers\FileHandler' driver.
CRITICAL - 2025-09-19 13:56:18 --> ErrorException: Undefined array key "nama_lengkap"
[Method: GET, Route: admin/get-simpanan-list]
in APPPATH\Controllers\AdminDashboard.php on line 256.
 1 APPPATH\Controllers\AdminDashboard.php(256): CodeIgniter\Debug\Exceptions->errorHandler(2, 'Undefined array key "nama_lengkap"', 'C:\\Users\\PTDRa\\Documents\\PKL\\koperasi 3\\app\\Controllers\\AdminDashboard.php', 256)
 2 SYSTEMPATH\CodeIgniter.php(933): App\Controllers\AdminDashboard->getSimpananList()
 3 SYSTEMPATH\CodeIgniter.php(507): CodeIgniter\CodeIgniter->runController(Object(App\Controllers\AdminDashboard))
 4 SYSTEMPATH\CodeIgniter.php(354): CodeIgniter\CodeIgniter->handleRequest(null, Object(Config\Cache), false)
 5 SYSTEMPATH\Boot.php(363): CodeIgniter\CodeIgniter->run()
 6 SYSTEMPATH\Boot.php(68): CodeIgniter\Boot::runCodeIgniter(Object(CodeIgniter\CodeIgniter))
 7 FCPATH\index.php(59): CodeIgniter\Boot::bootWeb(Object(Config\Paths))
 8 SYSTEMPATH\rewrite.php(44): require_once('C:\\Users\\PTDRa\\Documents\\PKL\\koperasi 3\\public\\index.php')
DEBUG - 2025-09-19 13:56:18 --> Session: Class initialized using 'CodeIgniter\Session\Handlers\FileHandler' driver.
CRITICAL - 2025-09-19 13:56:18 --> ErrorException: Undefined array key "nama_lengkap"
[Method: GET, Route: admin/get-simpanan-list]
in APPPATH\Controllers\AdminDashboard.php on line 256.
 1 APPPATH\Controllers\AdminDashboard.php(256): CodeIgniter\Debug\Exceptions->errorHandler(2, 'Undefined array key "nama_lengkap"', 'C:\\Users\\PTDRa\\Documents\\PKL\\koperasi 3\\app\\Controllers\\AdminDashboard.php', 256)
 2 SYSTEMPATH\CodeIgniter.php(933): App\Controllers\AdminDashboard->getSimpananList()
 3 SYSTEMPATH\CodeIgniter.php(507): CodeIgniter\CodeIgniter->runController(Object(App\Controllers\AdminDashboard))
 4 SYSTEMPATH\CodeIgniter.php(354): CodeIgniter\CodeIgniter->handleRequest(null, Object(Config\Cache), false)
 5 SYSTEMPATH\Boot.php(363): CodeIgniter\CodeIgniter->run()
 6 SYSTEMPATH\Boot.php(68): CodeIgniter\Boot::runCodeIgniter(Object(CodeIgniter\CodeIgniter))
 7 FCPATH\index.php(59): CodeIgniter\Boot::bootWeb(Object(Config\Paths))
 8 SYSTEMPATH\rewrite.php(44): require_once('C:\\Users\\PTDRa\\Documents\\PKL\\koperasi 3\\public\\index.php')
DEBUG - 2025-09-19 13:56:18 --> Session: Class initialized using 'CodeIgniter\Session\Handlers\FileHandler' driver.
CRITICAL - 2025-09-19 13:56:18 --> ErrorException: Undefined array key "nama_lengkap"
[Method: GET, Route: admin/get-simpanan-list]
in APPPATH\Controllers\AdminDashboard.php on line 256.
 1 APPPATH\Controllers\AdminDashboard.php(256): CodeIgniter\Debug\Exceptions->errorHandler(2, 'Undefined array key "nama_lengkap"', 'C:\\Users\\PTDRa\\Documents\\PKL\\koperasi 3\\app\\Controllers\\AdminDashboard.php', 256)
 2 SYSTEMPATH\CodeIgniter.php(933): App\Controllers\AdminDashboard->getSimpananList()
 3 SYSTEMPATH\CodeIgniter.php(507): CodeIgniter\CodeIgniter->runController(Object(App\Controllers\AdminDashboard))
 4 SYSTEMPATH\CodeIgniter.php(354): CodeIgniter\CodeIgniter->handleRequest(null, Object(Config\Cache), false)
 5 SYSTEMPATH\Boot.php(363): CodeIgniter\CodeIgniter->run()
 6 SYSTEMPATH\Boot.php(68): CodeIgniter\Boot::runCodeIgniter(Object(CodeIgniter\CodeIgniter))
 7 FCPATH\index.php(59): CodeIgniter\Boot::bootWeb(Object(Config\Paths))
 8 SYSTEMPATH\rewrite.php(44): require_once('C:\\Users\\PTDRa\\Documents\\PKL\\koperasi 3\\public\\index.php')
DEBUG - 2025-09-19 13:56:19 --> Session: Class initialized using 'CodeIgniter\Session\Handlers\FileHandler' driver.
CRITICAL - 2025-09-19 13:56:19 --> ErrorException: Undefined array key "nama_lengkap"
[Method: GET, Route: admin/get-simpanan-list]
in APPPATH\Controllers\AdminDashboard.php on line 256.
 1 APPPATH\Controllers\AdminDashboard.php(256): CodeIgniter\Debug\Exceptions->errorHandler(2, 'Undefined array key "nama_lengkap"', 'C:\\Users\\PTDRa\\Documents\\PKL\\koperasi 3\\app\\Controllers\\AdminDashboard.php', 256)
 2 SYSTEMPATH\CodeIgniter.php(933): App\Controllers\AdminDashboard->getSimpananList()
 3 SYSTEMPATH\CodeIgniter.php(507): CodeIgniter\CodeIgniter->runController(Object(App\Controllers\AdminDashboard))
 4 SYSTEMPATH\CodeIgniter.php(354): CodeIgniter\CodeIgniter->handleRequest(null, Object(Config\Cache), false)
 5 SYSTEMPATH\Boot.php(363): CodeIgniter\CodeIgniter->run()
 6 SYSTEMPATH\Boot.php(68): CodeIgniter\Boot::runCodeIgniter(Object(CodeIgniter\CodeIgniter))
 7 FCPATH\index.php(59): CodeIgniter\Boot::bootWeb(Object(Config\Paths))
 8 SYSTEMPATH\rewrite.php(44): require_once('C:\\Users\\PTDRa\\Documents\\PKL\\koperasi 3\\public\\index.php')
DEBUG - 2025-09-19 13:56:20 --> Session: Class initialized using 'CodeIgniter\Session\Handlers\FileHandler' driver.
DEBUG - 2025-09-19 13:56:22 --> Session: Class initialized using 'CodeIgniter\Session\Handlers\FileHandler' driver.
CRITICAL - 2025-09-19 13:56:22 --> ErrorException: Undefined array key "nama_lengkap"
[Method: GET, Route: admin/get-simpanan-list]
in APPPATH\Controllers\AdminDashboard.php on line 256.
 1 APPPATH\Controllers\AdminDashboard.php(256): CodeIgniter\Debug\Exceptions->errorHandler(2, 'Undefined array key "nama_lengkap"', 'C:\\Users\\PTDRa\\Documents\\PKL\\koperasi 3\\app\\Controllers\\AdminDashboard.php', 256)
 2 SYSTEMPATH\CodeIgniter.php(933): App\Controllers\AdminDashboard->getSimpananList()
 3 SYSTEMPATH\CodeIgniter.php(507): CodeIgniter\CodeIgniter->runController(Object(App\Controllers\AdminDashboard))
 4 SYSTEMPATH\CodeIgniter.php(354): CodeIgniter\CodeIgniter->handleRequest(null, Object(Config\Cache), false)
 5 SYSTEMPATH\Boot.php(363): CodeIgniter\CodeIgniter->run()
 6 SYSTEMPATH\Boot.php(68): CodeIgniter\Boot::runCodeIgniter(Object(CodeIgniter\CodeIgniter))
 7 FCPATH\index.php(59): CodeIgniter\Boot::bootWeb(Object(Config\Paths))
 8 SYSTEMPATH\rewrite.php(44): require_once('C:\\Users\\PTDRa\\Documents\\PKL\\koperasi 3\\public\\index.php')
DEBUG - 2025-09-19 13:56:35 --> Session: Class initialized using 'CodeIgniter\Session\Handlers\FileHandler' driver.
DEBUG - 2025-09-19 13:56:36 --> Session: Class initialized using 'CodeIgniter\Session\Handlers\FileHandler' driver.
CRITICAL - 2025-09-19 13:56:36 --> ErrorException: Undefined array key "nama_lengkap"
[Method: GET, Route: admin/get-simpanan-list]
in APPPATH\Controllers\AdminDashboard.php on line 229.
 1 APPPATH\Controllers\AdminDashboard.php(229): CodeIgniter\Debug\Exceptions->errorHandler(2, 'Undefined array key "nama_lengkap"', 'C:\\Users\\PTDRa\\Documents\\PKL\\koperasi 3\\app\\Controllers\\AdminDashboard.php', 229)
 2 SYSTEMPATH\CodeIgniter.php(933): App\Controllers\AdminDashboard->getSimpananList()
 3 SYSTEMPATH\CodeIgniter.php(507): CodeIgniter\CodeIgniter->runController(Object(App\Controllers\AdminDashboard))
 4 SYSTEMPATH\CodeIgniter.php(354): CodeIgniter\CodeIgniter->handleRequest(null, Object(Config\Cache), false)
 5 SYSTEMPATH\Boot.php(363): CodeIgniter\CodeIgniter->run()
 6 SYSTEMPATH\Boot.php(68): CodeIgniter\Boot::runCodeIgniter(Object(CodeIgniter\CodeIgniter))
 7 FCPATH\index.php(59): CodeIgniter\Boot::bootWeb(Object(Config\Paths))
 8 SYSTEMPATH\rewrite.php(44): require_once('C:\\Users\\PTDRa\\Documents\\PKL\\koperasi 3\\public\\index.php')
DEBUG - 2025-09-19 14:00:22 --> Session: Class initialized using 'CodeIgniter\Session\Handlers\FileHandler' driver.
DEBUG - 2025-09-19 14:00:24 --> Session: Class initialized using 'CodeIgniter\Session\Handlers\FileHandler' driver.
ERROR - 2025-09-19 14:00:25 --> mysqli_sql_exception: Column 'status' in field list is ambiguous in C:\Users\PTDRa\Documents\PKL\koperasi 3\system\Database\MySQLi\Connection.php:327
Stack trace:
#0 C:\Users\PTDRa\Documents\PKL\koperasi 3\system\Database\MySQLi\Connection.php(327): mysqli->query('SELECT `tanggal...', 0)
#1 C:\Users\PTDRa\Documents\PKL\koperasi 3\system\Database\BaseConnection.php(729): CodeIgniter\Database\MySQLi\Connection->execute('SELECT `tanggal...')
#2 C:\Users\PTDRa\Documents\PKL\koperasi 3\system\Database\BaseConnection.php(646): CodeIgniter\Database\BaseConnection->simpleQuery('SELECT `tanggal...')
#3 C:\Users\PTDRa\Documents\PKL\koperasi 3\system\Database\BaseBuilder.php(1649): CodeIgniter\Database\BaseConnection->query('SELECT `tanggal...', Array, false)
#4 C:\Users\PTDRa\Documents\PKL\koperasi 3\app\Controllers\Simpanan.php(47): CodeIgniter\Database\BaseBuilder->get()
#5 C:\Users\PTDRa\Documents\PKL\koperasi 3\system\CodeIgniter.php(933): App\Controllers\Simpanan->getSimpananList()
#6 C:\Users\PTDRa\Documents\PKL\koperasi 3\system\CodeIgniter.php(507): CodeIgniter\CodeIgniter->runController(Object(App\Controllers\Simpanan))
#7 C:\Users\PTDRa\Documents\PKL\koperasi 3\system\CodeIgniter.php(354): CodeIgniter\CodeIgniter->handleRequest(NULL, Object(Config\Cache), false)
#8 C:\Users\PTDRa\Documents\PKL\koperasi 3\system\Boot.php(363): CodeIgniter\CodeIgniter->run()
#9 C:\Users\PTDRa\Documents\PKL\koperasi 3\system\Boot.php(68): CodeIgniter\Boot::runCodeIgniter(Object(CodeIgniter\CodeIgniter))
#10 C:\Users\PTDRa\Documents\PKL\koperasi 3\public\index.php(59): CodeIgniter\Boot::bootWeb(Object(Config\Paths))
#11 C:\Users\PTDRa\Documents\PKL\koperasi 3\system\rewrite.php(44): require_once('C:\\Users\\PTDRa\\...')
#12 {main}
CRITICAL - 2025-09-19 14:00:25 --> CodeIgniter\Database\Exceptions\DatabaseException: Column 'status' in field list is ambiguous
[Method: GET, Route: admin/get-simpanan-list]
in SYSTEMPATH\Database\BaseConnection.php on line 684.
 1 SYSTEMPATH\Database\BaseBuilder.php(1649): CodeIgniter\Database\BaseConnection->query('SELECT `tanggal`, \'pokok\' as jenis, `jumlah`, `status`, `anggota`.`nama_lengkap` as `anggota`
FROM `simpanan_pokok`
JOIN `anggota` ON `anggota`.`id` = `simpanan_pokok`.`id_anggota`', [], false)
 2 APPPATH\Controllers\Simpanan.php(47): CodeIgniter\Database\BaseBuilder->get()
 3 SYSTEMPATH\CodeIgniter.php(933): App\Controllers\Simpanan->getSimpananList()
 4 SYSTEMPATH\CodeIgniter.php(507): CodeIgniter\CodeIgniter->runController(Object(App\Controllers\Simpanan))
 5 SYSTEMPATH\CodeIgniter.php(354): CodeIgniter\CodeIgniter->handleRequest(null, Object(Config\Cache), false)
 6 SYSTEMPATH\Boot.php(363): CodeIgniter\CodeIgniter->run()
 7 SYSTEMPATH\Boot.php(68): CodeIgniter\Boot::runCodeIgniter(Object(CodeIgniter\CodeIgniter))
 8 FCPATH\index.php(59): CodeIgniter\Boot::bootWeb(Object(Config\Paths))
 9 SYSTEMPATH\rewrite.php(44): require_once('C:\\Users\\PTDRa\\Documents\\PKL\\koperasi 3\\public\\index.php')
CRITICAL - 2025-09-19 14:00:25 --> [Caused by] CodeIgniter\Database\Exceptions\DatabaseException: Column 'status' in field list is ambiguous
in SYSTEMPATH\Database\MySQLi\Connection.php on line 332.
 1 SYSTEMPATH\Database\BaseConnection.php(729): CodeIgniter\Database\MySQLi\Connection->execute('SELECT `tanggal`, \'pokok\' as jenis, `jumlah`, `status`, `anggota`.`nama_lengkap` as `anggota`
FROM `simpanan_pokok`
JOIN `anggota` ON `anggota`.`id` = `simpanan_pokok`.`id_anggota`')
 2 SYSTEMPATH\Database\BaseConnection.php(646): CodeIgniter\Database\BaseConnection->simpleQuery('SELECT `tanggal`, \'pokok\' as jenis, `jumlah`, `status`, `anggota`.`nama_lengkap` as `anggota`
FROM `simpanan_pokok`
JOIN `anggota` ON `anggota`.`id` = `simpanan_pokok`.`id_anggota`')
 3 SYSTEMPATH\Database\BaseBuilder.php(1649): CodeIgniter\Database\BaseConnection->query('SELECT `tanggal`, \'pokok\' as jenis, `jumlah`, `status`, `anggota`.`nama_lengkap` as `anggota`
FROM `simpanan_pokok`
JOIN `anggota` ON `anggota`.`id` = `simpanan_pokok`.`id_anggota`', [], false)
 4 APPPATH\Controllers\Simpanan.php(47): CodeIgniter\Database\BaseBuilder->get()
 5 SYSTEMPATH\CodeIgniter.php(933): App\Controllers\Simpanan->getSimpananList()
 6 SYSTEMPATH\CodeIgniter.php(507): CodeIgniter\CodeIgniter->runController(Object(App\Controllers\Simpanan))
 7 SYSTEMPATH\CodeIgniter.php(354): CodeIgniter\CodeIgniter->handleRequest(null, Object(Config\Cache), false)
 8 SYSTEMPATH\Boot.php(363): CodeIgniter\CodeIgniter->run()
 9 SYSTEMPATH\Boot.php(68): CodeIgniter\Boot::runCodeIgniter(Object(CodeIgniter\CodeIgniter))
10 FCPATH\index.php(59): CodeIgniter\Boot::bootWeb(Object(Config\Paths))
11 SYSTEMPATH\rewrite.php(44): require_once('C:\\Users\\PTDRa\\Documents\\PKL\\koperasi 3\\public\\index.php')
CRITICAL - 2025-09-19 14:00:25 --> [Caused by] mysqli_sql_exception: Column 'status' in field list is ambiguous
in SYSTEMPATH\Database\MySQLi\Connection.php on line 327.
 1 SYSTEMPATH\Database\MySQLi\Connection.php(327): mysqli->query('SELECT `tanggal`, \'pokok\' as jenis, `jumlah`, `status`, `anggota`.`nama_lengkap` as `anggota`
FROM `simpanan_pokok`
JOIN `anggota` ON `anggota`.`id` = `simpanan_pokok`.`id_anggota`', 0)
 2 SYSTEMPATH\Database\BaseConnection.php(729): CodeIgniter\Database\MySQLi\Connection->execute('SELECT `tanggal`, \'pokok\' as jenis, `jumlah`, `status`, `anggota`.`nama_lengkap` as `anggota`
FROM `simpanan_pokok`
JOIN `anggota` ON `anggota`.`id` = `simpanan_pokok`.`id_anggota`')
 3 SYSTEMPATH\Database\BaseConnection.php(646): CodeIgniter\Database\BaseConnection->simpleQuery('SELECT `tanggal`, \'pokok\' as jenis, `jumlah`, `status`, `anggota`.`nama_lengkap` as `anggota`
FROM `simpanan_pokok`
JOIN `anggota` ON `anggota`.`id` = `simpanan_pokok`.`id_anggota`')
 4 SYSTEMPATH\Database\BaseBuilder.php(1649): CodeIgniter\Database\BaseConnection->query('SELECT `tanggal`, \'pokok\' as jenis, `jumlah`, `status`, `anggota`.`nama_lengkap` as `anggota`
FROM `simpanan_pokok`
JOIN `anggota` ON `anggota`.`id` = `simpanan_pokok`.`id_anggota`', [], false)
 5 APPPATH\Controllers\Simpanan.php(47): CodeIgniter\Database\BaseBuilder->get()
 6 SYSTEMPATH\CodeIgniter.php(933): App\Controllers\Simpanan->getSimpananList()
 7 SYSTEMPATH\CodeIgniter.php(507): CodeIgniter\CodeIgniter->runController(Object(App\Controllers\Simpanan))
 8 SYSTEMPATH\CodeIgniter.php(354): CodeIgniter\CodeIgniter->handleRequest(null, Object(Config\Cache), false)
 9 SYSTEMPATH\Boot.php(363): CodeIgniter\CodeIgniter->run()
10 SYSTEMPATH\Boot.php(68): CodeIgniter\Boot::runCodeIgniter(Object(CodeIgniter\CodeIgniter))
11 FCPATH\index.php(59): CodeIgniter\Boot::bootWeb(Object(Config\Paths))
12 SYSTEMPATH\rewrite.php(44): require_once('C:\\Users\\PTDRa\\Documents\\PKL\\koperasi 3\\public\\index.php')
DEBUG - 2025-09-19 14:00:30 --> Session: Class initialized using 'CodeIgniter\Session\Handlers\FileHandler' driver.
DEBUG - 2025-09-19 14:00:31 --> Session: Class initialized using 'CodeIgniter\Session\Handlers\FileHandler' driver.
ERROR - 2025-09-19 14:00:31 --> mysqli_sql_exception: Column 'status' in field list is ambiguous in C:\Users\PTDRa\Documents\PKL\koperasi 3\system\Database\MySQLi\Connection.php:327
Stack trace:
#0 C:\Users\PTDRa\Documents\PKL\koperasi 3\system\Database\MySQLi\Connection.php(327): mysqli->query('SELECT `tanggal...', 0)
#1 C:\Users\PTDRa\Documents\PKL\koperasi 3\system\Database\BaseConnection.php(729): CodeIgniter\Database\MySQLi\Connection->execute('SELECT `tanggal...')
#2 C:\Users\PTDRa\Documents\PKL\koperasi 3\system\Database\BaseConnection.php(646): CodeIgniter\Database\BaseConnection->simpleQuery('SELECT `tanggal...')
#3 C:\Users\PTDRa\Documents\PKL\koperasi 3\system\Database\BaseBuilder.php(1649): CodeIgniter\Database\BaseConnection->query('SELECT `tanggal...', Array, false)
#4 C:\Users\PTDRa\Documents\PKL\koperasi 3\app\Controllers\Simpanan.php(47): CodeIgniter\Database\BaseBuilder->get()
#5 C:\Users\PTDRa\Documents\PKL\koperasi 3\system\CodeIgniter.php(933): App\Controllers\Simpanan->getSimpananList()
#6 C:\Users\PTDRa\Documents\PKL\koperasi 3\system\CodeIgniter.php(507): CodeIgniter\CodeIgniter->runController(Object(App\Controllers\Simpanan))
#7 C:\Users\PTDRa\Documents\PKL\koperasi 3\system\CodeIgniter.php(354): CodeIgniter\CodeIgniter->handleRequest(NULL, Object(Config\Cache), false)
#8 C:\Users\PTDRa\Documents\PKL\koperasi 3\system\Boot.php(363): CodeIgniter\CodeIgniter->run()
#9 C:\Users\PTDRa\Documents\PKL\koperasi 3\system\Boot.php(68): CodeIgniter\Boot::runCodeIgniter(Object(CodeIgniter\CodeIgniter))
#10 C:\Users\PTDRa\Documents\PKL\koperasi 3\public\index.php(59): CodeIgniter\Boot::bootWeb(Object(Config\Paths))
#11 C:\Users\PTDRa\Documents\PKL\koperasi 3\system\rewrite.php(44): require_once('C:\\Users\\PTDRa\\...')
#12 {main}
CRITICAL - 2025-09-19 14:00:31 --> CodeIgniter\Database\Exceptions\DatabaseException: Column 'status' in field list is ambiguous
[Method: GET, Route: admin/get-simpanan-list]
in SYSTEMPATH\Database\BaseConnection.php on line 684.
 1 SYSTEMPATH\Database\BaseBuilder.php(1649): CodeIgniter\Database\BaseConnection->query('SELECT `tanggal`, \'pokok\' as jenis, `jumlah`, `status`, `anggota`.`nama_lengkap` as `anggota`
FROM `simpanan_pokok`
JOIN `anggota` ON `anggota`.`id` = `simpanan_pokok`.`id_anggota`', [], false)
 2 APPPATH\Controllers\Simpanan.php(47): CodeIgniter\Database\BaseBuilder->get()
 3 SYSTEMPATH\CodeIgniter.php(933): App\Controllers\Simpanan->getSimpananList()
 4 SYSTEMPATH\CodeIgniter.php(507): CodeIgniter\CodeIgniter->runController(Object(App\Controllers\Simpanan))
 5 SYSTEMPATH\CodeIgniter.php(354): CodeIgniter\CodeIgniter->handleRequest(null, Object(Config\Cache), false)
 6 SYSTEMPATH\Boot.php(363): CodeIgniter\CodeIgniter->run()
 7 SYSTEMPATH\Boot.php(68): CodeIgniter\Boot::runCodeIgniter(Object(CodeIgniter\CodeIgniter))
 8 FCPATH\index.php(59): CodeIgniter\Boot::bootWeb(Object(Config\Paths))
 9 SYSTEMPATH\rewrite.php(44): require_once('C:\\Users\\PTDRa\\Documents\\PKL\\koperasi 3\\public\\index.php')
CRITICAL - 2025-09-19 14:00:31 --> [Caused by] CodeIgniter\Database\Exceptions\DatabaseException: Column 'status' in field list is ambiguous
in SYSTEMPATH\Database\MySQLi\Connection.php on line 332.
 1 SYSTEMPATH\Database\BaseConnection.php(729): CodeIgniter\Database\MySQLi\Connection->execute('SELECT `tanggal`, \'pokok\' as jenis, `jumlah`, `status`, `anggota`.`nama_lengkap` as `anggota`
FROM `simpanan_pokok`
JOIN `anggota` ON `anggota`.`id` = `simpanan_pokok`.`id_anggota`')
 2 SYSTEMPATH\Database\BaseConnection.php(646): CodeIgniter\Database\BaseConnection->simpleQuery('SELECT `tanggal`, \'pokok\' as jenis, `jumlah`, `status`, `anggota`.`nama_lengkap` as `anggota`
FROM `simpanan_pokok`
JOIN `anggota` ON `anggota`.`id` = `simpanan_pokok`.`id_anggota`')
 3 SYSTEMPATH\Database\BaseBuilder.php(1649): CodeIgniter\Database\BaseConnection->query('SELECT `tanggal`, \'pokok\' as jenis, `jumlah`, `status`, `anggota`.`nama_lengkap` as `anggota`
FROM `simpanan_pokok`
JOIN `anggota` ON `anggota`.`id` = `simpanan_pokok`.`id_anggota`', [], false)
 4 APPPATH\Controllers\Simpanan.php(47): CodeIgniter\Database\BaseBuilder->get()
 5 SYSTEMPATH\CodeIgniter.php(933): App\Controllers\Simpanan->getSimpananList()
 6 SYSTEMPATH\CodeIgniter.php(507): CodeIgniter\CodeIgniter->runController(Object(App\Controllers\Simpanan))
 7 SYSTEMPATH\CodeIgniter.php(354): CodeIgniter\CodeIgniter->handleRequest(null, Object(Config\Cache), false)
 8 SYSTEMPATH\Boot.php(363): CodeIgniter\CodeIgniter->run()
 9 SYSTEMPATH\Boot.php(68): CodeIgniter\Boot::runCodeIgniter(Object(CodeIgniter\CodeIgniter))
10 FCPATH\index.php(59): CodeIgniter\Boot::bootWeb(Object(Config\Paths))
11 SYSTEMPATH\rewrite.php(44): require_once('C:\\Users\\PTDRa\\Documents\\PKL\\koperasi 3\\public\\index.php')
CRITICAL - 2025-09-19 14:00:31 --> [Caused by] mysqli_sql_exception: Column 'status' in field list is ambiguous
in SYSTEMPATH\Database\MySQLi\Connection.php on line 327.
 1 SYSTEMPATH\Database\MySQLi\Connection.php(327): mysqli->query('SELECT `tanggal`, \'pokok\' as jenis, `jumlah`, `status`, `anggota`.`nama_lengkap` as `anggota`
FROM `simpanan_pokok`
JOIN `anggota` ON `anggota`.`id` = `simpanan_pokok`.`id_anggota`', 0)
 2 SYSTEMPATH\Database\BaseConnection.php(729): CodeIgniter\Database\MySQLi\Connection->execute('SELECT `tanggal`, \'pokok\' as jenis, `jumlah`, `status`, `anggota`.`nama_lengkap` as `anggota`
FROM `simpanan_pokok`
JOIN `anggota` ON `anggota`.`id` = `simpanan_pokok`.`id_anggota`')
 3 SYSTEMPATH\Database\BaseConnection.php(646): CodeIgniter\Database\BaseConnection->simpleQuery('SELECT `tanggal`, \'pokok\' as jenis, `jumlah`, `status`, `anggota`.`nama_lengkap` as `anggota`
FROM `simpanan_pokok`
JOIN `anggota` ON `anggota`.`id` = `simpanan_pokok`.`id_anggota`')
 4 SYSTEMPATH\Database\BaseBuilder.php(1649): CodeIgniter\Database\BaseConnection->query('SELECT `tanggal`, \'pokok\' as jenis, `jumlah`, `status`, `anggota`.`nama_lengkap` as `anggota`
FROM `simpanan_pokok`
JOIN `anggota` ON `anggota`.`id` = `simpanan_pokok`.`id_anggota`', [], false)
 5 APPPATH\Controllers\Simpanan.php(47): CodeIgniter\Database\BaseBuilder->get()
 6 SYSTEMPATH\CodeIgniter.php(933): App\Controllers\Simpanan->getSimpananList()
 7 SYSTEMPATH\CodeIgniter.php(507): CodeIgniter\CodeIgniter->runController(Object(App\Controllers\Simpanan))
 8 SYSTEMPATH\CodeIgniter.php(354): CodeIgniter\CodeIgniter->handleRequest(null, Object(Config\Cache), false)
 9 SYSTEMPATH\Boot.php(363): CodeIgniter\CodeIgniter->run()
10 SYSTEMPATH\Boot.php(68): CodeIgniter\Boot::runCodeIgniter(Object(CodeIgniter\CodeIgniter))
11 FCPATH\index.php(59): CodeIgniter\Boot::bootWeb(Object(Config\Paths))
12 SYSTEMPATH\rewrite.php(44): require_once('C:\\Users\\PTDRa\\Documents\\PKL\\koperasi 3\\public\\index.php')
DEBUG - 2025-09-19 14:01:06 --> Session: Class initialized using 'CodeIgniter\Session\Handlers\FileHandler' driver.
DEBUG - 2025-09-19 14:01:08 --> Session: Class initialized using 'CodeIgniter\Session\Handlers\FileHandler' driver.
ERROR - 2025-09-19 14:01:08 --> mysqli_sql_exception: Column 'status' in field list is ambiguous in C:\Users\PTDRa\Documents\PKL\koperasi 3\system\Database\MySQLi\Connection.php:327
Stack trace:
#0 C:\Users\PTDRa\Documents\PKL\koperasi 3\system\Database\MySQLi\Connection.php(327): mysqli->query('SELECT `tanggal...', 0)
#1 C:\Users\PTDRa\Documents\PKL\koperasi 3\system\Database\BaseConnection.php(729): CodeIgniter\Database\MySQLi\Connection->execute('SELECT `tanggal...')
#2 C:\Users\PTDRa\Documents\PKL\koperasi 3\system\Database\BaseConnection.php(646): CodeIgniter\Database\BaseConnection->simpleQuery('SELECT `tanggal...')
#3 C:\Users\PTDRa\Documents\PKL\koperasi 3\system\Database\BaseBuilder.php(1649): CodeIgniter\Database\BaseConnection->query('SELECT `tanggal...', Array, false)
#4 C:\Users\PTDRa\Documents\PKL\koperasi 3\app\Controllers\Simpanan.php(47): CodeIgniter\Database\BaseBuilder->get()
#5 C:\Users\PTDRa\Documents\PKL\koperasi 3\system\CodeIgniter.php(933): App\Controllers\Simpanan->getSimpananList()
#6 C:\Users\PTDRa\Documents\PKL\koperasi 3\system\CodeIgniter.php(507): CodeIgniter\CodeIgniter->runController(Object(App\Controllers\Simpanan))
#7 C:\Users\PTDRa\Documents\PKL\koperasi 3\system\CodeIgniter.php(354): CodeIgniter\CodeIgniter->handleRequest(NULL, Object(Config\Cache), false)
#8 C:\Users\PTDRa\Documents\PKL\koperasi 3\system\Boot.php(363): CodeIgniter\CodeIgniter->run()
#9 C:\Users\PTDRa\Documents\PKL\koperasi 3\system\Boot.php(68): CodeIgniter\Boot::runCodeIgniter(Object(CodeIgniter\CodeIgniter))
#10 C:\Users\PTDRa\Documents\PKL\koperasi 3\public\index.php(59): CodeIgniter\Boot::bootWeb(Object(Config\Paths))
#11 C:\Users\PTDRa\Documents\PKL\koperasi 3\system\rewrite.php(44): require_once('C:\\Users\\PTDRa\\...')
#12 {main}
CRITICAL - 2025-09-19 14:01:08 --> CodeIgniter\Database\Exceptions\DatabaseException: Column 'status' in field list is ambiguous
[Method: GET, Route: admin/get-simpanan-list]
in SYSTEMPATH\Database\BaseConnection.php on line 684.
 1 SYSTEMPATH\Database\BaseBuilder.php(1649): CodeIgniter\Database\BaseConnection->query('SELECT `tanggal`, \'pokok\' as jenis, `jumlah`, `status`, `anggota`.`nama_lengkap` as `anggota`
FROM `simpanan_pokok`
JOIN `anggota` ON `anggota`.`id` = `simpanan_pokok`.`id_anggota`', [], false)
 2 APPPATH\Controllers\Simpanan.php(47): CodeIgniter\Database\BaseBuilder->get()
 3 SYSTEMPATH\CodeIgniter.php(933): App\Controllers\Simpanan->getSimpananList()
 4 SYSTEMPATH\CodeIgniter.php(507): CodeIgniter\CodeIgniter->runController(Object(App\Controllers\Simpanan))
 5 SYSTEMPATH\CodeIgniter.php(354): CodeIgniter\CodeIgniter->handleRequest(null, Object(Config\Cache), false)
 6 SYSTEMPATH\Boot.php(363): CodeIgniter\CodeIgniter->run()
 7 SYSTEMPATH\Boot.php(68): CodeIgniter\Boot::runCodeIgniter(Object(CodeIgniter\CodeIgniter))
 8 FCPATH\index.php(59): CodeIgniter\Boot::bootWeb(Object(Config\Paths))
 9 SYSTEMPATH\rewrite.php(44): require_once('C:\\Users\\PTDRa\\Documents\\PKL\\koperasi 3\\public\\index.php')
CRITICAL - 2025-09-19 14:01:08 --> [Caused by] CodeIgniter\Database\Exceptions\DatabaseException: Column 'status' in field list is ambiguous
in SYSTEMPATH\Database\MySQLi\Connection.php on line 332.
 1 SYSTEMPATH\Database\BaseConnection.php(729): CodeIgniter\Database\MySQLi\Connection->execute('SELECT `tanggal`, \'pokok\' as jenis, `jumlah`, `status`, `anggota`.`nama_lengkap` as `anggota`
FROM `simpanan_pokok`
JOIN `anggota` ON `anggota`.`id` = `simpanan_pokok`.`id_anggota`')
 2 SYSTEMPATH\Database\BaseConnection.php(646): CodeIgniter\Database\BaseConnection->simpleQuery('SELECT `tanggal`, \'pokok\' as jenis, `jumlah`, `status`, `anggota`.`nama_lengkap` as `anggota`
FROM `simpanan_pokok`
JOIN `anggota` ON `anggota`.`id` = `simpanan_pokok`.`id_anggota`')
 3 SYSTEMPATH\Database\BaseBuilder.php(1649): CodeIgniter\Database\BaseConnection->query('SELECT `tanggal`, \'pokok\' as jenis, `jumlah`, `status`, `anggota`.`nama_lengkap` as `anggota`
FROM `simpanan_pokok`
JOIN `anggota` ON `anggota`.`id` = `simpanan_pokok`.`id_anggota`', [], false)
 4 APPPATH\Controllers\Simpanan.php(47): CodeIgniter\Database\BaseBuilder->get()
 5 SYSTEMPATH\CodeIgniter.php(933): App\Controllers\Simpanan->getSimpananList()
 6 SYSTEMPATH\CodeIgniter.php(507): CodeIgniter\CodeIgniter->runController(Object(App\Controllers\Simpanan))
 7 SYSTEMPATH\CodeIgniter.php(354): CodeIgniter\CodeIgniter->handleRequest(null, Object(Config\Cache), false)
 8 SYSTEMPATH\Boot.php(363): CodeIgniter\CodeIgniter->run()
 9 SYSTEMPATH\Boot.php(68): CodeIgniter\Boot::runCodeIgniter(Object(CodeIgniter\CodeIgniter))
10 FCPATH\index.php(59): CodeIgniter\Boot::bootWeb(Object(Config\Paths))
11 SYSTEMPATH\rewrite.php(44): require_once('C:\\Users\\PTDRa\\Documents\\PKL\\koperasi 3\\public\\index.php')
CRITICAL - 2025-09-19 14:01:08 --> [Caused by] mysqli_sql_exception: Column 'status' in field list is ambiguous
in SYSTEMPATH\Database\MySQLi\Connection.php on line 327.
 1 SYSTEMPATH\Database\MySQLi\Connection.php(327): mysqli->query('SELECT `tanggal`, \'pokok\' as jenis, `jumlah`, `status`, `anggota`.`nama_lengkap` as `anggota`
FROM `simpanan_pokok`
JOIN `anggota` ON `anggota`.`id` = `simpanan_pokok`.`id_anggota`', 0)
 2 SYSTEMPATH\Database\BaseConnection.php(729): CodeIgniter\Database\MySQLi\Connection->execute('SELECT `tanggal`, \'pokok\' as jenis, `jumlah`, `status`, `anggota`.`nama_lengkap` as `anggota`
FROM `simpanan_pokok`
JOIN `anggota` ON `anggota`.`id` = `simpanan_pokok`.`id_anggota`')
 3 SYSTEMPATH\Database\BaseConnection.php(646): CodeIgniter\Database\BaseConnection->simpleQuery('SELECT `tanggal`, \'pokok\' as jenis, `jumlah`, `status`, `anggota`.`nama_lengkap` as `anggota`
FROM `simpanan_pokok`
JOIN `anggota` ON `anggota`.`id` = `simpanan_pokok`.`id_anggota`')
 4 SYSTEMPATH\Database\BaseBuilder.php(1649): CodeIgniter\Database\BaseConnection->query('SELECT `tanggal`, \'pokok\' as jenis, `jumlah`, `status`, `anggota`.`nama_lengkap` as `anggota`
FROM `simpanan_pokok`
JOIN `anggota` ON `anggota`.`id` = `simpanan_pokok`.`id_anggota`', [], false)
 5 APPPATH\Controllers\Simpanan.php(47): CodeIgniter\Database\BaseBuilder->get()
 6 SYSTEMPATH\CodeIgniter.php(933): App\Controllers\Simpanan->getSimpananList()
 7 SYSTEMPATH\CodeIgniter.php(507): CodeIgniter\CodeIgniter->runController(Object(App\Controllers\Simpanan))
 8 SYSTEMPATH\CodeIgniter.php(354): CodeIgniter\CodeIgniter->handleRequest(null, Object(Config\Cache), false)
 9 SYSTEMPATH\Boot.php(363): CodeIgniter\CodeIgniter->run()
10 SYSTEMPATH\Boot.php(68): CodeIgniter\Boot::runCodeIgniter(Object(CodeIgniter\CodeIgniter))
11 FCPATH\index.php(59): CodeIgniter\Boot::bootWeb(Object(Config\Paths))
12 SYSTEMPATH\rewrite.php(44): require_once('C:\\Users\\PTDRa\\Documents\\PKL\\koperasi 3\\public\\index.php')
DEBUG - 2025-09-19 14:03:15 --> Session: Class initialized using 'CodeIgniter\Session\Handlers\FileHandler' driver.
DEBUG - 2025-09-19 14:03:17 --> Session: Class initialized using 'CodeIgniter\Session\Handlers\FileHandler' driver.
ERROR - 2025-09-19 14:03:17 --> mysqli_sql_exception: Column 'status' in field list is ambiguous in C:\Users\PTDRa\Documents\PKL\koperasi 3\system\Database\MySQLi\Connection.php:327
Stack trace:
#0 C:\Users\PTDRa\Documents\PKL\koperasi 3\system\Database\MySQLi\Connection.php(327): mysqli->query('SELECT `tanggal...', 0)
#1 C:\Users\PTDRa\Documents\PKL\koperasi 3\system\Database\BaseConnection.php(729): CodeIgniter\Database\MySQLi\Connection->execute('SELECT `tanggal...')
#2 C:\Users\PTDRa\Documents\PKL\koperasi 3\system\Database\BaseConnection.php(646): CodeIgniter\Database\BaseConnection->simpleQuery('SELECT `tanggal...')
#3 C:\Users\PTDRa\Documents\PKL\koperasi 3\system\Database\BaseBuilder.php(1649): CodeIgniter\Database\BaseConnection->query('SELECT `tanggal...', Array, false)
#4 C:\Users\PTDRa\Documents\PKL\koperasi 3\app\Controllers\Simpanan.php(48): CodeIgniter\Database\BaseBuilder->get()
#5 C:\Users\PTDRa\Documents\PKL\koperasi 3\system\CodeIgniter.php(933): App\Controllers\Simpanan->getSimpananList()
#6 C:\Users\PTDRa\Documents\PKL\koperasi 3\system\CodeIgniter.php(507): CodeIgniter\CodeIgniter->runController(Object(App\Controllers\Simpanan))
#7 C:\Users\PTDRa\Documents\PKL\koperasi 3\system\CodeIgniter.php(354): CodeIgniter\CodeIgniter->handleRequest(NULL, Object(Config\Cache), false)
#8 C:\Users\PTDRa\Documents\PKL\koperasi 3\system\Boot.php(363): CodeIgniter\CodeIgniter->run()
#9 C:\Users\PTDRa\Documents\PKL\koperasi 3\system\Boot.php(68): CodeIgniter\Boot::runCodeIgniter(Object(CodeIgniter\CodeIgniter))
#10 C:\Users\PTDRa\Documents\PKL\koperasi 3\public\index.php(59): CodeIgniter\Boot::bootWeb(Object(Config\Paths))
#11 C:\Users\PTDRa\Documents\PKL\koperasi 3\system\rewrite.php(44): require_once('C:\\Users\\PTDRa\\...')
#12 {main}
CRITICAL - 2025-09-19 14:03:17 --> CodeIgniter\Database\Exceptions\DatabaseException: Column 'status' in field list is ambiguous
[Method: GET, Route: admin/get-simpanan-list]
in SYSTEMPATH\Database\BaseConnection.php on line 684.
 1 SYSTEMPATH\Database\BaseBuilder.php(1649): CodeIgniter\Database\BaseConnection->query('SELECT `tanggal`, \'pokok\' as jenis, `jumlah`, `status`, `anggota`.`nama_lengkap` as `anggota`
FROM `simpanan_pokok`
JOIN `anggota` ON `anggota`.`id` = `simpanan_pokok`.`id_anggota`', [], false)
 2 APPPATH\Controllers\Simpanan.php(48): CodeIgniter\Database\BaseBuilder->get()
 3 SYSTEMPATH\CodeIgniter.php(933): App\Controllers\Simpanan->getSimpananList()
 4 SYSTEMPATH\CodeIgniter.php(507): CodeIgniter\CodeIgniter->runController(Object(App\Controllers\Simpanan))
 5 SYSTEMPATH\CodeIgniter.php(354): CodeIgniter\CodeIgniter->handleRequest(null, Object(Config\Cache), false)
 6 SYSTEMPATH\Boot.php(363): CodeIgniter\CodeIgniter->run()
 7 SYSTEMPATH\Boot.php(68): CodeIgniter\Boot::runCodeIgniter(Object(CodeIgniter\CodeIgniter))
 8 FCPATH\index.php(59): CodeIgniter\Boot::bootWeb(Object(Config\Paths))
 9 SYSTEMPATH\rewrite.php(44): require_once('C:\\Users\\PTDRa\\Documents\\PKL\\koperasi 3\\public\\index.php')
CRITICAL - 2025-09-19 14:03:17 --> [Caused by] CodeIgniter\Database\Exceptions\DatabaseException: Column 'status' in field list is ambiguous
in SYSTEMPATH\Database\MySQLi\Connection.php on line 332.
 1 SYSTEMPATH\Database\BaseConnection.php(729): CodeIgniter\Database\MySQLi\Connection->execute('SELECT `tanggal`, \'pokok\' as jenis, `jumlah`, `status`, `anggota`.`nama_lengkap` as `anggota`
FROM `simpanan_pokok`
JOIN `anggota` ON `anggota`.`id` = `simpanan_pokok`.`id_anggota`')
 2 SYSTEMPATH\Database\BaseConnection.php(646): CodeIgniter\Database\BaseConnection->simpleQuery('SELECT `tanggal`, \'pokok\' as jenis, `jumlah`, `status`, `anggota`.`nama_lengkap` as `anggota`
FROM `simpanan_pokok`
JOIN `anggota` ON `anggota`.`id` = `simpanan_pokok`.`id_anggota`')
 3 SYSTEMPATH\Database\BaseBuilder.php(1649): CodeIgniter\Database\BaseConnection->query('SELECT `tanggal`, \'pokok\' as jenis, `jumlah`, `status`, `anggota`.`nama_lengkap` as `anggota`
FROM `simpanan_pokok`
JOIN `anggota` ON `anggota`.`id` = `simpanan_pokok`.`id_anggota`', [], false)
 4 APPPATH\Controllers\Simpanan.php(48): CodeIgniter\Database\BaseBuilder->get()
 5 SYSTEMPATH\CodeIgniter.php(933): App\Controllers\Simpanan->getSimpananList()
 6 SYSTEMPATH\CodeIgniter.php(507): CodeIgniter\CodeIgniter->runController(Object(App\Controllers\Simpanan))
 7 SYSTEMPATH\CodeIgniter.php(354): CodeIgniter\CodeIgniter->handleRequest(null, Object(Config\Cache), false)
 8 SYSTEMPATH\Boot.php(363): CodeIgniter\CodeIgniter->run()
 9 SYSTEMPATH\Boot.php(68): CodeIgniter\Boot::runCodeIgniter(Object(CodeIgniter\CodeIgniter))
10 FCPATH\index.php(59): CodeIgniter\Boot::bootWeb(Object(Config\Paths))
11 SYSTEMPATH\rewrite.php(44): require_once('C:\\Users\\PTDRa\\Documents\\PKL\\koperasi 3\\public\\index.php')
CRITICAL - 2025-09-19 14:03:17 --> [Caused by] mysqli_sql_exception: Column 'status' in field list is ambiguous
in SYSTEMPATH\Database\MySQLi\Connection.php on line 327.
 1 SYSTEMPATH\Database\MySQLi\Connection.php(327): mysqli->query('SELECT `tanggal`, \'pokok\' as jenis, `jumlah`, `status`, `anggota`.`nama_lengkap` as `anggota`
FROM `simpanan_pokok`
JOIN `anggota` ON `anggota`.`id` = `simpanan_pokok`.`id_anggota`', 0)
 2 SYSTEMPATH\Database\BaseConnection.php(729): CodeIgniter\Database\MySQLi\Connection->execute('SELECT `tanggal`, \'pokok\' as jenis, `jumlah`, `status`, `anggota`.`nama_lengkap` as `anggota`
FROM `simpanan_pokok`
JOIN `anggota` ON `anggota`.`id` = `simpanan_pokok`.`id_anggota`')
 3 SYSTEMPATH\Database\BaseConnection.php(646): CodeIgniter\Database\BaseConnection->simpleQuery('SELECT `tanggal`, \'pokok\' as jenis, `jumlah`, `status`, `anggota`.`nama_lengkap` as `anggota`
FROM `simpanan_pokok`
JOIN `anggota` ON `anggota`.`id` = `simpanan_pokok`.`id_anggota`')
 4 SYSTEMPATH\Database\BaseBuilder.php(1649): CodeIgniter\Database\BaseConnection->query('SELECT `tanggal`, \'pokok\' as jenis, `jumlah`, `status`, `anggota`.`nama_lengkap` as `anggota`
FROM `simpanan_pokok`
JOIN `anggota` ON `anggota`.`id` = `simpanan_pokok`.`id_anggota`', [], false)
 5 APPPATH\Controllers\Simpanan.php(48): CodeIgniter\Database\BaseBuilder->get()
 6 SYSTEMPATH\CodeIgniter.php(933): App\Controllers\Simpanan->getSimpananList()
 7 SYSTEMPATH\CodeIgniter.php(507): CodeIgniter\CodeIgniter->runController(Object(App\Controllers\Simpanan))
 8 SYSTEMPATH\CodeIgniter.php(354): CodeIgniter\CodeIgniter->handleRequest(null, Object(Config\Cache), false)
 9 SYSTEMPATH\Boot.php(363): CodeIgniter\CodeIgniter->run()
10 SYSTEMPATH\Boot.php(68): CodeIgniter\Boot::runCodeIgniter(Object(CodeIgniter\CodeIgniter))
11 FCPATH\index.php(59): CodeIgniter\Boot::bootWeb(Object(Config\Paths))
12 SYSTEMPATH\rewrite.php(44): require_once('C:\\Users\\PTDRa\\Documents\\PKL\\koperasi 3\\public\\index.php')
DEBUG - 2025-09-19 14:09:22 --> Session: Class initialized using 'CodeIgniter\Session\Handlers\FileHandler' driver.
DEBUG - 2025-09-19 14:09:24 --> Session: Class initialized using 'CodeIgniter\Session\Handlers\FileHandler' driver.
ERROR - 2025-09-19 14:09:24 --> mysqli_sql_exception: Column 'status' in field list is ambiguous in C:\Users\PTDRa\Documents\PKL\koperasi 3\system\Database\MySQLi\Connection.php:327
Stack trace:
#0 C:\Users\PTDRa\Documents\PKL\koperasi 3\system\Database\MySQLi\Connection.php(327): mysqli->query('SELECT `tanggal...', 0)
#1 C:\Users\PTDRa\Documents\PKL\koperasi 3\system\Database\BaseConnection.php(729): CodeIgniter\Database\MySQLi\Connection->execute('SELECT `tanggal...')
#2 C:\Users\PTDRa\Documents\PKL\koperasi 3\system\Database\BaseConnection.php(646): CodeIgniter\Database\BaseConnection->simpleQuery('SELECT `tanggal...')
#3 C:\Users\PTDRa\Documents\PKL\koperasi 3\system\Database\BaseBuilder.php(1649): CodeIgniter\Database\BaseConnection->query('SELECT `tanggal...', Array, false)
#4 C:\Users\PTDRa\Documents\PKL\koperasi 3\app\Controllers\Simpanan.php(48): CodeIgniter\Database\BaseBuilder->get()
#5 C:\Users\PTDRa\Documents\PKL\koperasi 3\system\CodeIgniter.php(933): App\Controllers\Simpanan->getSimpananList()
#6 C:\Users\PTDRa\Documents\PKL\koperasi 3\system\CodeIgniter.php(507): CodeIgniter\CodeIgniter->runController(Object(App\Controllers\Simpanan))
#7 C:\Users\PTDRa\Documents\PKL\koperasi 3\system\CodeIgniter.php(354): CodeIgniter\CodeIgniter->handleRequest(NULL, Object(Config\Cache), false)
#8 C:\Users\PTDRa\Documents\PKL\koperasi 3\system\Boot.php(363): CodeIgniter\CodeIgniter->run()
#9 C:\Users\PTDRa\Documents\PKL\koperasi 3\system\Boot.php(68): CodeIgniter\Boot::runCodeIgniter(Object(CodeIgniter\CodeIgniter))
#10 C:\Users\PTDRa\Documents\PKL\koperasi 3\public\index.php(59): CodeIgniter\Boot::bootWeb(Object(Config\Paths))
#11 C:\Users\PTDRa\Documents\PKL\koperasi 3\system\rewrite.php(44): require_once('C:\\Users\\PTDRa\\...')
#12 {main}
CRITICAL - 2025-09-19 14:09:24 --> CodeIgniter\Database\Exceptions\DatabaseException: Column 'status' in field list is ambiguous
[Method: GET, Route: admin/get-simpanan-list]
in SYSTEMPATH\Database\BaseConnection.php on line 684.
 1 SYSTEMPATH\Database\BaseBuilder.php(1649): CodeIgniter\Database\BaseConnection->query('SELECT `tanggal`, \'pokok\' as jenis, `jumlah`, `status`, `anggota`.`nama_lengkap` as `anggota`
FROM `simpanan_pokok`
JOIN `anggota` ON `anggota`.`id` = `simpanan_pokok`.`id_anggota`', [], false)
 2 APPPATH\Controllers\Simpanan.php(48): CodeIgniter\Database\BaseBuilder->get()
 3 SYSTEMPATH\CodeIgniter.php(933): App\Controllers\Simpanan->getSimpananList()
 4 SYSTEMPATH\CodeIgniter.php(507): CodeIgniter\CodeIgniter->runController(Object(App\Controllers\Simpanan))
 5 SYSTEMPATH\CodeIgniter.php(354): CodeIgniter\CodeIgniter->handleRequest(null, Object(Config\Cache), false)
 6 SYSTEMPATH\Boot.php(363): CodeIgniter\CodeIgniter->run()
 7 SYSTEMPATH\Boot.php(68): CodeIgniter\Boot::runCodeIgniter(Object(CodeIgniter\CodeIgniter))
 8 FCPATH\index.php(59): CodeIgniter\Boot::bootWeb(Object(Config\Paths))
 9 SYSTEMPATH\rewrite.php(44): require_once('C:\\Users\\PTDRa\\Documents\\PKL\\koperasi 3\\public\\index.php')
CRITICAL - 2025-09-19 14:09:24 --> [Caused by] CodeIgniter\Database\Exceptions\DatabaseException: Column 'status' in field list is ambiguous
in SYSTEMPATH\Database\MySQLi\Connection.php on line 332.
 1 SYSTEMPATH\Database\BaseConnection.php(729): CodeIgniter\Database\MySQLi\Connection->execute('SELECT `tanggal`, \'pokok\' as jenis, `jumlah`, `status`, `anggota`.`nama_lengkap` as `anggota`
FROM `simpanan_pokok`
JOIN `anggota` ON `anggota`.`id` = `simpanan_pokok`.`id_anggota`')
 2 SYSTEMPATH\Database\BaseConnection.php(646): CodeIgniter\Database\BaseConnection->simpleQuery('SELECT `tanggal`, \'pokok\' as jenis, `jumlah`, `status`, `anggota`.`nama_lengkap` as `anggota`
FROM `simpanan_pokok`
JOIN `anggota` ON `anggota`.`id` = `simpanan_pokok`.`id_anggota`')
 3 SYSTEMPATH\Database\BaseBuilder.php(1649): CodeIgniter\Database\BaseConnection->query('SELECT `tanggal`, \'pokok\' as jenis, `jumlah`, `status`, `anggota`.`nama_lengkap` as `anggota`
FROM `simpanan_pokok`
JOIN `anggota` ON `anggota`.`id` = `simpanan_pokok`.`id_anggota`', [], false)
 4 APPPATH\Controllers\Simpanan.php(48): CodeIgniter\Database\BaseBuilder->get()
 5 SYSTEMPATH\CodeIgniter.php(933): App\Controllers\Simpanan->getSimpananList()
 6 SYSTEMPATH\CodeIgniter.php(507): CodeIgniter\CodeIgniter->runController(Object(App\Controllers\Simpanan))
 7 SYSTEMPATH\CodeIgniter.php(354): CodeIgniter\CodeIgniter->handleRequest(null, Object(Config\Cache), false)
 8 SYSTEMPATH\Boot.php(363): CodeIgniter\CodeIgniter->run()
 9 SYSTEMPATH\Boot.php(68): CodeIgniter\Boot::runCodeIgniter(Object(CodeIgniter\CodeIgniter))
10 FCPATH\index.php(59): CodeIgniter\Boot::bootWeb(Object(Config\Paths))
11 SYSTEMPATH\rewrite.php(44): require_once('C:\\Users\\PTDRa\\Documents\\PKL\\koperasi 3\\public\\index.php')
CRITICAL - 2025-09-19 14:09:24 --> [Caused by] mysqli_sql_exception: Column 'status' in field list is ambiguous
in SYSTEMPATH\Database\MySQLi\Connection.php on line 327.
 1 SYSTEMPATH\Database\MySQLi\Connection.php(327): mysqli->query('SELECT `tanggal`, \'pokok\' as jenis, `jumlah`, `status`, `anggota`.`nama_lengkap` as `anggota`
FROM `simpanan_pokok`
JOIN `anggota` ON `anggota`.`id` = `simpanan_pokok`.`id_anggota`', 0)
 2 SYSTEMPATH\Database\BaseConnection.php(729): CodeIgniter\Database\MySQLi\Connection->execute('SELECT `tanggal`, \'pokok\' as jenis, `jumlah`, `status`, `anggota`.`nama_lengkap` as `anggota`
FROM `simpanan_pokok`
JOIN `anggota` ON `anggota`.`id` = `simpanan_pokok`.`id_anggota`')
 3 SYSTEMPATH\Database\BaseConnection.php(646): CodeIgniter\Database\BaseConnection->simpleQuery('SELECT `tanggal`, \'pokok\' as jenis, `jumlah`, `status`, `anggota`.`nama_lengkap` as `anggota`
FROM `simpanan_pokok`
JOIN `anggota` ON `anggota`.`id` = `simpanan_pokok`.`id_anggota`')
 4 SYSTEMPATH\Database\BaseBuilder.php(1649): CodeIgniter\Database\BaseConnection->query('SELECT `tanggal`, \'pokok\' as jenis, `jumlah`, `status`, `anggota`.`nama_lengkap` as `anggota`
FROM `simpanan_pokok`
JOIN `anggota` ON `anggota`.`id` = `simpanan_pokok`.`id_anggota`', [], false)
 5 APPPATH\Controllers\Simpanan.php(48): CodeIgniter\Database\BaseBuilder->get()
 6 SYSTEMPATH\CodeIgniter.php(933): App\Controllers\Simpanan->getSimpananList()
 7 SYSTEMPATH\CodeIgniter.php(507): CodeIgniter\CodeIgniter->runController(Object(App\Controllers\Simpanan))
 8 SYSTEMPATH\CodeIgniter.php(354): CodeIgniter\CodeIgniter->handleRequest(null, Object(Config\Cache), false)
 9 SYSTEMPATH\Boot.php(363): CodeIgniter\CodeIgniter->run()
10 SYSTEMPATH\Boot.php(68): CodeIgniter\Boot::runCodeIgniter(Object(CodeIgniter\CodeIgniter))
11 FCPATH\index.php(59): CodeIgniter\Boot::bootWeb(Object(Config\Paths))
12 SYSTEMPATH\rewrite.php(44): require_once('C:\\Users\\PTDRa\\Documents\\PKL\\koperasi 3\\public\\index.php')
DEBUG - 2025-09-19 14:11:07 --> Session: Class initialized using 'CodeIgniter\Session\Handlers\FileHandler' driver.
DEBUG - 2025-09-19 14:11:09 --> Session: Class initialized using 'CodeIgniter\Session\Handlers\FileHandler' driver.
ERROR - 2025-09-19 14:11:09 --> mysqli_sql_exception: Column 'status' in field list is ambiguous in C:\Users\PTDRa\Documents\PKL\koperasi 3\system\Database\MySQLi\Connection.php:327
Stack trace:
#0 C:\Users\PTDRa\Documents\PKL\koperasi 3\system\Database\MySQLi\Connection.php(327): mysqli->query('SELECT `tanggal...', 0)
#1 C:\Users\PTDRa\Documents\PKL\koperasi 3\system\Database\BaseConnection.php(729): CodeIgniter\Database\MySQLi\Connection->execute('SELECT `tanggal...')
#2 C:\Users\PTDRa\Documents\PKL\koperasi 3\system\Database\BaseConnection.php(646): CodeIgniter\Database\BaseConnection->simpleQuery('SELECT `tanggal...')
#3 C:\Users\PTDRa\Documents\PKL\koperasi 3\system\Database\BaseBuilder.php(1649): CodeIgniter\Database\BaseConnection->query('SELECT `tanggal...', Array, false)
#4 C:\Users\PTDRa\Documents\PKL\koperasi 3\app\Controllers\Simpanan.php(48): CodeIgniter\Database\BaseBuilder->get()
#5 C:\Users\PTDRa\Documents\PKL\koperasi 3\system\CodeIgniter.php(933): App\Controllers\Simpanan->getSimpananList()
#6 C:\Users\PTDRa\Documents\PKL\koperasi 3\system\CodeIgniter.php(507): CodeIgniter\CodeIgniter->runController(Object(App\Controllers\Simpanan))
#7 C:\Users\PTDRa\Documents\PKL\koperasi 3\system\CodeIgniter.php(354): CodeIgniter\CodeIgniter->handleRequest(NULL, Object(Config\Cache), false)
#8 C:\Users\PTDRa\Documents\PKL\koperasi 3\system\Boot.php(363): CodeIgniter\CodeIgniter->run()
#9 C:\Users\PTDRa\Documents\PKL\koperasi 3\system\Boot.php(68): CodeIgniter\Boot::runCodeIgniter(Object(CodeIgniter\CodeIgniter))
#10 C:\Users\PTDRa\Documents\PKL\koperasi 3\public\index.php(59): CodeIgniter\Boot::bootWeb(Object(Config\Paths))
#11 C:\Users\PTDRa\Documents\PKL\koperasi 3\system\rewrite.php(44): require_once('C:\\Users\\PTDRa\\...')
#12 {main}
CRITICAL - 2025-09-19 14:11:09 --> CodeIgniter\Database\Exceptions\DatabaseException: Column 'status' in field list is ambiguous
[Method: GET, Route: admin/get-simpanan-list]
in SYSTEMPATH\Database\BaseConnection.php on line 684.
 1 SYSTEMPATH\Database\BaseBuilder.php(1649): CodeIgniter\Database\BaseConnection->query('SELECT `tanggal`, \'pokok\' as jenis, `jumlah`, `status`, `anggota`.`nama_lengkap` as `anggota`
FROM `simpanan_pokok`
JOIN `anggota` ON `anggota`.`id` = `simpanan_pokok`.`id_anggota`', [], false)
 2 APPPATH\Controllers\Simpanan.php(48): CodeIgniter\Database\BaseBuilder->get()
 3 SYSTEMPATH\CodeIgniter.php(933): App\Controllers\Simpanan->getSimpananList()
 4 SYSTEMPATH\CodeIgniter.php(507): CodeIgniter\CodeIgniter->runController(Object(App\Controllers\Simpanan))
 5 SYSTEMPATH\CodeIgniter.php(354): CodeIgniter\CodeIgniter->handleRequest(null, Object(Config\Cache), false)
 6 SYSTEMPATH\Boot.php(363): CodeIgniter\CodeIgniter->run()
 7 SYSTEMPATH\Boot.php(68): CodeIgniter\Boot::runCodeIgniter(Object(CodeIgniter\CodeIgniter))
 8 FCPATH\index.php(59): CodeIgniter\Boot::bootWeb(Object(Config\Paths))
 9 SYSTEMPATH\rewrite.php(44): require_once('C:\\Users\\PTDRa\\Documents\\PKL\\koperasi 3\\public\\index.php')
CRITICAL - 2025-09-19 14:11:09 --> [Caused by] CodeIgniter\Database\Exceptions\DatabaseException: Column 'status' in field list is ambiguous
in SYSTEMPATH\Database\MySQLi\Connection.php on line 332.
 1 SYSTEMPATH\Database\BaseConnection.php(729): CodeIgniter\Database\MySQLi\Connection->execute('SELECT `tanggal`, \'pokok\' as jenis, `jumlah`, `status`, `anggota`.`nama_lengkap` as `anggota`
FROM `simpanan_pokok`
JOIN `anggota` ON `anggota`.`id` = `simpanan_pokok`.`id_anggota`')
 2 SYSTEMPATH\Database\BaseConnection.php(646): CodeIgniter\Database\BaseConnection->simpleQuery('SELECT `tanggal`, \'pokok\' as jenis, `jumlah`, `status`, `anggota`.`nama_lengkap` as `anggota`
FROM `simpanan_pokok`
JOIN `anggota` ON `anggota`.`id` = `simpanan_pokok`.`id_anggota`')
 3 SYSTEMPATH\Database\BaseBuilder.php(1649): CodeIgniter\Database\BaseConnection->query('SELECT `tanggal`, \'pokok\' as jenis, `jumlah`, `status`, `anggota`.`nama_lengkap` as `anggota`
FROM `simpanan_pokok`
JOIN `anggota` ON `anggota`.`id` = `simpanan_pokok`.`id_anggota`', [], false)
 4 APPPATH\Controllers\Simpanan.php(48): CodeIgniter\Database\BaseBuilder->get()
 5 SYSTEMPATH\CodeIgniter.php(933): App\Controllers\Simpanan->getSimpananList()
 6 SYSTEMPATH\CodeIgniter.php(507): CodeIgniter\CodeIgniter->runController(Object(App\Controllers\Simpanan))
 7 SYSTEMPATH\CodeIgniter.php(354): CodeIgniter\CodeIgniter->handleRequest(null, Object(Config\Cache), false)
 8 SYSTEMPATH\Boot.php(363): CodeIgniter\CodeIgniter->run()
 9 SYSTEMPATH\Boot.php(68): CodeIgniter\Boot::runCodeIgniter(Object(CodeIgniter\CodeIgniter))
10 FCPATH\index.php(59): CodeIgniter\Boot::bootWeb(Object(Config\Paths))
11 SYSTEMPATH\rewrite.php(44): require_once('C:\\Users\\PTDRa\\Documents\\PKL\\koperasi 3\\public\\index.php')
CRITICAL - 2025-09-19 14:11:09 --> [Caused by] mysqli_sql_exception: Column 'status' in field list is ambiguous
in SYSTEMPATH\Database\MySQLi\Connection.php on line 327.
 1 SYSTEMPATH\Database\MySQLi\Connection.php(327): mysqli->query('SELECT `tanggal`, \'pokok\' as jenis, `jumlah`, `status`, `anggota`.`nama_lengkap` as `anggota`
FROM `simpanan_pokok`
JOIN `anggota` ON `anggota`.`id` = `simpanan_pokok`.`id_anggota`', 0)
 2 SYSTEMPATH\Database\BaseConnection.php(729): CodeIgniter\Database\MySQLi\Connection->execute('SELECT `tanggal`, \'pokok\' as jenis, `jumlah`, `status`, `anggota`.`nama_lengkap` as `anggota`
FROM `simpanan_pokok`
JOIN `anggota` ON `anggota`.`id` = `simpanan_pokok`.`id_anggota`')
 3 SYSTEMPATH\Database\BaseConnection.php(646): CodeIgniter\Database\BaseConnection->simpleQuery('SELECT `tanggal`, \'pokok\' as jenis, `jumlah`, `status`, `anggota`.`nama_lengkap` as `anggota`
FROM `simpanan_pokok`
JOIN `anggota` ON `anggota`.`id` = `simpanan_pokok`.`id_anggota`')
 4 SYSTEMPATH\Database\BaseBuilder.php(1649): CodeIgniter\Database\BaseConnection->query('SELECT `tanggal`, \'pokok\' as jenis, `jumlah`, `status`, `anggota`.`nama_lengkap` as `anggota`
FROM `simpanan_pokok`
JOIN `anggota` ON `anggota`.`id` = `simpanan_pokok`.`id_anggota`', [], false)
 5 APPPATH\Controllers\Simpanan.php(48): CodeIgniter\Database\BaseBuilder->get()
 6 SYSTEMPATH\CodeIgniter.php(933): App\Controllers\Simpanan->getSimpananList()
 7 SYSTEMPATH\CodeIgniter.php(507): CodeIgniter\CodeIgniter->runController(Object(App\Controllers\Simpanan))
 8 SYSTEMPATH\CodeIgniter.php(354): CodeIgniter\CodeIgniter->handleRequest(null, Object(Config\Cache), false)
 9 SYSTEMPATH\Boot.php(363): CodeIgniter\CodeIgniter->run()
10 SYSTEMPATH\Boot.php(68): CodeIgniter\Boot::runCodeIgniter(Object(CodeIgniter\CodeIgniter))
11 FCPATH\index.php(59): CodeIgniter\Boot::bootWeb(Object(Config\Paths))
12 SYSTEMPATH\rewrite.php(44): require_once('C:\\Users\\PTDRa\\Documents\\PKL\\koperasi 3\\public\\index.php')
DEBUG - 2025-09-19 14:13:04 --> Session: Class initialized using 'CodeIgniter\Session\Handlers\FileHandler' driver.
DEBUG - 2025-09-19 14:14:30 --> Session: Class initialized using 'CodeIgniter\Session\Handlers\FileHandler' driver.
CRITICAL - 2025-09-19 14:14:30 --> CodeIgniter\Database\Exceptions\DatabaseException: You must set the database table to be used with your query.
[Method: GET, Route: admin/get-simpanan-list]
in SYSTEMPATH\Database\BaseConnection.php on line 944.
 1 SYSTEMPATH\Model.php(713): CodeIgniter\Database\BaseConnection->table(null)
 2 SYSTEMPATH\Model.php(917): CodeIgniter\Model->builder()
 3 APPPATH\Controllers\Simpanan.php(42): CodeIgniter\Model->__call('getSimpananFiltered', [...])
 4 SYSTEMPATH\CodeIgniter.php(933): App\Controllers\Simpanan->getSimpananList()
 5 SYSTEMPATH\CodeIgniter.php(507): CodeIgniter\CodeIgniter->runController(Object(App\Controllers\Simpanan))
 6 SYSTEMPATH\CodeIgniter.php(354): CodeIgniter\CodeIgniter->handleRequest(null, Object(Config\Cache), false)
 7 SYSTEMPATH\Boot.php(363): CodeIgniter\CodeIgniter->run()
 8 SYSTEMPATH\Boot.php(68): CodeIgniter\Boot::runCodeIgniter(Object(CodeIgniter\CodeIgniter))
 9 FCPATH\index.php(59): CodeIgniter\Boot::bootWeb(Object(Config\Paths))
10 SYSTEMPATH\rewrite.php(44): require_once('C:\\Users\\PTDRa\\Documents\\PKL\\koperasi 3\\public\\index.php')
DEBUG - 2025-09-19 14:14:32 --> Session: Class initialized using 'CodeIgniter\Session\Handlers\FileHandler' driver.
DEBUG - 2025-09-19 14:14:33 --> Session: Class initialized using 'CodeIgniter\Session\Handlers\FileHandler' driver.
CRITICAL - 2025-09-19 14:14:33 --> CodeIgniter\Database\Exceptions\DatabaseException: You must set the database table to be used with your query.
[Method: GET, Route: admin/get-simpanan-list]
in SYSTEMPATH\Database\BaseConnection.php on line 944.
 1 SYSTEMPATH\Model.php(713): CodeIgniter\Database\BaseConnection->table(null)
 2 SYSTEMPATH\Model.php(917): CodeIgniter\Model->builder()
 3 APPPATH\Controllers\Simpanan.php(42): CodeIgniter\Model->__call('getSimpananFiltered', [...])
 4 SYSTEMPATH\CodeIgniter.php(933): App\Controllers\Simpanan->getSimpananList()
 5 SYSTEMPATH\CodeIgniter.php(507): CodeIgniter\CodeIgniter->runController(Object(App\Controllers\Simpanan))
 6 SYSTEMPATH\CodeIgniter.php(354): CodeIgniter\CodeIgniter->handleRequest(null, Object(Config\Cache), false)
 7 SYSTEMPATH\Boot.php(363): CodeIgniter\CodeIgniter->run()
 8 SYSTEMPATH\Boot.php(68): CodeIgniter\Boot::runCodeIgniter(Object(CodeIgniter\CodeIgniter))
 9 FCPATH\index.php(59): CodeIgniter\Boot::bootWeb(Object(Config\Paths))
10 SYSTEMPATH\rewrite.php(44): require_once('C:\\Users\\PTDRa\\Documents\\PKL\\koperasi 3\\public\\index.php')
DEBUG - 2025-09-19 14:14:34 --> Session: Class initialized using 'CodeIgniter\Session\Handlers\FileHandler' driver.
DEBUG - 2025-09-19 14:14:36 --> Session: Class initialized using 'CodeIgniter\Session\Handlers\FileHandler' driver.
DEBUG - 2025-09-19 14:14:37 --> Session: Class initialized using 'CodeIgniter\Session\Handlers\FileHandler' driver.
CRITICAL - 2025-09-19 14:14:37 --> CodeIgniter\Database\Exceptions\DatabaseException: You must set the database table to be used with your query.
[Method: GET, Route: admin/get-simpanan-list]
in SYSTEMPATH\Database\BaseConnection.php on line 944.
 1 SYSTEMPATH\Model.php(713): CodeIgniter\Database\BaseConnection->table(null)
 2 SYSTEMPATH\Model.php(917): CodeIgniter\Model->builder()
 3 APPPATH\Controllers\Simpanan.php(42): CodeIgniter\Model->__call('getSimpananFiltered', [...])
 4 SYSTEMPATH\CodeIgniter.php(933): App\Controllers\Simpanan->getSimpananList()
 5 SYSTEMPATH\CodeIgniter.php(507): CodeIgniter\CodeIgniter->runController(Object(App\Controllers\Simpanan))
 6 SYSTEMPATH\CodeIgniter.php(354): CodeIgniter\CodeIgniter->handleRequest(null, Object(Config\Cache), false)
 7 SYSTEMPATH\Boot.php(363): CodeIgniter\CodeIgniter->run()
 8 SYSTEMPATH\Boot.php(68): CodeIgniter\Boot::runCodeIgniter(Object(CodeIgniter\CodeIgniter))
 9 FCPATH\index.php(59): CodeIgniter\Boot::bootWeb(Object(Config\Paths))
10 SYSTEMPATH\rewrite.php(44): require_once('C:\\Users\\PTDRa\\Documents\\PKL\\koperasi 3\\public\\index.php')
DEBUG - 2025-09-19 14:17:10 --> Session: Class initialized using 'CodeIgniter\Session\Handlers\FileHandler' driver.
DEBUG - 2025-09-19 14:17:12 --> Session: Class initialized using 'CodeIgniter\Session\Handlers\FileHandler' driver.
CRITICAL - 2025-09-19 14:17:12 --> CodeIgniter\Database\Exceptions\DatabaseException: You must set the database table to be used with your query.
[Method: GET, Route: admin/get-simpanan-list]
in SYSTEMPATH\Database\BaseConnection.php on line 944.
 1 SYSTEMPATH\Model.php(713): CodeIgniter\Database\BaseConnection->table(null)
 2 SYSTEMPATH\Model.php(917): CodeIgniter\Model->builder()
 3 APPPATH\Controllers\Simpanan.php(42): CodeIgniter\Model->__call('getSimpananFiltered', [...])
 4 SYSTEMPATH\CodeIgniter.php(933): App\Controllers\Simpanan->getSimpananList()
 5 SYSTEMPATH\CodeIgniter.php(507): CodeIgniter\CodeIgniter->runController(Object(App\Controllers\Simpanan))
 6 SYSTEMPATH\CodeIgniter.php(354): CodeIgniter\CodeIgniter->handleRequest(null, Object(Config\Cache), false)
 7 SYSTEMPATH\Boot.php(363): CodeIgniter\CodeIgniter->run()
 8 SYSTEMPATH\Boot.php(68): CodeIgniter\Boot::runCodeIgniter(Object(CodeIgniter\CodeIgniter))
 9 FCPATH\index.php(59): CodeIgniter\Boot::bootWeb(Object(Config\Paths))
10 SYSTEMPATH\rewrite.php(44): require_once('C:\\Users\\PTDRa\\Documents\\PKL\\koperasi 3\\public\\index.php')
DEBUG - 2025-09-19 14:17:51 --> Session: Class initialized using 'CodeIgniter\Session\Handlers\FileHandler' driver.
DEBUG - 2025-09-19 14:17:54 --> Session: Class initialized using 'CodeIgniter\Session\Handlers\FileHandler' driver.
CRITICAL - 2025-09-19 14:17:54 --> CodeIgniter\Database\Exceptions\DatabaseException: You must set the database table to be used with your query.
[Method: GET, Route: admin/get-simpanan-list]
in SYSTEMPATH\Database\BaseConnection.php on line 944.
 1 SYSTEMPATH\Model.php(713): CodeIgniter\Database\BaseConnection->table(null)
 2 SYSTEMPATH\Model.php(917): CodeIgniter\Model->builder()
 3 APPPATH\Controllers\Simpanan.php(42): CodeIgniter\Model->__call('getSimpananFiltered', [...])
 4 SYSTEMPATH\CodeIgniter.php(933): App\Controllers\Simpanan->getSimpananList()
 5 SYSTEMPATH\CodeIgniter.php(507): CodeIgniter\CodeIgniter->runController(Object(App\Controllers\Simpanan))
 6 SYSTEMPATH\CodeIgniter.php(354): CodeIgniter\CodeIgniter->handleRequest(null, Object(Config\Cache), false)
 7 SYSTEMPATH\Boot.php(363): CodeIgniter\CodeIgniter->run()
 8 SYSTEMPATH\Boot.php(68): CodeIgniter\Boot::runCodeIgniter(Object(CodeIgniter\CodeIgniter))
 9 FCPATH\index.php(59): CodeIgniter\Boot::bootWeb(Object(Config\Paths))
10 SYSTEMPATH\rewrite.php(44): require_once('C:\\Users\\PTDRa\\Documents\\PKL\\koperasi 3\\public\\index.php')
DEBUG - 2025-09-19 14:27:56 --> Session: Class initialized using 'CodeIgniter\Session\Handlers\FileHandler' driver.
CRITICAL - 2025-09-19 14:27:57 --> Error: Call to undefined method Error::initController()
[Method: GET, Route: images/logo.jpeg]
in SYSTEMPATH\CodeIgniter.php on line 904.
 1 SYSTEMPATH\CodeIgniter.php(965): CodeIgniter\CodeIgniter->createController()
 2 SYSTEMPATH\CodeIgniter.php(360): CodeIgniter\CodeIgniter->display404errors(Object(CodeIgniter\Exceptions\PageNotFoundException))
 3 SYSTEMPATH\Boot.php(363): CodeIgniter\CodeIgniter->run()
 4 SYSTEMPATH\Boot.php(68): CodeIgniter\Boot::runCodeIgniter(Object(CodeIgniter\CodeIgniter))
 5 FCPATH\index.php(59): CodeIgniter\Boot::bootWeb(Object(Config\Paths))
 6 SYSTEMPATH\rewrite.php(44): require_once('C:\\Users\\PTDRa\\Documents\\PKL\\koperasi 3\\public\\index.php')
DEBUG - 2025-09-19 14:27:57 --> Session: Class initialized using 'CodeIgniter\Session\Handlers\FileHandler' driver.
