DEBUG - 2025-10-06 06:19:30 --> Session: Class initialized using 'CodeIgniter\Session\Handlers\FileHandler' driver.
DEBUG - 2025-10-06 06:20:46 --> Session: Class initialized using 'CodeIgniter\Session\Handlers\FileHandler' driver.
DEBUG - 2025-10-06 06:24:59 --> Session: Class initialized using 'CodeIgniter\Session\Handlers\FileHandler' driver.
DEBUG - 2025-10-06 06:24:59 --> Session: Class initialized using 'CodeIgniter\Session\Handlers\FileHandler' driver.
DEBUG - 2025-10-06 06:25:15 --> Session: Class initialized using 'CodeIgniter\Session\Handlers\FileHandler' driver.
DEBUG - 2025-10-06 06:26:00 --> Session: Class initialized using 'CodeIgniter\Session\Handlers\FileHandler' driver.
ERROR - 2025-10-06 06:26:01 --> mysqli_sql_exception: Duplicate entry '' for key 'nomor_anggota' in /Users/hendri/Documents/fixing/koperasi-samara/system/Database/MySQLi/Connection.php:327
Stack trace:
#0 /Users/hendri/Documents/fixing/koperasi-samara/system/Database/MySQLi/Connection.php(327): mysqli->query('INSERT INTO `an...', 0)
#1 /Users/hendri/Documents/fixing/koperasi-samara/system/Database/BaseConnection.php(729): CodeIgniter\Database\MySQLi\Connection->execute('INSERT INTO `an...')
#2 /Users/hendri/Documents/fixing/koperasi-samara/system/Database/BaseConnection.php(646): CodeIgniter\Database\BaseConnection->simpleQuery('INSERT INTO `an...')
#3 /Users/hendri/Documents/fixing/koperasi-samara/system/Database/BaseBuilder.php(2345): CodeIgniter\Database\BaseConnection->query('INSERT INTO `an...', Array, false)
#4 /Users/hendri/Documents/fixing/koperasi-samara/system/Model.php(394): CodeIgniter\Database\BaseBuilder->insert()
#5 /Users/hendri/Documents/fixing/koperasi-samara/system/BaseModel.php(838): CodeIgniter\Model->doInsert(Array)
#6 /Users/hendri/Documents/fixing/koperasi-samara/system/Model.php(797): CodeIgniter\BaseModel->insert(Array, true)
#7 /Users/hendri/Documents/fixing/koperasi-samara/app/Controllers/AdminDashboard.php(536): CodeIgniter\Model->insert(Array, true)
#8 /Users/hendri/Documents/fixing/koperasi-samara/system/CodeIgniter.php(933): App\Controllers\AdminDashboard->simpanAnggota()
#9 /Users/hendri/Documents/fixing/koperasi-samara/system/CodeIgniter.php(507): CodeIgniter\CodeIgniter->runController(Object(App\Controllers\AdminDashboard))
#10 /Users/hendri/Documents/fixing/koperasi-samara/system/CodeIgniter.php(354): CodeIgniter\CodeIgniter->handleRequest(NULL, Object(Config\Cache), false)
#11 /Users/hendri/Documents/fixing/koperasi-samara/system/Boot.php(363): CodeIgniter\CodeIgniter->run()
#12 /Users/hendri/Documents/fixing/koperasi-samara/system/Boot.php(68): CodeIgniter\Boot::runCodeIgniter(Object(CodeIgniter\CodeIgniter))
#13 /Users/hendri/Documents/fixing/koperasi-samara/public/index.php(59): CodeIgniter\Boot::bootWeb(Object(Config\Paths))
#14 /Users/hendri/Documents/fixing/koperasi-samara/system/rewrite.php(44): require_once('/Users/hendri/D...')
#15 {main}
DEBUG - 2025-10-06 06:26:01 --> Session: Class initialized using 'CodeIgniter\Session\Handlers\FileHandler' driver.
DEBUG - 2025-10-06 06:28:46 --> Session: Class initialized using 'CodeIgniter\Session\Handlers\FileHandler' driver.
DEBUG - 2025-10-06 06:29:12 --> Session: Class initialized using 'CodeIgniter\Session\Handlers\FileHandler' driver.
DEBUG - 2025-10-06 06:29:12 --> Session: Class initialized using 'CodeIgniter\Session\Handlers\FileHandler' driver.
