DEBUG - 2025-10-09 06:37:00 --> Session: Class initialized using 'CodeIgniter\Session\Handlers\FileHandler' driver.
DEBUG - 2025-10-09 06:38:22 --> Session: Class initialized using 'CodeIgniter\Session\Handlers\FileHandler' driver.
DEBUG - 2025-10-09 06:38:32 --> Session: Class initialized using 'CodeIgniter\Session\Handlers\FileHandler' driver.
DEBUG - 2025-10-09 06:38:32 --> Session: Class initialized using 'CodeIgniter\Session\Handlers\FileHandler' driver.
DEBUG - 2025-10-09 06:39:59 --> Session: Class initialized using 'CodeIgniter\Session\Handlers\FileHandler' driver.
DEBUG - 2025-10-09 06:40:00 --> Session: Class initialized using 'CodeIgniter\Session\Handlers\FileHandler' driver.
DEBUG - 2025-10-09 06:40:21 --> Session: Class initialized using 'CodeIgniter\Session\Handlers\FileHandler' driver.
DEBUG - 2025-10-09 06:40:29 --> Session: Class initialized using 'CodeIgniter\Session\Handlers\FileHandler' driver.
DEBUG - 2025-10-09 06:40:33 --> Session: Class initialized using 'CodeIgniter\Session\Handlers\FileHandler' driver.
DEBUG - 2025-10-09 06:40:39 --> Session: Class initialized using 'CodeIgniter\Session\Handlers\FileHandler' driver.
DEBUG - 2025-10-09 06:40:42 --> Session: Class initialized using 'CodeIgniter\Session\Handlers\FileHandler' driver.
DEBUG - 2025-10-09 06:40:46 --> Session: Class initialized using 'CodeIgniter\Session\Handlers\FileHandler' driver.
DEBUG - 2025-10-09 06:40:48 --> Session: Class initialized using 'CodeIgniter\Session\Handlers\FileHandler' driver.
DEBUG - 2025-10-09 06:40:50 --> Session: Class initialized using 'CodeIgniter\Session\Handlers\FileHandler' driver.
DEBUG - 2025-10-09 06:40:50 --> Session: Class initialized using 'CodeIgniter\Session\Handlers\FileHandler' driver.
DEBUG - 2025-10-09 06:42:26 --> Session: Class initialized using 'CodeIgniter\Session\Handlers\FileHandler' driver.
DEBUG - 2025-10-09 06:42:34 --> Session: Class initialized using 'CodeIgniter\Session\Handlers\FileHandler' driver.
DEBUG - 2025-10-09 06:42:40 --> Session: Class initialized using 'CodeIgniter\Session\Handlers\FileHandler' driver.
DEBUG - 2025-10-09 06:42:40 --> Session: Class initialized using 'CodeIgniter\Session\Handlers\FileHandler' driver.
DEBUG - 2025-10-09 06:43:17 --> Session: Class initialized using 'CodeIgniter\Session\Handlers\FileHandler' driver.
DEBUG - 2025-10-09 06:43:59 --> Session: Class initialized using 'CodeIgniter\Session\Handlers\FileHandler' driver.
DEBUG - 2025-10-09 06:43:59 --> Session: Class initialized using 'CodeIgniter\Session\Handlers\FileHandler' driver.
DEBUG - 2025-10-09 06:44:16 --> Session: Class initialized using 'CodeIgniter\Session\Handlers\FileHandler' driver.
DEBUG - 2025-10-09 06:44:26 --> Session: Class initialized using 'CodeIgniter\Session\Handlers\FileHandler' driver.
DEBUG - 2025-10-09 06:45:24 --> Session: Class initialized using 'CodeIgniter\Session\Handlers\FileHandler' driver.
DEBUG - 2025-10-09 06:45:24 --> Session: Class initialized using 'CodeIgniter\Session\Handlers\FileHandler' driver.
DEBUG - 2025-10-09 06:45:25 --> Session: Class initialized using 'CodeIgniter\Session\Handlers\FileHandler' driver.
DEBUG - 2025-10-09 06:45:27 --> Session: Class initialized using 'CodeIgniter\Session\Handlers\FileHandler' driver.
DEBUG - 2025-10-09 06:45:31 --> Session: Class initialized using 'CodeIgniter\Session\Handlers\FileHandler' driver.
DEBUG - 2025-10-09 06:45:47 --> Session: Class initialized using 'CodeIgniter\Session\Handlers\FileHandler' driver.
DEBUG - 2025-10-09 06:50:09 --> Session: Class initialized using 'CodeIgniter\Session\Handlers\FileHandler' driver.
DEBUG - 2025-10-09 06:52:16 --> Session: Class initialized using 'CodeIgniter\Session\Handlers\FileHandler' driver.
DEBUG - 2025-10-09 06:54:20 --> Session: Class initialized using 'CodeIgniter\Session\Handlers\FileHandler' driver.
DEBUG - 2025-10-09 06:55:09 --> Session: Class initialized using 'CodeIgniter\Session\Handlers\FileHandler' driver.
DEBUG - 2025-10-09 06:55:09 --> Session: Class initialized using 'CodeIgniter\Session\Handlers\FileHandler' driver.
DEBUG - 2025-10-09 06:55:14 --> Session: Class initialized using 'CodeIgniter\Session\Handlers\FileHandler' driver.
DEBUG - 2025-10-09 06:55:17 --> Session: Class initialized using 'CodeIgniter\Session\Handlers\FileHandler' driver.
DEBUG - 2025-10-09 06:55:45 --> Session: Class initialized using 'CodeIgniter\Session\Handlers\FileHandler' driver.
DEBUG - 2025-10-09 06:55:45 --> Session: Class initialized using 'CodeIgniter\Session\Handlers\FileHandler' driver.
DEBUG - 2025-10-09 06:55:47 --> Session: Class initialized using 'CodeIgniter\Session\Handlers\FileHandler' driver.
DEBUG - 2025-10-09 06:55:52 --> Session: Class initialized using 'CodeIgniter\Session\Handlers\FileHandler' driver.
DEBUG - 2025-10-09 06:56:07 --> Session: Class initialized using 'CodeIgniter\Session\Handlers\FileHandler' driver.
DEBUG - 2025-10-09 06:56:34 --> Session: Class initialized using 'CodeIgniter\Session\Handlers\FileHandler' driver.
DEBUG - 2025-10-09 06:56:38 --> Session: Class initialized using 'CodeIgniter\Session\Handlers\FileHandler' driver.
DEBUG - 2025-10-09 06:56:42 --> Session: Class initialized using 'CodeIgniter\Session\Handlers\FileHandler' driver.
DEBUG - 2025-10-09 06:56:44 --> Session: Class initialized using 'CodeIgniter\Session\Handlers\FileHandler' driver.
DEBUG - 2025-10-09 06:57:09 --> Session: Class initialized using 'CodeIgniter\Session\Handlers\FileHandler' driver.
DEBUG - 2025-10-09 06:57:14 --> Session: Class initialized using 'CodeIgniter\Session\Handlers\FileHandler' driver.
DEBUG - 2025-10-09 06:57:19 --> Session: Class initialized using 'CodeIgniter\Session\Handlers\FileHandler' driver.
DEBUG - 2025-10-09 06:57:22 --> Session: Class initialized using 'CodeIgniter\Session\Handlers\FileHandler' driver.
DEBUG - 2025-10-09 06:59:10 --> Session: Class initialized using 'CodeIgniter\Session\Handlers\FileHandler' driver.
DEBUG - 2025-10-09 06:59:17 --> Session: Class initialized using 'CodeIgniter\Session\Handlers\FileHandler' driver.
DEBUG - 2025-10-09 06:59:34 --> Session: Class initialized using 'CodeIgniter\Session\Handlers\FileHandler' driver.
DEBUG - 2025-10-09 06:59:36 --> Session: Class initialized using 'CodeIgniter\Session\Handlers\FileHandler' driver.
DEBUG - 2025-10-09 06:59:42 --> Session: Class initialized using 'CodeIgniter\Session\Handlers\FileHandler' driver.
DEBUG - 2025-10-09 07:00:13 --> Session: Class initialized using 'CodeIgniter\Session\Handlers\FileHandler' driver.
DEBUG - 2025-10-09 07:01:27 --> Session: Class initialized using 'CodeIgniter\Session\Handlers\FileHandler' driver.
DEBUG - 2025-10-09 07:01:29 --> Session: Class initialized using 'CodeIgniter\Session\Handlers\FileHandler' driver.
DEBUG - 2025-10-09 07:01:29 --> Session: Class initialized using 'CodeIgniter\Session\Handlers\FileHandler' driver.
DEBUG - 2025-10-09 07:01:29 --> Session: Class initialized using 'CodeIgniter\Session\Handlers\FileHandler' driver.
DEBUG - 2025-10-09 07:01:30 --> Session: Class initialized using 'CodeIgniter\Session\Handlers\FileHandler' driver.
DEBUG - 2025-10-09 07:02:45 --> Session: Class initialized using 'CodeIgniter\Session\Handlers\FileHandler' driver.
DEBUG - 2025-10-09 07:03:07 --> Session: Class initialized using 'CodeIgniter\Session\Handlers\FileHandler' driver.
DEBUG - 2025-10-09 07:05:21 --> Session: Class initialized using 'CodeIgniter\Session\Handlers\FileHandler' driver.
DEBUG - 2025-10-09 07:07:06 --> Session: Class initialized using 'CodeIgniter\Session\Handlers\FileHandler' driver.
DEBUG - 2025-10-09 07:07:08 --> Session: Class initialized using 'CodeIgniter\Session\Handlers\FileHandler' driver.
DEBUG - 2025-10-09 07:07:09 --> Session: Class initialized using 'CodeIgniter\Session\Handlers\FileHandler' driver.
DEBUG - 2025-10-09 07:07:10 --> Session: Class initialized using 'CodeIgniter\Session\Handlers\FileHandler' driver.
DEBUG - 2025-10-09 07:07:11 --> Session: Class initialized using 'CodeIgniter\Session\Handlers\FileHandler' driver.
DEBUG - 2025-10-09 07:07:14 --> Session: Class initialized using 'CodeIgniter\Session\Handlers\FileHandler' driver.
DEBUG - 2025-10-09 07:07:15 --> Session: Class initialized using 'CodeIgniter\Session\Handlers\FileHandler' driver.
DEBUG - 2025-10-09 07:07:16 --> Session: Class initialized using 'CodeIgniter\Session\Handlers\FileHandler' driver.
DEBUG - 2025-10-09 07:07:18 --> Session: Class initialized using 'CodeIgniter\Session\Handlers\FileHandler' driver.
DEBUG - 2025-10-09 07:07:20 --> Session: Class initialized using 'CodeIgniter\Session\Handlers\FileHandler' driver.
DEBUG - 2025-10-09 07:07:24 --> Session: Class initialized using 'CodeIgniter\Session\Handlers\FileHandler' driver.
DEBUG - 2025-10-09 07:07:24 --> Session: Class initialized using 'CodeIgniter\Session\Handlers\FileHandler' driver.
DEBUG - 2025-10-09 07:07:41 --> Session: Class initialized using 'CodeIgniter\Session\Handlers\FileHandler' driver.
DEBUG - 2025-10-09 07:07:45 --> Session: Class initialized using 'CodeIgniter\Session\Handlers\FileHandler' driver.
DEBUG - 2025-10-09 07:16:20 --> Session: Class initialized using 'CodeIgniter\Session\Handlers\FileHandler' driver.
DEBUG - 2025-10-09 07:17:50 --> Session: Class initialized using 'CodeIgniter\Session\Handlers\FileHandler' driver.
DEBUG - 2025-10-09 07:17:55 --> Session: Class initialized using 'CodeIgniter\Session\Handlers\FileHandler' driver.
DEBUG - 2025-10-09 07:17:55 --> Session: Class initialized using 'CodeIgniter\Session\Handlers\FileHandler' driver.
DEBUG - 2025-10-09 07:18:32 --> Session: Class initialized using 'CodeIgniter\Session\Handlers\FileHandler' driver.
DEBUG - 2025-10-09 07:18:33 --> Session: Class initialized using 'CodeIgniter\Session\Handlers\FileHandler' driver.
DEBUG - 2025-10-09 07:18:33 --> Session: Class initialized using 'CodeIgniter\Session\Handlers\FileHandler' driver.
DEBUG - 2025-10-09 07:18:33 --> Session: Class initialized using 'CodeIgniter\Session\Handlers\FileHandler' driver.
DEBUG - 2025-10-09 07:19:15 --> Session: Class initialized using 'CodeIgniter\Session\Handlers\FileHandler' driver.
DEBUG - 2025-10-09 07:19:34 --> Session: Class initialized using 'CodeIgniter\Session\Handlers\FileHandler' driver.
DEBUG - 2025-10-09 07:19:51 --> Session: Class initialized using 'CodeIgniter\Session\Handlers\FileHandler' driver.
DEBUG - 2025-10-09 07:20:17 --> Session: Class initialized using 'CodeIgniter\Session\Handlers\FileHandler' driver.
DEBUG - 2025-10-09 07:20:26 --> Session: Class initialized using 'CodeIgniter\Session\Handlers\FileHandler' driver.
DEBUG - 2025-10-09 07:21:01 --> Session: Class initialized using 'CodeIgniter\Session\Handlers\FileHandler' driver.
DEBUG - 2025-10-09 07:21:10 --> Session: Class initialized using 'CodeIgniter\Session\Handlers\FileHandler' driver.
DEBUG - 2025-10-09 07:21:20 --> Session: Class initialized using 'CodeIgniter\Session\Handlers\FileHandler' driver.
DEBUG - 2025-10-09 07:21:32 --> Session: Class initialized using 'CodeIgniter\Session\Handlers\FileHandler' driver.
DEBUG - 2025-10-09 07:21:32 --> === SAVE PEMBIAYAAN DEBUG ===
DEBUG - 2025-10-09 07:21:32 --> id_anggota: 40
DEBUG - 2025-10-09 07:21:32 --> akad: murabahah
DEBUG - 2025-10-09 07:21:32 --> jml_pinjam: 100000
DEBUG - 2025-10-09 07:21:32 --> Data yang akan disimpan: Array
(
    [id_anggota] => 40
    [jml_pinjam] => 100000
    [tenor] => 3
    [keperluan] => jjj
    [tgl_pengajuan] => 2025-10-09 07:21:32
    [status] => aktif
    [tgl_disetujui] => 2025-10-09 07:21:32
    [disetujui_oleh] => 
)

DEBUG - 2025-10-09 07:21:32 --> Data berhasil disimpan dengan status: aktif
DEBUG - 2025-10-09 07:21:34 --> Session: Class initialized using 'CodeIgniter\Session\Handlers\FileHandler' driver.
DEBUG - 2025-10-09 07:25:14 --> Session: Class initialized using 'CodeIgniter\Session\Handlers\FileHandler' driver.
DEBUG - 2025-10-09 07:25:23 --> Session: Class initialized using 'CodeIgniter\Session\Handlers\FileHandler' driver.
DEBUG - 2025-10-09 07:25:23 --> === SAVE PEMBIAYAAN DEBUG ===
DEBUG - 2025-10-09 07:25:23 --> id_anggota: 41
DEBUG - 2025-10-09 07:25:23 --> akad: qard
DEBUG - 2025-10-09 07:25:23 --> jml_pinjam: 300000
DEBUG - 2025-10-09 07:25:23 --> Data yang akan disimpan: Array
(
    [id_anggota] => 41
    [jml_pinjam] => 300000
    [tenor] => 12
    [keperluan] => jnfsdjf
    [tgl_pengajuan] => 2025-10-09 07:25:23
    [status] => aktif
    [tgl_disetujui] => 2025-10-09 07:25:23
    [disetujui_oleh] => 
)

DEBUG - 2025-10-09 07:25:23 --> Data berhasil disimpan dengan status: aktif
DEBUG - 2025-10-09 07:25:26 --> Session: Class initialized using 'CodeIgniter\Session\Handlers\FileHandler' driver.
DEBUG - 2025-10-09 07:30:04 --> Session: Class initialized using 'CodeIgniter\Session\Handlers\FileHandler' driver.
DEBUG - 2025-10-09 07:30:10 --> Session: Class initialized using 'CodeIgniter\Session\Handlers\FileHandler' driver.
DEBUG - 2025-10-09 07:30:21 --> Session: Class initialized using 'CodeIgniter\Session\Handlers\FileHandler' driver.
DEBUG - 2025-10-09 07:30:21 --> === SAVE PEMBIAYAAN DEBUG ===
DEBUG - 2025-10-09 07:30:21 --> id_anggota: 42
DEBUG - 2025-10-09 07:30:21 --> akad: qard
DEBUG - 2025-10-09 07:30:21 --> jml_pinjam: 100000
DEBUG - 2025-10-09 07:30:21 --> tenor dari form: 6
DEBUG - 2025-10-09 07:30:21 --> Data yang akan disimpan: Array
(
    [id_anggota] => 42
    [jml_pinjam] => 100000
    [jml_angsuran] => 6
    [keperluan] => ndjnf
    [tgl_pengajuan] => 2025-10-09 07:30:21
    [status] => aktif
    [tgl_disetujui] => 2025-10-09 07:30:21
    [disetujui_oleh] => 
)

DEBUG - 2025-10-09 07:30:21 --> Data berhasil disimpan dengan ID: 16
DEBUG - 2025-10-09 07:30:24 --> Session: Class initialized using 'CodeIgniter\Session\Handlers\FileHandler' driver.
DEBUG - 2025-10-09 07:30:59 --> Session: Class initialized using 'CodeIgniter\Session\Handlers\FileHandler' driver.
DEBUG - 2025-10-09 07:31:07 --> Session: Class initialized using 'CodeIgniter\Session\Handlers\FileHandler' driver.
DEBUG - 2025-10-09 07:31:07 --> Session: Class initialized using 'CodeIgniter\Session\Handlers\FileHandler' driver.
DEBUG - 2025-10-09 07:34:55 --> Session: Class initialized using 'CodeIgniter\Session\Handlers\FileHandler' driver.
DEBUG - 2025-10-09 07:35:00 --> Session: Class initialized using 'CodeIgniter\Session\Handlers\FileHandler' driver.
DEBUG - 2025-10-09 07:35:07 --> Session: Class initialized using 'CodeIgniter\Session\Handlers\FileHandler' driver.
DEBUG - 2025-10-09 07:35:10 --> Session: Class initialized using 'CodeIgniter\Session\Handlers\FileHandler' driver.
DEBUG - 2025-10-09 07:35:36 --> Session: Class initialized using 'CodeIgniter\Session\Handlers\FileHandler' driver.
DEBUG - 2025-10-09 07:38:11 --> Session: Class initialized using 'CodeIgniter\Session\Handlers\FileHandler' driver.
DEBUG - 2025-10-09 07:39:09 --> Session: Class initialized using 'CodeIgniter\Session\Handlers\FileHandler' driver.
DEBUG - 2025-10-09 07:39:14 --> Session: Class initialized using 'CodeIgniter\Session\Handlers\FileHandler' driver.
DEBUG - 2025-10-09 07:39:16 --> Session: Class initialized using 'CodeIgniter\Session\Handlers\FileHandler' driver.
DEBUG - 2025-10-09 07:39:29 --> Session: Class initialized using 'CodeIgniter\Session\Handlers\FileHandler' driver.
DEBUG - 2025-10-09 07:39:51 --> Session: Class initialized using 'CodeIgniter\Session\Handlers\FileHandler' driver.
DEBUG - 2025-10-09 07:39:56 --> Session: Class initialized using 'CodeIgniter\Session\Handlers\FileHandler' driver.
DEBUG - 2025-10-09 07:39:58 --> Session: Class initialized using 'CodeIgniter\Session\Handlers\FileHandler' driver.
DEBUG - 2025-10-09 07:40:00 --> Session: Class initialized using 'CodeIgniter\Session\Handlers\FileHandler' driver.
DEBUG - 2025-10-09 07:42:30 --> Session: Class initialized using 'CodeIgniter\Session\Handlers\FileHandler' driver.
DEBUG - 2025-10-09 07:42:33 --> Session: Class initialized using 'CodeIgniter\Session\Handlers\FileHandler' driver.
DEBUG - 2025-10-09 07:42:46 --> Session: Class initialized using 'CodeIgniter\Session\Handlers\FileHandler' driver.
DEBUG - 2025-10-09 07:43:17 --> Session: Class initialized using 'CodeIgniter\Session\Handlers\FileHandler' driver.
DEBUG - 2025-10-09 07:43:19 --> Session: Class initialized using 'CodeIgniter\Session\Handlers\FileHandler' driver.
CRITICAL - 2025-10-09 07:43:19 --> ErrorException: Trying to access array offset on value of type null
[Method: GET, Route: anggota/cicilan]
in APPPATH\Views\cicilan.php on line 417.
 1 APPPATH\Views\cicilan.php(417): CodeIgniter\Debug\Exceptions->errorHandler(2, 'Trying to access array offset on value of type null', 'C:\\Users\\PTDRa\\Documents\\PKL\\koperasi 3\\app\\Views\\cicilan.php', 417)
 2 SYSTEMPATH\View\View.php(226): include('C:\\Users\\PTDRa\\Documents\\PKL\\koperasi 3\\app\\Views\\cicilan.php')
 3 SYSTEMPATH\View\View.php(229): CodeIgniter\View\View->CodeIgniter\View\{closure}()
 4 SYSTEMPATH\Common.php(1167): CodeIgniter\View\View->render('cicilan', [], true)
 5 APPPATH\Controllers\cicilan.php(61): view('cicilan', [...])
 6 SYSTEMPATH\CodeIgniter.php(933): App\Controllers\Cicilan->index()
 7 SYSTEMPATH\CodeIgniter.php(507): CodeIgniter\CodeIgniter->runController(Object(App\Controllers\Cicilan))
 8 SYSTEMPATH\CodeIgniter.php(354): CodeIgniter\CodeIgniter->handleRequest(null, Object(Config\Cache), false)
 9 SYSTEMPATH\Boot.php(363): CodeIgniter\CodeIgniter->run()
10 SYSTEMPATH\Boot.php(68): CodeIgniter\Boot::runCodeIgniter(Object(CodeIgniter\CodeIgniter))
11 FCPATH\index.php(59): CodeIgniter\Boot::bootWeb(Object(Config\Paths))
12 SYSTEMPATH\rewrite.php(44): require_once('C:\\Users\\PTDRa\\Documents\\PKL\\koperasi 3\\public\\index.php')
DEBUG - 2025-10-09 07:43:28 --> Session: Class initialized using 'CodeIgniter\Session\Handlers\FileHandler' driver.
DEBUG - 2025-10-09 07:44:03 --> Session: Class initialized using 'CodeIgniter\Session\Handlers\FileHandler' driver.
DEBUG - 2025-10-09 07:44:06 --> Session: Class initialized using 'CodeIgniter\Session\Handlers\FileHandler' driver.
DEBUG - 2025-10-09 07:45:40 --> Session: Class initialized using 'CodeIgniter\Session\Handlers\FileHandler' driver.
DEBUG - 2025-10-09 09:07:04 --> Session: Class initialized using 'CodeIgniter\Session\Handlers\FileHandler' driver.
DEBUG - 2025-10-09 09:18:25 --> Session: Class initialized using 'CodeIgniter\Session\Handlers\FileHandler' driver.
ERROR - 2025-10-09 09:18:43 --> Error connecting to the database: mysqli_sql_exception: No connection could be made because the target machine actively refused it in C:\Users\PTDRa\Documents\PKL\koperasi 3\system\Database\MySQLi\Connection.php:201
Stack trace:
#0 C:\Users\PTDRa\Documents\PKL\koperasi 3\system\Database\MySQLi\Connection.php(201): mysqli->real_connect('localhost', 'root', Object(SensitiveParameterValue), 'koperasi_samara', 3306, '', 0)
#1 C:\Users\PTDRa\Documents\PKL\koperasi 3\system\Database\BaseConnection.php(419): CodeIgniter\Database\MySQLi\Connection->connect(false)
#2 C:\Users\PTDRa\Documents\PKL\koperasi 3\system\Database\BaseConnection.php(614): CodeIgniter\Database\BaseConnection->initialize()
#3 C:\Users\PTDRa\Documents\PKL\koperasi 3\system\Database\BaseBuilder.php(1649): CodeIgniter\Database\BaseConnection->query('SELECT *\nFROM `...', Array, false)
#4 C:\Users\PTDRa\Documents\PKL\koperasi 3\system\Model.php(330): CodeIgniter\Database\BaseBuilder->get()
#5 C:\Users\PTDRa\Documents\PKL\koperasi 3\system\BaseModel.php(715): CodeIgniter\Model->doFirst()
#6 C:\Users\PTDRa\Documents\PKL\koperasi 3\app\Controllers\Auth.php(38): CodeIgniter\BaseModel->first()
#7 C:\Users\PTDRa\Documents\PKL\koperasi 3\system\CodeIgniter.php(933): App\Controllers\Auth->doLogin()
#8 C:\Users\PTDRa\Documents\PKL\koperasi 3\system\CodeIgniter.php(507): CodeIgniter\CodeIgniter->runController(Object(App\Controllers\Auth))
#9 C:\Users\PTDRa\Documents\PKL\koperasi 3\system\CodeIgniter.php(354): CodeIgniter\CodeIgniter->handleRequest(NULL, Object(Config\Cache), false)
#10 C:\Users\PTDRa\Documents\PKL\koperasi 3\system\Boot.php(363): CodeIgniter\CodeIgniter->run()
#11 C:\Users\PTDRa\Documents\PKL\koperasi 3\system\Boot.php(68): CodeIgniter\Boot::runCodeIgniter(Object(CodeIgniter\CodeIgniter))
#12 C:\Users\PTDRa\Documents\PKL\koperasi 3\public\index.php(59): CodeIgniter\Boot::bootWeb(Object(Config\Paths))
#13 C:\Users\PTDRa\Documents\PKL\koperasi 3\system\rewrite.php(44): require_once('C:\\Users\\PTDRa\\...')
#14 {main}

Next CodeIgniter\Database\Exceptions\DatabaseException: No connection could be made because the target machine actively refused it in C:\Users\PTDRa\Documents\PKL\koperasi 3\system\Database\MySQLi\Connection.php:246
Stack trace:
#0 C:\Users\PTDRa\Documents\PKL\koperasi 3\system\Database\BaseConnection.php(419): CodeIgniter\Database\MySQLi\Connection->connect(false)
#1 C:\Users\PTDRa\Documents\PKL\koperasi 3\system\Database\BaseConnection.php(614): CodeIgniter\Database\BaseConnection->initialize()
#2 C:\Users\PTDRa\Documents\PKL\koperasi 3\system\Database\BaseBuilder.php(1649): CodeIgniter\Database\BaseConnection->query('SELECT *\nFROM `...', Array, false)
#3 C:\Users\PTDRa\Documents\PKL\koperasi 3\system\Model.php(330): CodeIgniter\Database\BaseBuilder->get()
#4 C:\Users\PTDRa\Documents\PKL\koperasi 3\system\BaseModel.php(715): CodeIgniter\Model->doFirst()
#5 C:\Users\PTDRa\Documents\PKL\koperasi 3\app\Controllers\Auth.php(38): CodeIgniter\BaseModel->first()
#6 C:\Users\PTDRa\Documents\PKL\koperasi 3\system\CodeIgniter.php(933): App\Controllers\Auth->doLogin()
#7 C:\Users\PTDRa\Documents\PKL\koperasi 3\system\CodeIgniter.php(507): CodeIgniter\CodeIgniter->runController(Object(App\Controllers\Auth))
#8 C:\Users\PTDRa\Documents\PKL\koperasi 3\system\CodeIgniter.php(354): CodeIgniter\CodeIgniter->handleRequest(NULL, Object(Config\Cache), false)
#9 C:\Users\PTDRa\Documents\PKL\koperasi 3\system\Boot.php(363): CodeIgniter\CodeIgniter->run()
#10 C:\Users\PTDRa\Documents\PKL\koperasi 3\system\Boot.php(68): CodeIgniter\Boot::runCodeIgniter(Object(CodeIgniter\CodeIgniter))
#11 C:\Users\PTDRa\Documents\PKL\koperasi 3\public\index.php(59): CodeIgniter\Boot::bootWeb(Object(Config\Paths))
#12 C:\Users\PTDRa\Documents\PKL\koperasi 3\system\rewrite.php(44): require_once('C:\\Users\\PTDRa\\...')
#13 {main}
CRITICAL - 2025-10-09 09:18:43 --> CodeIgniter\Database\Exceptions\DatabaseException: Unable to connect to the database.
Main connection [MySQLi]: No connection could be made because the target machine actively refused it
[Method: POST, Route: auth/doLogin]
in SYSTEMPATH\Database\BaseConnection.php on line 465.
 1 SYSTEMPATH\Database\BaseConnection.php(614): CodeIgniter\Database\BaseConnection->initialize()
 2 SYSTEMPATH\Database\BaseBuilder.php(1649): CodeIgniter\Database\BaseConnection->query('SELECT *
FROM `users`
WHERE `username` = :username:
 LIMIT 1', [...], false)
 3 SYSTEMPATH\Model.php(330): CodeIgniter\Database\BaseBuilder->get()
 4 SYSTEMPATH\BaseModel.php(715): CodeIgniter\Model->doFirst()
 5 APPPATH\Controllers\Auth.php(38): CodeIgniter\BaseModel->first()
 6 SYSTEMPATH\CodeIgniter.php(933): App\Controllers\Auth->doLogin()
 7 SYSTEMPATH\CodeIgniter.php(507): CodeIgniter\CodeIgniter->runController(Object(App\Controllers\Auth))
 8 SYSTEMPATH\CodeIgniter.php(354): CodeIgniter\CodeIgniter->handleRequest(null, Object(Config\Cache), false)
 9 SYSTEMPATH\Boot.php(363): CodeIgniter\CodeIgniter->run()
10 SYSTEMPATH\Boot.php(68): CodeIgniter\Boot::runCodeIgniter(Object(CodeIgniter\CodeIgniter))
11 FCPATH\index.php(59): CodeIgniter\Boot::bootWeb(Object(Config\Paths))
12 SYSTEMPATH\rewrite.php(44): require_once('C:\\Users\\PTDRa\\Documents\\PKL\\koperasi 3\\public\\index.php')
DEBUG - 2025-10-09 09:18:55 --> Session: Class initialized using 'CodeIgniter\Session\Handlers\FileHandler' driver.
DEBUG - 2025-10-09 09:18:55 --> Session: Class initialized using 'CodeIgniter\Session\Handlers\FileHandler' driver.
DEBUG - 2025-10-09 09:19:29 --> Session: Class initialized using 'CodeIgniter\Session\Handlers\FileHandler' driver.
DEBUG - 2025-10-09 09:19:31 --> Session: Class initialized using 'CodeIgniter\Session\Handlers\FileHandler' driver.
DEBUG - 2025-10-09 09:20:29 --> Session: Class initialized using 'CodeIgniter\Session\Handlers\FileHandler' driver.
DEBUG - 2025-10-09 09:20:32 --> Session: Class initialized using 'CodeIgniter\Session\Handlers\FileHandler' driver.
DEBUG - 2025-10-09 09:20:34 --> Session: Class initialized using 'CodeIgniter\Session\Handlers\FileHandler' driver.
DEBUG - 2025-10-09 09:20:40 --> Session: Class initialized using 'CodeIgniter\Session\Handlers\FileHandler' driver.
DEBUG - 2025-10-09 09:20:44 --> Session: Class initialized using 'CodeIgniter\Session\Handlers\FileHandler' driver.
DEBUG - 2025-10-09 09:21:51 --> Session: Class initialized using 'CodeIgniter\Session\Handlers\FileHandler' driver.
DEBUG - 2025-10-09 09:21:53 --> Session: Class initialized using 'CodeIgniter\Session\Handlers\FileHandler' driver.
DEBUG - 2025-10-09 09:21:54 --> Session: Class initialized using 'CodeIgniter\Session\Handlers\FileHandler' driver.
DEBUG - 2025-10-09 09:23:07 --> Session: Class initialized using 'CodeIgniter\Session\Handlers\FileHandler' driver.
DEBUG - 2025-10-09 09:23:33 --> Session: Class initialized using 'CodeIgniter\Session\Handlers\FileHandler' driver.
DEBUG - 2025-10-09 09:23:49 --> Session: Class initialized using 'CodeIgniter\Session\Handlers\FileHandler' driver.
DEBUG - 2025-10-09 09:23:58 --> Session: Class initialized using 'CodeIgniter\Session\Handlers\FileHandler' driver.
DEBUG - 2025-10-09 09:26:49 --> Session: Class initialized using 'CodeIgniter\Session\Handlers\FileHandler' driver.
DEBUG - 2025-10-09 09:26:57 --> Session: Class initialized using 'CodeIgniter\Session\Handlers\FileHandler' driver.
DEBUG - 2025-10-09 09:27:00 --> Session: Class initialized using 'CodeIgniter\Session\Handlers\FileHandler' driver.
DEBUG - 2025-10-09 09:27:14 --> Session: Class initialized using 'CodeIgniter\Session\Handlers\FileHandler' driver.
DEBUG - 2025-10-09 09:42:15 --> Session: Class initialized using 'CodeIgniter\Session\Handlers\FileHandler' driver.
DEBUG - 2025-10-09 09:46:49 --> Session: Class initialized using 'CodeIgniter\Session\Handlers\FileHandler' driver.
CRITICAL - 2025-10-09 09:46:49 --> CodeIgniter\Exceptions\BadMethodCallException: Call to undefined method App\Models\QardModel::getPinjamanAktif
[Method: GET, Route: anggota/cicilan]
in SYSTEMPATH\Model.php on line 927.
 1 APPPATH\Controllers\cicilan.php(60): CodeIgniter\Model->__call('getPinjamanAktif', [...])
 2 APPPATH\Controllers\cicilan.php(47): App\Controllers\Cicilan->getAllPinjamanAktif(1)
 3 SYSTEMPATH\CodeIgniter.php(933): App\Controllers\Cicilan->index()
 4 SYSTEMPATH\CodeIgniter.php(507): CodeIgniter\CodeIgniter->runController(Object(App\Controllers\Cicilan))
 5 SYSTEMPATH\CodeIgniter.php(354): CodeIgniter\CodeIgniter->handleRequest(null, Object(Config\Cache), false)
 6 SYSTEMPATH\Boot.php(363): CodeIgniter\CodeIgniter->run()
 7 SYSTEMPATH\Boot.php(68): CodeIgniter\Boot::runCodeIgniter(Object(CodeIgniter\CodeIgniter))
 8 FCPATH\index.php(59): CodeIgniter\Boot::bootWeb(Object(Config\Paths))
 9 SYSTEMPATH\rewrite.php(44): require_once('C:\\Users\\PTDRa\\Documents\\PKL\\koperasi 3\\public\\index.php')
DEBUG - 2025-10-09 09:51:49 --> Session: Class initialized using 'CodeIgniter\Session\Handlers\FileHandler' driver.
CRITICAL - 2025-10-09 09:51:49 --> CodeIgniter\View\Exceptions\ViewException: Invalid file: "anggota/cicilan.php"
[Method: GET, Route: anggota/cicilan]
in SYSTEMPATH\Exceptions\FrameworkException.php on line 39.
 1 SYSTEMPATH\View\View.php(214): CodeIgniter\Exceptions\FrameworkException::forInvalidFile('anggota/cicilan.php')
 2 SYSTEMPATH\Common.php(1167): CodeIgniter\View\View->render('anggota/cicilan', [], true)
 3 APPPATH\Controllers\cicilan.php(52): view('anggota/cicilan', [...])
 4 SYSTEMPATH\CodeIgniter.php(933): App\Controllers\Cicilan->index()
 5 SYSTEMPATH\CodeIgniter.php(507): CodeIgniter\CodeIgniter->runController(Object(App\Controllers\Cicilan))
 6 SYSTEMPATH\CodeIgniter.php(354): CodeIgniter\CodeIgniter->handleRequest(null, Object(Config\Cache), false)
 7 SYSTEMPATH\Boot.php(363): CodeIgniter\CodeIgniter->run()
 8 SYSTEMPATH\Boot.php(68): CodeIgniter\Boot::runCodeIgniter(Object(CodeIgniter\CodeIgniter))
 9 FCPATH\index.php(59): CodeIgniter\Boot::bootWeb(Object(Config\Paths))
10 SYSTEMPATH\rewrite.php(44): require_once('C:\\Users\\PTDRa\\Documents\\PKL\\koperasi 3\\public\\index.php')
DEBUG - 2025-10-09 09:55:08 --> Session: Class initialized using 'CodeIgniter\Session\Handlers\FileHandler' driver.
CRITICAL - 2025-10-09 09:55:08 --> ErrorException: Trying to access array offset on value of type null
[Method: GET, Route: anggota/cicilan]
in APPPATH\Views\cicilan.php on line 417.
 1 APPPATH\Views\cicilan.php(417): CodeIgniter\Debug\Exceptions->errorHandler(2, 'Trying to access array offset on value of type null', 'C:\\Users\\PTDRa\\Documents\\PKL\\koperasi 3\\app\\Views\\cicilan.php', 417)
 2 SYSTEMPATH\View\View.php(226): include('C:\\Users\\PTDRa\\Documents\\PKL\\koperasi 3\\app\\Views\\cicilan.php')
 3 SYSTEMPATH\View\View.php(229): CodeIgniter\View\View->CodeIgniter\View\{closure}()
 4 SYSTEMPATH\Common.php(1167): CodeIgniter\View\View->render('cicilan', [], true)
 5 APPPATH\Controllers\cicilan.php(53): view('cicilan', [...])
 6 SYSTEMPATH\CodeIgniter.php(933): App\Controllers\Cicilan->index()
 7 SYSTEMPATH\CodeIgniter.php(507): CodeIgniter\CodeIgniter->runController(Object(App\Controllers\Cicilan))
 8 SYSTEMPATH\CodeIgniter.php(354): CodeIgniter\CodeIgniter->handleRequest(null, Object(Config\Cache), false)
 9 SYSTEMPATH\Boot.php(363): CodeIgniter\CodeIgniter->run()
10 SYSTEMPATH\Boot.php(68): CodeIgniter\Boot::runCodeIgniter(Object(CodeIgniter\CodeIgniter))
11 FCPATH\index.php(59): CodeIgniter\Boot::bootWeb(Object(Config\Paths))
12 SYSTEMPATH\rewrite.php(44): require_once('C:\\Users\\PTDRa\\Documents\\PKL\\koperasi 3\\public\\index.php')
DEBUG - 2025-10-09 09:58:26 --> Session: Class initialized using 'CodeIgniter\Session\Handlers\FileHandler' driver.
DEBUG - 2025-10-09 10:04:47 --> Session: Class initialized using 'CodeIgniter\Session\Handlers\FileHandler' driver.
DEBUG - 2025-10-09 10:07:43 --> Session: Class initialized using 'CodeIgniter\Session\Handlers\FileHandler' driver.
CRITICAL - 2025-10-09 10:07:43 --> ErrorException: Undefined variable $anggota_id
[Method: GET, Route: anggota/cicilan]
in APPPATH\Controllers\Cicilan.php on line 40.
 1 APPPATH\Controllers\Cicilan.php(40): CodeIgniter\Debug\Exceptions->errorHandler(2, 'Undefined variable $anggota_id', 'C:\\Users\\PTDRa\\Documents\\PKL\\koperasi 3\\app\\Controllers\\Cicilan.php', 40)
 2 SYSTEMPATH\CodeIgniter.php(933): App\Controllers\Cicilan->index()
 3 SYSTEMPATH\CodeIgniter.php(507): CodeIgniter\CodeIgniter->runController(Object(App\Controllers\Cicilan))
 4 SYSTEMPATH\CodeIgniter.php(354): CodeIgniter\CodeIgniter->handleRequest(null, Object(Config\Cache), false)
 5 SYSTEMPATH\Boot.php(363): CodeIgniter\CodeIgniter->run()
 6 SYSTEMPATH\Boot.php(68): CodeIgniter\Boot::runCodeIgniter(Object(CodeIgniter\CodeIgniter))
 7 FCPATH\index.php(59): CodeIgniter\Boot::bootWeb(Object(Config\Paths))
 8 SYSTEMPATH\rewrite.php(44): require_once('C:\\Users\\PTDRa\\Documents\\PKL\\koperasi 3\\public\\index.php')
DEBUG - 2025-10-09 10:08:47 --> Session: Class initialized using 'CodeIgniter\Session\Handlers\FileHandler' driver.
CRITICAL - 2025-10-09 10:08:47 --> Error: Attempt to assign property "jenis" on array
[Method: GET, Route: anggota/cicilan]
in APPPATH\Controllers\Cicilan.php on line 79.
 1 APPPATH\Controllers\Cicilan.php(64): App\Controllers\Cicilan->getAllPinjamanAktif('40')
 2 SYSTEMPATH\CodeIgniter.php(933): App\Controllers\Cicilan->index()
 3 SYSTEMPATH\CodeIgniter.php(507): CodeIgniter\CodeIgniter->runController(Object(App\Controllers\Cicilan))
 4 SYSTEMPATH\CodeIgniter.php(354): CodeIgniter\CodeIgniter->handleRequest(null, Object(Config\Cache), false)
 5 SYSTEMPATH\Boot.php(363): CodeIgniter\CodeIgniter->run()
 6 SYSTEMPATH\Boot.php(68): CodeIgniter\Boot::runCodeIgniter(Object(CodeIgniter\CodeIgniter))
 7 FCPATH\index.php(59): CodeIgniter\Boot::bootWeb(Object(Config\Paths))
 8 SYSTEMPATH\rewrite.php(44): require_once('C:\\Users\\PTDRa\\Documents\\PKL\\koperasi 3\\public\\index.php')
DEBUG - 2025-10-09 10:14:22 --> Session: Class initialized using 'CodeIgniter\Session\Handlers\FileHandler' driver.
DEBUG - 2025-10-09 10:19:00 --> Session: Class initialized using 'CodeIgniter\Session\Handlers\FileHandler' driver.
ERROR - 2025-10-09 10:19:00 --> mysqli_sql_exception: Unknown column 'id_qard' in 'where clause' in C:\Users\PTDRa\Documents\PKL\koperasi 3\system\Database\MySQLi\Connection.php:327
Stack trace:
#0 C:\Users\PTDRa\Documents\PKL\koperasi 3\system\Database\MySQLi\Connection.php(327): mysqli->query('SELECT COUNT(*)...', 0)
#1 C:\Users\PTDRa\Documents\PKL\koperasi 3\system\Database\BaseConnection.php(729): CodeIgniter\Database\MySQLi\Connection->execute('SELECT COUNT(*)...')
#2 C:\Users\PTDRa\Documents\PKL\koperasi 3\system\Database\BaseConnection.php(646): CodeIgniter\Database\BaseConnection->simpleQuery('SELECT COUNT(*)...')
#3 C:\Users\PTDRa\Documents\PKL\koperasi 3\system\Database\BaseBuilder.php(1733): CodeIgniter\Database\BaseConnection->query('SELECT COUNT(*)...', Array, false)
#4 C:\Users\PTDRa\Documents\PKL\koperasi 3\system\Model.php(675): CodeIgniter\Database\BaseBuilder->countAllResults(true)
#5 C:\Users\PTDRa\Documents\PKL\koperasi 3\app\Models\AngsuranQardModel.php(16): CodeIgniter\Model->countAllResults()
#6 C:\Users\PTDRa\Documents\PKL\koperasi 3\app\Controllers\Cicilan.php(104): App\Models\AngsuranQardModel->getAngsuranBerjalan('10')
#7 C:\Users\PTDRa\Documents\PKL\koperasi 3\app\Controllers\Cicilan.php(71): App\Controllers\Cicilan->getAllPinjamanAktif('40')
#8 C:\Users\PTDRa\Documents\PKL\koperasi 3\system\CodeIgniter.php(933): App\Controllers\Cicilan->index()
#9 C:\Users\PTDRa\Documents\PKL\koperasi 3\system\CodeIgniter.php(507): CodeIgniter\CodeIgniter->runController(Object(App\Controllers\Cicilan))
#10 C:\Users\PTDRa\Documents\PKL\koperasi 3\system\CodeIgniter.php(354): CodeIgniter\CodeIgniter->handleRequest(NULL, Object(Config\Cache), false)
#11 C:\Users\PTDRa\Documents\PKL\koperasi 3\system\Boot.php(363): CodeIgniter\CodeIgniter->run()
#12 C:\Users\PTDRa\Documents\PKL\koperasi 3\system\Boot.php(68): CodeIgniter\Boot::runCodeIgniter(Object(CodeIgniter\CodeIgniter))
#13 C:\Users\PTDRa\Documents\PKL\koperasi 3\public\index.php(59): CodeIgniter\Boot::bootWeb(Object(Config\Paths))
#14 C:\Users\PTDRa\Documents\PKL\koperasi 3\system\rewrite.php(44): require_once('C:\\Users\\PTDRa\\...')
#15 {main}
CRITICAL - 2025-10-09 10:19:00 --> CodeIgniter\Database\Exceptions\DatabaseException: Unknown column 'id_qard' in 'where clause'
[Method: GET, Route: anggota/cicilan]
in SYSTEMPATH\Database\BaseConnection.php on line 684.
 1 SYSTEMPATH\Database\BaseBuilder.php(1733): CodeIgniter\Database\BaseConnection->query('SELECT COUNT(*) AS `numrows`
FROM `angsuran_qard`
WHERE `id_qard` = :id_qard:
AND `status` = :status:', [...], false)
 2 SYSTEMPATH\Model.php(675): CodeIgniter\Database\BaseBuilder->countAllResults(true)
 3 APPPATH\Models\AngsuranQardModel.php(16): CodeIgniter\Model->countAllResults()
 4 APPPATH\Controllers\Cicilan.php(104): App\Models\AngsuranQardModel->getAngsuranBerjalan('10')
 5 APPPATH\Controllers\Cicilan.php(71): App\Controllers\Cicilan->getAllPinjamanAktif('40')
 6 SYSTEMPATH\CodeIgniter.php(933): App\Controllers\Cicilan->index()
 7 SYSTEMPATH\CodeIgniter.php(507): CodeIgniter\CodeIgniter->runController(Object(App\Controllers\Cicilan))
 8 SYSTEMPATH\CodeIgniter.php(354): CodeIgniter\CodeIgniter->handleRequest(null, Object(Config\Cache), false)
 9 SYSTEMPATH\Boot.php(363): CodeIgniter\CodeIgniter->run()
10 SYSTEMPATH\Boot.php(68): CodeIgniter\Boot::runCodeIgniter(Object(CodeIgniter\CodeIgniter))
11 FCPATH\index.php(59): CodeIgniter\Boot::bootWeb(Object(Config\Paths))
12 SYSTEMPATH\rewrite.php(44): require_once('C:\\Users\\PTDRa\\Documents\\PKL\\koperasi 3\\public\\index.php')
CRITICAL - 2025-10-09 10:19:00 --> [Caused by] CodeIgniter\Database\Exceptions\DatabaseException: Unknown column 'id_qard' in 'where clause'
in SYSTEMPATH\Database\MySQLi\Connection.php on line 332.
 1 SYSTEMPATH\Database\BaseConnection.php(729): CodeIgniter\Database\MySQLi\Connection->execute('SELECT COUNT(*) AS `numrows`
FROM `angsuran_qard`
WHERE `id_qard` = \'10\'
AND `status` = \'lunas\'')
 2 SYSTEMPATH\Database\BaseConnection.php(646): CodeIgniter\Database\BaseConnection->simpleQuery('SELECT COUNT(*) AS `numrows`
FROM `angsuran_qard`
WHERE `id_qard` = \'10\'
AND `status` = \'lunas\'')
 3 SYSTEMPATH\Database\BaseBuilder.php(1733): CodeIgniter\Database\BaseConnection->query('SELECT COUNT(*) AS `numrows`
FROM `angsuran_qard`
WHERE `id_qard` = :id_qard:
AND `status` = :status:', [...], false)
 4 SYSTEMPATH\Model.php(675): CodeIgniter\Database\BaseBuilder->countAllResults(true)
 5 APPPATH\Models\AngsuranQardModel.php(16): CodeIgniter\Model->countAllResults()
 6 APPPATH\Controllers\Cicilan.php(104): App\Models\AngsuranQardModel->getAngsuranBerjalan('10')
 7 APPPATH\Controllers\Cicilan.php(71): App\Controllers\Cicilan->getAllPinjamanAktif('40')
 8 SYSTEMPATH\CodeIgniter.php(933): App\Controllers\Cicilan->index()
 9 SYSTEMPATH\CodeIgniter.php(507): CodeIgniter\CodeIgniter->runController(Object(App\Controllers\Cicilan))
10 SYSTEMPATH\CodeIgniter.php(354): CodeIgniter\CodeIgniter->handleRequest(null, Object(Config\Cache), false)
11 SYSTEMPATH\Boot.php(363): CodeIgniter\CodeIgniter->run()
12 SYSTEMPATH\Boot.php(68): CodeIgniter\Boot::runCodeIgniter(Object(CodeIgniter\CodeIgniter))
13 FCPATH\index.php(59): CodeIgniter\Boot::bootWeb(Object(Config\Paths))
14 SYSTEMPATH\rewrite.php(44): require_once('C:\\Users\\PTDRa\\Documents\\PKL\\koperasi 3\\public\\index.php')
CRITICAL - 2025-10-09 10:19:00 --> [Caused by] mysqli_sql_exception: Unknown column 'id_qard' in 'where clause'
in SYSTEMPATH\Database\MySQLi\Connection.php on line 327.
 1 SYSTEMPATH\Database\MySQLi\Connection.php(327): mysqli->query('SELECT COUNT(*) AS `numrows`
FROM `angsuran_qard`
WHERE `id_qard` = \'10\'
AND `status` = \'lunas\'', 0)
 2 SYSTEMPATH\Database\BaseConnection.php(729): CodeIgniter\Database\MySQLi\Connection->execute('SELECT COUNT(*) AS `numrows`
FROM `angsuran_qard`
WHERE `id_qard` = \'10\'
AND `status` = \'lunas\'')
 3 SYSTEMPATH\Database\BaseConnection.php(646): CodeIgniter\Database\BaseConnection->simpleQuery('SELECT COUNT(*) AS `numrows`
FROM `angsuran_qard`
WHERE `id_qard` = \'10\'
AND `status` = \'lunas\'')
 4 SYSTEMPATH\Database\BaseBuilder.php(1733): CodeIgniter\Database\BaseConnection->query('SELECT COUNT(*) AS `numrows`
FROM `angsuran_qard`
WHERE `id_qard` = :id_qard:
AND `status` = :status:', [...], false)
 5 SYSTEMPATH\Model.php(675): CodeIgniter\Database\BaseBuilder->countAllResults(true)
 6 APPPATH\Models\AngsuranQardModel.php(16): CodeIgniter\Model->countAllResults()
 7 APPPATH\Controllers\Cicilan.php(104): App\Models\AngsuranQardModel->getAngsuranBerjalan('10')
 8 APPPATH\Controllers\Cicilan.php(71): App\Controllers\Cicilan->getAllPinjamanAktif('40')
 9 SYSTEMPATH\CodeIgniter.php(933): App\Controllers\Cicilan->index()
10 SYSTEMPATH\CodeIgniter.php(507): CodeIgniter\CodeIgniter->runController(Object(App\Controllers\Cicilan))
11 SYSTEMPATH\CodeIgniter.php(354): CodeIgniter\CodeIgniter->handleRequest(null, Object(Config\Cache), false)
12 SYSTEMPATH\Boot.php(363): CodeIgniter\CodeIgniter->run()
13 SYSTEMPATH\Boot.php(68): CodeIgniter\Boot::runCodeIgniter(Object(CodeIgniter\CodeIgniter))
14 FCPATH\index.php(59): CodeIgniter\Boot::bootWeb(Object(Config\Paths))
15 SYSTEMPATH\rewrite.php(44): require_once('C:\\Users\\PTDRa\\Documents\\PKL\\koperasi 3\\public\\index.php')
DEBUG - 2025-10-09 10:21:34 --> Session: Class initialized using 'CodeIgniter\Session\Handlers\FileHandler' driver.
ERROR - 2025-10-09 10:21:34 --> mysqli_sql_exception: Unknown column 'id_qard' in 'where clause' in C:\Users\PTDRa\Documents\PKL\koperasi 3\system\Database\MySQLi\Connection.php:327
Stack trace:
#0 C:\Users\PTDRa\Documents\PKL\koperasi 3\system\Database\MySQLi\Connection.php(327): mysqli->query('SELECT COUNT(*)...', 0)
#1 C:\Users\PTDRa\Documents\PKL\koperasi 3\system\Database\BaseConnection.php(729): CodeIgniter\Database\MySQLi\Connection->execute('SELECT COUNT(*)...')
#2 C:\Users\PTDRa\Documents\PKL\koperasi 3\system\Database\BaseConnection.php(646): CodeIgniter\Database\BaseConnection->simpleQuery('SELECT COUNT(*)...')
#3 C:\Users\PTDRa\Documents\PKL\koperasi 3\system\Database\BaseBuilder.php(1733): CodeIgniter\Database\BaseConnection->query('SELECT COUNT(*)...', Array, false)
#4 C:\Users\PTDRa\Documents\PKL\koperasi 3\system\Model.php(675): CodeIgniter\Database\BaseBuilder->countAllResults(true)
#5 C:\Users\PTDRa\Documents\PKL\koperasi 3\app\Models\AngsuranQardModel.php(16): CodeIgniter\Model->countAllResults()
#6 C:\Users\PTDRa\Documents\PKL\koperasi 3\app\Controllers\Cicilan.php(104): App\Models\AngsuranQardModel->getAngsuranBerjalan('10')
#7 C:\Users\PTDRa\Documents\PKL\koperasi 3\app\Controllers\Cicilan.php(71): App\Controllers\Cicilan->getAllPinjamanAktif('40')
#8 C:\Users\PTDRa\Documents\PKL\koperasi 3\system\CodeIgniter.php(933): App\Controllers\Cicilan->index()
#9 C:\Users\PTDRa\Documents\PKL\koperasi 3\system\CodeIgniter.php(507): CodeIgniter\CodeIgniter->runController(Object(App\Controllers\Cicilan))
#10 C:\Users\PTDRa\Documents\PKL\koperasi 3\system\CodeIgniter.php(354): CodeIgniter\CodeIgniter->handleRequest(NULL, Object(Config\Cache), false)
#11 C:\Users\PTDRa\Documents\PKL\koperasi 3\system\Boot.php(363): CodeIgniter\CodeIgniter->run()
#12 C:\Users\PTDRa\Documents\PKL\koperasi 3\system\Boot.php(68): CodeIgniter\Boot::runCodeIgniter(Object(CodeIgniter\CodeIgniter))
#13 C:\Users\PTDRa\Documents\PKL\koperasi 3\public\index.php(59): CodeIgniter\Boot::bootWeb(Object(Config\Paths))
#14 C:\Users\PTDRa\Documents\PKL\koperasi 3\system\rewrite.php(44): require_once('C:\\Users\\PTDRa\\...')
#15 {main}
CRITICAL - 2025-10-09 10:21:34 --> CodeIgniter\Database\Exceptions\DatabaseException: Unknown column 'id_qard' in 'where clause'
[Method: GET, Route: anggota/cicilan]
in SYSTEMPATH\Database\BaseConnection.php on line 684.
 1 SYSTEMPATH\Database\BaseBuilder.php(1733): CodeIgniter\Database\BaseConnection->query('SELECT COUNT(*) AS `numrows`
FROM `angsuran_qard`
WHERE `id_qard` = :id_qard:
AND `status` = :status:', [...], false)
 2 SYSTEMPATH\Model.php(675): CodeIgniter\Database\BaseBuilder->countAllResults(true)
 3 APPPATH\Models\AngsuranQardModel.php(16): CodeIgniter\Model->countAllResults()
 4 APPPATH\Controllers\Cicilan.php(104): App\Models\AngsuranQardModel->getAngsuranBerjalan('10')
 5 APPPATH\Controllers\Cicilan.php(71): App\Controllers\Cicilan->getAllPinjamanAktif('40')
 6 SYSTEMPATH\CodeIgniter.php(933): App\Controllers\Cicilan->index()
 7 SYSTEMPATH\CodeIgniter.php(507): CodeIgniter\CodeIgniter->runController(Object(App\Controllers\Cicilan))
 8 SYSTEMPATH\CodeIgniter.php(354): CodeIgniter\CodeIgniter->handleRequest(null, Object(Config\Cache), false)
 9 SYSTEMPATH\Boot.php(363): CodeIgniter\CodeIgniter->run()
10 SYSTEMPATH\Boot.php(68): CodeIgniter\Boot::runCodeIgniter(Object(CodeIgniter\CodeIgniter))
11 FCPATH\index.php(59): CodeIgniter\Boot::bootWeb(Object(Config\Paths))
12 SYSTEMPATH\rewrite.php(44): require_once('C:\\Users\\PTDRa\\Documents\\PKL\\koperasi 3\\public\\index.php')
CRITICAL - 2025-10-09 10:21:34 --> [Caused by] CodeIgniter\Database\Exceptions\DatabaseException: Unknown column 'id_qard' in 'where clause'
in SYSTEMPATH\Database\MySQLi\Connection.php on line 332.
 1 SYSTEMPATH\Database\BaseConnection.php(729): CodeIgniter\Database\MySQLi\Connection->execute('SELECT COUNT(*) AS `numrows`
FROM `angsuran_qard`
WHERE `id_qard` = \'10\'
AND `status` = \'lunas\'')
 2 SYSTEMPATH\Database\BaseConnection.php(646): CodeIgniter\Database\BaseConnection->simpleQuery('SELECT COUNT(*) AS `numrows`
FROM `angsuran_qard`
WHERE `id_qard` = \'10\'
AND `status` = \'lunas\'')
 3 SYSTEMPATH\Database\BaseBuilder.php(1733): CodeIgniter\Database\BaseConnection->query('SELECT COUNT(*) AS `numrows`
FROM `angsuran_qard`
WHERE `id_qard` = :id_qard:
AND `status` = :status:', [...], false)
 4 SYSTEMPATH\Model.php(675): CodeIgniter\Database\BaseBuilder->countAllResults(true)
 5 APPPATH\Models\AngsuranQardModel.php(16): CodeIgniter\Model->countAllResults()
 6 APPPATH\Controllers\Cicilan.php(104): App\Models\AngsuranQardModel->getAngsuranBerjalan('10')
 7 APPPATH\Controllers\Cicilan.php(71): App\Controllers\Cicilan->getAllPinjamanAktif('40')
 8 SYSTEMPATH\CodeIgniter.php(933): App\Controllers\Cicilan->index()
 9 SYSTEMPATH\CodeIgniter.php(507): CodeIgniter\CodeIgniter->runController(Object(App\Controllers\Cicilan))
10 SYSTEMPATH\CodeIgniter.php(354): CodeIgniter\CodeIgniter->handleRequest(null, Object(Config\Cache), false)
11 SYSTEMPATH\Boot.php(363): CodeIgniter\CodeIgniter->run()
12 SYSTEMPATH\Boot.php(68): CodeIgniter\Boot::runCodeIgniter(Object(CodeIgniter\CodeIgniter))
13 FCPATH\index.php(59): CodeIgniter\Boot::bootWeb(Object(Config\Paths))
14 SYSTEMPATH\rewrite.php(44): require_once('C:\\Users\\PTDRa\\Documents\\PKL\\koperasi 3\\public\\index.php')
CRITICAL - 2025-10-09 10:21:34 --> [Caused by] mysqli_sql_exception: Unknown column 'id_qard' in 'where clause'
in SYSTEMPATH\Database\MySQLi\Connection.php on line 327.
 1 SYSTEMPATH\Database\MySQLi\Connection.php(327): mysqli->query('SELECT COUNT(*) AS `numrows`
FROM `angsuran_qard`
WHERE `id_qard` = \'10\'
AND `status` = \'lunas\'', 0)
 2 SYSTEMPATH\Database\BaseConnection.php(729): CodeIgniter\Database\MySQLi\Connection->execute('SELECT COUNT(*) AS `numrows`
FROM `angsuran_qard`
WHERE `id_qard` = \'10\'
AND `status` = \'lunas\'')
 3 SYSTEMPATH\Database\BaseConnection.php(646): CodeIgniter\Database\BaseConnection->simpleQuery('SELECT COUNT(*) AS `numrows`
FROM `angsuran_qard`
WHERE `id_qard` = \'10\'
AND `status` = \'lunas\'')
 4 SYSTEMPATH\Database\BaseBuilder.php(1733): CodeIgniter\Database\BaseConnection->query('SELECT COUNT(*) AS `numrows`
FROM `angsuran_qard`
WHERE `id_qard` = :id_qard:
AND `status` = :status:', [...], false)
 5 SYSTEMPATH\Model.php(675): CodeIgniter\Database\BaseBuilder->countAllResults(true)
 6 APPPATH\Models\AngsuranQardModel.php(16): CodeIgniter\Model->countAllResults()
 7 APPPATH\Controllers\Cicilan.php(104): App\Models\AngsuranQardModel->getAngsuranBerjalan('10')
 8 APPPATH\Controllers\Cicilan.php(71): App\Controllers\Cicilan->getAllPinjamanAktif('40')
 9 SYSTEMPATH\CodeIgniter.php(933): App\Controllers\Cicilan->index()
10 SYSTEMPATH\CodeIgniter.php(507): CodeIgniter\CodeIgniter->runController(Object(App\Controllers\Cicilan))
11 SYSTEMPATH\CodeIgniter.php(354): CodeIgniter\CodeIgniter->handleRequest(null, Object(Config\Cache), false)
12 SYSTEMPATH\Boot.php(363): CodeIgniter\CodeIgniter->run()
13 SYSTEMPATH\Boot.php(68): CodeIgniter\Boot::runCodeIgniter(Object(CodeIgniter\CodeIgniter))
14 FCPATH\index.php(59): CodeIgniter\Boot::bootWeb(Object(Config\Paths))
15 SYSTEMPATH\rewrite.php(44): require_once('C:\\Users\\PTDRa\\Documents\\PKL\\koperasi 3\\public\\index.php')
DEBUG - 2025-10-09 10:22:30 --> Session: Class initialized using 'CodeIgniter\Session\Handlers\FileHandler' driver.
ERROR - 2025-10-09 10:22:30 --> mysqli_sql_exception: Unknown column 'id_qard' in 'where clause' in C:\Users\PTDRa\Documents\PKL\koperasi 3\system\Database\MySQLi\Connection.php:327
Stack trace:
#0 C:\Users\PTDRa\Documents\PKL\koperasi 3\system\Database\MySQLi\Connection.php(327): mysqli->query('SELECT COUNT(*)...', 0)
#1 C:\Users\PTDRa\Documents\PKL\koperasi 3\system\Database\BaseConnection.php(729): CodeIgniter\Database\MySQLi\Connection->execute('SELECT COUNT(*)...')
#2 C:\Users\PTDRa\Documents\PKL\koperasi 3\system\Database\BaseConnection.php(646): CodeIgniter\Database\BaseConnection->simpleQuery('SELECT COUNT(*)...')
#3 C:\Users\PTDRa\Documents\PKL\koperasi 3\system\Database\BaseBuilder.php(1733): CodeIgniter\Database\BaseConnection->query('SELECT COUNT(*)...', Array, false)
#4 C:\Users\PTDRa\Documents\PKL\koperasi 3\system\Model.php(675): CodeIgniter\Database\BaseBuilder->countAllResults(true)
#5 C:\Users\PTDRa\Documents\PKL\koperasi 3\app\Models\AngsuranQardModel.php(19): CodeIgniter\Model->countAllResults()
#6 C:\Users\PTDRa\Documents\PKL\koperasi 3\app\Controllers\Cicilan.php(104): App\Models\AngsuranQardModel->getAngsuranBerjalan('10')
#7 C:\Users\PTDRa\Documents\PKL\koperasi 3\app\Controllers\Cicilan.php(71): App\Controllers\Cicilan->getAllPinjamanAktif('40')
#8 C:\Users\PTDRa\Documents\PKL\koperasi 3\system\CodeIgniter.php(933): App\Controllers\Cicilan->index()
#9 C:\Users\PTDRa\Documents\PKL\koperasi 3\system\CodeIgniter.php(507): CodeIgniter\CodeIgniter->runController(Object(App\Controllers\Cicilan))
#10 C:\Users\PTDRa\Documents\PKL\koperasi 3\system\CodeIgniter.php(354): CodeIgniter\CodeIgniter->handleRequest(NULL, Object(Config\Cache), false)
#11 C:\Users\PTDRa\Documents\PKL\koperasi 3\system\Boot.php(363): CodeIgniter\CodeIgniter->run()
#12 C:\Users\PTDRa\Documents\PKL\koperasi 3\system\Boot.php(68): CodeIgniter\Boot::runCodeIgniter(Object(CodeIgniter\CodeIgniter))
#13 C:\Users\PTDRa\Documents\PKL\koperasi 3\public\index.php(59): CodeIgniter\Boot::bootWeb(Object(Config\Paths))
#14 C:\Users\PTDRa\Documents\PKL\koperasi 3\system\rewrite.php(44): require_once('C:\\Users\\PTDRa\\...')
#15 {main}
CRITICAL - 2025-10-09 10:22:30 --> CodeIgniter\Database\Exceptions\DatabaseException: Unknown column 'id_qard' in 'where clause'
[Method: GET, Route: anggota/cicilan]
in SYSTEMPATH\Database\BaseConnection.php on line 684.
 1 SYSTEMPATH\Database\BaseBuilder.php(1733): CodeIgniter\Database\BaseConnection->query('SELECT COUNT(*) AS `numrows`
FROM `angsuran_qard`
WHERE `id_qard` = :id_qard:
OR `qard_id` = :qard_id:
OR `id_pinjaman` = :id_pinjaman:
AND `status` = :status:', [...], false)
 2 SYSTEMPATH\Model.php(675): CodeIgniter\Database\BaseBuilder->countAllResults(true)
 3 APPPATH\Models\AngsuranQardModel.php(19): CodeIgniter\Model->countAllResults()
 4 APPPATH\Controllers\Cicilan.php(104): App\Models\AngsuranQardModel->getAngsuranBerjalan('10')
 5 APPPATH\Controllers\Cicilan.php(71): App\Controllers\Cicilan->getAllPinjamanAktif('40')
 6 SYSTEMPATH\CodeIgniter.php(933): App\Controllers\Cicilan->index()
 7 SYSTEMPATH\CodeIgniter.php(507): CodeIgniter\CodeIgniter->runController(Object(App\Controllers\Cicilan))
 8 SYSTEMPATH\CodeIgniter.php(354): CodeIgniter\CodeIgniter->handleRequest(null, Object(Config\Cache), false)
 9 SYSTEMPATH\Boot.php(363): CodeIgniter\CodeIgniter->run()
10 SYSTEMPATH\Boot.php(68): CodeIgniter\Boot::runCodeIgniter(Object(CodeIgniter\CodeIgniter))
11 FCPATH\index.php(59): CodeIgniter\Boot::bootWeb(Object(Config\Paths))
12 SYSTEMPATH\rewrite.php(44): require_once('C:\\Users\\PTDRa\\Documents\\PKL\\koperasi 3\\public\\index.php')
CRITICAL - 2025-10-09 10:22:30 --> [Caused by] CodeIgniter\Database\Exceptions\DatabaseException: Unknown column 'id_qard' in 'where clause'
in SYSTEMPATH\Database\MySQLi\Connection.php on line 332.
 1 SYSTEMPATH\Database\BaseConnection.php(729): CodeIgniter\Database\MySQLi\Connection->execute('SELECT COUNT(*) AS `numrows`
FROM `angsuran_qard`
WHERE `id_qard` = \'10\'
OR `qard_id` = \'10\'
OR `id_pinjaman` = \'10\'
AND `status` = \'lunas\'')
 2 SYSTEMPATH\Database\BaseConnection.php(646): CodeIgniter\Database\BaseConnection->simpleQuery('SELECT COUNT(*) AS `numrows`
FROM `angsuran_qard`
WHERE `id_qard` = \'10\'
OR `qard_id` = \'10\'
OR `id_pinjaman` = \'10\'
AND `status` = \'lunas\'')
 3 SYSTEMPATH\Database\BaseBuilder.php(1733): CodeIgniter\Database\BaseConnection->query('SELECT COUNT(*) AS `numrows`
FROM `angsuran_qard`
WHERE `id_qard` = :id_qard:
OR `qard_id` = :qard_id:
OR `id_pinjaman` = :id_pinjaman:
AND `status` = :status:', [...], false)
 4 SYSTEMPATH\Model.php(675): CodeIgniter\Database\BaseBuilder->countAllResults(true)
 5 APPPATH\Models\AngsuranQardModel.php(19): CodeIgniter\Model->countAllResults()
 6 APPPATH\Controllers\Cicilan.php(104): App\Models\AngsuranQardModel->getAngsuranBerjalan('10')
 7 APPPATH\Controllers\Cicilan.php(71): App\Controllers\Cicilan->getAllPinjamanAktif('40')
 8 SYSTEMPATH\CodeIgniter.php(933): App\Controllers\Cicilan->index()
 9 SYSTEMPATH\CodeIgniter.php(507): CodeIgniter\CodeIgniter->runController(Object(App\Controllers\Cicilan))
10 SYSTEMPATH\CodeIgniter.php(354): CodeIgniter\CodeIgniter->handleRequest(null, Object(Config\Cache), false)
11 SYSTEMPATH\Boot.php(363): CodeIgniter\CodeIgniter->run()
12 SYSTEMPATH\Boot.php(68): CodeIgniter\Boot::runCodeIgniter(Object(CodeIgniter\CodeIgniter))
13 FCPATH\index.php(59): CodeIgniter\Boot::bootWeb(Object(Config\Paths))
14 SYSTEMPATH\rewrite.php(44): require_once('C:\\Users\\PTDRa\\Documents\\PKL\\koperasi 3\\public\\index.php')
CRITICAL - 2025-10-09 10:22:30 --> [Caused by] mysqli_sql_exception: Unknown column 'id_qard' in 'where clause'
in SYSTEMPATH\Database\MySQLi\Connection.php on line 327.
 1 SYSTEMPATH\Database\MySQLi\Connection.php(327): mysqli->query('SELECT COUNT(*) AS `numrows`
FROM `angsuran_qard`
WHERE `id_qard` = \'10\'
OR `qard_id` = \'10\'
OR `id_pinjaman` = \'10\'
AND `status` = \'lunas\'', 0)
 2 SYSTEMPATH\Database\BaseConnection.php(729): CodeIgniter\Database\MySQLi\Connection->execute('SELECT COUNT(*) AS `numrows`
FROM `angsuran_qard`
WHERE `id_qard` = \'10\'
OR `qard_id` = \'10\'
OR `id_pinjaman` = \'10\'
AND `status` = \'lunas\'')
 3 SYSTEMPATH\Database\BaseConnection.php(646): CodeIgniter\Database\BaseConnection->simpleQuery('SELECT COUNT(*) AS `numrows`
FROM `angsuran_qard`
WHERE `id_qard` = \'10\'
OR `qard_id` = \'10\'
OR `id_pinjaman` = \'10\'
AND `status` = \'lunas\'')
 4 SYSTEMPATH\Database\BaseBuilder.php(1733): CodeIgniter\Database\BaseConnection->query('SELECT COUNT(*) AS `numrows`
FROM `angsuran_qard`
WHERE `id_qard` = :id_qard:
OR `qard_id` = :qard_id:
OR `id_pinjaman` = :id_pinjaman:
AND `status` = :status:', [...], false)
 5 SYSTEMPATH\Model.php(675): CodeIgniter\Database\BaseBuilder->countAllResults(true)
 6 APPPATH\Models\AngsuranQardModel.php(19): CodeIgniter\Model->countAllResults()
 7 APPPATH\Controllers\Cicilan.php(104): App\Models\AngsuranQardModel->getAngsuranBerjalan('10')
 8 APPPATH\Controllers\Cicilan.php(71): App\Controllers\Cicilan->getAllPinjamanAktif('40')
 9 SYSTEMPATH\CodeIgniter.php(933): App\Controllers\Cicilan->index()
10 SYSTEMPATH\CodeIgniter.php(507): CodeIgniter\CodeIgniter->runController(Object(App\Controllers\Cicilan))
11 SYSTEMPATH\CodeIgniter.php(354): CodeIgniter\CodeIgniter->handleRequest(null, Object(Config\Cache), false)
12 SYSTEMPATH\Boot.php(363): CodeIgniter\CodeIgniter->run()
13 SYSTEMPATH\Boot.php(68): CodeIgniter\Boot::runCodeIgniter(Object(CodeIgniter\CodeIgniter))
14 FCPATH\index.php(59): CodeIgniter\Boot::bootWeb(Object(Config\Paths))
15 SYSTEMPATH\rewrite.php(44): require_once('C:\\Users\\PTDRa\\Documents\\PKL\\koperasi 3\\public\\index.php')
DEBUG - 2025-10-09 10:22:41 --> Session: Class initialized using 'CodeIgniter\Session\Handlers\FileHandler' driver.
ERROR - 2025-10-09 10:22:42 --> mysqli_sql_exception: Unknown column 'id_qard' in 'where clause' in C:\Users\PTDRa\Documents\PKL\koperasi 3\system\Database\MySQLi\Connection.php:327
Stack trace:
#0 C:\Users\PTDRa\Documents\PKL\koperasi 3\system\Database\MySQLi\Connection.php(327): mysqli->query('SELECT COUNT(*)...', 0)
#1 C:\Users\PTDRa\Documents\PKL\koperasi 3\system\Database\BaseConnection.php(729): CodeIgniter\Database\MySQLi\Connection->execute('SELECT COUNT(*)...')
#2 C:\Users\PTDRa\Documents\PKL\koperasi 3\system\Database\BaseConnection.php(646): CodeIgniter\Database\BaseConnection->simpleQuery('SELECT COUNT(*)...')
#3 C:\Users\PTDRa\Documents\PKL\koperasi 3\system\Database\BaseBuilder.php(1733): CodeIgniter\Database\BaseConnection->query('SELECT COUNT(*)...', Array, false)
#4 C:\Users\PTDRa\Documents\PKL\koperasi 3\system\Model.php(675): CodeIgniter\Database\BaseBuilder->countAllResults(true)
#5 C:\Users\PTDRa\Documents\PKL\koperasi 3\app\Models\AngsuranQardModel.php(19): CodeIgniter\Model->countAllResults()
#6 C:\Users\PTDRa\Documents\PKL\koperasi 3\app\Controllers\Cicilan.php(104): App\Models\AngsuranQardModel->getAngsuranBerjalan('10')
#7 C:\Users\PTDRa\Documents\PKL\koperasi 3\app\Controllers\Cicilan.php(71): App\Controllers\Cicilan->getAllPinjamanAktif('40')
#8 C:\Users\PTDRa\Documents\PKL\koperasi 3\system\CodeIgniter.php(933): App\Controllers\Cicilan->index()
#9 C:\Users\PTDRa\Documents\PKL\koperasi 3\system\CodeIgniter.php(507): CodeIgniter\CodeIgniter->runController(Object(App\Controllers\Cicilan))
#10 C:\Users\PTDRa\Documents\PKL\koperasi 3\system\CodeIgniter.php(354): CodeIgniter\CodeIgniter->handleRequest(NULL, Object(Config\Cache), false)
#11 C:\Users\PTDRa\Documents\PKL\koperasi 3\system\Boot.php(363): CodeIgniter\CodeIgniter->run()
#12 C:\Users\PTDRa\Documents\PKL\koperasi 3\system\Boot.php(68): CodeIgniter\Boot::runCodeIgniter(Object(CodeIgniter\CodeIgniter))
#13 C:\Users\PTDRa\Documents\PKL\koperasi 3\public\index.php(59): CodeIgniter\Boot::bootWeb(Object(Config\Paths))
#14 C:\Users\PTDRa\Documents\PKL\koperasi 3\system\rewrite.php(44): require_once('C:\\Users\\PTDRa\\...')
#15 {main}
CRITICAL - 2025-10-09 10:22:42 --> CodeIgniter\Database\Exceptions\DatabaseException: Unknown column 'id_qard' in 'where clause'
[Method: GET, Route: anggota/cicilan]
in SYSTEMPATH\Database\BaseConnection.php on line 684.
 1 SYSTEMPATH\Database\BaseBuilder.php(1733): CodeIgniter\Database\BaseConnection->query('SELECT COUNT(*) AS `numrows`
FROM `angsuran_qard`
WHERE `id_qard` = :id_qard:
OR `qard_id` = :qard_id:
OR `id_pinjaman` = :id_pinjaman:
AND `status` = :status:', [...], false)
 2 SYSTEMPATH\Model.php(675): CodeIgniter\Database\BaseBuilder->countAllResults(true)
 3 APPPATH\Models\AngsuranQardModel.php(19): CodeIgniter\Model->countAllResults()
 4 APPPATH\Controllers\Cicilan.php(104): App\Models\AngsuranQardModel->getAngsuranBerjalan('10')
 5 APPPATH\Controllers\Cicilan.php(71): App\Controllers\Cicilan->getAllPinjamanAktif('40')
 6 SYSTEMPATH\CodeIgniter.php(933): App\Controllers\Cicilan->index()
 7 SYSTEMPATH\CodeIgniter.php(507): CodeIgniter\CodeIgniter->runController(Object(App\Controllers\Cicilan))
 8 SYSTEMPATH\CodeIgniter.php(354): CodeIgniter\CodeIgniter->handleRequest(null, Object(Config\Cache), false)
 9 SYSTEMPATH\Boot.php(363): CodeIgniter\CodeIgniter->run()
10 SYSTEMPATH\Boot.php(68): CodeIgniter\Boot::runCodeIgniter(Object(CodeIgniter\CodeIgniter))
11 FCPATH\index.php(59): CodeIgniter\Boot::bootWeb(Object(Config\Paths))
12 SYSTEMPATH\rewrite.php(44): require_once('C:\\Users\\PTDRa\\Documents\\PKL\\koperasi 3\\public\\index.php')
CRITICAL - 2025-10-09 10:22:42 --> [Caused by] CodeIgniter\Database\Exceptions\DatabaseException: Unknown column 'id_qard' in 'where clause'
in SYSTEMPATH\Database\MySQLi\Connection.php on line 332.
 1 SYSTEMPATH\Database\BaseConnection.php(729): CodeIgniter\Database\MySQLi\Connection->execute('SELECT COUNT(*) AS `numrows`
FROM `angsuran_qard`
WHERE `id_qard` = \'10\'
OR `qard_id` = \'10\'
OR `id_pinjaman` = \'10\'
AND `status` = \'lunas\'')
 2 SYSTEMPATH\Database\BaseConnection.php(646): CodeIgniter\Database\BaseConnection->simpleQuery('SELECT COUNT(*) AS `numrows`
FROM `angsuran_qard`
WHERE `id_qard` = \'10\'
OR `qard_id` = \'10\'
OR `id_pinjaman` = \'10\'
AND `status` = \'lunas\'')
 3 SYSTEMPATH\Database\BaseBuilder.php(1733): CodeIgniter\Database\BaseConnection->query('SELECT COUNT(*) AS `numrows`
FROM `angsuran_qard`
WHERE `id_qard` = :id_qard:
OR `qard_id` = :qard_id:
OR `id_pinjaman` = :id_pinjaman:
AND `status` = :status:', [...], false)
 4 SYSTEMPATH\Model.php(675): CodeIgniter\Database\BaseBuilder->countAllResults(true)
 5 APPPATH\Models\AngsuranQardModel.php(19): CodeIgniter\Model->countAllResults()
 6 APPPATH\Controllers\Cicilan.php(104): App\Models\AngsuranQardModel->getAngsuranBerjalan('10')
 7 APPPATH\Controllers\Cicilan.php(71): App\Controllers\Cicilan->getAllPinjamanAktif('40')
 8 SYSTEMPATH\CodeIgniter.php(933): App\Controllers\Cicilan->index()
 9 SYSTEMPATH\CodeIgniter.php(507): CodeIgniter\CodeIgniter->runController(Object(App\Controllers\Cicilan))
10 SYSTEMPATH\CodeIgniter.php(354): CodeIgniter\CodeIgniter->handleRequest(null, Object(Config\Cache), false)
11 SYSTEMPATH\Boot.php(363): CodeIgniter\CodeIgniter->run()
12 SYSTEMPATH\Boot.php(68): CodeIgniter\Boot::runCodeIgniter(Object(CodeIgniter\CodeIgniter))
13 FCPATH\index.php(59): CodeIgniter\Boot::bootWeb(Object(Config\Paths))
14 SYSTEMPATH\rewrite.php(44): require_once('C:\\Users\\PTDRa\\Documents\\PKL\\koperasi 3\\public\\index.php')
CRITICAL - 2025-10-09 10:22:42 --> [Caused by] mysqli_sql_exception: Unknown column 'id_qard' in 'where clause'
in SYSTEMPATH\Database\MySQLi\Connection.php on line 327.
 1 SYSTEMPATH\Database\MySQLi\Connection.php(327): mysqli->query('SELECT COUNT(*) AS `numrows`
FROM `angsuran_qard`
WHERE `id_qard` = \'10\'
OR `qard_id` = \'10\'
OR `id_pinjaman` = \'10\'
AND `status` = \'lunas\'', 0)
 2 SYSTEMPATH\Database\BaseConnection.php(729): CodeIgniter\Database\MySQLi\Connection->execute('SELECT COUNT(*) AS `numrows`
FROM `angsuran_qard`
WHERE `id_qard` = \'10\'
OR `qard_id` = \'10\'
OR `id_pinjaman` = \'10\'
AND `status` = \'lunas\'')
 3 SYSTEMPATH\Database\BaseConnection.php(646): CodeIgniter\Database\BaseConnection->simpleQuery('SELECT COUNT(*) AS `numrows`
FROM `angsuran_qard`
WHERE `id_qard` = \'10\'
OR `qard_id` = \'10\'
OR `id_pinjaman` = \'10\'
AND `status` = \'lunas\'')
 4 SYSTEMPATH\Database\BaseBuilder.php(1733): CodeIgniter\Database\BaseConnection->query('SELECT COUNT(*) AS `numrows`
FROM `angsuran_qard`
WHERE `id_qard` = :id_qard:
OR `qard_id` = :qard_id:
OR `id_pinjaman` = :id_pinjaman:
AND `status` = :status:', [...], false)
 5 SYSTEMPATH\Model.php(675): CodeIgniter\Database\BaseBuilder->countAllResults(true)
 6 APPPATH\Models\AngsuranQardModel.php(19): CodeIgniter\Model->countAllResults()
 7 APPPATH\Controllers\Cicilan.php(104): App\Models\AngsuranQardModel->getAngsuranBerjalan('10')
 8 APPPATH\Controllers\Cicilan.php(71): App\Controllers\Cicilan->getAllPinjamanAktif('40')
 9 SYSTEMPATH\CodeIgniter.php(933): App\Controllers\Cicilan->index()
10 SYSTEMPATH\CodeIgniter.php(507): CodeIgniter\CodeIgniter->runController(Object(App\Controllers\Cicilan))
11 SYSTEMPATH\CodeIgniter.php(354): CodeIgniter\CodeIgniter->handleRequest(null, Object(Config\Cache), false)
12 SYSTEMPATH\Boot.php(363): CodeIgniter\CodeIgniter->run()
13 SYSTEMPATH\Boot.php(68): CodeIgniter\Boot::runCodeIgniter(Object(CodeIgniter\CodeIgniter))
14 FCPATH\index.php(59): CodeIgniter\Boot::bootWeb(Object(Config\Paths))
15 SYSTEMPATH\rewrite.php(44): require_once('C:\\Users\\PTDRa\\Documents\\PKL\\koperasi 3\\public\\index.php')
DEBUG - 2025-10-09 10:22:43 --> Session: Class initialized using 'CodeIgniter\Session\Handlers\FileHandler' driver.
CRITICAL - 2025-10-09 10:22:43 --> ErrorException: Trying to access array offset on value of type null
[Method: GET, Route: anggota/pinjaman]
in APPPATH\Views\pinjaman.php on line 400.
 1 APPPATH\Views\pinjaman.php(400): CodeIgniter\Debug\Exceptions->errorHandler(2, 'Trying to access array offset on value of type null', 'C:\\Users\\PTDRa\\Documents\\PKL\\koperasi 3\\app\\Views\\pinjaman.php', 400)
 2 SYSTEMPATH\View\View.php(226): include('C:\\Users\\PTDRa\\Documents\\PKL\\koperasi 3\\app\\Views\\pinjaman.php')
 3 SYSTEMPATH\View\View.php(229): CodeIgniter\View\View->CodeIgniter\View\{closure}()
 4 SYSTEMPATH\Common.php(1167): CodeIgniter\View\View->render('pinjaman', [], true)
 5 APPPATH\Controllers\Pinjaman.php(19): view('pinjaman', [...])
 6 SYSTEMPATH\CodeIgniter.php(933): App\Controllers\Pinjaman->index()
 7 SYSTEMPATH\CodeIgniter.php(507): CodeIgniter\CodeIgniter->runController(Object(App\Controllers\Pinjaman))
 8 SYSTEMPATH\CodeIgniter.php(354): CodeIgniter\CodeIgniter->handleRequest(null, Object(Config\Cache), false)
 9 SYSTEMPATH\Boot.php(363): CodeIgniter\CodeIgniter->run()
10 SYSTEMPATH\Boot.php(68): CodeIgniter\Boot::runCodeIgniter(Object(CodeIgniter\CodeIgniter))
11 FCPATH\index.php(59): CodeIgniter\Boot::bootWeb(Object(Config\Paths))
12 SYSTEMPATH\rewrite.php(44): require_once('C:\\Users\\PTDRa\\Documents\\PKL\\koperasi 3\\public\\index.php')
DEBUG - 2025-10-09 10:22:53 --> Session: Class initialized using 'CodeIgniter\Session\Handlers\FileHandler' driver.
CRITICAL - 2025-10-09 10:22:53 --> ErrorException: Trying to access array offset on value of type null
[Method: GET, Route: anggota/dashboard]
in APPPATH\Views\dashboard.php on line 468.
 1 APPPATH\Views\dashboard.php(468): CodeIgniter\Debug\Exceptions->errorHandler(2, 'Trying to access array offset on value of type null', 'C:\\Users\\PTDRa\\Documents\\PKL\\koperasi 3\\app\\Views\\dashboard.php', 468)
 2 SYSTEMPATH\View\View.php(226): include('C:\\Users\\PTDRa\\Documents\\PKL\\koperasi 3\\app\\Views\\dashboard.php')
 3 SYSTEMPATH\View\View.php(229): CodeIgniter\View\View->CodeIgniter\View\{closure}()
 4 SYSTEMPATH\Common.php(1167): CodeIgniter\View\View->render('dashboard', [], true)
 5 APPPATH\Controllers\Dashboard.php(53): view('dashboard', [...])
 6 SYSTEMPATH\CodeIgniter.php(933): App\Controllers\Dashboard->index()
 7 SYSTEMPATH\CodeIgniter.php(507): CodeIgniter\CodeIgniter->runController(Object(App\Controllers\Dashboard))
 8 SYSTEMPATH\CodeIgniter.php(354): CodeIgniter\CodeIgniter->handleRequest(null, Object(Config\Cache), false)
 9 SYSTEMPATH\Boot.php(363): CodeIgniter\CodeIgniter->run()
10 SYSTEMPATH\Boot.php(68): CodeIgniter\Boot::runCodeIgniter(Object(CodeIgniter\CodeIgniter))
11 FCPATH\index.php(59): CodeIgniter\Boot::bootWeb(Object(Config\Paths))
12 SYSTEMPATH\rewrite.php(44): require_once('C:\\Users\\PTDRa\\Documents\\PKL\\koperasi 3\\public\\index.php')
DEBUG - 2025-10-09 10:22:55 --> Session: Class initialized using 'CodeIgniter\Session\Handlers\FileHandler' driver.
CRITICAL - 2025-10-09 10:22:55 --> ErrorException: Trying to access array offset on value of type null
[Method: GET, Route: anggota/pinjaman]
in APPPATH\Views\pinjaman.php on line 400.
 1 APPPATH\Views\pinjaman.php(400): CodeIgniter\Debug\Exceptions->errorHandler(2, 'Trying to access array offset on value of type null', 'C:\\Users\\PTDRa\\Documents\\PKL\\koperasi 3\\app\\Views\\pinjaman.php', 400)
 2 SYSTEMPATH\View\View.php(226): include('C:\\Users\\PTDRa\\Documents\\PKL\\koperasi 3\\app\\Views\\pinjaman.php')
 3 SYSTEMPATH\View\View.php(229): CodeIgniter\View\View->CodeIgniter\View\{closure}()
 4 SYSTEMPATH\Common.php(1167): CodeIgniter\View\View->render('pinjaman', [], true)
 5 APPPATH\Controllers\Pinjaman.php(19): view('pinjaman', [...])
 6 SYSTEMPATH\CodeIgniter.php(933): App\Controllers\Pinjaman->index()
 7 SYSTEMPATH\CodeIgniter.php(507): CodeIgniter\CodeIgniter->runController(Object(App\Controllers\Pinjaman))
 8 SYSTEMPATH\CodeIgniter.php(354): CodeIgniter\CodeIgniter->handleRequest(null, Object(Config\Cache), false)
 9 SYSTEMPATH\Boot.php(363): CodeIgniter\CodeIgniter->run()
10 SYSTEMPATH\Boot.php(68): CodeIgniter\Boot::runCodeIgniter(Object(CodeIgniter\CodeIgniter))
11 FCPATH\index.php(59): CodeIgniter\Boot::bootWeb(Object(Config\Paths))
12 SYSTEMPATH\rewrite.php(44): require_once('C:\\Users\\PTDRa\\Documents\\PKL\\koperasi 3\\public\\index.php')
DEBUG - 2025-10-09 10:22:55 --> Session: Class initialized using 'CodeIgniter\Session\Handlers\FileHandler' driver.
CRITICAL - 2025-10-09 10:22:55 --> ErrorException: Trying to access array offset on value of type null
[Method: GET, Route: anggota/dashboard]
in APPPATH\Views\dashboard.php on line 468.
 1 APPPATH\Views\dashboard.php(468): CodeIgniter\Debug\Exceptions->errorHandler(2, 'Trying to access array offset on value of type null', 'C:\\Users\\PTDRa\\Documents\\PKL\\koperasi 3\\app\\Views\\dashboard.php', 468)
 2 SYSTEMPATH\View\View.php(226): include('C:\\Users\\PTDRa\\Documents\\PKL\\koperasi 3\\app\\Views\\dashboard.php')
 3 SYSTEMPATH\View\View.php(229): CodeIgniter\View\View->CodeIgniter\View\{closure}()
 4 SYSTEMPATH\Common.php(1167): CodeIgniter\View\View->render('dashboard', [], true)
 5 APPPATH\Controllers\Dashboard.php(53): view('dashboard', [...])
 6 SYSTEMPATH\CodeIgniter.php(933): App\Controllers\Dashboard->index()
 7 SYSTEMPATH\CodeIgniter.php(507): CodeIgniter\CodeIgniter->runController(Object(App\Controllers\Dashboard))
 8 SYSTEMPATH\CodeIgniter.php(354): CodeIgniter\CodeIgniter->handleRequest(null, Object(Config\Cache), false)
 9 SYSTEMPATH\Boot.php(363): CodeIgniter\CodeIgniter->run()
10 SYSTEMPATH\Boot.php(68): CodeIgniter\Boot::runCodeIgniter(Object(CodeIgniter\CodeIgniter))
11 FCPATH\index.php(59): CodeIgniter\Boot::bootWeb(Object(Config\Paths))
12 SYSTEMPATH\rewrite.php(44): require_once('C:\\Users\\PTDRa\\Documents\\PKL\\koperasi 3\\public\\index.php')
DEBUG - 2025-10-09 10:22:56 --> Session: Class initialized using 'CodeIgniter\Session\Handlers\FileHandler' driver.
DEBUG - 2025-10-09 10:22:58 --> Session: Class initialized using 'CodeIgniter\Session\Handlers\FileHandler' driver.
CRITICAL - 2025-10-09 10:22:58 --> ErrorException: Trying to access array offset on value of type null
[Method: GET, Route: anggota/pinjaman]
in APPPATH\Views\pinjaman.php on line 400.
 1 APPPATH\Views\pinjaman.php(400): CodeIgniter\Debug\Exceptions->errorHandler(2, 'Trying to access array offset on value of type null', 'C:\\Users\\PTDRa\\Documents\\PKL\\koperasi 3\\app\\Views\\pinjaman.php', 400)
 2 SYSTEMPATH\View\View.php(226): include('C:\\Users\\PTDRa\\Documents\\PKL\\koperasi 3\\app\\Views\\pinjaman.php')
 3 SYSTEMPATH\View\View.php(229): CodeIgniter\View\View->CodeIgniter\View\{closure}()
 4 SYSTEMPATH\Common.php(1167): CodeIgniter\View\View->render('pinjaman', [], true)
 5 APPPATH\Controllers\Pinjaman.php(19): view('pinjaman', [...])
 6 SYSTEMPATH\CodeIgniter.php(933): App\Controllers\Pinjaman->index()
 7 SYSTEMPATH\CodeIgniter.php(507): CodeIgniter\CodeIgniter->runController(Object(App\Controllers\Pinjaman))
 8 SYSTEMPATH\CodeIgniter.php(354): CodeIgniter\CodeIgniter->handleRequest(null, Object(Config\Cache), false)
 9 SYSTEMPATH\Boot.php(363): CodeIgniter\CodeIgniter->run()
10 SYSTEMPATH\Boot.php(68): CodeIgniter\Boot::runCodeIgniter(Object(CodeIgniter\CodeIgniter))
11 FCPATH\index.php(59): CodeIgniter\Boot::bootWeb(Object(Config\Paths))
12 SYSTEMPATH\rewrite.php(44): require_once('C:\\Users\\PTDRa\\Documents\\PKL\\koperasi 3\\public\\index.php')
DEBUG - 2025-10-09 10:23:02 --> Session: Class initialized using 'CodeIgniter\Session\Handlers\FileHandler' driver.
DEBUG - 2025-10-09 10:23:41 --> Session: Class initialized using 'CodeIgniter\Session\Handlers\FileHandler' driver.
DEBUG - 2025-10-09 10:23:42 --> Session: Class initialized using 'CodeIgniter\Session\Handlers\FileHandler' driver.
CRITICAL - 2025-10-09 10:23:42 --> ErrorException: Trying to access array offset on value of type null
[Method: GET, Route: anggota/pinjaman]
in APPPATH\Views\pinjaman.php on line 400.
 1 APPPATH\Views\pinjaman.php(400): CodeIgniter\Debug\Exceptions->errorHandler(2, 'Trying to access array offset on value of type null', 'C:\\Users\\PTDRa\\Documents\\PKL\\koperasi 3\\app\\Views\\pinjaman.php', 400)
 2 SYSTEMPATH\View\View.php(226): include('C:\\Users\\PTDRa\\Documents\\PKL\\koperasi 3\\app\\Views\\pinjaman.php')
 3 SYSTEMPATH\View\View.php(229): CodeIgniter\View\View->CodeIgniter\View\{closure}()
 4 SYSTEMPATH\Common.php(1167): CodeIgniter\View\View->render('pinjaman', [], true)
 5 APPPATH\Controllers\Pinjaman.php(19): view('pinjaman', [...])
 6 SYSTEMPATH\CodeIgniter.php(933): App\Controllers\Pinjaman->index()
 7 SYSTEMPATH\CodeIgniter.php(507): CodeIgniter\CodeIgniter->runController(Object(App\Controllers\Pinjaman))
 8 SYSTEMPATH\CodeIgniter.php(354): CodeIgniter\CodeIgniter->handleRequest(null, Object(Config\Cache), false)
 9 SYSTEMPATH\Boot.php(363): CodeIgniter\CodeIgniter->run()
10 SYSTEMPATH\Boot.php(68): CodeIgniter\Boot::runCodeIgniter(Object(CodeIgniter\CodeIgniter))
11 FCPATH\index.php(59): CodeIgniter\Boot::bootWeb(Object(Config\Paths))
12 SYSTEMPATH\rewrite.php(44): require_once('C:\\Users\\PTDRa\\Documents\\PKL\\koperasi 3\\public\\index.php')
DEBUG - 2025-10-09 10:24:02 --> Session: Class initialized using 'CodeIgniter\Session\Handlers\FileHandler' driver.
CRITICAL - 2025-10-09 10:24:02 --> ErrorException: Trying to access array offset on value of type null
[Method: GET, Route: anggota/pinjaman]
in APPPATH\Views\pinjaman.php on line 400.
 1 APPPATH\Views\pinjaman.php(400): CodeIgniter\Debug\Exceptions->errorHandler(2, 'Trying to access array offset on value of type null', 'C:\\Users\\PTDRa\\Documents\\PKL\\koperasi 3\\app\\Views\\pinjaman.php', 400)
 2 SYSTEMPATH\View\View.php(226): include('C:\\Users\\PTDRa\\Documents\\PKL\\koperasi 3\\app\\Views\\pinjaman.php')
 3 SYSTEMPATH\View\View.php(229): CodeIgniter\View\View->CodeIgniter\View\{closure}()
 4 SYSTEMPATH\Common.php(1167): CodeIgniter\View\View->render('pinjaman', [], true)
 5 APPPATH\Controllers\Pinjaman.php(19): view('pinjaman', [...])
 6 SYSTEMPATH\CodeIgniter.php(933): App\Controllers\Pinjaman->index()
 7 SYSTEMPATH\CodeIgniter.php(507): CodeIgniter\CodeIgniter->runController(Object(App\Controllers\Pinjaman))
 8 SYSTEMPATH\CodeIgniter.php(354): CodeIgniter\CodeIgniter->handleRequest(null, Object(Config\Cache), false)
 9 SYSTEMPATH\Boot.php(363): CodeIgniter\CodeIgniter->run()
10 SYSTEMPATH\Boot.php(68): CodeIgniter\Boot::runCodeIgniter(Object(CodeIgniter\CodeIgniter))
11 FCPATH\index.php(59): CodeIgniter\Boot::bootWeb(Object(Config\Paths))
12 SYSTEMPATH\rewrite.php(44): require_once('C:\\Users\\PTDRa\\Documents\\PKL\\koperasi 3\\public\\index.php')
DEBUG - 2025-10-09 10:24:12 --> Session: Class initialized using 'CodeIgniter\Session\Handlers\FileHandler' driver.
DEBUG - 2025-10-09 10:24:16 --> Session: Class initialized using 'CodeIgniter\Session\Handlers\FileHandler' driver.
CRITICAL - 2025-10-09 10:24:16 --> CodeIgniter\Exceptions\BadMethodCallException: Call to undefined method App\Models\QardModel::getPinjamanAktif
[Method: GET, Route: anggota/cicilan]
in SYSTEMPATH\Model.php on line 927.
 1 APPPATH\Controllers\Cicilan.php(99): CodeIgniter\Model->__call('getPinjamanAktif', [...])
 2 APPPATH\Controllers\Cicilan.php(71): App\Controllers\Cicilan->getAllPinjamanAktif('40')
 3 SYSTEMPATH\CodeIgniter.php(933): App\Controllers\Cicilan->index()
 4 SYSTEMPATH\CodeIgniter.php(507): CodeIgniter\CodeIgniter->runController(Object(App\Controllers\Cicilan))
 5 SYSTEMPATH\CodeIgniter.php(354): CodeIgniter\CodeIgniter->handleRequest(null, Object(Config\Cache), false)
 6 SYSTEMPATH\Boot.php(363): CodeIgniter\CodeIgniter->run()
 7 SYSTEMPATH\Boot.php(68): CodeIgniter\Boot::runCodeIgniter(Object(CodeIgniter\CodeIgniter))
 8 FCPATH\index.php(59): CodeIgniter\Boot::bootWeb(Object(Config\Paths))
 9 SYSTEMPATH\rewrite.php(44): require_once('C:\\Users\\PTDRa\\Documents\\PKL\\koperasi 3\\public\\index.php')
DEBUG - 2025-10-09 10:24:42 --> Session: Class initialized using 'CodeIgniter\Session\Handlers\FileHandler' driver.
CRITICAL - 2025-10-09 10:24:42 --> CodeIgniter\Exceptions\BadMethodCallException: Call to undefined method App\Models\QardModel::getPinjamanAktif
[Method: GET, Route: anggota/cicilan]
in SYSTEMPATH\Model.php on line 927.
 1 APPPATH\Controllers\Cicilan.php(77): CodeIgniter\Model->__call('getPinjamanAktif', [...])
 2 APPPATH\Controllers\Cicilan.php(64): App\Controllers\Cicilan->getAllPinjamanAktif('40')
 3 SYSTEMPATH\CodeIgniter.php(933): App\Controllers\Cicilan->index()
 4 SYSTEMPATH\CodeIgniter.php(507): CodeIgniter\CodeIgniter->runController(Object(App\Controllers\Cicilan))
 5 SYSTEMPATH\CodeIgniter.php(354): CodeIgniter\CodeIgniter->handleRequest(null, Object(Config\Cache), false)
 6 SYSTEMPATH\Boot.php(363): CodeIgniter\CodeIgniter->run()
 7 SYSTEMPATH\Boot.php(68): CodeIgniter\Boot::runCodeIgniter(Object(CodeIgniter\CodeIgniter))
 8 FCPATH\index.php(59): CodeIgniter\Boot::bootWeb(Object(Config\Paths))
 9 SYSTEMPATH\rewrite.php(44): require_once('C:\\Users\\PTDRa\\Documents\\PKL\\koperasi 3\\public\\index.php')
DEBUG - 2025-10-09 10:24:47 --> Session: Class initialized using 'CodeIgniter\Session\Handlers\FileHandler' driver.
CRITICAL - 2025-10-09 10:24:47 --> CodeIgniter\Exceptions\BadMethodCallException: Call to undefined method App\Models\QardModel::getPinjamanAktif
[Method: GET, Route: anggota/cicilan]
in SYSTEMPATH\Model.php on line 927.
 1 APPPATH\Controllers\Cicilan.php(99): CodeIgniter\Model->__call('getPinjamanAktif', [...])
 2 APPPATH\Controllers\Cicilan.php(71): App\Controllers\Cicilan->getAllPinjamanAktif('40')
 3 SYSTEMPATH\CodeIgniter.php(933): App\Controllers\Cicilan->index()
 4 SYSTEMPATH\CodeIgniter.php(507): CodeIgniter\CodeIgniter->runController(Object(App\Controllers\Cicilan))
 5 SYSTEMPATH\CodeIgniter.php(354): CodeIgniter\CodeIgniter->handleRequest(null, Object(Config\Cache), false)
 6 SYSTEMPATH\Boot.php(363): CodeIgniter\CodeIgniter->run()
 7 SYSTEMPATH\Boot.php(68): CodeIgniter\Boot::runCodeIgniter(Object(CodeIgniter\CodeIgniter))
 8 FCPATH\index.php(59): CodeIgniter\Boot::bootWeb(Object(Config\Paths))
 9 SYSTEMPATH\rewrite.php(44): require_once('C:\\Users\\PTDRa\\Documents\\PKL\\koperasi 3\\public\\index.php')
DEBUG - 2025-10-09 10:24:56 --> Session: Class initialized using 'CodeIgniter\Session\Handlers\FileHandler' driver.
CRITICAL - 2025-10-09 10:24:56 --> CodeIgniter\Exceptions\BadMethodCallException: Call to undefined method App\Models\QardModel::getPinjamanAktif
[Method: GET, Route: anggota/cicilan]
in SYSTEMPATH\Model.php on line 927.
 1 APPPATH\Controllers\Cicilan.php(99): CodeIgniter\Model->__call('getPinjamanAktif', [...])
 2 APPPATH\Controllers\Cicilan.php(71): App\Controllers\Cicilan->getAllPinjamanAktif('40')
 3 SYSTEMPATH\CodeIgniter.php(933): App\Controllers\Cicilan->index()
 4 SYSTEMPATH\CodeIgniter.php(507): CodeIgniter\CodeIgniter->runController(Object(App\Controllers\Cicilan))
 5 SYSTEMPATH\CodeIgniter.php(354): CodeIgniter\CodeIgniter->handleRequest(null, Object(Config\Cache), false)
 6 SYSTEMPATH\Boot.php(363): CodeIgniter\CodeIgniter->run()
 7 SYSTEMPATH\Boot.php(68): CodeIgniter\Boot::runCodeIgniter(Object(CodeIgniter\CodeIgniter))
 8 FCPATH\index.php(59): CodeIgniter\Boot::bootWeb(Object(Config\Paths))
 9 SYSTEMPATH\rewrite.php(44): require_once('C:\\Users\\PTDRa\\Documents\\PKL\\koperasi 3\\public\\index.php')
DEBUG - 2025-10-09 12:56:50 --> Session: Class initialized using 'CodeIgniter\Session\Handlers\FileHandler' driver.
DEBUG - 2025-10-09 12:57:01 --> Session: Class initialized using 'CodeIgniter\Session\Handlers\FileHandler' driver.
DEBUG - 2025-10-09 12:57:06 --> Session: Class initialized using 'CodeIgniter\Session\Handlers\FileHandler' driver.
DEBUG - 2025-10-09 12:57:06 --> Session: Class initialized using 'CodeIgniter\Session\Handlers\FileHandler' driver.
DEBUG - 2025-10-09 12:57:10 --> Session: Class initialized using 'CodeIgniter\Session\Handlers\FileHandler' driver.
DEBUG - 2025-10-09 12:57:14 --> Session: Class initialized using 'CodeIgniter\Session\Handlers\FileHandler' driver.
DEBUG - 2025-10-09 12:57:17 --> Session: Class initialized using 'CodeIgniter\Session\Handlers\FileHandler' driver.
CRITICAL - 2025-10-09 12:57:18 --> CodeIgniter\Exceptions\BadMethodCallException: Call to undefined method App\Models\QardModel::getPinjamanAktif
[Method: GET, Route: anggota/cicilan]
in SYSTEMPATH\Model.php on line 927.
 1 APPPATH\Controllers\Cicilan.php(99): CodeIgniter\Model->__call('getPinjamanAktif', [...])
 2 APPPATH\Controllers\Cicilan.php(71): App\Controllers\Cicilan->getAllPinjamanAktif('40')
 3 SYSTEMPATH\CodeIgniter.php(933): App\Controllers\Cicilan->index()
 4 SYSTEMPATH\CodeIgniter.php(507): CodeIgniter\CodeIgniter->runController(Object(App\Controllers\Cicilan))
 5 SYSTEMPATH\CodeIgniter.php(354): CodeIgniter\CodeIgniter->handleRequest(null, Object(Config\Cache), false)
 6 SYSTEMPATH\Boot.php(363): CodeIgniter\CodeIgniter->run()
 7 SYSTEMPATH\Boot.php(68): CodeIgniter\Boot::runCodeIgniter(Object(CodeIgniter\CodeIgniter))
 8 FCPATH\index.php(59): CodeIgniter\Boot::bootWeb(Object(Config\Paths))
 9 SYSTEMPATH\rewrite.php(44): require_once('C:\\Users\\PTDRa\\Documents\\PKL\\koperasi 3\\public\\index.php')
DEBUG - 2025-10-09 12:57:22 --> Session: Class initialized using 'CodeIgniter\Session\Handlers\FileHandler' driver.
DEBUG - 2025-10-09 12:57:30 --> Session: Class initialized using 'CodeIgniter\Session\Handlers\FileHandler' driver.
DEBUG - 2025-10-09 12:57:31 --> Session: Class initialized using 'CodeIgniter\Session\Handlers\FileHandler' driver.
DEBUG - 2025-10-09 12:58:07 --> Session: Class initialized using 'CodeIgniter\Session\Handlers\FileHandler' driver.
CRITICAL - 2025-10-09 12:58:07 --> CodeIgniter\Exceptions\BadMethodCallException: Call to undefined method App\Models\QardModel::getPinjamanAktif
[Method: GET, Route: anggota/cicilan]
in SYSTEMPATH\Model.php on line 927.
 1 APPPATH\Controllers\Cicilan.php(99): CodeIgniter\Model->__call('getPinjamanAktif', [...])
 2 APPPATH\Controllers\Cicilan.php(71): App\Controllers\Cicilan->getAllPinjamanAktif('40')
 3 SYSTEMPATH\CodeIgniter.php(933): App\Controllers\Cicilan->index()
 4 SYSTEMPATH\CodeIgniter.php(507): CodeIgniter\CodeIgniter->runController(Object(App\Controllers\Cicilan))
 5 SYSTEMPATH\CodeIgniter.php(354): CodeIgniter\CodeIgniter->handleRequest(null, Object(Config\Cache), false)
 6 SYSTEMPATH\Boot.php(363): CodeIgniter\CodeIgniter->run()
 7 SYSTEMPATH\Boot.php(68): CodeIgniter\Boot::runCodeIgniter(Object(CodeIgniter\CodeIgniter))
 8 FCPATH\index.php(59): CodeIgniter\Boot::bootWeb(Object(Config\Paths))
 9 SYSTEMPATH\rewrite.php(44): require_once('C:\\Users\\PTDRa\\Documents\\PKL\\koperasi 3\\public\\index.php')
DEBUG - 2025-10-09 12:58:39 --> Session: Class initialized using 'CodeIgniter\Session\Handlers\FileHandler' driver.
CRITICAL - 2025-10-09 12:58:39 --> Error: Call to undefined method App\Controllers\Cicilan::getAllPinjamanAktif()
[Method: GET, Route: anggota/cicilan]
in APPPATH\Controllers\Cicilan.php on line 71.
 1 SYSTEMPATH\CodeIgniter.php(933): App\Controllers\Cicilan->index()
 2 SYSTEMPATH\CodeIgniter.php(507): CodeIgniter\CodeIgniter->runController(Object(App\Controllers\Cicilan))
 3 SYSTEMPATH\CodeIgniter.php(354): CodeIgniter\CodeIgniter->handleRequest(null, Object(Config\Cache), false)
 4 SYSTEMPATH\Boot.php(363): CodeIgniter\CodeIgniter->run()
 5 SYSTEMPATH\Boot.php(68): CodeIgniter\Boot::runCodeIgniter(Object(CodeIgniter\CodeIgniter))
 6 FCPATH\index.php(59): CodeIgniter\Boot::bootWeb(Object(Config\Paths))
 7 SYSTEMPATH\rewrite.php(44): require_once('C:\\Users\\PTDRa\\Documents\\PKL\\koperasi 3\\public\\index.php')
DEBUG - 2025-10-09 12:58:55 --> Session: Class initialized using 'CodeIgniter\Session\Handlers\FileHandler' driver.
CRITICAL - 2025-10-09 12:58:55 --> ErrorException: Undefined variable $pinjaman_aktif
[Method: GET, Route: anggota/cicilan]
in APPPATH\Controllers\Cicilan.php on line 73.
 1 APPPATH\Controllers\Cicilan.php(73): CodeIgniter\Debug\Exceptions->errorHandler(2, 'Undefined variable $pinjaman_aktif', 'C:\\Users\\PTDRa\\Documents\\PKL\\koperasi 3\\app\\Controllers\\Cicilan.php', 73)
 2 SYSTEMPATH\CodeIgniter.php(933): App\Controllers\Cicilan->index()
 3 SYSTEMPATH\CodeIgniter.php(507): CodeIgniter\CodeIgniter->runController(Object(App\Controllers\Cicilan))
 4 SYSTEMPATH\CodeIgniter.php(354): CodeIgniter\CodeIgniter->handleRequest(null, Object(Config\Cache), false)
 5 SYSTEMPATH\Boot.php(363): CodeIgniter\CodeIgniter->run()
 6 SYSTEMPATH\Boot.php(68): CodeIgniter\Boot::runCodeIgniter(Object(CodeIgniter\CodeIgniter))
 7 FCPATH\index.php(59): CodeIgniter\Boot::bootWeb(Object(Config\Paths))
 8 SYSTEMPATH\rewrite.php(44): require_once('C:\\Users\\PTDRa\\Documents\\PKL\\koperasi 3\\public\\index.php')
DEBUG - 2025-10-09 12:59:03 --> Session: Class initialized using 'CodeIgniter\Session\Handlers\FileHandler' driver.
CRITICAL - 2025-10-09 12:59:03 --> ErrorException: Undefined variable $data
[Method: GET, Route: anggota/cicilan]
in APPPATH\Controllers\Cicilan.php on line 74.
 1 APPPATH\Controllers\Cicilan.php(74): CodeIgniter\Debug\Exceptions->errorHandler(2, 'Undefined variable $data', 'C:\\Users\\PTDRa\\Documents\\PKL\\koperasi 3\\app\\Controllers\\Cicilan.php', 74)
 2 SYSTEMPATH\CodeIgniter.php(933): App\Controllers\Cicilan->index()
 3 SYSTEMPATH\CodeIgniter.php(507): CodeIgniter\CodeIgniter->runController(Object(App\Controllers\Cicilan))
 4 SYSTEMPATH\CodeIgniter.php(354): CodeIgniter\CodeIgniter->handleRequest(null, Object(Config\Cache), false)
 5 SYSTEMPATH\Boot.php(363): CodeIgniter\CodeIgniter->run()
 6 SYSTEMPATH\Boot.php(68): CodeIgniter\Boot::runCodeIgniter(Object(CodeIgniter\CodeIgniter))
 7 FCPATH\index.php(59): CodeIgniter\Boot::bootWeb(Object(Config\Paths))
 8 SYSTEMPATH\rewrite.php(44): require_once('C:\\Users\\PTDRa\\Documents\\PKL\\koperasi 3\\public\\index.php')
DEBUG - 2025-10-09 12:59:20 --> Session: Class initialized using 'CodeIgniter\Session\Handlers\FileHandler' driver.
CRITICAL - 2025-10-09 12:59:20 --> ErrorException: Undefined variable $title
[Method: GET, Route: anggota/cicilan]
in APPPATH\Views\cicilan.php on line 6.
 1 APPPATH\Views\cicilan.php(6): CodeIgniter\Debug\Exceptions->errorHandler(2, 'Undefined variable $title', 'C:\\Users\\PTDRa\\Documents\\PKL\\koperasi 3\\app\\Views\\cicilan.php', 6)
 2 SYSTEMPATH\View\View.php(226): include('C:\\Users\\PTDRa\\Documents\\PKL\\koperasi 3\\app\\Views\\cicilan.php')
 3 SYSTEMPATH\View\View.php(229): CodeIgniter\View\View->CodeIgniter\View\{closure}()
 4 SYSTEMPATH\Common.php(1167): CodeIgniter\View\View->render('cicilan', [], true)
 5 APPPATH\Controllers\Cicilan.php(74): view('cicilan')
 6 SYSTEMPATH\CodeIgniter.php(933): App\Controllers\Cicilan->index()
 7 SYSTEMPATH\CodeIgniter.php(507): CodeIgniter\CodeIgniter->runController(Object(App\Controllers\Cicilan))
 8 SYSTEMPATH\CodeIgniter.php(354): CodeIgniter\CodeIgniter->handleRequest(null, Object(Config\Cache), false)
 9 SYSTEMPATH\Boot.php(363): CodeIgniter\CodeIgniter->run()
10 SYSTEMPATH\Boot.php(68): CodeIgniter\Boot::runCodeIgniter(Object(CodeIgniter\CodeIgniter))
11 FCPATH\index.php(59): CodeIgniter\Boot::bootWeb(Object(Config\Paths))
12 SYSTEMPATH\rewrite.php(44): require_once('C:\\Users\\PTDRa\\Documents\\PKL\\koperasi 3\\public\\index.php')
DEBUG - 2025-10-09 12:59:33 --> Session: Class initialized using 'CodeIgniter\Session\Handlers\FileHandler' driver.
